
T068C 1795:991 SEGGER J-Link V6.18a Log File (0016ms, 0210ms total)
T068C 1795:991 DLL Compiled: Aug 11 2017 17:53:19 (0016ms, 0210ms total)
T068C 1795:991 Logging started @ 2018-02-19 12:14 (0016ms, 0210ms total)
T068C 1796:012 JLINK_ExecCommand("Device = ATSAMV71Q21", ...).   returns 0x00 (0003ms, 0213ms total)
T068C 1796:038 JLINK_ExecCommand("ProjectFile = C:\Users\Daniel Gonzalez\Dropbox (UFL)\Spring2018\Senior_Design\SeniorDesignRepo\Atmel_Projects\GatorScribe\GatorScribe\jlink.config", ...).   returns 0x00 (0003ms, 0216ms total)
T068C 1796:045 JLINK_ExecCommand("Device = ATSAMV71Q21", ...).   returns 0x00 (0003ms, 0219ms total)
T068C 1796:048 JLINK_TIF_Select(JLINKARM_TIF_SWD)  returns 0x00 (0001ms, 0220ms total)
T068C 1796:049 JLINK_SetSpeed(4000) (0000ms, 0220ms total)
T068C 1796:049 JLINK_ResetPullsRESET(OFF) (0000ms, 0220ms total)
T068C 1796:049 JLINK_Connect() >0x10B TIF>Found SW-DP with ID 0x0BD11477 >0x0D TIF> >0x28 TIF> >0x0D TIF> >0x28 TIF> >0x0D TIF> >0x28 TIF> >0x0D TIF> >0x28 TIF> >0x0D TIF> >0x21 TIF> >0x0D TIF> >0x28 TIF>Scanning AP map to find all available APs >0x0D TIF> >0x28 TIF> >0x0D TIF> >0x21 TIF> >0x0D TIF> >0x21 TIF> >0x0D TIF> >0x28 TIF> >0x0D TIF> >0x21 TIF> >0x0D TIF> >0x21 TIF>AP[1]: Stopped AP scan as end of AP map has been reachedAP[0]: AHB-AP (IDR: 0x04770041)
Iterating through AP map to find AHB-AP to use >0x42 TIF> >0x28 TIF> >0x0D TIF> >0x21 TIF> >0x0D TIF> >0x21 TIF> >0x42 TIF> >0x28 TIF> >0x0D TIF> >0x28 TIF> >0x0D TIF> >0x28 TIF> >0x0D TIF> >0x21 TIF> >0x0D TIF> >0x21 TIF>AP[0]: Core foundAP[0]: AHB-AP ROM base: 0xE00FD000 >0x0D TIF> >0x28 TIF> >0x0D TIF> >0x28 TIF> >0x0D TIF> >0x28 TIF> >0x0D TIF> >0x21 TIF> >0x0D TIF> >0x21 TIF>CPUID register: 0x411FC271. Implementer code: 0x41 (ARM)Found Cortex-M7 r1p1, Little endian.
 -- CPU_ReadMem(4 bytes @ 0xE000EDF0) -- CPU_WriteMem(4 bytes @ 0xE000EDF0) -- CPU_ReadMem(4 bytes @ 0xE0002000) -- CPU_ReadMem(4 bytes @ 0xE000EDFC) -- CPU_WriteMem(4 bytes @ 0xE000EDFC) -- CPU_ReadMem(4 bytes @ 0xE0001000) -- CPU_WriteMem(4 bytes @ 0xE0001000) -- CPU_ReadMem(4 bytes @ 0xE000ED88) -- CPU_WriteMem(4 bytes @ 0xE000ED88) -- CPU_ReadMem(4 bytes @ 0xE000ED88) -- CPU_WriteMem(4 bytes @ 0xE000ED88)CoreSight components:ROMTbl[0] @ E00FD000 -- CPU_ReadMem(16 bytes @ 0xE00FD000)
 -- CPU_ReadMem(16 bytes @ 0xE00FEFF0) -- CPU_ReadMem(16 bytes @ 0xE00FEFE0)ROMTbl[0][0]: E00FE000, CID: B105100D, PID: 000BB4C8 ROM TableROMTbl[1] @ E00FE000 -- CPU_ReadMem(16 bytes @ 0xE00FE000) -- CPU_ReadMem(16 bytes @ 0xE00FFFF0) -- CPU_ReadMem(16 bytes @ 0xE00FFFE0)ROMTbl[1][0]: E00FF000, CID: B105100D, PID: 000BB4C7 ROM TableROMTbl[2] @ E00FF000 -- CPU_ReadMem(16 bytes @ 0xE00FF000) -- CPU_ReadMem(16 bytes @ 0xE000EFF0) -- CPU_ReadMem(16 bytes @ 0xE000EFE0)
ROMTbl[2][0]: E000E000, CID: B105E00D, PID: 000BB00C SCS -- CPU_ReadMem(16 bytes @ 0xE0001FF0) -- CPU_ReadMem(16 bytes @ 0xE0001FE0)ROMTbl[2][1]: E0001000, CID: B105E00D, PID: 000BB002 DWT -- CPU_ReadMem(16 bytes @ 0xE0002FF0) -- CPU_ReadMem(16 bytes @ 0xE0002FE0)ROMTbl[2][2]: E0002000, CID: B105E00D, PID: 000BB00E FPB -- CPU_ReadMem(16 bytes @ 0xE0000FF0) -- CPU_ReadMem(16 bytes @ 0xE0000FE0)ROMTbl[2][3]: E0000000, CID: B105E00D, PID: 000BB001 ITM -- CPU_ReadMem(16 bytes @ 0xE00FF010)
 -- CPU_ReadMem(16 bytes @ 0xE0041FF0) -- CPU_ReadMem(16 bytes @ 0xE0041FE0)ROMTbl[1][1]: E0041000, CID: B105900D, PID: 001BB975 ETM-M7 -- CPU_ReadMem(16 bytes @ 0xE00FE010) -- CPU_ReadMem(16 bytes @ 0xE0040FF0) -- CPU_ReadMem(16 bytes @ 0xE0040FE0)ROMTbl[0][1]: E0040000, CID: B105900D, PID: 000BB9A9 TPIU-M7 -- CPU_ReadMem(16 bytes @ 0xE00FD010) -- CPU_ReadMem(4 bytes @ 0xE000ED78)Cache: Separate I- and D-cache. (0133ms, 0353ms total)
T068C 1796:049  -- CPU_WriteMem(4 bytes @ 0xE000ED84) -- CPU_ReadMem(4 bytes @ 0xE000ED80)I-Cache L1: 16 KB, 256 Sets, 32 Bytes/Line, 2-Way -- CPU_WriteMem(4 bytes @ 0xE000ED84) -- CPU_ReadMem(4 bytes @ 0xE000ED80)D-Cache L1: 16 KB, 128 Sets, 32 Bytes/Line, 4-Way  returns 0x00 (0135ms, 0355ms total)
T068C 1796:184 JLINK_Halt()  returns 0x00 (0002ms, 0357ms total)
T068C 1796:187 JLINK_WriteMem(0x400E0C04, 0x0004 Bytes, ...) - Data: 0B 01 00 5A -- CPU_WriteMem(4 bytes @ 0x400E0C04)  returns 0x04 (0000ms, 0357ms total)
T068C 1796:187 JLINK_ReadMem (0x400E0C08, 0x0004 Bytes, ...) -- CPU_ReadMem(4 bytes @ 0x400E0C08) - Data: 01 00 00 00  returns 0x00 (0001ms, 0358ms total)
T068C 1796:188 JLINK_SetResetType(JLINKARM_CM3_RESET_TYPE_NORMAL)  returns JLINKARM_CM3_RESET_TYPE_NORMAL (0000ms, 0358ms total)
T068C 1796:188 JLINK_Reset() -- CPU_WriteMem(4 bytes @ 0xE000EDF0) -- CPU_WriteMem(4 bytes @ 0xE000EDFC) >0x35 TIF> -- CPU_WriteMem(4 bytes @ 0xE000ED0C) >0x0D TIF> >0x28 TIF> -- CPU_ReadMem(4 bytes @ 0xE000EDF0) -- CPU_ReadMem(4 bytes @ 0xE000EDF0) -- CPU_WriteMem(4 bytes @ 0xE000EDF0) -- CPU_WriteMem(4 bytes @ 0xE000EDFC) -- CPU_ReadMem(4 bytes @ 0xE000EDF0) -- CPU_WriteMem(4 bytes @ 0xE0002000) -- CPU_ReadMem(4 bytes @ 0xE000EDFC) -- CPU_ReadMem(4 bytes @ 0xE0001000) (0068ms, 0426ms total)
T068C 1796:257 JLINK_JTAG_GetDeviceID(DeviceIndex = 0)  returns 0x00 (0000ms, 0426ms total)
T068C 1796:257 JLINK_ReadMemU32(0x400E0940, 0x0001 Items, ...) -- CPU_ReadMem(4 bytes @ 0x400E0940) - Data: 01 0E 22 A1  returns 0x01 (0001ms, 0427ms total)
T068C 1796:258 JLINK_ReadMemU32(0x400E0944, 0x0001 Items, ...) -- CPU_ReadMem(4 bytes @ 0x400E0944) - Data: 02 00 00 00  returns 0x01 (0001ms, 0428ms total)
T068C 1796:259 JLINK_WriteMem(0x400E0C04, 0x0004 Bytes, ...) - Data: 05 00 00 5A -- CPU_WriteMem(4 bytes @ 0x400E0C04)  returns 0x04 (0002ms, 0430ms total)
T068C 1796:261 JLINK_ReadMem (0x400E0C08, 0x0004 Bytes, ...) -- CPU_ReadMem(4 bytes @ 0x400E0C08) - Data: 00 00 00 00  returns 0x00 (0000ms, 0430ms total)
T068C 1796:262 JLINK_ReadMem (0x400E0C08, 0x0004 Bytes, ...) -- CPU_ReadMem(4 bytes @ 0x400E0C08) - Data: 00 00 00 00  returns 0x00 (0000ms, 0430ms total)
T1BD0 1796:272 JLINK_IsHalted()  returns TRUE (0000ms, 0430ms total)
T1BD0 1796:272 JLINK_GetMOEs(...) -- CPU_ReadMem(4 bytes @ 0xE000ED30)  returns 0x01 (0000ms, 0430ms total)
T068C 1796:272 JLINK_ReadMem (0x400E0C08, 0x0004 Bytes, ...) -- CPU_ReadMem(4 bytes @ 0x400E0C08) - Data: 00 00 00 00  returns 0x00 (0001ms, 0431ms total)
T1BD0 1796:273 JLINK_ReadReg(R15 (PC))  returns 0x00402F50 (0000ms, 0431ms total)
T068C 1796:290 JLINK_ReadMem (0x400E0C08, 0x0004 Bytes, ...) -- CPU_ReadMem(4 bytes @ 0x400E0C08) - Data: 00 00 00 00  returns 0x00 (0000ms, 0431ms total)
T068C 1796:356 JLINK_ReadMem (0x400E0C08, 0x0004 Bytes, ...) -- CPU_ReadMem(4 bytes @ 0x400E0C08) - Data: 00 00 00 00  returns 0x00 (0000ms, 0431ms total)
T1BD0 1796:474 JLINK_IsHalted()  returns TRUE (0000ms, 0431ms total)
T068C 1796:612 JLINK_ReadMem (0x400E0C08, 0x0004 Bytes, ...) -- CPU_ReadMem(4 bytes @ 0x400E0C08) - Data: 00 00 00 00  returns 0x00 (0000ms, 0431ms total)
T1BD0 1796:674 JLINK_IsHalted()  returns TRUE (0000ms, 0431ms total)
T1BD0 1796:876 JLINK_IsHalted()  returns TRUE (0009ms, 0440ms total)
T1BD0 1797:087 JLINK_IsHalted()  returns TRUE (0000ms, 0431ms total)
T1BD0 1797:288 JLINK_IsHalted()  returns TRUE (0000ms, 0431ms total)
T1BD0 1797:488 JLINK_IsHalted()  returns TRUE (0001ms, 0432ms total)
T068C 1797:613 JLINK_ReadMem (0x400E0C08, 0x0004 Bytes, ...) -- CPU_ReadMem(4 bytes @ 0x400E0C08) - Data: 00 00 00 00  returns 0x00 (0000ms, 0431ms total)
T068C 1797:613 JLINK_ReadMem (0x400E0C08, 0x0004 Bytes, ...) -- CPU_ReadMem(4 bytes @ 0x400E0C08) - Data: 00 00 00 00  returns 0x00 (0001ms, 0432ms total)
T068C 1797:615 JLINK_ReadMem (0x400E0C08, 0x0004 Bytes, ...) -- CPU_ReadMem(4 bytes @ 0x400E0C08) - Data: 00 00 00 00  returns 0x00 (0000ms, 0432ms total)
T068C 1797:620 JLINK_ReadMem (0x400E0C08, 0x0004 Bytes, ...) -- CPU_ReadMem(4 bytes @ 0x400E0C08) - Data: 00 00 00 00  returns 0x00 (0000ms, 0432ms total)
T068C 1797:639 JLINK_ReadMem (0x400E0C08, 0x0004 Bytes, ...) -- CPU_ReadMem(4 bytes @ 0x400E0C08) - Data: 00 00 00 00  returns 0x00 (0000ms, 0432ms total)
T1BD0 1797:691 JLINK_IsHalted()  returns TRUE (0000ms, 0432ms total)
T068C 1797:706 JLINK_ReadMem (0x400E0C08, 0x0004 Bytes, ...) -- CPU_ReadMem(4 bytes @ 0x400E0C08) - Data: 00 00 00 00  returns 0x00 (0000ms, 0432ms total)
T1BD0 1797:892 JLINK_IsHalted()  returns TRUE (0000ms, 0432ms total)
T068C 1797:964 JLINK_ReadMem (0x400E0C08, 0x0004 Bytes, ...) -- CPU_ReadMem(4 bytes @ 0x400E0C08) - Data: 00 00 00 00  returns 0x00 (0000ms, 0432ms total)
T1BD0 1798:092 JLINK_IsHalted()  returns TRUE (0001ms, 0433ms total)
T1BD0 1798:293 JLINK_IsHalted()  returns TRUE (0000ms, 0432ms total)
T1BD0 1798:493 JLINK_IsHalted()  returns TRUE (0001ms, 0433ms total)
T1BD0 1798:694 JLINK_IsHalted()  returns TRUE (0002ms, 0434ms total)
T1BD0 1798:897 JLINK_IsHalted()  returns TRUE (0000ms, 0432ms total)
T068C 1798:965 JLINK_ReadMem (0x400E0C08, 0x0004 Bytes, ...) -- CPU_ReadMem(4 bytes @ 0x400E0C08) - Data: 00 00 00 00  returns 0x00 (0000ms, 0432ms total)
T068C 1798:965 JLINK_ReadMem (0x400E0C08, 0x0004 Bytes, ...) -- CPU_ReadMem(4 bytes @ 0x400E0C08) - Data: 00 00 00 00  returns 0x00 (0001ms, 0433ms total)
T068C 1798:967 JLINK_ReadMem (0x400E0C08, 0x0004 Bytes, ...) -- CPU_ReadMem(4 bytes @ 0x400E0C08) - Data: 00 00 00 00  returns 0x00 (0000ms, 0433ms total)
T068C 1798:972 JLINK_ReadMem (0x400E0C08, 0x0004 Bytes, ...) -- CPU_ReadMem(4 bytes @ 0x400E0C08) - Data: 00 00 00 00  returns 0x00 (0000ms, 0433ms total)
T068C 1798:992 JLINK_ReadMem (0x400E0C08, 0x0004 Bytes, ...) -- CPU_ReadMem(4 bytes @ 0x400E0C08) - Data: 00 00 00 00  returns 0x00 (0001ms, 0434ms total)
T068C 1799:057 JLINK_ReadMem (0x400E0C08, 0x0004 Bytes, ...) -- CPU_ReadMem(4 bytes @ 0x400E0C08) - Data: 00 00 00 00  returns 0x00 (0001ms, 0435ms total)
T1BD0 1799:097 JLINK_IsHalted()  returns TRUE (0000ms, 0435ms total)
T1BD0 1799:297 JLINK_IsHalted()  returns TRUE (0001ms, 0436ms total)
T068C 1799:315 JLINK_ReadMem (0x400E0C08, 0x0004 Bytes, ...) -- CPU_ReadMem(4 bytes @ 0x400E0C08) - Data: 00 00 00 00  returns 0x00 (0001ms, 0436ms total)
T1BD0 1799:498 JLINK_IsHalted()  returns TRUE (0000ms, 0436ms total)
T1BD0 1799:700 JLINK_IsHalted()  returns TRUE (0000ms, 0436ms total)
T1BD0 1799:900 JLINK_IsHalted()  returns TRUE (0000ms, 0436ms total)
T1BD0 1800:102 JLINK_IsHalted()  returns TRUE (0000ms, 0436ms total)
T1BD0 1800:304 JLINK_IsHalted()  returns TRUE (0000ms, 0436ms total)
T068C 1800:318 JLINK_ReadMem (0x400E0C08, 0x0004 Bytes, ...) -- CPU_ReadMem(4 bytes @ 0x400E0C08) - Data: 00 00 00 00  returns 0x00 (0001ms, 0437ms total)
T068C 1800:319 JLINK_ReadMem (0x400E0C08, 0x0004 Bytes, ...) -- CPU_ReadMem(4 bytes @ 0x400E0C08) - Data: 00 00 00 00  returns 0x00 (0001ms, 0438ms total)
T068C 1800:321 JLINK_ReadMem (0x400E0C08, 0x0004 Bytes, ...) -- CPU_ReadMem(4 bytes @ 0x400E0C08) - Data: 00 00 00 00  returns 0x00 (0001ms, 0439ms total)
T068C 1800:326 JLINK_ReadMem (0x400E0C08, 0x0004 Bytes, ...) -- CPU_ReadMem(4 bytes @ 0x400E0C08) - Data: 00 00 00 00  returns 0x00 (0001ms, 0440ms total)
T068C 1800:345 JLINK_ReadMem (0x400E0C08, 0x0004 Bytes, ...) -- CPU_ReadMem(4 bytes @ 0x400E0C08) - Data: 00 00 00 00  returns 0x00 (0000ms, 0440ms total)
T068C 1800:411 JLINK_ReadMem (0x400E0C08, 0x0004 Bytes, ...) -- CPU_ReadMem(4 bytes @ 0x400E0C08) - Data: 00 00 00 00  returns 0x00 (0000ms, 0440ms total)
T1BD0 1800:508 JLINK_IsHalted()  returns TRUE (0001ms, 0441ms total)
T068C 1800:668 JLINK_ReadMem (0x400E0C08, 0x0004 Bytes, ...) -- CPU_ReadMem(4 bytes @ 0x400E0C08) - Data: 00 00 00 00  returns 0x00 (0001ms, 0442ms total)
T1BD0 1800:709 JLINK_IsHalted()  returns TRUE (0000ms, 0442ms total)
T1BD0 1800:910 JLINK_IsHalted()  returns TRUE (0000ms, 0442ms total)
T1BD0 1801:113 JLINK_IsHalted()  returns TRUE (0001ms, 0443ms total)
T1BD0 1801:319 JLINK_IsHalted()  returns TRUE (0000ms, 0442ms total)
T1BD0 1801:520 JLINK_IsHalted()  returns TRUE (0000ms, 0442ms total)
T068C 1801:669 JLINK_ReadMem (0x400E0C08, 0x0004 Bytes, ...) -- CPU_ReadMem(4 bytes @ 0x400E0C08) - Data: 00 00 00 00  returns 0x00 (0001ms, 0443ms total)
T068C 1801:670 JLINK_ReadMem (0x400E0C08, 0x0004 Bytes, ...) -- CPU_ReadMem(4 bytes @ 0x400E0C08) - Data: 00 00 00 00  returns 0x00 (0001ms, 0444ms total)
T068C 1801:672 JLINK_ReadMem (0x400E0C08, 0x0004 Bytes, ...) -- CPU_ReadMem(4 bytes @ 0x400E0C08) - Data: 00 00 00 00  returns 0x00 (0001ms, 0445ms total)
T068C 1801:680 JLINK_ReadMem (0x400E0C08, 0x0004 Bytes, ...) -- CPU_ReadMem(4 bytes @ 0x400E0C08) - Data: 00 00 00 00  returns 0x00 (0001ms, 0446ms total)
T068C 1801:699 JLINK_ReadMem (0x400E0C08, 0x0004 Bytes, ...) -- CPU_ReadMem(4 bytes @ 0x400E0C08) - Data: 00 00 00 00  returns 0x00 (0001ms, 0447ms total)
T1BD0 1801:721 JLINK_IsHalted()  returns TRUE (0001ms, 0448ms total)
T068C 1801:766 JLINK_ReadMem (0x400E0C08, 0x0004 Bytes, ...) -- CPU_ReadMem(4 bytes @ 0x400E0C08) - Data: 00 00 00 00  returns 0x00 (0002ms, 0449ms total)
T1BD0 1801:922 JLINK_IsHalted()  returns TRUE (0000ms, 0449ms total)
T068C 1802:025 JLINK_ReadMem (0x400E0C08, 0x0004 Bytes, ...) -- CPU_ReadMem(4 bytes @ 0x400E0C08) - Data: 00 00 00 00  returns 0x00 (0000ms, 0449ms total)
T1BD0 1802:123 JLINK_IsHalted()  returns TRUE (0000ms, 0449ms total)
T1BD0 1802:329 JLINK_IsHalted()  returns TRUE (0001ms, 0450ms total)
T1BD0 1802:530 JLINK_IsHalted()  returns TRUE (0000ms, 0449ms total)
T1BD0 1802:731 JLINK_IsHalted()  returns TRUE (0000ms, 0449ms total)
T1BD0 1802:932 JLINK_IsHalted()  returns TRUE (0001ms, 0450ms total)
T068C 1803:026 JLINK_ReadMem (0x400E0C08, 0x0004 Bytes, ...) -- CPU_ReadMem(4 bytes @ 0x400E0C08) - Data: 00 00 00 00  returns 0x00 (0001ms, 0450ms total)
T068C 1803:027 JLINK_ReadMem (0x400E0C08, 0x0004 Bytes, ...) -- CPU_ReadMem(4 bytes @ 0x400E0C08) - Data: 00 00 00 00  returns 0x00 (0000ms, 0450ms total)
T068C 1803:028 JLINK_ReadMem (0x400E0C08, 0x0004 Bytes, ...) -- CPU_ReadMem(4 bytes @ 0x400E0C08) - Data: 00 00 00 00  returns 0x00 (0000ms, 0450ms total)
T068C 1803:034 JLINK_ReadMem (0x400E0C08, 0x0004 Bytes, ...) -- CPU_ReadMem(4 bytes @ 0x400E0C08) - Data: 00 00 00 00  returns 0x00 (0001ms, 0451ms total)
T068C 1803:051 JLINK_ReadMem (0x400E0C08, 0x0004 Bytes, ...) -- CPU_ReadMem(4 bytes @ 0x400E0C08) - Data: 00 00 00 00  returns 0x00 (0001ms, 0452ms total)
T068C 1803:117 JLINK_ReadMem (0x400E0C08, 0x0004 Bytes, ...) -- CPU_ReadMem(4 bytes @ 0x400E0C08) - Data: 00 00 00 00  returns 0x00 (0001ms, 0453ms total)
T1BD0 1803:135 JLINK_IsHalted()  returns TRUE (0000ms, 0453ms total)
T1BD0 1803:337 JLINK_IsHalted()  returns TRUE (0000ms, 0453ms total)
T068C 1803:376 JLINK_ReadMem (0x400E0C08, 0x0004 Bytes, ...) -- CPU_ReadMem(4 bytes @ 0x400E0C08) - Data: 00 00 00 00  returns 0x00 (0000ms, 0453ms total)
T1BD0 1803:538 JLINK_IsHalted()  returns TRUE (0006ms, 0459ms total)
T1BD0 1803:744 JLINK_IsHalted()  returns TRUE (0000ms, 0453ms total)
T1BD0 1803:945 JLINK_IsHalted()  returns TRUE (0000ms, 0453ms total)
T1BD0 1804:147 JLINK_IsHalted()  returns TRUE (0001ms, 0454ms total)
T1BD0 1804:349 JLINK_IsHalted()  returns TRUE (0000ms, 0453ms total)
T068C 1804:376 JLINK_ReadMem (0x400E0C08, 0x0004 Bytes, ...) -- CPU_ReadMem(4 bytes @ 0x400E0C08) - Data: 00 00 00 00  returns 0x00 (0001ms, 0454ms total)
T068C 1804:377 JLINK_ReadMem (0x400E0C08, 0x0004 Bytes, ...) -- CPU_ReadMem(4 bytes @ 0x400E0C08) - Data: 00 00 00 00  returns 0x00 (0000ms, 0454ms total)
T068C 1804:380 JLINK_ReadMem (0x400E0C08, 0x0004 Bytes, ...) -- CPU_ReadMem(4 bytes @ 0x400E0C08) - Data: 00 00 00 00  returns 0x00 (0001ms, 0455ms total)
T068C 1804:386 JLINK_ReadMem (0x400E0C08, 0x0004 Bytes, ...) -- CPU_ReadMem(4 bytes @ 0x400E0C08) - Data: 00 00 00 00  returns 0x00 (0000ms, 0455ms total)
T068C 1804:403 JLINK_ReadMem (0x400E0C08, 0x0004 Bytes, ...) -- CPU_ReadMem(4 bytes @ 0x400E0C08) - Data: 00 00 00 00  returns 0x00 (0000ms, 0455ms total)
T068C 1804:467 JLINK_ReadMem (0x400E0C08, 0x0004 Bytes, ...) -- CPU_ReadMem(4 bytes @ 0x400E0C08) - Data: 00 00 00 00  returns 0x00 (0000ms, 0455ms total)
T1BD0 1804:553 JLINK_IsHalted()  returns TRUE (0000ms, 0455ms total)
T068C 1804:724 JLINK_ReadMem (0x400E0C08, 0x0004 Bytes, ...) -- CPU_ReadMem(4 bytes @ 0x400E0C08) - Data: 00 00 00 00  returns 0x00 (0001ms, 0456ms total)
T1BD0 1804:755 JLINK_IsHalted()  returns TRUE (0000ms, 0456ms total)
T1BD0 1804:958 JLINK_IsHalted()  returns TRUE (0000ms, 0456ms total)
T1BD0 1805:163 JLINK_IsHalted()  returns TRUE (0000ms, 0456ms total)
T1BD0 1805:365 JLINK_IsHalted()  returns TRUE (0000ms, 0456ms total)
T1BD0 1805:567 JLINK_IsHalted()  returns TRUE (0000ms, 0456ms total)
T068C 1805:725 JLINK_ReadMem (0x400E0C08, 0x0004 Bytes, ...) -- CPU_ReadMem(4 bytes @ 0x400E0C08) - Data: 01 00 00 00  returns 0x00 (0001ms, 0457ms total)
T1BD0 1805:767 JLINK_IsHalted()  returns TRUE (0000ms, 0457ms total)
T068C 1805:769 JLINK_ResetPullsRESET(ON) (0000ms, 0457ms total)
T068C 1805:769 JLINK_ResetNoHalt() >0x10B TIF>Found SW-DP with ID 0x0BD11477 >0x0D TIF> >0x28 TIF> >0x0D TIF> >0x28 TIF> >0x0D TIF> >0x28 TIF> >0x0D TIF> >0x28 TIF> >0x0D TIF> >0x21 TIF> >0x0D TIF> >0x28 TIF>AP map detection skipped. User manually configured AP map.AP[0]: AHB-AP (IDR: Not set) >0x42 TIF> >0x28 TIF> >0x0D TIF> >0x21 TIF> >0x0D TIF> >0x21 TIF> >0x42 TIF> >0x28 TIF> >0x0D TIF> >0x28 TIF> >0x0D TIF> >0x28 TIF> >0x0D TIF> >0x21 TIF> >0x0D TIF> >0x21 TIF>AP[0]: Core found
AP[0]: AHB-AP ROM base: 0xE00FD000 >0x0D TIF> >0x28 TIF> >0x0D TIF> >0x28 TIF> >0x0D TIF> >0x28 TIF> >0x0D TIF> >0x21 TIF> >0x0D TIF> >0x21 TIF>CPUID register: 0x411FC271. Implementer code: 0x41 (ARM)Found Cortex-M7 r1p1, Little endian. -- CPU_ReadMem(4 bytes @ 0xE000EDF0) -- CPU_ReadMem(4 bytes @ 0xE0002000) -- CPU_ReadMem(4 bytes @ 0xE000EDFC) -- CPU_ReadMem(4 bytes @ 0xE0001000) -- CPU_ReadMem(4 bytes @ 0xE000ED88) -- CPU_WriteMem(4 bytes @ 0xE000ED88) -- CPU_ReadMem(4 bytes @ 0xE000ED88)
 -- CPU_WriteMem(4 bytes @ 0xE000ED88)CoreSight components:ROMTbl[0] @ E00FD000 -- CPU_ReadMem(16 bytes @ 0xE00FD000) -- CPU_ReadMem(16 bytes @ 0xE00FEFF0) -- CPU_ReadMem(16 bytes @ 0xE00FEFE0)ROMTbl[0][0]: E00FE000, CID: B105100D, PID: 000BB4C8 ROM TableROMTbl[1] @ E00FE000 -- CPU_ReadMem(16 bytes @ 0xE00FE000) -- CPU_ReadMem(16 bytes @ 0xE00FFFF0) -- CPU_ReadMem(16 bytes @ 0xE00FFFE0)ROMTbl[1][0]: E00FF000, CID: B105100D, PID: 000BB4C7 ROM TableROMTbl[2] @ E00FF000 -- CPU_ReadMem(16 bytes @ 0xE00FF000)
 -- CPU_ReadMem(16 bytes @ 0xE000EFF0) -- CPU_ReadMem(16 bytes @ 0xE000EFE0)ROMTbl[2][0]: E000E000, CID: B105E00D, PID: 000BB00C SCS -- CPU_WriteMem(4 bytes @ 0xE0001000) -- CPU_ReadMem(16 bytes @ 0xE0001FF0) -- CPU_ReadMem(16 bytes @ 0xE0001FE0)ROMTbl[2][1]: E0001000, CID: B105E00D, PID: 000BB002 DWT -- CPU_ReadMem(16 bytes @ 0xE0002FF0) -- CPU_ReadMem(16 bytes @ 0xE0002FE0)ROMTbl[2][2]: E0002000, CID: B105E00D, PID: 000BB00E FPB -- CPU_ReadMem(16 bytes @ 0xE0000FF0)
 -- CPU_ReadMem(16 bytes @ 0xE0000FE0)ROMTbl[2][3]: E0000000, CID: B105E00D, PID: 000BB001 ITM -- CPU_ReadMem(16 bytes @ 0xE00FF010) -- CPU_ReadMem(16 bytes @ 0xE0041FF0) -- CPU_ReadMem(16 bytes @ 0xE0041FE0)ROMTbl[1][1]: E0041000, CID: B105900D, PID: 001BB975 ETM-M7 -- CPU_ReadMem(16 bytes @ 0xE00FE010) -- CPU_ReadMem(16 bytes @ 0xE0040FF0) -- CPU_ReadMem(16 bytes @ 0xE0040FE0)ROMTbl[0][1]: E0040000, CID: B105900D, PID: 000BB9A9 TPIU-M7 -- CPU_ReadMem(16 bytes @ 0xE00FD010)
 -- CPU_ReadMem(4 bytes @ 0xE000ED78)Cache: Separate I- and D-cache. (0147ms, 0604ms total)
T068C 1805:769  -- CPU_WriteMem(4 bytes @ 0xE000ED84) -- CPU_ReadMem(4 bytes @ 0xE000ED80)I-Cache L1: 16 KB, 256 Sets, 32 Bytes/Line, 2-Way -- CPU_WriteMem(4 bytes @ 0xE000ED84) -- CPU_ReadMem(4 bytes @ 0xE000ED80)D-Cache L1: 16 KB, 128 Sets, 32 Bytes/Line, 4-Way
                JLINK_Reset() -- CPU_WriteMem(4 bytes @ 0xE000EDF0) -- CPU_WriteMem(4 bytes @ 0xE000EDFC) >0x35 TIF> -- CPU_WriteMem(4 bytes @ 0xE000ED0C) >0x0D TIF> >0x28 TIF> -- CPU_ReadMem(4 bytes @ 0xE000EDF0) -- CPU_ReadMem(4 bytes @ 0xE000EDF0) -- CPU_WriteMem(4 bytes @ 0xE000EDF0) -- CPU_WriteMem(4 bytes @ 0xE000EDFC) -- CPU_ReadMem(4 bytes @ 0xE000EDF0) -- CPU_WriteMem(4 bytes @ 0xE0002000) -- CPU_ReadMem(4 bytes @ 0xE000EDFC) -- CPU_ReadMem(4 bytes @ 0xE0001000) (0067ms, 0067ms total)
                JLINK_Go() -- CPU_ReadMem(4 bytes @ 0xE0001000) -- CPU_WriteMem(4 bytes @ 0xE0001004) (0001ms, 0068ms total)
               (0217ms, 0674ms total)
T068C 1805:987 JLINK_ExecCommand("ProjectFile = C:\Users\Daniel Gonzalez\Dropbox (UFL)\Spring2018\Senior_Design\SeniorDesignRepo\Atmel_Projects\GatorScribe\GatorScribe\jlink.config", ...).   returns 0x00 (0001ms, 0675ms total)
T068C 1805:992 JLINK_ExecCommand("Device = ATSAMV71Q21", ...).   returns 0x00 (0003ms, 0678ms total)
T068C 1805:995 JLINK_TIF_Select(JLINKARM_TIF_SWD)  returns 0x00 (0000ms, 0678ms total)
T068C 1805:995 JLINK_SetSpeed(4000) (0000ms, 0678ms total)
T068C 1805:995 JLINK_ResetPullsRESET(OFF) (0000ms, 0678ms total)
T068C 1805:995 JLINK_Connect() >0x10B TIF>Found SW-DP with ID 0x0BD11477 >0x0D TIF> >0x28 TIF> >0x0D TIF> >0x28 TIF> >0x0D TIF> >0x28 TIF> >0x0D TIF> >0x28 TIF> >0x0D TIF> >0x21 TIF> >0x0D TIF> >0x28 TIF>AP map detection skipped. User manually configured AP map.AP[0]: AHB-AP (IDR: Not set) >0x42 TIF> >0x28 TIF> >0x0D TIF> >0x21 TIF> >0x0D TIF> >0x21 TIF> >0x42 TIF> >0x28 TIF> >0x0D TIF> >0x28 TIF> >0x0D TIF> >0x28 TIF> >0x0D TIF> >0x21 TIF> >0x0D TIF> >0x21 TIF>AP[0]: Core found
AP[0]: AHB-AP ROM base: 0xE00FD000 >0x0D TIF> >0x28 TIF> >0x0D TIF> >0x28 TIF> >0x0D TIF> >0x28 TIF> >0x0D TIF> >0x21 TIF> >0x0D TIF> >0x21 TIF>CPUID register: 0x411FC271. Implementer code: 0x41 (ARM)Found Cortex-M7 r1p1, Little endian. -- CPU_ReadMem(4 bytes @ 0xE000EDF0) -- CPU_ReadMem(4 bytes @ 0xE0002000) -- CPU_ReadMem(4 bytes @ 0xE000EDFC) -- CPU_ReadMem(4 bytes @ 0xE0001000) -- CPU_WriteMem(4 bytes @ 0xE0001000) -- CPU_ReadMem(4 bytes @ 0xE000ED88) -- CPU_WriteMem(4 bytes @ 0xE000ED88)
 -- CPU_ReadMem(4 bytes @ 0xE000ED88) -- CPU_WriteMem(4 bytes @ 0xE000ED88)CoreSight components:ROMTbl[0] @ E00FD000 -- CPU_ReadMem(16 bytes @ 0xE00FD000) -- CPU_ReadMem(16 bytes @ 0xE00FEFF0) -- CPU_ReadMem(16 bytes @ 0xE00FEFE0)ROMTbl[0][0]: E00FE000, CID: B105100D, PID: 000BB4C8 ROM TableROMTbl[1] @ E00FE000 -- CPU_ReadMem(16 bytes @ 0xE00FE000) -- CPU_ReadMem(16 bytes @ 0xE00FFFF0) -- CPU_ReadMem(16 bytes @ 0xE00FFFE0)ROMTbl[1][0]: E00FF000, CID: B105100D, PID: 000BB4C7 ROM TableROMTbl[2] @ E00FF000
 -- CPU_ReadMem(16 bytes @ 0xE00FF000) -- CPU_ReadMem(16 bytes @ 0xE000EFF0) -- CPU_ReadMem(16 bytes @ 0xE000EFE0)ROMTbl[2][0]: E000E000, CID: B105E00D, PID: 000BB00C SCS -- CPU_ReadMem(16 bytes @ 0xE0001FF0) -- CPU_ReadMem(16 bytes @ 0xE0001FE0)ROMTbl[2][1]: E0001000, CID: B105E00D, PID: 000BB002 DWT -- CPU_ReadMem(16 bytes @ 0xE0002FF0) -- CPU_ReadMem(16 bytes @ 0xE0002FE0)ROMTbl[2][2]: E0002000, CID: B105E00D, PID: 000BB00E FPB -- CPU_ReadMem(16 bytes @ 0xE0000FF0)
 -- CPU_ReadMem(16 bytes @ 0xE0000FE0)ROMTbl[2][3]: E0000000, CID: B105E00D, PID: 000BB001 ITM -- CPU_ReadMem(16 bytes @ 0xE00FF010) -- CPU_ReadMem(16 bytes @ 0xE0041FF0) -- CPU_ReadMem(16 bytes @ 0xE0041FE0)ROMTbl[1][1]: E0041000, CID: B105900D, PID: 001BB975 ETM-M7 -- CPU_ReadMem(16 bytes @ 0xE00FE010) -- CPU_ReadMem(16 bytes @ 0xE0040FF0) -- CPU_ReadMem(16 bytes @ 0xE0040FE0)ROMTbl[0][1]: E0040000, CID: B105900D, PID: 000BB9A9 TPIU-M7 -- CPU_ReadMem(16 bytes @ 0xE00FD010)
 -- CPU_ReadMem(4 bytes @ 0xE000ED78)Cache: Separate I- and D-cache. (0138ms, 0816ms total)
T068C 1805:995  -- CPU_WriteMem(4 bytes @ 0xE000ED84) -- CPU_ReadMem(4 bytes @ 0xE000ED80)I-Cache L1: 16 KB, 256 Sets, 32 Bytes/Line, 2-Way -- CPU_WriteMem(4 bytes @ 0xE000ED84) -- CPU_ReadMem(4 bytes @ 0xE000ED80)D-Cache L1: 16 KB, 128 Sets, 32 Bytes/Line, 4-Way  returns 0x00 (0140ms, 0818ms total)
T068C 1806:135 JLINK_Halt()  returns 0x00 (0002ms, 0820ms total)
T068C 1806:137 JLINK_WriteMem(0x400E0C04, 0x0004 Bytes, ...) - Data: 0B 01 00 5A -- CPU_WriteMem(4 bytes @ 0x400E0C04)  returns 0x04 (0001ms, 0821ms total)
T068C 1806:138 JLINK_ReadMem (0x400E0C08, 0x0004 Bytes, ...) -- CPU_ReadMem(4 bytes @ 0x400E0C08) - Data: 01 00 00 00  returns 0x00 (0000ms, 0821ms total)
T068C 1806:138 JLINK_SetResetType(JLINKARM_CM3_RESET_TYPE_NORMAL)  returns JLINKARM_CM3_RESET_TYPE_NORMAL (0000ms, 0821ms total)
T068C 1806:138 JLINK_Reset() -- CPU_WriteMem(4 bytes @ 0xE000EDF0) -- CPU_WriteMem(4 bytes @ 0xE000EDFC) >0x35 TIF> -- CPU_WriteMem(4 bytes @ 0xE000ED0C) >0x0D TIF> >0x28 TIF> -- CPU_ReadMem(4 bytes @ 0xE000EDF0) -- CPU_ReadMem(4 bytes @ 0xE000EDF0) -- CPU_WriteMem(4 bytes @ 0xE000EDF0) -- CPU_WriteMem(4 bytes @ 0xE000EDFC) -- CPU_ReadMem(4 bytes @ 0xE000EDF0) -- CPU_WriteMem(4 bytes @ 0xE0002000) -- CPU_ReadMem(4 bytes @ 0xE000EDFC) -- CPU_ReadMem(4 bytes @ 0xE0001000) (0069ms, 0890ms total)
T068C 1806:209 JLINK_JTAG_GetDeviceID(DeviceIndex = 0)  returns 0x00 (0000ms, 0890ms total)
T068C 1806:209 JLINK_ReadMemU32(0x400E0940, 0x0001 Items, ...) -- CPU_ReadMem(4 bytes @ 0x400E0940) - Data: 01 0E 22 A1  returns 0x01 (0002ms, 0892ms total)
T068C 1806:211 JLINK_ReadMemU32(0x400E0944, 0x0001 Items, ...) -- CPU_ReadMem(4 bytes @ 0x400E0944) - Data: 02 00 00 00  returns 0x01 (0001ms, 0893ms total)
T0C5C 1806:220 JLINK_IsHalted()  returns TRUE (0000ms, 0893ms total)
T0C5C 1806:220 JLINK_GetMOEs(...) -- CPU_ReadMem(4 bytes @ 0xE000ED30)  returns 0x01 (0008ms, 0901ms total)
T0C5C 1806:228 JLINK_ReadReg(R15 (PC))  returns 0xFFFFFFFE (0000ms, 0901ms total)
T068C 1806:266 JLINK_BeginDownload(Flags = 0x00) (0000ms, 0901ms total)
T068C 1806:266 JLINK_WriteMem(0x00400000, 0x4000 Bytes, ...) - Data: 38 D0 41 20 4D 2F 40 00 45 2F 40 00 49 2F 40 00 ...  returns 0x4000 (0001ms, 0902ms total)
T068C 1806:267 JLINK_WriteMem(0x00404000, 0x1A824 Bytes, ...) - Data: 48 BF 05 46 48 BF F0 EE 47 7A 01 3E 04 F1 10 04 ...  returns 0x1A824 (0000ms, 0902ms total)
T068C 1806:267 JLINK_WriteMem(0x0041E824, 0x0008 Bytes, ...) - Data: 14 AB FE 7F 01 00 00 00  returns 0x08 (0000ms, 0902ms total)
T068C 1806:267 JLINK_WriteMem(0x0041E82C, 0x0A40 Bytes, ...) - Data: BF F3 5F 8F 01 38 FB D1 70 47 00 00 00 84 41 20 ...  returns 0xA40 (0000ms, 0902ms total)
T068C 1806:278 JLINK_EndDownload() -- CPU_ReadMem(4 bytes @ 0xE000ED90) -- CPU_ReadMem(4 bytes @ 0xE000ED94) -- -------------------------------------- -- Start of determining dirty areas in flash cache -- End of determining dirty areas -- Start of preparing flash programming -- Calculating RAM usage -- RAM usage = 5884 Bytes -- Preserving CPU registers -- Preparing memory -- Preparing target -- Downloading RAMCode -- Checking target RAM -- Preparing RAMCode -- End of preparing flash programming
 -- CPU is running at 120000 kHz. -- Start of comparing flash -- CRC check was estimated as fastest method -- Comparing range 0x400000 - 0x403FFF (2 Sectors, 16 KB), using multi-block CRC calculation -- CRC does not match for sectors 0-1 -- Comparing range 0x404000 - 0x41FFFF (1 Sector, 112 KB), using multi-block CRC calculation -- CRC does not match for sector 0 -- End of comparing flash -- Start of erasing sectors -- End of erasing sectors -- Start of flash programming
 -- Programming range 0x00400000 - 0x00403FFF (002 Sectors, 16 KB) -- Programming range 0x00404000 - 0x0041FFFF (001 Sector, 112 KB) -- End of flash programming -- 0x400000 - 0x403FFF (002 Sectors, 16 KB) -- 0x404000 - 0x41FFFF (001 Sector, 112 KB) -- Start of verifying flash -- Checksum calculation was estimated as fastest method -- Checksum is not supported by this flash bank. Switched to CRC method. -- Checksum calculation was estimated as fastest method
 -- Checksum is not supported by this flash bank. Switched to CRC method. -- End of verifying flash -- Start of restoring -- Restoring RAMCode -- Restore target -- Restore memory -- Restoring CPU registers -- End of restoring -- Bank 0 @ 0x00400000: 2 ranges affected (131072 bytes) -- Total time needed: 0.712s (Prepare: 0.034s, Compare: 0.006s, Erase: 0.000s, Program: 0.659s, Verify: 0.004s, Restore: 0.007s)  returns 0x20000 (0716ms, 1618ms total)
T0C5C 1806:995 JLINK_IsHalted()  returns TRUE (0000ms, 1618ms total)
T0C5C 1807:196 JLINK_IsHalted()  returns TRUE (0000ms, 1618ms total)
T0C5C 1807:396 JLINK_IsHalted()  returns TRUE (0000ms, 1618ms total)
T0EEC 1807:401 JLINK_Halt()  returns 0x00 (0001ms, 1619ms total)
T0EEC 1807:402 JLINK_ReadReg(R15 (PC))  returns 0xFFFFFFFE (0000ms, 1619ms total)
T0EEC 1807:402 JLINK_ReadReg(R13 (SP))  returns 0xFFFFFFFC (0000ms, 1619ms total)
T0EEC 1807:410 JLINK_ReadMem (0x00000000, 0x0002 Bytes, ...) -- CPU_ReadMem(2 bytes @ 0x00000000) - Data: 38 D0  returns 0x00 (0001ms, 1620ms total)
T0C5C 1807:619 JLINK_IsHalted()  returns TRUE (0033ms, 1653ms total)
T0EEC 1807:701 JLINK_ReadReg(R0)  returns 0x00000000 (0000ms, 1620ms total)
T0EEC 1807:701 JLINK_ReadReg(R1)  returns 0x00000000 (0000ms, 1620ms total)
T0EEC 1807:701 JLINK_ReadReg(R2)  returns 0x00000000 (0000ms, 1620ms total)
T0EEC 1807:701 JLINK_ReadReg(R3)  returns 0x00000000 (0000ms, 1620ms total)
T0EEC 1807:701 JLINK_ReadReg(R4)  returns 0x00000000 (0000ms, 1620ms total)
T0EEC 1807:701 JLINK_ReadReg(R5)  returns 0x00000000 (0000ms, 1620ms total)
T0EEC 1807:701 JLINK_ReadReg(R6)  returns 0x00000000 (0000ms, 1620ms total)
T0EEC 1807:701 JLINK_ReadReg(R7)  returns 0x00000000 (0000ms, 1620ms total)
T0EEC 1807:701 JLINK_ReadReg(R8)  returns 0x00000000 (0000ms, 1620ms total)
T0EEC 1807:701 JLINK_ReadReg(R9)  returns 0x00000000 (0000ms, 1620ms total)
T0EEC 1807:701 JLINK_ReadReg(R10)  returns 0x00000000 (0000ms, 1620ms total)
T0EEC 1807:701 JLINK_ReadReg(R11)  returns 0x00000000 (0000ms, 1620ms total)
T0EEC 1807:701 JLINK_ReadReg(R12)  returns 0x00000000 (0000ms, 1620ms total)
T0EEC 1807:701 JLINK_ReadReg(R13 (SP))  returns 0xFFFFFFFC (0000ms, 1620ms total)
T0EEC 1807:701 JLINK_ReadReg(R14)  returns 0xFFFFFFFF (0000ms, 1620ms total)
T0EEC 1807:701 JLINK_ReadReg(R15 (PC))  returns 0xFFFFFFFE (0000ms, 1620ms total)
T0EEC 1807:701 JLINK_ReadReg(XPSR)  returns 0x01000000 (0000ms, 1620ms total)
T0EEC 1807:701 JLINK_ReadReg(MSP)  returns 0xFFFFFFFC (0000ms, 1620ms total)
T0EEC 1807:701 JLINK_ReadReg(PSP)  returns 0x00000000 (0000ms, 1620ms total)
T0EEC 1807:701 JLINK_ReadReg(PRIMASK)  returns 0x00000000 (0000ms, 1620ms total)
T0EEC 1807:701 JLINK_ReadReg(BASEPRI)  returns 0x00000000 (0000ms, 1620ms total)
T0EEC 1807:701 JLINK_ReadReg(FAULTMASK)  returns 0x00000000 (0000ms, 1620ms total)
T0EEC 1807:701 JLINK_ReadReg(CONTROL)  returns 0x00000000 (0000ms, 1620ms total)
T0EEC 1807:701 JLINK_ReadReg(FPSCR)  returns 0x00000000 (0005ms, 1625ms total)
T0EEC 1807:706 JLINK_ReadReg(FPS0)  returns 0x00000000 (0000ms, 1625ms total)
T0EEC 1807:706 JLINK_ReadReg(FPS1)  returns 0x00000000 (0000ms, 1625ms total)
T0EEC 1807:706 JLINK_ReadReg(FPS2)  returns 0x00000000 (0000ms, 1625ms total)
T0EEC 1807:706 JLINK_ReadReg(FPS3)  returns 0x00000000 (0000ms, 1625ms total)
T0EEC 1807:706 JLINK_ReadReg(FPS4)  returns 0x00000000 (0000ms, 1625ms total)
T0EEC 1807:706 JLINK_ReadReg(FPS5)  returns 0x00000000 (0000ms, 1625ms total)
T0EEC 1807:706 JLINK_ReadReg(FPS6)  returns 0x00000000 (0000ms, 1625ms total)
T0EEC 1807:706 JLINK_ReadReg(FPS7)  returns 0x00000000 (0000ms, 1625ms total)
T0EEC 1807:706 JLINK_ReadReg(FPS8)  returns 0x00000000 (0000ms, 1625ms total)
T0EEC 1807:706 JLINK_ReadReg(FPS9)  returns 0x00000000 (0000ms, 1625ms total)
T0EEC 1807:706 JLINK_ReadReg(FPS10)  returns 0x00000000 (0000ms, 1625ms total)
T0EEC 1807:706 JLINK_ReadReg(FPS11)  returns 0x00000000 (0000ms, 1625ms total)
T0EEC 1807:706 JLINK_ReadReg(FPS12)  returns 0x00000000 (0000ms, 1625ms total)
T0EEC 1807:706 JLINK_ReadReg(FPS13)  returns 0x00000000 (0000ms, 1625ms total)
T0EEC 1807:706 JLINK_ReadReg(FPS14)  returns 0x00000000 (0000ms, 1625ms total)
T0EEC 1807:706 JLINK_ReadReg(FPS15)  returns 0xFFFFFFFF (0000ms, 1625ms total)
T0EEC 1807:706 JLINK_ReadReg(FPS16)  returns 0x00000000 (0000ms, 1625ms total)
T0EEC 1807:706 JLINK_ReadReg(FPS17)  returns 0x00000000 (0000ms, 1625ms total)
T0EEC 1807:706 JLINK_ReadReg(FPS18)  returns 0x00000000 (0000ms, 1625ms total)
T0EEC 1807:706 JLINK_ReadReg(FPS19)  returns 0x00000000 (0000ms, 1625ms total)
T0EEC 1807:706 JLINK_ReadReg(FPS20)  returns 0x00000000 (0000ms, 1625ms total)
T0EEC 1807:706 JLINK_ReadReg(FPS21)  returns 0x00000000 (0000ms, 1625ms total)
T0EEC 1807:706 JLINK_ReadReg(FPS22)  returns 0x00000000 (0000ms, 1625ms total)
T0EEC 1807:706 JLINK_ReadReg(FPS23)  returns 0x00000000 (0000ms, 1625ms total)
T0EEC 1807:706 JLINK_ReadReg(FPS24)  returns 0x00000000 (0000ms, 1625ms total)
T0EEC 1807:706 JLINK_ReadReg(FPS25)  returns 0x00000000 (0000ms, 1625ms total)
T0EEC 1807:706 JLINK_ReadReg(FPS26)  returns 0x00000000 (0000ms, 1625ms total)
T0EEC 1807:706 JLINK_ReadReg(FPS27)  returns 0x00000000 (0000ms, 1625ms total)
T0EEC 1807:706 JLINK_ReadReg(FPS28)  returns 0x00000000 (0000ms, 1625ms total)
T0EEC 1807:706 JLINK_ReadReg(FPS29)  returns 0x00000000 (0000ms, 1625ms total)
T0EEC 1807:706 JLINK_ReadReg(FPS30)  returns 0x00000000 (0000ms, 1625ms total)
T0EEC 1807:706 JLINK_ReadReg(FPS31)  returns 0xFFFFFFFF (0000ms, 1625ms total)
T0EEC 1807:706 JLINK_ReadMem (0x00000000, 0x0002 Bytes, ...) -- CPU_ReadMem(2 bytes @ 0x00000000) - Data: 38 D0  returns 0x00 (0002ms, 1627ms total)
T0EEC 1807:734 JLINK_SetResetType(JLINKARM_CM3_RESET_TYPE_NORMAL)  returns JLINKARM_CM3_RESET_TYPE_NORMAL (0000ms, 1627ms total)
T0EEC 1807:734 JLINK_Reset() -- CPU_WriteMem(4 bytes @ 0xE000EDF0) -- CPU_WriteMem(4 bytes @ 0xE000EDFC) >0x35 TIF> -- CPU_WriteMem(4 bytes @ 0xE000ED0C) >0x0D TIF> >0x28 TIF> -- CPU_ReadMem(4 bytes @ 0xE000EDF0) -- CPU_ReadMem(4 bytes @ 0xE000EDF0) -- CPU_WriteMem(4 bytes @ 0xE000EDF0) -- CPU_WriteMem(4 bytes @ 0xE000EDFC) -- CPU_ReadMem(4 bytes @ 0xE000EDF0) -- CPU_WriteMem(4 bytes @ 0xE0002000) -- CPU_ReadMem(4 bytes @ 0xE000EDFC) -- CPU_ReadMem(4 bytes @ 0xE0001000) (0070ms, 1697ms total)
T0C5C 1807:804 JLINK_IsHalted()  returns TRUE (0000ms, 1697ms total)
T0C5C 1807:804 JLINK_GetMOEs(...) -- CPU_ReadMem(4 bytes @ 0xE000ED30)  returns 0x01 (0001ms, 1698ms total)
T0C5C 1807:805 JLINK_ReadReg(R15 (PC))  returns 0x00402F4C (0000ms, 1698ms total)
T0EEC 1807:815 JLINK_ReadReg(R15 (PC))  returns 0x00402F4C (0000ms, 1698ms total)
T0EEC 1807:815 JLINK_ReadReg(R13 (SP))  returns 0x2041D038 (0000ms, 1698ms total)
T0EEC 1807:829 JLINK_ReadMemHW(0x00402F4C, 0x0004 Bytes, ...) -- CPU_ReadMem(4 bytes @ 0x00402F4C) - Data: 20 49 21 48  returns 0x00 (0001ms, 1699ms total)
T0EEC 1807:879 JLINK_ReadMemHW(0x004036C0, 0x0001 Bytes, ...) -- CPU_ReadMem(1 bytes @ 0x004036C0) - Data: 2D  returns 0x00 (0001ms, 1700ms total)
T0C5C 1808:005 JLINK_IsHalted()  returns TRUE (0000ms, 1700ms total)
T0EEC 1808:070 JLINK_ReadReg(R15 (PC))  returns 0x00402F4C (0000ms, 1700ms total)
T0EEC 1808:070 JLINK_GetNumBPUnits(Type = 0xFFFFFF02)  returns 0x08 (0000ms, 1700ms total)
T0EEC 1808:070 JLINK_SetBPEx(Addr = 0x004036C0, Type = 0xFFFFFFF2)  returns 0x00000001 (0000ms, 1700ms total)
T0EEC 1808:070 JLINK_GetBPInfo(BPHandle = 1)  returns 0x00 (0000ms, 1700ms total)
T0EEC 1808:070 JLINK_Go() -- CPU_WriteMem(4 bytes @ 0xE0002000) -- CPU_ReadMem(4 bytes @ 0xE0001000) -- CPU_WriteMem(4 bytes @ 0xE000ED30) -- CPU_WriteMem(4 bytes @ 0xE0002008) -- CPU_WriteMem(4 bytes @ 0xE000200C) -- CPU_WriteMem(4 bytes @ 0xE0002010) -- CPU_WriteMem(4 bytes @ 0xE0002014) -- CPU_WriteMem(4 bytes @ 0xE0002018) -- CPU_WriteMem(4 bytes @ 0xE000201C) -- CPU_WriteMem(4 bytes @ 0xE0002020) -- CPU_WriteMem(4 bytes @ 0xE0002024) -- CPU_WriteMem(4 bytes @ 0xE0001004) (0006ms, 1706ms total)
T0C5C 1808:076 JLINK_IsHalted()  returns FALSE (0001ms, 1707ms total)
T0C5C 1808:097 JLINK_IsHalted()  returns TRUE (0003ms, 1709ms total)
T0C5C 1808:100 JLINK_GetMOEs(...) -- CPU_ReadMem(4 bytes @ 0xE000ED30)  returns 0x01 (0001ms, 1707ms total)
T0C5C 1808:101 JLINK_ReadReg(R15 (PC))  returns 0x004036C0 (0000ms, 1707ms total)
T0EEC 1808:108 JLINK_ReadReg(R15 (PC))  returns 0x004036C0 (0000ms, 1707ms total)
T0EEC 1808:108 JLINK_ReadReg(R13 (SP))  returns 0x2041D028 (0000ms, 1707ms total)
T0EEC 1808:108 JLINK_ReadMemHW(0x004036C0, 0x0004 Bytes, ...) -- CPU_ReadMem(4 bytes @ 0x004036C0) - Data: 2D E9 F0 4F  returns 0x00 (0001ms, 1708ms total)
T0EEC 1808:122 JLINK_WriteU32(0xE000EDFC, 0x01000000) -- CPU_WriteMem(4 bytes @ 0xE000EDFC)  returns 0x00 (0002ms, 1710ms total)
T0EEC 1808:124 JLINK_ReadMem (0xE0001000, 0x0004 Bytes, ...) -- CPU_ReadMem(4 bytes @ 0xE0001000) - Data: 01 00 00 40  returns 0x00 (0000ms, 1710ms total)
T0EEC 1808:124 JLINK_WriteU32(0xE0001000, 0x40000001)  returns 0x00 (0000ms, 1710ms total)
T0EEC 1808:124 JLINK_WriteU32(0xE0001028, 0x00000100)  returns 0x00 (0000ms, 1710ms total)
T0EEC 1808:124 JLINK_ReadMem (0xE0001028, 0x0004 Bytes, ...) -- CPU_WriteMem(4 bytes @ 0xE0001028) -- CPU_ReadMem(4 bytes @ 0xE0001028) - Data: 00 00 00 00  returns 0x00 (0001ms, 1711ms total)
T0EEC 1808:125 JLINK_WriteU32(0xE0001024, 0x0000001F)  returns 0x00 (0000ms, 1711ms total)
T0EEC 1808:125 JLINK_ReadMem (0xE0001024, 0x0004 Bytes, ...) -- CPU_WriteMem(4 bytes @ 0xE0001024) -- CPU_ReadMem(4 bytes @ 0xE0001024) - Data: 1F 00 00 00  returns 0x00 (0001ms, 1712ms total)
T0EEC 1808:126 JLINK_WriteU32(0xE0001038, 0x00000100)  returns 0x00 (0000ms, 1712ms total)
T0EEC 1808:126 JLINK_ReadMem (0xE0001038, 0x0004 Bytes, ...) -- CPU_WriteMem(4 bytes @ 0xE0001038) -- CPU_ReadMem(4 bytes @ 0xE0001038) - Data: 00 03 00 00  returns 0x00 (0001ms, 1713ms total)
T0EEC 1808:127 JLINK_WriteU32(0xE0001034, 0x0000001F)  returns 0x00 (0000ms, 1713ms total)
T0EEC 1808:127 JLINK_ReadMem (0xE0001034, 0x0004 Bytes, ...) -- CPU_WriteMem(4 bytes @ 0xE0001034) -- CPU_ReadMem(4 bytes @ 0xE0001034) - Data: 1F 00 00 00  returns 0x00 (0001ms, 1714ms total)
T0EEC 1808:128 JLINK_WriteU32(0xE0001048, 0x00000100)  returns 0x00 (0000ms, 1714ms total)
T0EEC 1808:128 JLINK_ReadMem (0xE0001048, 0x0004 Bytes, ...) -- CPU_WriteMem(4 bytes @ 0xE0001048) -- CPU_ReadMem(4 bytes @ 0xE0001048) - Data: 00 00 00 00  returns 0x00 (0001ms, 1715ms total)
T0EEC 1808:129 JLINK_WriteU32(0xE0001044, 0x0000001F)  returns 0x00 (0000ms, 1715ms total)
T0EEC 1808:129 JLINK_ReadMem (0xE0001044, 0x0004 Bytes, ...) -- CPU_WriteMem(4 bytes @ 0xE0001044) -- CPU_ReadMem(4 bytes @ 0xE0001044) - Data: 1F 00 00 00  returns 0x00 (0001ms, 1716ms total)
T0EEC 1808:130 JLINK_WriteU32(0xE0001058, 0x00000100)  returns 0x00 (0000ms, 1716ms total)
T0EEC 1808:130 JLINK_ReadMem (0xE0001058, 0x0004 Bytes, ...) -- CPU_WriteMem(4 bytes @ 0xE0001058) -- CPU_ReadMem(4 bytes @ 0xE0001058) - Data: 00 00 00 00  returns 0x00 (0001ms, 1717ms total)
T0EEC 1808:131 JLINK_WriteU32(0xE0001054, 0x0000001F)  returns 0x00 (0000ms, 1717ms total)
T0EEC 1808:131 JLINK_ReadMem (0xE0001054, 0x0004 Bytes, ...) -- CPU_WriteMem(4 bytes @ 0xE0001054) -- CPU_ReadMem(4 bytes @ 0xE0001054) - Data: 1F 00 00 00  returns 0x00 (0001ms, 1718ms total)
T0EEC 1808:132 JLINK_WriteU32(0xE0001020, 0x00000000)  returns 0x00 (0000ms, 1718ms total)
T0EEC 1808:132 JLINK_WriteU32(0xE0001024, 0x00000000)  returns 0x00 (0000ms, 1718ms total)
T0EEC 1808:132 JLINK_WriteU32(0xE0001028, 0x00000000)  returns 0x00 (0000ms, 1718ms total)
T0EEC 1808:132 JLINK_WriteU32(0xE0001030, 0x00000000)  returns 0x00 (0000ms, 1718ms total)
T0EEC 1808:132 JLINK_WriteU32(0xE0001034, 0x00000000)  returns 0x00 (0000ms, 1718ms total)
T0EEC 1808:132 JLINK_WriteU32(0xE0001038, 0x00000000)  returns 0x00 (0000ms, 1718ms total)
T0EEC 1808:132 JLINK_WriteU32(0xE0001040, 0x00000000)  returns 0x00 (0000ms, 1718ms total)
T0EEC 1808:132 JLINK_WriteU32(0xE0001044, 0x00000000)  returns 0x00 (0000ms, 1718ms total)
T0EEC 1808:132 JLINK_WriteU32(0xE0001048, 0x00000000)  returns 0x00 (0000ms, 1718ms total)
T0EEC 1808:132 JLINK_WriteU32(0xE0001050, 0x00000000)  returns 0x00 (0000ms, 1718ms total)
T0EEC 1808:132 JLINK_WriteU32(0xE0001054, 0x00000000)  returns 0x00 (0000ms, 1718ms total)
T0EEC 1808:132 JLINK_WriteU32(0xE0001058, 0x00000000)  returns 0x00 (0000ms, 1718ms total)
T0EEC 1808:132 JLINK_GetBPInfo(BPHandle = 1)  returns 0x00 (0000ms, 1718ms total)
T0EEC 1808:132 JLINK_ClrBPEx(BPHandle = 0x00000001)  returns 0x00 (0000ms, 1718ms total)
T0EEC 1808:132 JLINK_ReadReg(R15 (PC))  returns 0x004036C0 (0000ms, 1718ms total)
T0EEC 1808:133 JLINK_Go() -- CPU_WriteMem(4 bytes @ 0xE0001000) -- CPU_ReadMem(4 bytes @ 0xE0001000) -- CPU_WriteMem(4 bytes @ 0xE000ED30) -- CPU_WriteMem(4 bytes @ 0xE0001020) -- CPU_WriteMem(4 bytes @ 0xE0001030) -- CPU_WriteMem(4 bytes @ 0xE0001040) -- CPU_WriteMem(4 bytes @ 0xE0001050) -- CPU_WriteMem(4 bytes @ 0xE0001024) -- CPU_WriteMem(4 bytes @ 0xE0001034) -- CPU_WriteMem(4 bytes @ 0xE0001044) -- CPU_WriteMem(4 bytes @ 0xE0001054) -- CPU_WriteMem(4 bytes @ 0xE0001028)
 -- CPU_WriteMem(4 bytes @ 0xE0001038) -- CPU_WriteMem(4 bytes @ 0xE0001048) -- CPU_WriteMem(4 bytes @ 0xE0001058) -- CPU_WriteMem(4 bytes @ 0xE0002008) (0003ms, 1721ms total)
T0C5C 1808:136 JLINK_IsHalted()  returns FALSE (0001ms, 1722ms total)
T0C5C 1808:178 JLINK_IsHalted()  returns FALSE (0001ms, 1722ms total)
T0C5C 1808:341 JLINK_IsHalted()  returns FALSE (0001ms, 1722ms total)
T0C5C 1808:543 JLINK_IsHalted()  returns FALSE (0001ms, 1722ms total)
T0C5C 1808:744 JLINK_IsHalted()  returns FALSE (0002ms, 1723ms total)
T0C5C 1808:946 JLINK_IsHalted()  returns FALSE (0001ms, 1722ms total)
T0C5C 1809:147 JLINK_IsHalted()  returns FALSE (0001ms, 1722ms total)
T0C5C 1809:352 JLINK_IsHalted()  returns FALSE (0001ms, 1722ms total)
T0C5C 1809:556 JLINK_IsHalted()  returns FALSE (0001ms, 1722ms total)
T0C5C 1809:757 JLINK_IsHalted()  returns FALSE (0002ms, 1723ms total)
T0C5C 1809:959 JLINK_IsHalted()  returns FALSE (0001ms, 1722ms total)
T0C5C 1810:161 JLINK_IsHalted()  returns FALSE (0001ms, 1722ms total)
T0C5C 1810:362 JLINK_IsHalted()  returns FALSE (0004ms, 1725ms total)
T0C5C 1810:566 JLINK_IsHalted()  returns FALSE (0001ms, 1722ms total)
T0C5C 1810:767 JLINK_IsHalted()  returns FALSE (0001ms, 1722ms total)
T0C5C 1810:968 JLINK_IsHalted()  returns FALSE (0001ms, 1722ms total)
T0C5C 1811:171 JLINK_IsHalted()  returns FALSE (0000ms, 1721ms total)
T0C5C 1811:379 JLINK_IsHalted()  returns FALSE (0000ms, 1721ms total)
T0C5C 1811:580 JLINK_IsHalted()  returns FALSE (0001ms, 1722ms total)
T0C5C 1811:784 JLINK_IsHalted()  returns FALSE (0000ms, 1721ms total)
T0C5C 1811:985 JLINK_IsHalted()  returns FALSE (0000ms, 1721ms total)
T0C5C 1812:188 JLINK_IsHalted()  returns FALSE (0001ms, 1722ms total)
T0C5C 1812:390 JLINK_IsHalted()  returns FALSE (0009ms, 1730ms total)
T0C5C 1812:600 JLINK_IsHalted()  returns FALSE (0000ms, 1721ms total)
T0C5C 1812:801 JLINK_IsHalted()  returns FALSE (0000ms, 1721ms total)
T0C5C 1813:003 JLINK_IsHalted()  returns FALSE (0000ms, 1721ms total)
T0C5C 1813:207 JLINK_IsHalted()  returns FALSE (0000ms, 1721ms total)
T0C5C 1813:407 JLINK_IsHalted()  returns FALSE (0000ms, 1721ms total)
T0C5C 1813:610 JLINK_IsHalted()  returns FALSE (0001ms, 1722ms total)
T0C5C 1813:811 JLINK_IsHalted()  returns FALSE (0000ms, 1721ms total)
T0C5C 1814:014 JLINK_IsHalted()  returns FALSE (0000ms, 1721ms total)
T0C5C 1814:217 JLINK_IsHalted()  returns FALSE (0000ms, 1721ms total)
T0C5C 1814:418 JLINK_IsHalted()  returns FALSE (0001ms, 1722ms total)
T0C5C 1814:620 JLINK_IsHalted()  returns FALSE (0000ms, 1721ms total)
T0C5C 1814:823 JLINK_IsHalted()  returns FALSE (0000ms, 1721ms total)
T0C5C 1815:024 JLINK_IsHalted()  returns FALSE (0000ms, 1721ms total)
T0C5C 1815:227 JLINK_IsHalted()  returns FALSE (0000ms, 1721ms total)
T0C5C 1815:433 JLINK_IsHalted()  returns FALSE (0011ms, 1732ms total)
T0C5C 1815:645 JLINK_IsHalted()  returns FALSE (0000ms, 1721ms total)
T0C5C 1815:846 JLINK_IsHalted()  returns FALSE (0000ms, 1721ms total)
T0C5C 1816:047 JLINK_IsHalted()  returns FALSE (0000ms, 1721ms total)
T0C5C 1816:248 JLINK_IsHalted()  returns FALSE (0002ms, 1723ms total)
T0C5C 1816:455 JLINK_IsHalted()  returns FALSE (0001ms, 1722ms total)
T0C5C 1816:658 JLINK_IsHalted()  returns FALSE (0002ms, 1723ms total)
T0C5C 1816:860 JLINK_IsHalted()  returns FALSE (0001ms, 1722ms total)
T0C5C 1817:061 JLINK_IsHalted()  returns FALSE (0000ms, 1721ms total)
T0C5C 1817:262 JLINK_IsHalted()  returns FALSE (0001ms, 1722ms total)
T0EEC 1817:408 JLINK_Halt()  returns 0x00 (0003ms, 1724ms total)
T0C5C 1817:473 JLINK_IsHalted()  returns TRUE (0000ms, 1724ms total)
T0C5C 1817:473 JLINK_GetMOEs(...) -- CPU_ReadMem(4 bytes @ 0xE000ED30)  returns 0x01 (0004ms, 1728ms total)
T0C5C 1817:477 JLINK_ReadReg(R15 (PC))  returns 0x00404DCA (0000ms, 1728ms total)
T0C5C 1817:681 JLINK_IsHalted()  returns TRUE (0000ms, 1728ms total)
T068C 1817:682 JLINK_ResetPullsRESET(ON) (0000ms, 1728ms total)
T068C 1817:682 JLINK_ResetNoHalt() >0x10B TIF>Found SW-DP with ID 0x0BD11477 >0x0D TIF> >0x28 TIF> >0x0D TIF> >0x28 TIF> >0x0D TIF> >0x28 TIF> >0x0D TIF> >0x28 TIF> >0x0D TIF> >0x21 TIF> >0x0D TIF> >0x28 TIF>AP map detection skipped. User manually configured AP map.AP[0]: AHB-AP (IDR: Not set) >0x42 TIF> >0x28 TIF> >0x0D TIF> >0x21 TIF> >0x0D TIF> >0x21 TIF> >0x42 TIF> >0x28 TIF> >0x0D TIF> >0x28 TIF> >0x0D TIF> >0x28 TIF> >0x0D TIF> >0x21 TIF> >0x0D TIF> >0x21 TIF>AP[0]: Core found
AP[0]: AHB-AP ROM base: 0xE00FD000 >0x0D TIF> >0x28 TIF> >0x0D TIF> >0x28 TIF> >0x0D TIF> >0x28 TIF> >0x0D TIF> >0x21 TIF> >0x0D TIF> >0x21 TIF>CPUID register: 0x411FC271. Implementer code: 0x41 (ARM)Found Cortex-M7 r1p1, Little endian. -- CPU_ReadMem(4 bytes @ 0xE000EDF0) -- CPU_ReadMem(4 bytes @ 0xE0002000) -- CPU_ReadMem(4 bytes @ 0xE0001000) -- CPU_ReadMem(4 bytes @ 0xE000ED88) -- CPU_WriteMem(4 bytes @ 0xE000ED88) -- CPU_ReadMem(4 bytes @ 0xE000ED88) -- CPU_WriteMem(4 bytes @ 0xE000ED88)
CoreSight components:ROMTbl[0] @ E00FD000 -- CPU_ReadMem(16 bytes @ 0xE00FD000) -- CPU_ReadMem(16 bytes @ 0xE00FEFF0) -- CPU_ReadMem(16 bytes @ 0xE00FEFE0)ROMTbl[0][0]: E00FE000, CID: B105100D, PID: 000BB4C8 ROM TableROMTbl[1] @ E00FE000 -- CPU_ReadMem(16 bytes @ 0xE00FE000) -- CPU_ReadMem(16 bytes @ 0xE00FFFF0) -- CPU_ReadMem(16 bytes @ 0xE00FFFE0)ROMTbl[1][0]: E00FF000, CID: B105100D, PID: 000BB4C7 ROM TableROMTbl[2] @ E00FF000 -- CPU_ReadMem(16 bytes @ 0xE00FF000) -- CPU_ReadMem(16 bytes @ 0xE000EFF0)
 -- CPU_ReadMem(16 bytes @ 0xE000EFE0)ROMTbl[2][0]: E000E000, CID: B105E00D, PID: 000BB00C SCS -- CPU_WriteMem(4 bytes @ 0xE0001000) -- CPU_ReadMem(16 bytes @ 0xE0001FF0) -- CPU_ReadMem(16 bytes @ 0xE0001FE0)ROMTbl[2][1]: E0001000, CID: B105E00D, PID: 000BB002 DWT -- CPU_ReadMem(16 bytes @ 0xE0002FF0) -- CPU_ReadMem(16 bytes @ 0xE0002FE0)ROMTbl[2][2]: E0002000, CID: B105E00D, PID: 000BB00E FPB -- CPU_ReadMem(16 bytes @ 0xE0000FF0) -- CPU_ReadMem(16 bytes @ 0xE0000FE0)
ROMTbl[2][3]: E0000000, CID: B105E00D, PID: 000BB001 ITM -- CPU_ReadMem(16 bytes @ 0xE00FF010) -- CPU_ReadMem(16 bytes @ 0xE0041FF0) -- CPU_ReadMem(16 bytes @ 0xE0041FE0)ROMTbl[1][1]: E0041000, CID: B105900D, PID: 001BB975 ETM-M7 -- CPU_ReadMem(16 bytes @ 0xE00FE010) -- CPU_ReadMem(16 bytes @ 0xE0040FF0) -- CPU_ReadMem(16 bytes @ 0xE0040FE0)ROMTbl[0][1]: E0040000, CID: B105900D, PID: 000BB9A9 TPIU-M7 -- CPU_ReadMem(16 bytes @ 0xE00FD010) -- CPU_ReadMem(4 bytes @ 0xE000ED78)Cache: Separate I- and D-cache.
 (0146ms, 1874ms total)
T068C 1817:682  -- CPU_WriteMem(4 bytes @ 0xE000ED84) -- CPU_ReadMem(4 bytes @ 0xE000ED80)I-Cache L1: 16 KB, 256 Sets, 32 Bytes/Line, 2-Way -- CPU_WriteMem(4 bytes @ 0xE000ED84) -- CPU_ReadMem(4 bytes @ 0xE000ED80)D-Cache L1: 16 KB, 128 Sets, 32 Bytes/Line, 4-Way
                JLINK_Reset() -- CPU_WriteMem(4 bytes @ 0xE000EDF0) -- CPU_WriteMem(4 bytes @ 0xE000EDFC) >0x35 TIF> -- CPU_WriteMem(4 bytes @ 0xE000ED0C) >0x0D TIF> >0x28 TIF> -- CPU_ReadMem(4 bytes @ 0xE000EDF0) -- CPU_ReadMem(4 bytes @ 0xE000EDF0) -- CPU_WriteMem(4 bytes @ 0xE000EDF0) -- CPU_WriteMem(4 bytes @ 0xE000EDFC) -- CPU_ReadMem(4 bytes @ 0xE000EDF0) -- CPU_WriteMem(4 bytes @ 0xE0002000) -- CPU_ReadMem(4 bytes @ 0xE000EDFC) -- CPU_ReadMem(4 bytes @ 0xE0001000) (0070ms, 0070ms total)
                JLINK_Go() -- CPU_ReadMem(4 bytes @ 0xE0001000) -- CPU_WriteMem(4 bytes @ 0xE0002008) -- CPU_WriteMem(4 bytes @ 0xE000200C) -- CPU_WriteMem(4 bytes @ 0xE0002010) -- CPU_WriteMem(4 bytes @ 0xE0002014) -- CPU_WriteMem(4 bytes @ 0xE0002018) -- CPU_WriteMem(4 bytes @ 0xE000201C) -- CPU_WriteMem(4 bytes @ 0xE0002020) -- CPU_WriteMem(4 bytes @ 0xE0002024) -- CPU_WriteMem(4 bytes @ 0xE0001004) (0002ms, 0072ms total)
               (0222ms, 1950ms total)
