
T049C 052:493 SEGGER J-Link V6.18a Log File (0042ms, 0339ms total)
T049C 052:493 DLL Compiled: Aug 11 2017 17:53:19 (0042ms, 0339ms total)
T049C 052:493 Logging started @ 2018-04-19 05:48 (0042ms, 0339ms total)
T049C 052:541 JLINK_ExecCommand("Device = ATSAMV71Q21", ...).   returns 0x00 (0003ms, 0342ms total)
T049C 052:963 JLINK_ExecCommand("ProjectFile = C:\Users\Daniel Gonzalez\Dropbox (UFL)\Spring2018\Senior_Design\SeniorDesignRepo\Atmel_Projects\Trancriber\GatorScribe\jlink.config", ...).   returns 0x00 (0042ms, 0384ms total)
T049C 053:042 JLINK_ExecCommand("Device = ATSAMV71Q21", ...).   returns 0x00 (0108ms, 0492ms total)
T049C 053:150 JLINK_TIF_Select(JLINKARM_TIF_SWD)  returns 0x00 (0108ms, 0600ms total)
T049C 053:280 JLINK_SetSpeed(4000) (0020ms, 0636ms total)
T049C 053:300 JLINK_ResetPullsRESET(OFF) (0000ms, 0636ms total)
T049C 053:300 JLINK_Connect() >0x10B TIF>Found SW-DP with ID 0x0BD11477 >0x0D TIF> >0x28 TIF> >0x0D TIF> >0x28 TIF> >0x0D TIF> >0x28 TIF> >0x0D TIF> >0x28 TIF> >0x0D TIF> >0x21 TIF> >0x0D TIF> >0x28 TIF>Scanning AP map to find all available APs >0x0D TIF> >0x28 TIF> >0x0D TIF> >0x21 TIF> >0x0D TIF> >0x21 TIF> >0x0D TIF> >0x28 TIF> >0x0D TIF> >0x21 TIF> >0x0D TIF> >0x21 TIF>AP[1]: Stopped AP scan as end of AP map has been reachedAP[0]: AHB-AP (IDR: 0x04770041)Iterating through AP map to find AHB-AP to use
 >0x42 TIF> >0x28 TIF> >0x0D TIF> >0x21 TIF> >0x0D TIF> >0x21 TIF> >0x42 TIF> >0x28 TIF> >0x0D TIF> >0x28 TIF> >0x0D TIF> >0x28 TIF> >0x0D TIF> >0x21 TIF> >0x0D TIF> >0x21 TIF>AP[0]: Core foundAP[0]: AHB-AP ROM base: 0xE00FD000 >0x0D TIF> >0x28 TIF> >0x0D TIF> >0x28 TIF> >0x0D TIF> >0x28 TIF> >0x0D TIF> >0x21 TIF> >0x0D TIF> >0x21 TIF>CPUID register: 0x411FC271. Implementer code: 0x41 (ARM)Found Cortex-M7 r1p1, Little endian. -- CPU_ReadMem(4 bytes @ 0xE000EDF0) -- CPU_WriteMem(4 bytes @ 0xE000EDF0)
 -- CPU_ReadMem(4 bytes @ 0xE0002000) -- CPU_ReadMem(4 bytes @ 0xE000EDFC) -- CPU_WriteMem(4 bytes @ 0xE000EDFC) -- CPU_ReadMem(4 bytes @ 0xE0001000) -- CPU_WriteMem(4 bytes @ 0xE0001000) -- CPU_ReadMem(4 bytes @ 0xE000ED88) -- CPU_WriteMem(4 bytes @ 0xE000ED88) -- CPU_ReadMem(4 bytes @ 0xE000ED88) -- CPU_WriteMem(4 bytes @ 0xE000ED88)CoreSight components:ROMTbl[0] @ E00FD000 -- CPU_ReadMem(16 bytes @ 0xE00FD000) -- CPU_ReadMem(16 bytes @ 0xE00FEFF0) -- CPU_ReadMem(16 bytes @ 0xE00FEFE0)
ROMTbl[0][0]: E00FE000, CID: B105100D, PID: 000BB4C8 ROM TableROMTbl[1] @ E00FE000 -- CPU_ReadMem(16 bytes @ 0xE00FE000) -- CPU_ReadMem(16 bytes @ 0xE00FFFF0) -- CPU_ReadMem(16 bytes @ 0xE00FFFE0)ROMTbl[1][0]: E00FF000, CID: B105100D, PID: 000BB4C7 ROM TableROMTbl[2] @ E00FF000 -- CPU_ReadMem(16 bytes @ 0xE00FF000) -- CPU_ReadMem(16 bytes @ 0xE000EFF0) -- CPU_ReadMem(16 bytes @ 0xE000EFE0)ROMTbl[2][0]: E000E000, CID: B105E00D, PID: 000BB00C SCS -- CPU_ReadMem(16 bytes @ 0xE0001FF0)
 -- CPU_ReadMem(16 bytes @ 0xE0001FE0)ROMTbl[2][1]: E0001000, CID: B105E00D, PID: 000BB002 DWT -- CPU_ReadMem(16 bytes @ 0xE0002FF0) -- CPU_ReadMem(16 bytes @ 0xE0002FE0)ROMTbl[2][2]: E0002000, CID: B105E00D, PID: 000BB00E FPB -- CPU_ReadMem(16 bytes @ 0xE0000FF0) -- CPU_ReadMem(16 bytes @ 0xE0000FE0)ROMTbl[2][3]: E0000000, CID: B105E00D, PID: 000BB001 ITM -- CPU_ReadMem(16 bytes @ 0xE00FF010) -- CPU_ReadMem(16 bytes @ 0xE0041FF0) -- CPU_ReadMem(16 bytes @ 0xE0041FE0)
ROMTbl[1][1]: E0041000, CID: B105900D, PID: 001BB975 ETM-M7 -- CPU_ReadMem(16 bytes @ 0xE00FE010) -- CPU_ReadMem(16 bytes @ 0xE0040FF0) -- CPU_ReadMem(16 bytes @ 0xE0040FE0)ROMTbl[0][1]: E0040000, CID: B105900D, PID: 000BB9A9 TPIU-M7 -- CPU_ReadMem(16 bytes @ 0xE00FD010) -- CPU_ReadMem(4 bytes @ 0xE000ED78)Cache: Separate I- and D-cache. (1273ms, 1909ms total)
T049C 053:300  -- CPU_WriteMem(4 bytes @ 0xE000ED84) -- CPU_ReadMem(4 bytes @ 0xE000ED80)I-Cache L1: 16 KB, 256 Sets, 32 Bytes/Line, 2-Way -- CPU_WriteMem(4 bytes @ 0xE000ED84) -- CPU_ReadMem(4 bytes @ 0xE000ED80)D-Cache L1: 16 KB, 128 Sets, 32 Bytes/Line, 4-Way  returns 0x00 (1278ms, 1914ms total)
T049C 054:579 JLINK_Halt()  returns 0x00 (0003ms, 1917ms total)
T049C 054:583 JLINK_WriteMem(0x400E0C04, 0x0004 Bytes, ...) - Data: 0B 01 00 5A -- CPU_WriteMem(4 bytes @ 0x400E0C04)  returns 0x04 (0001ms, 1918ms total)
T049C 054:584 JLINK_ReadMem (0x400E0C08, 0x0004 Bytes, ...) -- CPU_ReadMem(4 bytes @ 0x400E0C08) - Data: 01 00 00 00  returns 0x00 (0001ms, 1919ms total)
T049C 054:585 JLINK_SetResetType(JLINKARM_CM3_RESET_TYPE_NORMAL)  returns JLINKARM_CM3_RESET_TYPE_NORMAL (0000ms, 1919ms total)
T049C 054:585 JLINK_Reset() -- CPU_WriteMem(4 bytes @ 0xE000EDF0) -- CPU_WriteMem(4 bytes @ 0xE000EDFC) >0x35 TIF> -- CPU_WriteMem(4 bytes @ 0xE000ED0C) >0x0D TIF> >0x28 TIF> -- CPU_ReadMem(4 bytes @ 0xE000EDF0) -- CPU_ReadMem(4 bytes @ 0xE000EDF0) -- CPU_WriteMem(4 bytes @ 0xE000EDF0) -- CPU_WriteMem(4 bytes @ 0xE000EDFC) -- CPU_ReadMem(4 bytes @ 0xE000EDF0) -- CPU_WriteMem(4 bytes @ 0xE0002000) -- CPU_ReadMem(4 bytes @ 0xE000EDFC) -- CPU_ReadMem(4 bytes @ 0xE0001000) (0088ms, 2007ms total)
T049C 054:705 JLINK_JTAG_GetDeviceID(DeviceIndex = 0)  returns 0x00 (0000ms, 2007ms total)
T049C 054:705 JLINK_ReadMemU32(0x400E0940, 0x0001 Items, ...) -- CPU_ReadMem(4 bytes @ 0x400E0940) - Data: 01 0E 22 A1  returns 0x01 (0004ms, 2011ms total)
T049C 054:709 JLINK_ReadMemU32(0x400E0944, 0x0001 Items, ...) -- CPU_ReadMem(4 bytes @ 0x400E0944) - Data: 02 00 00 00  returns 0x01 (0002ms, 2013ms total)
T049C 054:711 JLINK_WriteMem(0x400E0C04, 0x0004 Bytes, ...) - Data: 05 00 00 5A -- CPU_WriteMem(4 bytes @ 0x400E0C04)  returns 0x04 (0004ms, 2017ms total)
T049C 054:715 JLINK_ReadMem (0x400E0C08, 0x0004 Bytes, ...) -- CPU_ReadMem(4 bytes @ 0x400E0C08) - Data: 00 00 00 00  returns 0x00 (0002ms, 2019ms total)
T049C 054:719 JLINK_ReadMem (0x400E0C08, 0x0004 Bytes, ...) -- CPU_ReadMem(4 bytes @ 0x400E0C08) - Data: 00 00 00 00  returns 0x00 (0010ms, 2029ms total)
T2B68 054:735 JLINK_IsHalted()  returns TRUE (0000ms, 2029ms total)
T2B68 054:735 JLINK_GetMOEs(...) -- CPU_ReadMem(4 bytes @ 0xE000ED30)  returns 0x01 (0010ms, 2039ms total)
T049C 054:745 JLINK_ReadMem (0x400E0C08, 0x0004 Bytes, ...) -- CPU_ReadMem(4 bytes @ 0x400E0C08) - Data: 00 00 00 00  returns 0x00 (0000ms, 2039ms total)
T2B68 054:745 JLINK_ReadReg(R15 (PC))  returns 0x00404280 (0001ms, 2040ms total)
T049C 054:766 JLINK_ReadMem (0x400E0C08, 0x0004 Bytes, ...) -- CPU_ReadMem(4 bytes @ 0x400E0C08) - Data: 00 00 00 00  returns 0x00 (0002ms, 2042ms total)
T049C 054:842 JLINK_ReadMem (0x400E0C08, 0x0004 Bytes, ...) -- CPU_ReadMem(4 bytes @ 0x400E0C08) - Data: 00 00 00 00  returns 0x00 (0007ms, 2049ms total)
T2B68 054:948 JLINK_IsHalted()  returns TRUE (0000ms, 2049ms total)
T049C 055:105 JLINK_ReadMem (0x400E0C08, 0x0004 Bytes, ...) -- CPU_ReadMem(4 bytes @ 0x400E0C08) - Data: 00 00 00 00  returns 0x00 (0002ms, 2051ms total)
T2B68 055:152 JLINK_IsHalted()  returns TRUE (0001ms, 2052ms total)
T2B68 055:355 JLINK_IsHalted()  returns TRUE (0000ms, 2051ms total)
T2B68 055:555 JLINK_IsHalted()  returns TRUE (0000ms, 2051ms total)
T2B68 055:758 JLINK_IsHalted()  returns TRUE (0004ms, 2055ms total)
T2B68 055:965 JLINK_IsHalted()  returns TRUE (0000ms, 2051ms total)
T049C 056:107 JLINK_ReadMem (0x400E0C08, 0x0004 Bytes, ...) -- CPU_ReadMem(4 bytes @ 0x400E0C08) - Data: 00 00 00 00  returns 0x00 (0001ms, 2052ms total)
T049C 056:108 JLINK_ReadMem (0x400E0C08, 0x0004 Bytes, ...) -- CPU_ReadMem(4 bytes @ 0x400E0C08) - Data: 00 00 00 00  returns 0x00 (0001ms, 2053ms total)
T049C 056:112 JLINK_ReadMem (0x400E0C08, 0x0004 Bytes, ...) -- CPU_ReadMem(4 bytes @ 0x400E0C08) - Data: 00 00 00 00  returns 0x00 (0002ms, 2055ms total)
T049C 056:144 JLINK_ReadMem (0x400E0C08, 0x0004 Bytes, ...) -- CPU_ReadMem(4 bytes @ 0x400E0C08) - Data: 00 00 00 00  returns 0x00 (0002ms, 2057ms total)
T049C 056:162 JLINK_ReadMem (0x400E0C08, 0x0004 Bytes, ...) -- CPU_ReadMem(4 bytes @ 0x400E0C08) - Data: 00 00 00 00  returns 0x00 (0003ms, 2060ms total)
T2B68 056:165 JLINK_IsHalted()  returns TRUE (0000ms, 2060ms total)
T049C 056:230 JLINK_ReadMem (0x400E0C08, 0x0004 Bytes, ...) -- CPU_ReadMem(4 bytes @ 0x400E0C08) - Data: 00 00 00 00  returns 0x00 (0002ms, 2062ms total)
T2B68 056:365 JLINK_IsHalted()  returns TRUE (0000ms, 2062ms total)
T049C 056:489 JLINK_ReadMem (0x400E0C08, 0x0004 Bytes, ...) -- CPU_ReadMem(4 bytes @ 0x400E0C08) - Data: 00 00 00 00  returns 0x00 (0000ms, 2062ms total)
T2B68 056:565 JLINK_IsHalted()  returns TRUE (0000ms, 2062ms total)
T2B68 056:765 JLINK_IsHalted()  returns TRUE (0000ms, 2062ms total)
T2B68 056:967 JLINK_IsHalted()  returns TRUE (0002ms, 2064ms total)
T2B68 057:193 JLINK_IsHalted()  returns TRUE (0000ms, 2062ms total)
T2B68 057:394 JLINK_IsHalted()  returns TRUE (0000ms, 2062ms total)
T049C 057:492 JLINK_ReadMem (0x400E0C08, 0x0004 Bytes, ...) -- CPU_ReadMem(4 bytes @ 0x400E0C08) - Data: 00 00 00 00  returns 0x00 (0000ms, 2062ms total)
T049C 057:493 JLINK_ReadMem (0x400E0C08, 0x0004 Bytes, ...) -- CPU_ReadMem(4 bytes @ 0x400E0C08) - Data: 00 00 00 00  returns 0x00 (0004ms, 2066ms total)
T049C 057:500 JLINK_ReadMem (0x400E0C08, 0x0004 Bytes, ...) -- CPU_ReadMem(4 bytes @ 0x400E0C08) - Data: 00 00 00 00  returns 0x00 (0002ms, 2068ms total)
T049C 057:510 JLINK_ReadMem (0x400E0C08, 0x0004 Bytes, ...) -- CPU_ReadMem(4 bytes @ 0x400E0C08) - Data: 00 00 00 00  returns 0x00 (0001ms, 2069ms total)
T049C 057:543 JLINK_ReadMem (0x400E0C08, 0x0004 Bytes, ...) -- CPU_ReadMem(4 bytes @ 0x400E0C08) - Data: 00 00 00 00  returns 0x00 (0003ms, 2072ms total)
T2B68 057:596 JLINK_IsHalted()  returns TRUE (0013ms, 2085ms total)
T049C 057:613 JLINK_ReadMem (0x400E0C08, 0x0004 Bytes, ...) -- CPU_ReadMem(4 bytes @ 0x400E0C08) - Data: 00 00 00 00  returns 0x00 (0024ms, 2096ms total)
T2B68 057:812 JLINK_IsHalted()  returns TRUE (0000ms, 2096ms total)
T049C 057:893 JLINK_ReadMem (0x400E0C08, 0x0004 Bytes, ...) -- CPU_ReadMem(4 bytes @ 0x400E0C08) - Data: 00 00 00 00  returns 0x00 (0004ms, 2100ms total)
T2B68 058:012 JLINK_IsHalted()  returns TRUE (0000ms, 2100ms total)
T2B68 058:212 JLINK_IsHalted()  returns TRUE (0001ms, 2101ms total)
T2B68 058:418 JLINK_IsHalted()  returns TRUE (0000ms, 2100ms total)
T2B68 058:619 JLINK_IsHalted()  returns TRUE (0000ms, 2100ms total)
T2B68 058:823 JLINK_IsHalted()  returns TRUE (0008ms, 2108ms total)
T049C 058:900 JLINK_ReadMem (0x400E0C08, 0x0004 Bytes, ...) -- CPU_ReadMem(4 bytes @ 0x400E0C08) - Data: 00 00 00 00  returns 0x00 (0001ms, 2101ms total)
T049C 058:902 JLINK_ReadMem (0x400E0C08, 0x0004 Bytes, ...) -- CPU_ReadMem(4 bytes @ 0x400E0C08) - Data: 00 00 00 00  returns 0x00 (0003ms, 2104ms total)
T049C 058:929 JLINK_ReadMem (0x400E0C08, 0x0004 Bytes, ...) -- CPU_ReadMem(4 bytes @ 0x400E0C08) - Data: 00 00 00 00  returns 0x00 (0010ms, 2114ms total)
T049C 058:983 JLINK_ReadMem (0x400E0C08, 0x0004 Bytes, ...) -- CPU_ReadMem(4 bytes @ 0x400E0C08) - Data: 00 00 00 00  returns 0x00 (0003ms, 2117ms total)
T049C 059:004 JLINK_ReadMem (0x400E0C08, 0x0004 Bytes, ...) -- CPU_ReadMem(4 bytes @ 0x400E0C08) - Data: 00 00 00 00  returns 0x00 (0001ms, 2118ms total)
T2B68 059:036 JLINK_IsHalted()  returns TRUE (0000ms, 2118ms total)
T049C 059:075 JLINK_ReadMem (0x400E0C08, 0x0004 Bytes, ...) -- CPU_ReadMem(4 bytes @ 0x400E0C08) - Data: 00 00 00 00  returns 0x00 (0009ms, 2127ms total)
T2B68 059:237 JLINK_IsHalted()  returns TRUE (0000ms, 2127ms total)
T049C 059:341 JLINK_ReadMem (0x400E0C08, 0x0004 Bytes, ...) -- CPU_ReadMem(4 bytes @ 0x400E0C08) - Data: 00 00 00 00  returns 0x00 (0000ms, 2127ms total)
T2B68 059:439 JLINK_IsHalted()  returns TRUE (0003ms, 2130ms total)
T2B68 059:643 JLINK_IsHalted()  returns TRUE (0000ms, 2127ms total)
T2B68 059:844 JLINK_IsHalted()  returns TRUE (0000ms, 2127ms total)
T2B68 060:060 JLINK_IsHalted()  returns TRUE (0012ms, 2139ms total)
T2B68 060:274 JLINK_IsHalted()  returns TRUE (0000ms, 2127ms total)
T049C 060:343 JLINK_ReadMem (0x400E0C08, 0x0004 Bytes, ...) -- CPU_ReadMem(4 bytes @ 0x400E0C08) - Data: 00 00 00 00  returns 0x00 (0001ms, 2128ms total)
T049C 060:344 JLINK_ReadMem (0x400E0C08, 0x0004 Bytes, ...) -- CPU_ReadMem(4 bytes @ 0x400E0C08) - Data: 00 00 00 00  returns 0x00 (0001ms, 2129ms total)
T049C 060:347 JLINK_ReadMem (0x400E0C08, 0x0004 Bytes, ...) -- CPU_ReadMem(4 bytes @ 0x400E0C08) - Data: 00 00 00 00  returns 0x00 (0001ms, 2130ms total)
T049C 060:358 JLINK_ReadMem (0x400E0C08, 0x0004 Bytes, ...) -- CPU_ReadMem(4 bytes @ 0x400E0C08) - Data: 00 00 00 00  returns 0x00 (0001ms, 2131ms total)
T049C 060:376 JLINK_ReadMem (0x400E0C08, 0x0004 Bytes, ...) -- CPU_ReadMem(4 bytes @ 0x400E0C08) - Data: 00 00 00 00  returns 0x00 (0002ms, 2133ms total)
T049C 060:469 JLINK_ReadMem (0x400E0C08, 0x0004 Bytes, ...) -- CPU_ReadMem(4 bytes @ 0x400E0C08) - Data: 00 00 00 00  returns 0x00 (0013ms, 2146ms total)
T2B68 060:490 JLINK_IsHalted()  returns TRUE (0000ms, 2146ms total)
T2B68 060:691 JLINK_IsHalted()  returns TRUE (0000ms, 2146ms total)
T049C 060:738 JLINK_ReadMem (0x400E0C08, 0x0004 Bytes, ...) -- CPU_ReadMem(4 bytes @ 0x400E0C08) - Data: 00 00 00 00  returns 0x00 (0002ms, 2148ms total)
T2B68 060:902 JLINK_IsHalted()  returns TRUE (0000ms, 2148ms total)
T2B68 061:102 JLINK_IsHalted()  returns TRUE (0000ms, 2148ms total)
T2B68 061:308 JLINK_IsHalted()  returns TRUE (0001ms, 2149ms total)
T2B68 061:510 JLINK_IsHalted()  returns TRUE (0000ms, 2148ms total)
T2B68 061:710 JLINK_IsHalted()  returns TRUE (0000ms, 2148ms total)
T049C 061:740 JLINK_ReadMem (0x400E0C08, 0x0004 Bytes, ...) -- CPU_ReadMem(4 bytes @ 0x400E0C08) - Data: 01 00 00 00  returns 0x00 (0001ms, 2149ms total)
T2B68 061:910 JLINK_IsHalted()  returns TRUE (0001ms, 2150ms total)
T049C 061:920 JLINK_ResetPullsRESET(ON) (0000ms, 2149ms total)
T049C 061:920 JLINK_ResetNoHalt() >0x10B TIF>Found SW-DP with ID 0x0BD11477 >0x0D TIF> >0x28 TIF> >0x0D TIF> >0x28 TIF> >0x0D TIF> >0x28 TIF> >0x0D TIF> >0x28 TIF> >0x0D TIF> >0x21 TIF> >0x0D TIF> >0x28 TIF>AP map detection skipped. User manually configured AP map.AP[0]: AHB-AP (IDR: Not set) >0x42 TIF> >0x28 TIF> >0x0D TIF> >0x21 TIF> >0x0D TIF> >0x21 TIF> >0x42 TIF> >0x28 TIF> >0x0D TIF> >0x28 TIF> >0x0D TIF> >0x28 TIF> >0x0D TIF> >0x21 TIF> >0x0D TIF> >0x21 TIF>AP[0]: Core found
AP[0]: AHB-AP ROM base: 0xE00FD000 >0x0D TIF> >0x28 TIF> >0x0D TIF> >0x28 TIF> >0x0D TIF> >0x28 TIF> >0x0D TIF> >0x21 TIF> >0x0D TIF> >0x21 TIF>CPUID register: 0x411FC271. Implementer code: 0x41 (ARM)Found Cortex-M7 r1p1, Little endian. -- CPU_ReadMem(4 bytes @ 0xE000EDF0) -- CPU_ReadMem(4 bytes @ 0xE0002000) -- CPU_ReadMem(4 bytes @ 0xE000EDFC) -- CPU_ReadMem(4 bytes @ 0xE0001000) -- CPU_ReadMem(4 bytes @ 0xE000ED88) -- CPU_WriteMem(4 bytes @ 0xE000ED88) -- CPU_ReadMem(4 bytes @ 0xE000ED88)
 -- CPU_WriteMem(4 bytes @ 0xE000ED88)CoreSight components:ROMTbl[0] @ E00FD000 -- CPU_ReadMem(16 bytes @ 0xE00FD000) -- CPU_ReadMem(16 bytes @ 0xE00FEFF0) -- CPU_ReadMem(16 bytes @ 0xE00FEFE0)ROMTbl[0][0]: E00FE000, CID: B105100D, PID: 000BB4C8 ROM TableROMTbl[1] @ E00FE000 -- CPU_ReadMem(16 bytes @ 0xE00FE000) -- CPU_ReadMem(16 bytes @ 0xE00FFFF0) -- CPU_ReadMem(16 bytes @ 0xE00FFFE0)ROMTbl[1][0]: E00FF000, CID: B105100D, PID: 000BB4C7 ROM TableROMTbl[2] @ E00FF000 -- CPU_ReadMem(16 bytes @ 0xE00FF000)
 -- CPU_ReadMem(16 bytes @ 0xE000EFF0) -- CPU_ReadMem(16 bytes @ 0xE000EFE0)ROMTbl[2][0]: E000E000, CID: B105E00D, PID: 000BB00C SCS -- CPU_WriteMem(4 bytes @ 0xE0001000) -- CPU_ReadMem(16 bytes @ 0xE0001FF0) -- CPU_ReadMem(16 bytes @ 0xE0001FE0)ROMTbl[2][1]: E0001000, CID: B105E00D, PID: 000BB002 DWT -- CPU_ReadMem(16 bytes @ 0xE0002FF0) -- CPU_ReadMem(16 bytes @ 0xE0002FE0)ROMTbl[2][2]: E0002000, CID: B105E00D, PID: 000BB00E FPB -- CPU_ReadMem(16 bytes @ 0xE0000FF0)
 -- CPU_ReadMem(16 bytes @ 0xE0000FE0)ROMTbl[2][3]: E0000000, CID: B105E00D, PID: 000BB001 ITM -- CPU_ReadMem(16 bytes @ 0xE00FF010) -- CPU_ReadMem(16 bytes @ 0xE0041FF0) -- CPU_ReadMem(16 bytes @ 0xE0041FE0)ROMTbl[1][1]: E0041000, CID: B105900D, PID: 001BB975 ETM-M7 -- CPU_ReadMem(16 bytes @ 0xE00FE010) -- CPU_ReadMem(16 bytes @ 0xE0040FF0) -- CPU_ReadMem(16 bytes @ 0xE0040FE0)ROMTbl[0][1]: E0040000, CID: B105900D, PID: 000BB9A9 TPIU-M7 -- CPU_ReadMem(16 bytes @ 0xE00FD010)
 -- CPU_ReadMem(4 bytes @ 0xE000ED78)Cache: Separate I- and D-cache. (0244ms, 2393ms total)
T049C 061:920  -- CPU_WriteMem(4 bytes @ 0xE000ED84) -- CPU_ReadMem(4 bytes @ 0xE000ED80)I-Cache L1: 16 KB, 256 Sets, 32 Bytes/Line, 2-Way -- CPU_WriteMem(4 bytes @ 0xE000ED84) -- CPU_ReadMem(4 bytes @ 0xE000ED80)D-Cache L1: 16 KB, 128 Sets, 32 Bytes/Line, 4-Way
                JLINK_Reset() -- CPU_WriteMem(4 bytes @ 0xE000EDF0) -- CPU_WriteMem(4 bytes @ 0xE000EDFC) >0x35 TIF> -- CPU_WriteMem(4 bytes @ 0xE000ED0C) >0x0D TIF> >0x28 TIF> -- CPU_ReadMem(4 bytes @ 0xE000EDF0) -- CPU_ReadMem(4 bytes @ 0xE000EDF0) -- CPU_WriteMem(4 bytes @ 0xE000EDF0) -- CPU_WriteMem(4 bytes @ 0xE000EDFC) -- CPU_ReadMem(4 bytes @ 0xE000EDF0) -- CPU_WriteMem(4 bytes @ 0xE0002000) -- CPU_ReadMem(4 bytes @ 0xE000EDFC) -- CPU_ReadMem(4 bytes @ 0xE0001000) (0193ms, 0193ms total)
                JLINK_Go() -- CPU_ReadMem(4 bytes @ 0xE0001000) -- CPU_WriteMem(4 bytes @ 0xE0001004) (0011ms, 0204ms total)
               (0467ms, 2616ms total)
T049C 062:389 JLINK_ExecCommand("ProjectFile = C:\Users\Daniel Gonzalez\Dropbox (UFL)\Spring2018\Senior_Design\SeniorDesignRepo\Atmel_Projects\Trancriber\GatorScribe\jlink.config", ...).   returns 0x00 (0026ms, 2642ms total)
T049C 062:424 JLINK_ExecCommand("Device = ATSAMV71Q21", ...).   returns 0x00 (0009ms, 2651ms total)
T049C 062:433 JLINK_TIF_Select(JLINKARM_TIF_SWD)  returns 0x00 (0000ms, 2651ms total)
T049C 062:433 JLINK_SetSpeed(4000) (0001ms, 2652ms total)
T049C 062:434 JLINK_ResetPullsRESET(OFF) (0000ms, 2652ms total)
T049C 062:434 JLINK_Connect() >0x10B TIF>Found SW-DP with ID 0x0BD11477 >0x0D TIF> >0x28 TIF> >0x0D TIF> >0x28 TIF> >0x0D TIF> >0x28 TIF> >0x0D TIF> >0x28 TIF> >0x0D TIF> >0x21 TIF> >0x0D TIF> >0x28 TIF>AP map detection skipped. User manually configured AP map.AP[0]: AHB-AP (IDR: Not set) >0x42 TIF> >0x28 TIF> >0x0D TIF> >0x21 TIF> >0x0D TIF> >0x21 TIF> >0x42 TIF> >0x28 TIF> >0x0D TIF> >0x28 TIF> >0x0D TIF> >0x28 TIF> >0x0D TIF> >0x21 TIF> >0x0D TIF> >0x21 TIF>AP[0]: Core found
AP[0]: AHB-AP ROM base: 0xE00FD000 >0x0D TIF> >0x28 TIF> >0x0D TIF> >0x28 TIF> >0x0D TIF> >0x28 TIF> >0x0D TIF> >0x21 TIF> >0x0D TIF> >0x21 TIF>CPUID register: 0x411FC271. Implementer code: 0x41 (ARM)Found Cortex-M7 r1p1, Little endian. -- CPU_ReadMem(4 bytes @ 0xE000EDF0) -- CPU_ReadMem(4 bytes @ 0xE0002000) -- CPU_ReadMem(4 bytes @ 0xE000EDFC) -- CPU_ReadMem(4 bytes @ 0xE0001000) -- CPU_WriteMem(4 bytes @ 0xE0001000) -- CPU_ReadMem(4 bytes @ 0xE000ED88) -- CPU_WriteMem(4 bytes @ 0xE000ED88)
 -- CPU_ReadMem(4 bytes @ 0xE000ED88) -- CPU_WriteMem(4 bytes @ 0xE000ED88)CoreSight components:ROMTbl[0] @ E00FD000 -- CPU_ReadMem(16 bytes @ 0xE00FD000) -- CPU_ReadMem(16 bytes @ 0xE00FEFF0) -- CPU_ReadMem(16 bytes @ 0xE00FEFE0)ROMTbl[0][0]: E00FE000, CID: B105100D, PID: 000BB4C8 ROM TableROMTbl[1] @ E00FE000 -- CPU_ReadMem(16 bytes @ 0xE00FE000) -- CPU_ReadMem(16 bytes @ 0xE00FFFF0) -- CPU_ReadMem(16 bytes @ 0xE00FFFE0)ROMTbl[1][0]: E00FF000, CID: B105100D, PID: 000BB4C7 ROM TableROMTbl[2] @ E00FF000
 -- CPU_ReadMem(16 bytes @ 0xE00FF000) -- CPU_ReadMem(16 bytes @ 0xE000EFF0) -- CPU_ReadMem(16 bytes @ 0xE000EFE0)ROMTbl[2][0]: E000E000, CID: B105E00D, PID: 000BB00C SCS -- CPU_ReadMem(16 bytes @ 0xE0001FF0) -- CPU_ReadMem(16 bytes @ 0xE0001FE0)ROMTbl[2][1]: E0001000, CID: B105E00D, PID: 000BB002 DWT -- CPU_ReadMem(16 bytes @ 0xE0002FF0) -- CPU_ReadMem(16 bytes @ 0xE0002FE0)ROMTbl[2][2]: E0002000, CID: B105E00D, PID: 000BB00E FPB -- CPU_ReadMem(16 bytes @ 0xE0000FF0)
 -- CPU_ReadMem(16 bytes @ 0xE0000FE0)ROMTbl[2][3]: E0000000, CID: B105E00D, PID: 000BB001 ITM -- CPU_ReadMem(16 bytes @ 0xE00FF010) -- CPU_ReadMem(16 bytes @ 0xE0041FF0) -- CPU_ReadMem(16 bytes @ 0xE0041FE0)ROMTbl[1][1]: E0041000, CID: B105900D, PID: 001BB975 ETM-M7 -- CPU_ReadMem(16 bytes @ 0xE00FE010) -- CPU_ReadMem(16 bytes @ 0xE0040FF0) -- CPU_ReadMem(16 bytes @ 0xE0040FE0)ROMTbl[0][1]: E0040000, CID: B105900D, PID: 000BB9A9 TPIU-M7 -- CPU_ReadMem(16 bytes @ 0xE00FD010)
 -- CPU_ReadMem(4 bytes @ 0xE000ED78)Cache: Separate I- and D-cache. (0198ms, 2850ms total)
T049C 062:434  -- CPU_WriteMem(4 bytes @ 0xE000ED84) -- CPU_ReadMem(4 bytes @ 0xE000ED80)I-Cache L1: 16 KB, 256 Sets, 32 Bytes/Line, 2-Way -- CPU_WriteMem(4 bytes @ 0xE000ED84) -- CPU_ReadMem(4 bytes @ 0xE000ED80)D-Cache L1: 16 KB, 128 Sets, 32 Bytes/Line, 4-Way  returns 0x00 (0209ms, 2861ms total)
T049C 062:643 JLINK_Halt()  returns 0x00 (0003ms, 2864ms total)
T049C 062:647 JLINK_WriteMem(0x400E0C04, 0x0004 Bytes, ...) - Data: 0B 01 00 5A -- CPU_WriteMem(4 bytes @ 0x400E0C04)  returns 0x04 (0001ms, 2865ms total)
T049C 062:648 JLINK_ReadMem (0x400E0C08, 0x0004 Bytes, ...) -- CPU_ReadMem(4 bytes @ 0x400E0C08) - Data: 01 00 00 00  returns 0x00 (0001ms, 2866ms total)
T049C 062:649 JLINK_SetResetType(JLINKARM_CM3_RESET_TYPE_NORMAL)  returns JLINKARM_CM3_RESET_TYPE_NORMAL (0000ms, 2866ms total)
T049C 062:649 JLINK_Reset() -- CPU_WriteMem(4 bytes @ 0xE000EDF0) -- CPU_WriteMem(4 bytes @ 0xE000EDFC) >0x35 TIF> -- CPU_WriteMem(4 bytes @ 0xE000ED0C) >0x0D TIF> >0x28 TIF> -- CPU_ReadMem(4 bytes @ 0xE000EDF0) -- CPU_ReadMem(4 bytes @ 0xE000EDF0) -- CPU_WriteMem(4 bytes @ 0xE000EDF0) -- CPU_WriteMem(4 bytes @ 0xE000EDFC) -- CPU_ReadMem(4 bytes @ 0xE000EDF0) -- CPU_WriteMem(4 bytes @ 0xE0002000) -- CPU_ReadMem(4 bytes @ 0xE000EDFC) -- CPU_ReadMem(4 bytes @ 0xE0001000) (0081ms, 2947ms total)
T049C 062:743 JLINK_JTAG_GetDeviceID(DeviceIndex = 0)  returns 0x00 (0000ms, 2947ms total)
T049C 062:743 JLINK_ReadMemU32(0x400E0940, 0x0001 Items, ...) -- CPU_ReadMem(4 bytes @ 0x400E0940) - Data: 01 0E 22 A1  returns 0x01 (0010ms, 2957ms total)
T049C 062:753 JLINK_ReadMemU32(0x400E0944, 0x0001 Items, ...) -- CPU_ReadMem(4 bytes @ 0x400E0944) - Data: 02 00 00 00  returns 0x01 (0005ms, 2962ms total)
T10E4 062:782 JLINK_IsHalted()  returns TRUE (0001ms, 2963ms total)
T10E4 062:783 JLINK_GetMOEs(...) -- CPU_ReadMem(4 bytes @ 0xE000ED30)  returns 0x01 (0027ms, 2989ms total)
T10E4 062:810 JLINK_ReadReg(R15 (PC))  returns 0xFFFFFFFE (0000ms, 2989ms total)
T049C 062:975 JLINK_BeginDownload(Flags = 0x00) (0000ms, 2989ms total)
T049C 062:975 JLINK_WriteMem(0x00400000, 0x4000 Bytes, ...) - Data: 18 D8 43 20 81 42 40 00 79 42 40 00 7D 42 40 00 ...  returns 0x4000 (0001ms, 2990ms total)
T049C 062:976 JLINK_WriteMem(0x00404000, 0x109A4 Bytes, ...) - Data: 01 4B 18 47 00 12 0E 40 11 3F 40 00 10 21 01 48 ...  returns 0x109A4 (0000ms, 2990ms total)
T049C 062:977 JLINK_WriteMem(0x004149A4, 0x0008 Bytes, ...) - Data: 44 4B FF 7F 01 00 00 00  returns 0x08 (0000ms, 2990ms total)
T049C 062:977 JLINK_WriteMem(0x004149AC, 0x0A00 Bytes, ...) - Data: BF F3 5F 8F 01 38 FB D1 70 47 00 00 30 2D 40 20 ...  returns 0xA00 (0000ms, 2990ms total)
T049C 062:991 JLINK_EndDownload() -- CPU_ReadMem(4 bytes @ 0xE000ED90) -- CPU_ReadMem(4 bytes @ 0xE000ED94) -- -------------------------------------- -- Start of determining dirty areas in flash cache -- End of determining dirty areas -- Start of preparing flash programming -- Calculating RAM usage -- RAM usage = 5884 Bytes -- Preserving CPU registers -- Preparing memory -- Preparing target -- Downloading RAMCode -- Checking target RAM -- Preparing RAMCode -- End of preparing flash programming
 -- CPU is running at 120000 kHz. -- Start of comparing flash -- CRC check was estimated as fastest method -- Comparing range 0x400000 - 0x403FFF (2 Sectors, 16 KB), using multi-block CRC calculation -- CRC does not match for sectors 0-1 -- Comparing range 0x404000 - 0x41FFFF (1 Sector, 112 KB), using multi-block CRC calculation -- CRC does not match for sector 0 -- End of comparing flash -- Start of erasing sectors -- End of erasing sectors -- Start of flash programming
 -- Programming range 0x00400000 - 0x00403FFF (002 Sectors, 16 KB) -- Programming range 0x00404000 - 0x0041FFFF (001 Sector, 112 KB) -- End of flash programming -- 0x400000 - 0x403FFF (002 Sectors, 16 KB) -- 0x404000 - 0x41FFFF (001 Sector, 112 KB) -- Start of verifying flash -- Checksum calculation was estimated as fastest method -- Checksum is not supported by this flash bank. Switched to CRC method. -- Checksum calculation was estimated as fastest method
 -- Checksum is not supported by this flash bank. Switched to CRC method. -- End of verifying flash -- Start of restoring -- Restoring RAMCode -- Restore target -- Restore memory -- Restoring CPU registers -- End of restoring -- Bank 0 @ 0x00400000: 2 ranges affected (131072 bytes) -- Total time needed: 0.654s (Prepare: 0.161s, Compare: 0.009s, Erase: 0.001s, Program: 0.466s, Verify: 0.004s, Restore: 0.011s)  returns 0x20000 (0687ms, 3677ms total)
T10E4 063:678 JLINK_IsHalted()  returns TRUE (0001ms, 3678ms total)
T10E4 063:908 JLINK_IsHalted()  returns TRUE (0000ms, 3678ms total)
T10E4 064:108 JLINK_IsHalted()  returns TRUE (0000ms, 3678ms total)
T044C 064:213 JLINK_Halt()  returns 0x00 (0002ms, 3680ms total)
T044C 064:215 JLINK_ReadReg(R15 (PC))  returns 0xFFFFFFFE (0000ms, 3680ms total)
T044C 064:215 JLINK_ReadReg(R13 (SP))  returns 0xFFFFFFFC (0000ms, 3680ms total)
T044C 064:233 JLINK_ReadMem (0x00000000, 0x0002 Bytes, ...) -- CPU_ReadMem(2 bytes @ 0x00000000) - Data: 18 D8  returns 0x00 (0001ms, 3681ms total)
T10E4 064:363 JLINK_IsHalted()  returns TRUE (0000ms, 3681ms total)
T10E4 064:610 JLINK_IsHalted()  returns TRUE (0000ms, 3681ms total)
T10E4 064:863 JLINK_IsHalted()  returns TRUE (0018ms, 3699ms total)
T10E4 065:111 JLINK_IsHalted()  returns TRUE (0000ms, 3681ms total)
T10E4 065:335 JLINK_IsHalted()  returns TRUE (0000ms, 3681ms total)
T044C 065:406 JLINK_ReadReg(R0)  returns 0x00000000 (0004ms, 3685ms total)
T044C 065:410 JLINK_ReadReg(R1)  returns 0x00000000 (0000ms, 3685ms total)
T044C 065:410 JLINK_ReadReg(R2)  returns 0x00000000 (0000ms, 3685ms total)
T044C 065:410 JLINK_ReadReg(R3)  returns 0x00000000 (0000ms, 3685ms total)
T044C 065:410 JLINK_ReadReg(R4)  returns 0x00000000 (0001ms, 3686ms total)
T044C 065:411 JLINK_ReadReg(R5)  returns 0x00000000 (0000ms, 3686ms total)
T044C 065:411 JLINK_ReadReg(R6)  returns 0x00000000 (0000ms, 3686ms total)
T044C 065:411 JLINK_ReadReg(R7)  returns 0x00000000 (0000ms, 3686ms total)
T044C 065:411 JLINK_ReadReg(R8)  returns 0x00000000 (0000ms, 3686ms total)
T044C 065:411 JLINK_ReadReg(R9)  returns 0x00000000 (0000ms, 3686ms total)
T044C 065:411 JLINK_ReadReg(R10)  returns 0x00000000 (0000ms, 3686ms total)
T044C 065:411 JLINK_ReadReg(R11)  returns 0x00000000 (0000ms, 3686ms total)
T044C 065:411 JLINK_ReadReg(R12)  returns 0x00000000 (0000ms, 3686ms total)
T044C 065:411 JLINK_ReadReg(R13 (SP))  returns 0xFFFFFFFC (0000ms, 3686ms total)
T044C 065:411 JLINK_ReadReg(R14)  returns 0xFFFFFFFF (0000ms, 3686ms total)
T044C 065:411 JLINK_ReadReg(R15 (PC))  returns 0xFFFFFFFE (0000ms, 3686ms total)
T044C 065:411 JLINK_ReadReg(XPSR)  returns 0x01000000 (0000ms, 3686ms total)
T044C 065:411 JLINK_ReadReg(MSP)  returns 0xFFFFFFFC (0000ms, 3686ms total)
T044C 065:411 JLINK_ReadReg(PSP)  returns 0x00000000 (0000ms, 3686ms total)
T044C 065:411 JLINK_ReadReg(PRIMASK)  returns 0x00000000 (0000ms, 3686ms total)
T044C 065:411 JLINK_ReadReg(BASEPRI)  returns 0x00000000 (0000ms, 3686ms total)
T044C 065:411 JLINK_ReadReg(FAULTMASK)  returns 0x00000000 (0000ms, 3686ms total)
T044C 065:411 JLINK_ReadReg(CONTROL)  returns 0x00000000 (0000ms, 3686ms total)
T044C 065:411 JLINK_ReadReg(FPSCR)  returns 0x00000000 (0004ms, 3690ms total)
T044C 065:415 JLINK_ReadReg(FPS0)  returns 0x00000000 (0000ms, 3690ms total)
T044C 065:416 JLINK_ReadReg(FPS1)  returns 0x00000000 (0000ms, 3690ms total)
T044C 065:416 JLINK_ReadReg(FPS2)  returns 0x00000000 (0000ms, 3690ms total)
T044C 065:416 JLINK_ReadReg(FPS3)  returns 0x00000000 (0000ms, 3690ms total)
T044C 065:416 JLINK_ReadReg(FPS4)  returns 0x00000000 (0000ms, 3690ms total)
T044C 065:416 JLINK_ReadReg(FPS5)  returns 0x00000000 (0000ms, 3690ms total)
T044C 065:416 JLINK_ReadReg(FPS6)  returns 0x00000000 (0000ms, 3690ms total)
T044C 065:416 JLINK_ReadReg(FPS7)  returns 0x00000000 (0000ms, 3690ms total)
T044C 065:416 JLINK_ReadReg(FPS8)  returns 0x00000000 (0000ms, 3690ms total)
T044C 065:416 JLINK_ReadReg(FPS9)  returns 0x00000000 (0000ms, 3690ms total)
T044C 065:416 JLINK_ReadReg(FPS10)  returns 0x00000000 (0000ms, 3690ms total)
T044C 065:416 JLINK_ReadReg(FPS11)  returns 0x00000000 (0000ms, 3690ms total)
T044C 065:416 JLINK_ReadReg(FPS12)  returns 0x00000000 (0000ms, 3690ms total)
T044C 065:416 JLINK_ReadReg(FPS13)  returns 0x00000000 (0000ms, 3690ms total)
T044C 065:416 JLINK_ReadReg(FPS14)  returns 0x00000000 (0000ms, 3690ms total)
T044C 065:416 JLINK_ReadReg(FPS15)  returns 0xFFFFFFFF (0000ms, 3690ms total)
T044C 065:416 JLINK_ReadReg(FPS16)  returns 0x00000000 (0000ms, 3690ms total)
T044C 065:416 JLINK_ReadReg(FPS17)  returns 0x00000000 (0000ms, 3690ms total)
T044C 065:416 JLINK_ReadReg(FPS18)  returns 0x00000000 (0000ms, 3690ms total)
T044C 065:416 JLINK_ReadReg(FPS19)  returns 0x00000000 (0000ms, 3690ms total)
T044C 065:416 JLINK_ReadReg(FPS20)  returns 0x00000000 (0000ms, 3690ms total)
T044C 065:416 JLINK_ReadReg(FPS21)  returns 0x00000000 (0000ms, 3690ms total)
T044C 065:416 JLINK_ReadReg(FPS22)  returns 0x00000000 (0000ms, 3690ms total)
T044C 065:416 JLINK_ReadReg(FPS23)  returns 0x00000000 (0000ms, 3690ms total)
T044C 065:416 JLINK_ReadReg(FPS24)  returns 0x00000000 (0000ms, 3690ms total)
T044C 065:416 JLINK_ReadReg(FPS25)  returns 0x00000000 (0000ms, 3690ms total)
T044C 065:416 JLINK_ReadReg(FPS26)  returns 0x00000000 (0000ms, 3690ms total)
T044C 065:416 JLINK_ReadReg(FPS27)  returns 0x00000000 (0000ms, 3690ms total)
T044C 065:416 JLINK_ReadReg(FPS28)  returns 0x00000000 (0000ms, 3690ms total)
T044C 065:416 JLINK_ReadReg(FPS29)  returns 0x00000000 (0001ms, 3691ms total)
T044C 065:417 JLINK_ReadReg(FPS30)  returns 0x00000000 (0000ms, 3691ms total)
T044C 065:417 JLINK_ReadReg(FPS31)  returns 0xFFFFFFFF (0000ms, 3691ms total)
T044C 065:418 JLINK_ReadMem (0x00000000, 0x0002 Bytes, ...) -- CPU_ReadMem(2 bytes @ 0x00000000) - Data: 18 D8  returns 0x00 (0000ms, 3691ms total)
T044C 065:477 JLINK_SetResetType(JLINKARM_CM3_RESET_TYPE_NORMAL)  returns JLINKARM_CM3_RESET_TYPE_NORMAL (0000ms, 3691ms total)
T044C 065:477 JLINK_Reset() -- CPU_WriteMem(4 bytes @ 0xE000EDF0) -- CPU_WriteMem(4 bytes @ 0xE000EDFC) >0x35 TIF> -- CPU_WriteMem(4 bytes @ 0xE000ED0C) >0x0D TIF> >0x28 TIF> -- CPU_ReadMem(4 bytes @ 0xE000EDF0) -- CPU_ReadMem(4 bytes @ 0xE000EDF0) -- CPU_WriteMem(4 bytes @ 0xE000EDF0) -- CPU_WriteMem(4 bytes @ 0xE000EDFC) -- CPU_ReadMem(4 bytes @ 0xE000EDF0) -- CPU_WriteMem(4 bytes @ 0xE0002000) -- CPU_ReadMem(4 bytes @ 0xE000EDFC) -- CPU_ReadMem(4 bytes @ 0xE0001000) (0091ms, 3782ms total)
T10E4 065:568 JLINK_IsHalted()  returns TRUE (0000ms, 3782ms total)
T10E4 065:568 JLINK_GetMOEs(...) -- CPU_ReadMem(4 bytes @ 0xE000ED30)  returns 0x01 (0000ms, 3782ms total)
T10E4 065:569 JLINK_ReadReg(R15 (PC))  returns 0x00404280 (0000ms, 3782ms total)
T044C 065:578 JLINK_ReadReg(R15 (PC))  returns 0x00404280 (0000ms, 3782ms total)
T044C 065:579 JLINK_ReadReg(R13 (SP))  returns 0x2043D818 (0000ms, 3783ms total)
T044C 065:630 JLINK_ReadMemHW(0x00404280, 0x0004 Bytes, ...) -- CPU_ReadMem(4 bytes @ 0x00404280) - Data: 24 49 25 4A  returns 0x00 (0002ms, 3785ms total)
T044C 065:725 JLINK_ReadMemHW(0x00404770, 0x0001 Bytes, ...) -- CPU_ReadMem(1 bytes @ 0x00404770) - Data: 2D  returns 0x00 (0001ms, 3786ms total)
T10E4 065:793 JLINK_IsHalted()  returns TRUE (0000ms, 3786ms total)
T044C 065:825 JLINK_ReadReg(R15 (PC))  returns 0x00404280 (0000ms, 3786ms total)
T044C 065:826 JLINK_GetNumBPUnits(Type = 0xFFFFFF02)  returns 0x08 (0000ms, 3786ms total)
T044C 065:826 JLINK_SetBPEx(Addr = 0x00404770, Type = 0xFFFFFFF2)  returns 0x00000001 (0000ms, 3786ms total)
T044C 065:826 JLINK_GetBPInfo(BPHandle = 1)  returns 0x00 (0000ms, 3786ms total)
T044C 065:827 JLINK_Go() -- CPU_WriteMem(4 bytes @ 0xE0002000) -- CPU_ReadMem(4 bytes @ 0xE0001000) -- CPU_WriteMem(4 bytes @ 0xE000ED30) -- CPU_WriteMem(4 bytes @ 0xE0002008) -- CPU_WriteMem(4 bytes @ 0xE000200C) -- CPU_WriteMem(4 bytes @ 0xE0002010) -- CPU_WriteMem(4 bytes @ 0xE0002014) -- CPU_WriteMem(4 bytes @ 0xE0002018) -- CPU_WriteMem(4 bytes @ 0xE000201C) -- CPU_WriteMem(4 bytes @ 0xE0002020) -- CPU_WriteMem(4 bytes @ 0xE0002024) -- CPU_WriteMem(4 bytes @ 0xE0001004) (0006ms, 3792ms total)
T10E4 065:833 JLINK_IsHalted()  returns FALSE (0000ms, 3792ms total)
T10E4 065:854 JLINK_IsHalted()  returns TRUE (0003ms, 3795ms total)
T10E4 065:857 JLINK_GetMOEs(...) -- CPU_ReadMem(4 bytes @ 0xE000ED30)  returns 0x01 (0001ms, 3793ms total)
T10E4 065:858 JLINK_ReadReg(R15 (PC))  returns 0x00404770 (0000ms, 3793ms total)
T044C 065:864 JLINK_ReadReg(R15 (PC))  returns 0x00404770 (0000ms, 3793ms total)
T044C 065:864 JLINK_ReadReg(R13 (SP))  returns 0x2043D808 (0000ms, 3793ms total)
T044C 065:912 JLINK_ReadMemHW(0x00404770, 0x0004 Bytes, ...) -- CPU_ReadMem(4 bytes @ 0x00404770) - Data: 2D E9 80 48  returns 0x00 (0003ms, 3796ms total)
T044C 066:066 JLINK_WriteU32(0xE000EDFC, 0x01000000) -- CPU_WriteMem(4 bytes @ 0xE000EDFC)  returns 0x00 (0003ms, 3799ms total)
T044C 066:069 JLINK_ReadMem (0xE0001000, 0x0004 Bytes, ...) -- CPU_ReadMem(4 bytes @ 0xE0001000) - Data: 01 00 00 40  returns 0x00 (0002ms, 3801ms total)
T044C 066:071 JLINK_WriteU32(0xE0001000, 0x40000001)  returns 0x00 (0000ms, 3801ms total)
T044C 066:071 JLINK_WriteU32(0xE0001028, 0x00000100)  returns 0x00 (0000ms, 3801ms total)
T044C 066:071 JLINK_ReadMem (0xE0001028, 0x0004 Bytes, ...) -- CPU_WriteMem(4 bytes @ 0xE0001028) -- CPU_ReadMem(4 bytes @ 0xE0001028) - Data: 00 00 00 00  returns 0x00 (0001ms, 3802ms total)
T044C 066:072 JLINK_WriteU32(0xE0001024, 0x0000001F)  returns 0x00 (0000ms, 3802ms total)
T044C 066:072 JLINK_ReadMem (0xE0001024, 0x0004 Bytes, ...) -- CPU_WriteMem(4 bytes @ 0xE0001024) -- CPU_ReadMem(4 bytes @ 0xE0001024) - Data: 1F 00 00 00  returns 0x00 (0003ms, 3805ms total)
T044C 066:075 JLINK_WriteU32(0xE0001038, 0x00000100)  returns 0x00 (0000ms, 3805ms total)
T044C 066:075 JLINK_ReadMem (0xE0001038, 0x0004 Bytes, ...) -- CPU_WriteMem(4 bytes @ 0xE0001038) -- CPU_ReadMem(4 bytes @ 0xE0001038) - Data: 00 03 00 00  returns 0x00 (0001ms, 3806ms total)
T044C 066:076 JLINK_WriteU32(0xE0001034, 0x0000001F)  returns 0x00 (0000ms, 3806ms total)
T044C 066:076 JLINK_ReadMem (0xE0001034, 0x0004 Bytes, ...) -- CPU_WriteMem(4 bytes @ 0xE0001034) -- CPU_ReadMem(4 bytes @ 0xE0001034) - Data: 1F 00 00 00  returns 0x00 (0002ms, 3808ms total)
T044C 066:078 JLINK_WriteU32(0xE0001048, 0x00000100)  returns 0x00 (0000ms, 3808ms total)
T044C 066:078 JLINK_ReadMem (0xE0001048, 0x0004 Bytes, ...) -- CPU_WriteMem(4 bytes @ 0xE0001048) -- CPU_ReadMem(4 bytes @ 0xE0001048) - Data: 00 00 00 00  returns 0x00 (0001ms, 3809ms total)
T044C 066:079 JLINK_WriteU32(0xE0001044, 0x0000001F)  returns 0x00 (0001ms, 3810ms total)
T044C 066:080 JLINK_ReadMem (0xE0001044, 0x0004 Bytes, ...) -- CPU_WriteMem(4 bytes @ 0xE0001044) -- CPU_ReadMem(4 bytes @ 0xE0001044) - Data: 1F 00 00 00  returns 0x00 (0002ms, 3812ms total)
T044C 066:082 JLINK_WriteU32(0xE0001058, 0x00000100)  returns 0x00 (0000ms, 3812ms total)
T044C 066:082 JLINK_ReadMem (0xE0001058, 0x0004 Bytes, ...) -- CPU_WriteMem(4 bytes @ 0xE0001058) -- CPU_ReadMem(4 bytes @ 0xE0001058) - Data: 00 00 00 00  returns 0x00 (0002ms, 3814ms total)
T044C 066:084 JLINK_WriteU32(0xE0001054, 0x0000001F)  returns 0x00 (0000ms, 3814ms total)
T044C 066:084 JLINK_ReadMem (0xE0001054, 0x0004 Bytes, ...) -- CPU_WriteMem(4 bytes @ 0xE0001054) -- CPU_ReadMem(4 bytes @ 0xE0001054) - Data: 1F 00 00 00  returns 0x00 (0001ms, 3815ms total)
T044C 066:085 JLINK_WriteU32(0xE0001020, 0x00000000)  returns 0x00 (0000ms, 3815ms total)
T044C 066:085 JLINK_WriteU32(0xE0001024, 0x00000000)  returns 0x00 (0000ms, 3815ms total)
T044C 066:085 JLINK_WriteU32(0xE0001028, 0x00000000)  returns 0x00 (0000ms, 3815ms total)
T044C 066:085 JLINK_WriteU32(0xE0001030, 0x00000000)  returns 0x00 (0000ms, 3815ms total)
T044C 066:085 JLINK_WriteU32(0xE0001034, 0x00000000)  returns 0x00 (0000ms, 3815ms total)
T044C 066:085 JLINK_WriteU32(0xE0001038, 0x00000000)  returns 0x00 (0000ms, 3815ms total)
T044C 066:085 JLINK_WriteU32(0xE0001040, 0x00000000)  returns 0x00 (0000ms, 3815ms total)
T044C 066:086 JLINK_WriteU32(0xE0001044, 0x00000000)  returns 0x00 (0000ms, 3816ms total)
T044C 066:086 JLINK_WriteU32(0xE0001048, 0x00000000)  returns 0x00 (0000ms, 3816ms total)
T044C 066:086 JLINK_WriteU32(0xE0001050, 0x00000000)  returns 0x00 (0000ms, 3816ms total)
T044C 066:086 JLINK_WriteU32(0xE0001054, 0x00000000)  returns 0x00 (0000ms, 3816ms total)
T044C 066:086 JLINK_WriteU32(0xE0001058, 0x00000000)  returns 0x00 (0000ms, 3816ms total)
T044C 066:086 JLINK_GetBPInfo(BPHandle = 1)  returns 0x00 (0000ms, 3816ms total)
T044C 066:086 JLINK_ClrBPEx(BPHandle = 0x00000001)  returns 0x00 (0000ms, 3816ms total)
T044C 066:086 JLINK_ReadReg(R15 (PC))  returns 0x00404770 (0001ms, 3817ms total)
T044C 066:088 JLINK_Go() -- CPU_WriteMem(4 bytes @ 0xE0001000) -- CPU_ReadMem(4 bytes @ 0xE0001000) -- CPU_WriteMem(4 bytes @ 0xE000ED30) -- CPU_WriteMem(4 bytes @ 0xE0001020) -- CPU_WriteMem(4 bytes @ 0xE0001030) -- CPU_WriteMem(4 bytes @ 0xE0001040) -- CPU_WriteMem(4 bytes @ 0xE0001050) -- CPU_WriteMem(4 bytes @ 0xE0001024) -- CPU_WriteMem(4 bytes @ 0xE0001034) -- CPU_WriteMem(4 bytes @ 0xE0001044) -- CPU_WriteMem(4 bytes @ 0xE0001054) -- CPU_WriteMem(4 bytes @ 0xE0001028)
 -- CPU_WriteMem(4 bytes @ 0xE0001038) -- CPU_WriteMem(4 bytes @ 0xE0001048) -- CPU_WriteMem(4 bytes @ 0xE0001058) -- CPU_WriteMem(4 bytes @ 0xE0002008) (0007ms, 3824ms total)
T10E4 066:095 JLINK_IsHalted()  returns FALSE (0000ms, 3824ms total)
T10E4 066:138 JLINK_IsHalted()  returns FALSE (0008ms, 3832ms total)
T10E4 066:355 JLINK_IsHalted()  returns FALSE (0011ms, 3835ms total)
T10E4 066:568 JLINK_IsHalted()  returns FALSE (0014ms, 3838ms total)
T10E4 066:796 JLINK_IsHalted()  returns FALSE (0046ms, 3870ms total)
T044C 066:846 JLINK_Halt()  returns 0x00 (0003ms, 3827ms total)
T10E4 067:129 JLINK_IsHalted()  returns TRUE (0000ms, 3827ms total)
T10E4 067:129 JLINK_GetMOEs(...) -- CPU_ReadMem(4 bytes @ 0xE000ED30)  returns 0x01 (0048ms, 3875ms total)
T10E4 067:177 JLINK_ReadReg(R15 (PC))  returns 0x004048BE (0000ms, 3875ms total)
T049C 067:196 JLINK_ResetPullsRESET(ON) (0000ms, 3875ms total)
T049C 067:196 JLINK_ResetNoHalt() >0x10B TIF>Found SW-DP with ID 0x0BD11477 >0x0D TIF> >0x28 TIF> >0x0D TIF> >0x28 TIF> >0x0D TIF> >0x28 TIF> >0x0D TIF> >0x28 TIF> >0x0D TIF> >0x21 TIF> >0x0D TIF> >0x28 TIF>AP map detection skipped. User manually configured AP map.AP[0]: AHB-AP (IDR: Not set) >0x42 TIF> >0x28 TIF> >0x0D TIF> >0x21 TIF> >0x0D TIF> >0x21 TIF> >0x42 TIF> >0x28 TIF> >0x0D TIF> >0x28 TIF> >0x0D TIF> >0x28 TIF> >0x0D TIF> >0x21 TIF> >0x0D TIF> >0x21 TIF>AP[0]: Core found
AP[0]: AHB-AP ROM base: 0xE00FD000 >0x0D TIF> >0x28 TIF> >0x0D TIF> >0x28 TIF> >0x0D TIF> >0x28 TIF> >0x0D TIF> >0x21 TIF> >0x0D TIF> >0x21 TIF>CPUID register: 0x411FC271. Implementer code: 0x41 (ARM)Found Cortex-M7 r1p1, Little endian. -- CPU_ReadMem(4 bytes @ 0xE000EDF0) -- CPU_ReadMem(4 bytes @ 0xE0002000) -- CPU_ReadMem(4 bytes @ 0xE0001000) -- CPU_ReadMem(4 bytes @ 0xE000ED88) -- CPU_WriteMem(4 bytes @ 0xE000ED88) -- CPU_ReadMem(4 bytes @ 0xE000ED88) -- CPU_WriteMem(4 bytes @ 0xE000ED88)
CoreSight components:ROMTbl[0] @ E00FD000 -- CPU_ReadMem(16 bytes @ 0xE00FD000) -- CPU_ReadMem(16 bytes @ 0xE00FEFF0) -- CPU_ReadMem(16 bytes @ 0xE00FEFE0)ROMTbl[0][0]: E00FE000, CID: B105100D, PID: 000BB4C8 ROM TableROMTbl[1] @ E00FE000 -- CPU_ReadMem(16 bytes @ 0xE00FE000) -- CPU_ReadMem(16 bytes @ 0xE00FFFF0) -- CPU_ReadMem(16 bytes @ 0xE00FFFE0)ROMTbl[1][0]: E00FF000, CID: B105100D, PID: 000BB4C7 ROM TableROMTbl[2] @ E00FF000 -- CPU_ReadMem(16 bytes @ 0xE00FF000) -- CPU_ReadMem(16 bytes @ 0xE000EFF0)
 -- CPU_ReadMem(16 bytes @ 0xE000EFE0)ROMTbl[2][0]: E000E000, CID: B105E00D, PID: 000BB00C SCS -- CPU_WriteMem(4 bytes @ 0xE0001000) -- CPU_ReadMem(16 bytes @ 0xE0001FF0) -- CPU_ReadMem(16 bytes @ 0xE0001FE0)ROMTbl[2][1]: E0001000, CID: B105E00D, PID: 000BB002 DWT -- CPU_ReadMem(16 bytes @ 0xE0002FF0) -- CPU_ReadMem(16 bytes @ 0xE0002FE0)ROMTbl[2][2]: E0002000, CID: B105E00D, PID: 000BB00E FPB -- CPU_ReadMem(16 bytes @ 0xE0000FF0) -- CPU_ReadMem(16 bytes @ 0xE0000FE0)
ROMTbl[2][3]: E0000000, CID: B105E00D, PID: 000BB001 ITM -- CPU_ReadMem(16 bytes @ 0xE00FF010) -- CPU_ReadMem(16 bytes @ 0xE0041FF0) -- CPU_ReadMem(16 bytes @ 0xE0041FE0)ROMTbl[1][1]: E0041000, CID: B105900D, PID: 001BB975 ETM-M7 -- CPU_ReadMem(16 bytes @ 0xE00FE010) -- CPU_ReadMem(16 bytes @ 0xE0040FF0) -- CPU_ReadMem(16 bytes @ 0xE0040FE0)ROMTbl[0][1]: E0040000, CID: B105900D, PID: 000BB9A9 TPIU-M7 -- CPU_ReadMem(16 bytes @ 0xE00FD010) -- CPU_ReadMem(4 bytes @ 0xE000ED78)Cache: Separate I- and D-cache.
 (2383ms, 6258ms total)
T049C 067:196  -- CPU_WriteMem(4 bytes @ 0xE000ED84) -- CPU_ReadMem(4 bytes @ 0xE000ED80)I-Cache L1: 16 KB, 256 Sets, 32 Bytes/Line, 2-Way -- CPU_WriteMem(4 bytes @ 0xE000ED84) -- CPU_ReadMem(4 bytes @ 0xE000ED80)D-Cache L1: 16 KB, 128 Sets, 32 Bytes/Line, 4-Way
                JLINK_Reset() -- CPU_WriteMem(4 bytes @ 0xE000EDF0) -- CPU_WriteMem(4 bytes @ 0xE000EDFC) >0x35 TIF> -- CPU_WriteMem(4 bytes @ 0xE000ED0C) >0x0D TIF> >0x28 TIF> -- CPU_ReadMem(4 bytes @ 0xE000EDF0) -- CPU_ReadMem(4 bytes @ 0xE000EDF0) -- CPU_WriteMem(4 bytes @ 0xE000EDF0) -- CPU_WriteMem(4 bytes @ 0xE000EDFC) -- CPU_ReadMem(4 bytes @ 0xE000EDF0) -- CPU_WriteMem(4 bytes @ 0xE0002000) -- CPU_ReadMem(4 bytes @ 0xE000EDFC) -- CPU_ReadMem(4 bytes @ 0xE0001000) (0244ms, 0244ms total)
                JLINK_Go() -- CPU_ReadMem(4 bytes @ 0xE0001000) -- CPU_WriteMem(4 bytes @ 0xE0002008) -- CPU_WriteMem(4 bytes @ 0xE000200C) -- CPU_WriteMem(4 bytes @ 0xE0002010) -- CPU_WriteMem(4 bytes @ 0xE0002014) -- CPU_WriteMem(4 bytes @ 0xE0002018) -- CPU_WriteMem(4 bytes @ 0xE000201C) -- CPU_WriteMem(4 bytes @ 0xE0002020) -- CPU_WriteMem(4 bytes @ 0xE0002024) -- CPU_WriteMem(4 bytes @ 0xE0001004) (0015ms, 0259ms total)
               (2665ms, 6540ms total)
