
T1978 391:496 SEGGER J-Link V6.18a Log File (0026ms, 0202ms total)
T1978 391:496 DLL Compiled: Aug 11 2017 17:53:19 (0026ms, 0202ms total)
T1978 391:496 Logging started @ 2017-12-23 20:18 (0027ms, 0203ms total)
T1978 391:527 JLINK_ExecCommand("Device = ATSAMV71Q21", ...).   returns 0x00 (0002ms, 0205ms total)
T1978 391:553 JLINK_ExecCommand("ProjectFile = C:\Users\Daniel Gonzalez\Dropbox (UFL)\Spring2018\Senior_Design\SeniorDesignRepo\Atmel_Projects\GFX_EXAMPLE12\GFX_EXAMPLE12\jlink.config", ...).   returns 0x00 (0005ms, 0210ms total)
T1978 391:565 JLINK_ExecCommand("Device = ATSAMV71Q21", ...).   returns 0x00 (0002ms, 0212ms total)
T1978 391:567 JLINK_TIF_Select(JLINKARM_TIF_SWD)  returns 0x00 (0003ms, 0215ms total)
T1978 391:570 JLINK_SetSpeed(4000) (0000ms, 0215ms total)
T1978 391:570 JLINK_ResetPullsRESET(OFF) (0000ms, 0215ms total)
T1978 391:570 JLINK_Connect() >0x10B TIF>Found SW-DP with ID 0x0BD11477 >0x0D TIF> >0x28 TIF> >0x0D TIF> >0x28 TIF> >0x0D TIF> >0x28 TIF> >0x0D TIF> >0x28 TIF> >0x0D TIF> >0x21 TIF> >0x0D TIF> >0x28 TIF>Scanning AP map to find all available APs >0x0D TIF> >0x28 TIF> >0x0D TIF> >0x21 TIF> >0x0D TIF> >0x21 TIF> >0x0D TIF> >0x28 TIF> >0x0D TIF> >0x21 TIF> >0x0D TIF> >0x21 TIF>AP[1]: Stopped AP scan as end of AP map has been reachedAP[0]: AHB-AP (IDR: 0x04770041)Iterating through AP map to find AHB-AP to use
 >0x42 TIF> >0x28 TIF> >0x0D TIF> >0x21 TIF> >0x0D TIF> >0x21 TIF> >0x42 TIF> >0x28 TIF> >0x0D TIF> >0x28 TIF> >0x0D TIF> >0x28 TIF> >0x0D TIF> >0x21 TIF> >0x0D TIF> >0x21 TIF>AP[0]: Core foundAP[0]: AHB-AP ROM base: 0xE00FD000 >0x0D TIF> >0x28 TIF> >0x0D TIF> >0x28 TIF> >0x0D TIF> >0x28 TIF> >0x0D TIF> >0x21 TIF> >0x0D TIF> >0x21 TIF>CPUID register: 0x411FC271. Implementer code: 0x41 (ARM)Found Cortex-M7 r1p1, Little endian. -- CPU_ReadMem(4 bytes @ 0xE000EDF0) -- CPU_ReadMem(4 bytes @ 0xE0002000)
 -- CPU_ReadMem(4 bytes @ 0xE000EDFC) -- CPU_ReadMem(4 bytes @ 0xE0001000) -- CPU_WriteMem(4 bytes @ 0xE0001000) -- CPU_ReadMem(4 bytes @ 0xE000ED88) -- CPU_WriteMem(4 bytes @ 0xE000ED88) -- CPU_ReadMem(4 bytes @ 0xE000ED88) -- CPU_WriteMem(4 bytes @ 0xE000ED88)CoreSight components:ROMTbl[0] @ E00FD000 -- CPU_ReadMem(16 bytes @ 0xE00FD000) -- CPU_ReadMem(16 bytes @ 0xE00FEFF0) -- CPU_ReadMem(16 bytes @ 0xE00FEFE0)ROMTbl[0][0]: E00FE000, CID: B105100D, PID: 000BB4C8 ROM TableROMTbl[1] @ E00FE000
 -- CPU_ReadMem(16 bytes @ 0xE00FE000) -- CPU_ReadMem(16 bytes @ 0xE00FFFF0) -- CPU_ReadMem(16 bytes @ 0xE00FFFE0)ROMTbl[1][0]: E00FF000, CID: B105100D, PID: 000BB4C7 ROM TableROMTbl[2] @ E00FF000 -- CPU_ReadMem(16 bytes @ 0xE00FF000) -- CPU_ReadMem(16 bytes @ 0xE000EFF0) -- CPU_ReadMem(16 bytes @ 0xE000EFE0)ROMTbl[2][0]: E000E000, CID: B105E00D, PID: 000BB00C SCS -- CPU_ReadMem(16 bytes @ 0xE0001FF0) -- CPU_ReadMem(16 bytes @ 0xE0001FE0)ROMTbl[2][1]: E0001000, CID: B105E00D, PID: 000BB002 DWT
 -- CPU_ReadMem(16 bytes @ 0xE0002FF0) -- CPU_ReadMem(16 bytes @ 0xE0002FE0)ROMTbl[2][2]: E0002000, CID: B105E00D, PID: 000BB00E FPB -- CPU_ReadMem(16 bytes @ 0xE0000FF0) -- CPU_ReadMem(16 bytes @ 0xE0000FE0)ROMTbl[2][3]: E0000000, CID: B105E00D, PID: 000BB001 ITM -- CPU_ReadMem(16 bytes @ 0xE00FF010) -- CPU_ReadMem(16 bytes @ 0xE0041FF0) -- CPU_ReadMem(16 bytes @ 0xE0041FE0)ROMTbl[1][1]: E0041000, CID: B105900D, PID: 001BB975 ETM-M7 -- CPU_ReadMem(16 bytes @ 0xE00FE010)
 -- CPU_ReadMem(16 bytes @ 0xE0040FF0) -- CPU_ReadMem(16 bytes @ 0xE0040FE0)ROMTbl[0][1]: E0040000, CID: B105900D, PID: 000BB9A9 TPIU-M7 -- CPU_ReadMem(16 bytes @ 0xE00FD010) -- CPU_ReadMem(4 bytes @ 0xE000ED78)Cache: Separate I- and D-cache. (0149ms, 0364ms total)
T1978 391:570  -- CPU_WriteMem(4 bytes @ 0xE000ED84) -- CPU_ReadMem(4 bytes @ 0xE000ED80)I-Cache L1: 16 KB, 256 Sets, 32 Bytes/Line, 2-Way -- CPU_WriteMem(4 bytes @ 0xE000ED84) -- CPU_ReadMem(4 bytes @ 0xE000ED80)D-Cache L1: 16 KB, 128 Sets, 32 Bytes/Line, 4-Way  returns 0x00 (0151ms, 0366ms total)
T1978 391:721 JLINK_Halt()  returns 0x00 (0003ms, 0369ms total)
T1978 391:724 JLINK_WriteMem(0x400E0C04, 0x0004 Bytes, ...) - Data: 0B 01 00 5A -- CPU_WriteMem(4 bytes @ 0x400E0C04)  returns 0x04 (0001ms, 0370ms total)
T1978 391:725 JLINK_ReadMem (0x400E0C08, 0x0004 Bytes, ...) -- CPU_ReadMem(4 bytes @ 0x400E0C08) - Data: 01 00 00 00  returns 0x00 (0001ms, 0371ms total)
T1978 391:726 JLINK_SetResetType(JLINKARM_CM3_RESET_TYPE_NORMAL)  returns JLINKARM_CM3_RESET_TYPE_NORMAL (0000ms, 0371ms total)
T1978 391:726 JLINK_Reset() -- CPU_WriteMem(4 bytes @ 0xE000EDF0) -- CPU_WriteMem(4 bytes @ 0xE000EDFC) >0x35 TIF> -- CPU_WriteMem(4 bytes @ 0xE000ED0C) >0x0D TIF> >0x28 TIF> -- CPU_ReadMem(4 bytes @ 0xE000EDF0) -- CPU_ReadMem(4 bytes @ 0xE000EDF0) -- CPU_WriteMem(4 bytes @ 0xE000EDF0) -- CPU_WriteMem(4 bytes @ 0xE000EDFC) -- CPU_ReadMem(4 bytes @ 0xE000EDF0) -- CPU_WriteMem(4 bytes @ 0xE0002000) -- CPU_ReadMem(4 bytes @ 0xE000EDFC) -- CPU_ReadMem(4 bytes @ 0xE0001000) (0071ms, 0442ms total)
T1978 391:799 JLINK_JTAG_GetDeviceID(DeviceIndex = 0)  returns 0x00 (0000ms, 0442ms total)
T1978 391:799 JLINK_ReadMemU32(0x400E0940, 0x0001 Items, ...) -- CPU_ReadMem(4 bytes @ 0x400E0940) - Data: 01 0E 22 A1  returns 0x01 (0001ms, 0443ms total)
T1978 391:800 JLINK_ReadMemU32(0x400E0944, 0x0001 Items, ...) -- CPU_ReadMem(4 bytes @ 0x400E0944) - Data: 02 00 00 00  returns 0x01 (0000ms, 0443ms total)
T1978 391:800 JLINK_WriteMem(0x400E0C04, 0x0004 Bytes, ...) - Data: 05 00 00 5A -- CPU_WriteMem(4 bytes @ 0x400E0C04)  returns 0x04 (0001ms, 0444ms total)
T1978 391:801 JLINK_ReadMem (0x400E0C08, 0x0004 Bytes, ...) -- CPU_ReadMem(4 bytes @ 0x400E0C08) - Data: 00 00 00 00  returns 0x00 (0000ms, 0444ms total)
T1978 391:802 JLINK_ReadMem (0x400E0C08, 0x0004 Bytes, ...) -- CPU_ReadMem(4 bytes @ 0x400E0C08) - Data: 00 00 00 00  returns 0x00 (0000ms, 0444ms total)
T1978 391:807 JLINK_ReadMem (0x400E0C08, 0x0004 Bytes, ...) -- CPU_ReadMem(4 bytes @ 0x400E0C08) - Data: 00 00 00 00  returns 0x00 (0000ms, 0444ms total)
T0C0C 391:814 JLINK_IsHalted()  returns TRUE (0000ms, 0444ms total)
T0C0C 391:814 JLINK_GetMOEs(...) -- CPU_ReadMem(4 bytes @ 0xE000ED30)  returns 0x01 (0001ms, 0445ms total)
T0C0C 391:815 JLINK_ReadReg(R15 (PC))  returns 0x00401438 (0000ms, 0445ms total)
T1978 391:823 JLINK_ReadMem (0x400E0C08, 0x0004 Bytes, ...) -- CPU_ReadMem(4 bytes @ 0x400E0C08) - Data: 00 00 00 00  returns 0x00 (0001ms, 0446ms total)
T1978 391:888 JLINK_ReadMem (0x400E0C08, 0x0004 Bytes, ...) -- CPU_ReadMem(4 bytes @ 0x400E0C08) - Data: 00 00 00 00  returns 0x00 (0001ms, 0447ms total)
T0C0C 392:017 JLINK_IsHalted()  returns TRUE (0000ms, 0447ms total)
T1978 392:147 JLINK_ReadMem (0x400E0C08, 0x0004 Bytes, ...) -- CPU_ReadMem(4 bytes @ 0x400E0C08) - Data: 00 00 00 00  returns 0x00 (0000ms, 0447ms total)
T0C0C 392:218 JLINK_IsHalted()  returns TRUE (0000ms, 0447ms total)
T0C0C 392:419 JLINK_IsHalted()  returns TRUE (0000ms, 0447ms total)
T0C0C 392:620 JLINK_IsHalted()  returns TRUE (0000ms, 0447ms total)
T0C0C 392:820 JLINK_IsHalted()  returns TRUE (0000ms, 0447ms total)
T0C0C 393:020 JLINK_IsHalted()  returns TRUE (0001ms, 0448ms total)
T1978 393:149 JLINK_ReadMem (0x400E0C08, 0x0004 Bytes, ...) -- CPU_ReadMem(4 bytes @ 0x400E0C08) - Data: 00 00 00 00  returns 0x00 (0000ms, 0447ms total)
T1978 393:150 JLINK_ReadMem (0x400E0C08, 0x0004 Bytes, ...) -- CPU_ReadMem(4 bytes @ 0x400E0C08) - Data: 00 00 00 00  returns 0x00 (0001ms, 0448ms total)
T1978 393:154 JLINK_ReadMem (0x400E0C08, 0x0004 Bytes, ...) -- CPU_ReadMem(4 bytes @ 0x400E0C08) - Data: 00 00 00 00  returns 0x00 (0000ms, 0448ms total)
T1978 393:159 JLINK_ReadMem (0x400E0C08, 0x0004 Bytes, ...) -- CPU_ReadMem(4 bytes @ 0x400E0C08) - Data: 00 00 00 00  returns 0x00 (0000ms, 0448ms total)
T1978 393:177 JLINK_ReadMem (0x400E0C08, 0x0004 Bytes, ...) -- CPU_ReadMem(4 bytes @ 0x400E0C08) - Data: 00 00 00 00  returns 0x00 (0000ms, 0448ms total)
T0C0C 393:221 JLINK_IsHalted()  returns TRUE (0000ms, 0448ms total)
T1978 393:242 JLINK_ReadMem (0x400E0C08, 0x0004 Bytes, ...) -- CPU_ReadMem(4 bytes @ 0x400E0C08) - Data: 00 00 00 00  returns 0x00 (0000ms, 0448ms total)
T0C0C 393:424 JLINK_IsHalted()  returns TRUE (0000ms, 0448ms total)
T1978 393:499 JLINK_ReadMem (0x400E0C08, 0x0004 Bytes, ...) -- CPU_ReadMem(4 bytes @ 0x400E0C08) - Data: 00 00 00 00  returns 0x00 (0000ms, 0448ms total)
T0C0C 393:624 JLINK_IsHalted()  returns TRUE (0000ms, 0448ms total)
T0C0C 393:826 JLINK_IsHalted()  returns TRUE (0000ms, 0448ms total)
T0C0C 394:026 JLINK_IsHalted()  returns TRUE (0000ms, 0448ms total)
T0C0C 394:227 JLINK_IsHalted()  returns TRUE (0000ms, 0448ms total)
T0C0C 394:427 JLINK_IsHalted()  returns TRUE (0000ms, 0448ms total)
T1978 394:502 JLINK_ReadMem (0x400E0C08, 0x0004 Bytes, ...) -- CPU_ReadMem(4 bytes @ 0x400E0C08) - Data: 00 00 00 00  returns 0x00 (0000ms, 0448ms total)
T1978 394:502 JLINK_ReadMem (0x400E0C08, 0x0004 Bytes, ...) -- CPU_ReadMem(4 bytes @ 0x400E0C08) - Data: 00 00 00 00  returns 0x00 (0001ms, 0449ms total)
T1978 394:506 JLINK_ReadMem (0x400E0C08, 0x0004 Bytes, ...) -- CPU_ReadMem(4 bytes @ 0x400E0C08) - Data: 00 00 00 00  returns 0x00 (0000ms, 0449ms total)
T1978 394:512 JLINK_ReadMem (0x400E0C08, 0x0004 Bytes, ...) -- CPU_ReadMem(4 bytes @ 0x400E0C08) - Data: 00 00 00 00  returns 0x00 (0000ms, 0449ms total)
T1978 394:529 JLINK_ReadMem (0x400E0C08, 0x0004 Bytes, ...) -- CPU_ReadMem(4 bytes @ 0x400E0C08) - Data: 00 00 00 00  returns 0x00 (0001ms, 0450ms total)
T1978 394:594 JLINK_ReadMem (0x400E0C08, 0x0004 Bytes, ...) -- CPU_ReadMem(4 bytes @ 0x400E0C08) - Data: 00 00 00 00  returns 0x00 (0001ms, 0451ms total)
T0C0C 394:628 JLINK_IsHalted()  returns TRUE (0000ms, 0451ms total)
T0C0C 394:829 JLINK_IsHalted()  returns TRUE (0001ms, 0452ms total)
T1978 394:852 JLINK_ReadMem (0x400E0C08, 0x0004 Bytes, ...) -- CPU_ReadMem(4 bytes @ 0x400E0C08) - Data: 00 00 00 00  returns 0x00 (0000ms, 0451ms total)
T0C0C 395:030 JLINK_IsHalted()  returns TRUE (0000ms, 0451ms total)
T0C0C 395:231 JLINK_IsHalted()  returns TRUE (0000ms, 0451ms total)
T0C0C 395:432 JLINK_IsHalted()  returns TRUE (0000ms, 0451ms total)
T0C0C 395:632 JLINK_IsHalted()  returns TRUE (0001ms, 0452ms total)
T0C0C 395:835 JLINK_IsHalted()  returns TRUE (0000ms, 0451ms total)
T1978 395:854 JLINK_ReadMem (0x400E0C08, 0x0004 Bytes, ...) -- CPU_ReadMem(4 bytes @ 0x400E0C08) - Data: 00 00 00 00  returns 0x00 (0000ms, 0451ms total)
T1978 395:854 JLINK_ReadMem (0x400E0C08, 0x0004 Bytes, ...) -- CPU_ReadMem(4 bytes @ 0x400E0C08) - Data: 00 00 00 00  returns 0x00 (0000ms, 0451ms total)
T1978 395:859 JLINK_ReadMem (0x400E0C08, 0x0004 Bytes, ...) -- CPU_ReadMem(4 bytes @ 0x400E0C08) - Data: 00 00 00 00  returns 0x00 (0000ms, 0451ms total)
T1978 395:864 JLINK_ReadMem (0x400E0C08, 0x0004 Bytes, ...) -- CPU_ReadMem(4 bytes @ 0x400E0C08) - Data: 00 00 00 00  returns 0x00 (0000ms, 0451ms total)
T1978 395:882 JLINK_ReadMem (0x400E0C08, 0x0004 Bytes, ...) -- CPU_ReadMem(4 bytes @ 0x400E0C08) - Data: 00 00 00 00  returns 0x00 (0000ms, 0451ms total)
T1978 395:947 JLINK_ReadMem (0x400E0C08, 0x0004 Bytes, ...) -- CPU_ReadMem(4 bytes @ 0x400E0C08) - Data: 00 00 00 00  returns 0x00 (0001ms, 0452ms total)
T0C0C 396:037 JLINK_IsHalted()  returns TRUE (0000ms, 0452ms total)
T1978 396:204 JLINK_ReadMem (0x400E0C08, 0x0004 Bytes, ...) -- CPU_ReadMem(4 bytes @ 0x400E0C08) - Data: 00 00 00 00  returns 0x00 (0001ms, 0453ms total)
T0C0C 396:239 JLINK_IsHalted()  returns TRUE (0000ms, 0453ms total)
T0C0C 396:439 JLINK_IsHalted()  returns TRUE (0000ms, 0453ms total)
T0C0C 396:644 JLINK_IsHalted()  returns TRUE (0001ms, 0454ms total)
T0C0C 396:845 JLINK_IsHalted()  returns TRUE (0000ms, 0453ms total)
T0C0C 397:046 JLINK_IsHalted()  returns TRUE (0003ms, 0456ms total)
T1978 397:206 JLINK_ReadMem (0x400E0C08, 0x0004 Bytes, ...) -- CPU_ReadMem(4 bytes @ 0x400E0C08) - Data: 00 00 00 00  returns 0x00 (0004ms, 0457ms total)
T1978 397:210 JLINK_ReadMem (0x400E0C08, 0x0004 Bytes, ...) -- CPU_ReadMem(4 bytes @ 0x400E0C08) - Data: 00 00 00 00  returns 0x00 (0001ms, 0458ms total)
T1978 397:212 JLINK_ReadMem (0x400E0C08, 0x0004 Bytes, ...) -- CPU_ReadMem(4 bytes @ 0x400E0C08) - Data: 00 00 00 00  returns 0x00 (0000ms, 0458ms total)
T1978 397:219 JLINK_ReadMem (0x400E0C08, 0x0004 Bytes, ...) -- CPU_ReadMem(4 bytes @ 0x400E0C08) - Data: 00 00 00 00  returns 0x00 (0002ms, 0460ms total)
T1978 397:242 JLINK_ReadMem (0x400E0C08, 0x0004 Bytes, ...) -- CPU_ReadMem(4 bytes @ 0x400E0C08) - Data: 00 00 00 00  returns 0x00 (0001ms, 0461ms total)
T0C0C 397:253 JLINK_IsHalted()  returns TRUE (0001ms, 0462ms total)
T1978 397:309 JLINK_ReadMem (0x400E0C08, 0x0004 Bytes, ...) -- CPU_ReadMem(4 bytes @ 0x400E0C08) - Data: 00 00 00 00  returns 0x00 (0000ms, 0461ms total)
T0C0C 397:458 JLINK_IsHalted()  returns TRUE (0000ms, 0461ms total)
T1978 397:566 JLINK_ReadMem (0x400E0C08, 0x0004 Bytes, ...) -- CPU_ReadMem(4 bytes @ 0x400E0C08) - Data: 00 00 00 00  returns 0x00 (0003ms, 0464ms total)
T0C0C 397:660 JLINK_IsHalted()  returns TRUE (0000ms, 0464ms total)
T0C0C 397:861 JLINK_IsHalted()  returns TRUE (0000ms, 0464ms total)
T0C0C 398:061 JLINK_IsHalted()  returns TRUE (0000ms, 0464ms total)
T0C0C 398:268 JLINK_IsHalted()  returns TRUE (0000ms, 0464ms total)
T0C0C 398:471 JLINK_IsHalted()  returns TRUE (0004ms, 0468ms total)
T1978 398:570 JLINK_ReadMem (0x400E0C08, 0x0004 Bytes, ...) -- CPU_ReadMem(4 bytes @ 0x400E0C08) - Data: 00 00 00 00  returns 0x00 (0000ms, 0464ms total)
T1978 398:570 JLINK_ReadMem (0x400E0C08, 0x0004 Bytes, ...) -- CPU_ReadMem(4 bytes @ 0x400E0C08) - Data: 00 00 00 00  returns 0x00 (0001ms, 0465ms total)
T1978 398:573 JLINK_ReadMem (0x400E0C08, 0x0004 Bytes, ...) -- CPU_ReadMem(4 bytes @ 0x400E0C08) - Data: 00 00 00 00  returns 0x00 (0002ms, 0467ms total)
T1978 398:583 JLINK_ReadMem (0x400E0C08, 0x0004 Bytes, ...) -- CPU_ReadMem(4 bytes @ 0x400E0C08) - Data: 00 00 00 00  returns 0x00 (0004ms, 0471ms total)
T1978 398:603 JLINK_ReadMem (0x400E0C08, 0x0004 Bytes, ...) -- CPU_ReadMem(4 bytes @ 0x400E0C08) - Data: 00 00 00 00  returns 0x00 (0003ms, 0474ms total)
T1978 398:670 JLINK_ReadMem (0x400E0C08, 0x0004 Bytes, ...) -- CPU_ReadMem(4 bytes @ 0x400E0C08) - Data: 00 00 00 00  returns 0x00 (0003ms, 0477ms total)
T0C0C 398:677 JLINK_IsHalted()  returns TRUE (0000ms, 0477ms total)
T0C0C 398:878 JLINK_IsHalted()  returns TRUE (0000ms, 0477ms total)
T1978 398:929 JLINK_ReadMem (0x400E0C08, 0x0004 Bytes, ...) -- CPU_ReadMem(4 bytes @ 0x400E0C08) - Data: 00 00 00 00  returns 0x00 (0000ms, 0477ms total)
T0C0C 399:083 JLINK_IsHalted()  returns TRUE (0001ms, 0478ms total)
T0C0C 399:285 JLINK_IsHalted()  returns TRUE (0000ms, 0477ms total)
T0C0C 399:486 JLINK_IsHalted()  returns TRUE (0000ms, 0477ms total)
T0C0C 399:693 JLINK_IsHalted()  returns TRUE (0001ms, 0478ms total)
T0C0C 399:894 JLINK_IsHalted()  returns TRUE (0000ms, 0477ms total)
T1978 399:930 JLINK_ReadMem (0x400E0C08, 0x0004 Bytes, ...) -- CPU_ReadMem(4 bytes @ 0x400E0C08) - Data: 00 00 00 00  returns 0x00 (0001ms, 0478ms total)
T1978 399:931 JLINK_ReadMem (0x400E0C08, 0x0004 Bytes, ...) -- CPU_ReadMem(4 bytes @ 0x400E0C08) - Data: 00 00 00 00  returns 0x00 (0001ms, 0479ms total)
T1978 399:934 JLINK_ReadMem (0x400E0C08, 0x0004 Bytes, ...) -- CPU_ReadMem(4 bytes @ 0x400E0C08) - Data: 00 00 00 00  returns 0x00 (0002ms, 0481ms total)
T1978 399:940 JLINK_ReadMem (0x400E0C08, 0x0004 Bytes, ...) -- CPU_ReadMem(4 bytes @ 0x400E0C08) - Data: 00 00 00 00  returns 0x00 (0001ms, 0482ms total)
T1978 399:959 JLINK_ReadMem (0x400E0C08, 0x0004 Bytes, ...) -- CPU_ReadMem(4 bytes @ 0x400E0C08) - Data: 00 00 00 00  returns 0x00 (0001ms, 0483ms total)
T1978 400:024 JLINK_ReadMem (0x400E0C08, 0x0004 Bytes, ...) -- CPU_ReadMem(4 bytes @ 0x400E0C08) - Data: 00 00 00 00  returns 0x00 (0001ms, 0484ms total)
T0C0C 400:094 JLINK_IsHalted()  returns TRUE (0000ms, 0484ms total)
T1978 400:281 JLINK_ReadMem (0x400E0C08, 0x0004 Bytes, ...) -- CPU_ReadMem(4 bytes @ 0x400E0C08) - Data: 00 00 00 00  returns 0x00 (0005ms, 0489ms total)
T0C0C 400:299 JLINK_IsHalted()  returns TRUE (0001ms, 0490ms total)
T0C0C 400:500 JLINK_IsHalted()  returns TRUE (0000ms, 0489ms total)
T0C0C 400:704 JLINK_IsHalted()  returns TRUE (0000ms, 0489ms total)
T0C0C 400:906 JLINK_IsHalted()  returns TRUE (0001ms, 0490ms total)
T0C0C 401:108 JLINK_IsHalted()  returns TRUE (0000ms, 0489ms total)
T1978 401:290 JLINK_ReadMem (0x400E0C08, 0x0004 Bytes, ...) -- CPU_ReadMem(4 bytes @ 0x400E0C08) - Data: 01 00 00 00  returns 0x00 (0001ms, 0490ms total)
T0C0C 401:313 JLINK_IsHalted()  returns TRUE (0000ms, 0490ms total)
T1978 401:315 JLINK_ResetPullsRESET(ON) (0000ms, 0490ms total)
T1978 401:315 JLINK_ResetNoHalt() >0x10B TIF>Found SW-DP with ID 0x0BD11477 >0x0D TIF> >0x28 TIF> >0x0D TIF> >0x28 TIF> >0x0D TIF> >0x28 TIF> >0x0D TIF> >0x28 TIF> >0x0D TIF> >0x21 TIF> >0x0D TIF> >0x28 TIF>AP map detection skipped. User manually configured AP map.AP[0]: AHB-AP (IDR: Not set) >0x42 TIF> >0x28 TIF> >0x0D TIF> >0x21 TIF> >0x0D TIF> >0x21 TIF> >0x42 TIF> >0x28 TIF> >0x0D TIF> >0x28 TIF> >0x0D TIF> >0x28 TIF> >0x0D TIF> >0x21 TIF> >0x0D TIF> >0x21 TIF>AP[0]: Core found
AP[0]: AHB-AP ROM base: 0xE00FD000 >0x0D TIF> >0x28 TIF> >0x0D TIF> >0x28 TIF> >0x0D TIF> >0x28 TIF> >0x0D TIF> >0x21 TIF> >0x0D TIF> >0x21 TIF>CPUID register: 0x411FC271. Implementer code: 0x41 (ARM)Found Cortex-M7 r1p1, Little endian. -- CPU_ReadMem(4 bytes @ 0xE000EDF0) -- CPU_ReadMem(4 bytes @ 0xE0002000) -- CPU_ReadMem(4 bytes @ 0xE000EDFC) -- CPU_ReadMem(4 bytes @ 0xE0001000) -- CPU_ReadMem(4 bytes @ 0xE000ED88) -- CPU_WriteMem(4 bytes @ 0xE000ED88) -- CPU_ReadMem(4 bytes @ 0xE000ED88)
 -- CPU_WriteMem(4 bytes @ 0xE000ED88)CoreSight components:ROMTbl[0] @ E00FD000 -- CPU_ReadMem(16 bytes @ 0xE00FD000) -- CPU_ReadMem(16 bytes @ 0xE00FEFF0) -- CPU_ReadMem(16 bytes @ 0xE00FEFE0)ROMTbl[0][0]: E00FE000, CID: B105100D, PID: 000BB4C8 ROM TableROMTbl[1] @ E00FE000 -- CPU_ReadMem(16 bytes @ 0xE00FE000) -- CPU_ReadMem(16 bytes @ 0xE00FFFF0) -- CPU_ReadMem(16 bytes @ 0xE00FFFE0)ROMTbl[1][0]: E00FF000, CID: B105100D, PID: 000BB4C7 ROM TableROMTbl[2] @ E00FF000 -- CPU_ReadMem(16 bytes @ 0xE00FF000)
 -- CPU_ReadMem(16 bytes @ 0xE000EFF0) -- CPU_ReadMem(16 bytes @ 0xE000EFE0)ROMTbl[2][0]: E000E000, CID: B105E00D, PID: 000BB00C SCS -- CPU_WriteMem(4 bytes @ 0xE0001000) -- CPU_ReadMem(16 bytes @ 0xE0001FF0) -- CPU_ReadMem(16 bytes @ 0xE0001FE0)ROMTbl[2][1]: E0001000, CID: B105E00D, PID: 000BB002 DWT -- CPU_ReadMem(16 bytes @ 0xE0002FF0) -- CPU_ReadMem(16 bytes @ 0xE0002FE0)ROMTbl[2][2]: E0002000, CID: B105E00D, PID: 000BB00E FPB -- CPU_ReadMem(16 bytes @ 0xE0000FF0)
 -- CPU_ReadMem(16 bytes @ 0xE0000FE0)ROMTbl[2][3]: E0000000, CID: B105E00D, PID: 000BB001 ITM -- CPU_ReadMem(16 bytes @ 0xE00FF010) -- CPU_ReadMem(16 bytes @ 0xE0041FF0) -- CPU_ReadMem(16 bytes @ 0xE0041FE0)ROMTbl[1][1]: E0041000, CID: B105900D, PID: 001BB975 ETM-M7 -- CPU_ReadMem(16 bytes @ 0xE00FE010) -- CPU_ReadMem(16 bytes @ 0xE0040FF0) -- CPU_ReadMem(16 bytes @ 0xE0040FE0)ROMTbl[0][1]: E0040000, CID: B105900D, PID: 000BB9A9 TPIU-M7 -- CPU_ReadMem(16 bytes @ 0xE00FD010)
 -- CPU_ReadMem(4 bytes @ 0xE000ED78)Cache: Separate I- and D-cache. (0165ms, 0655ms total)
T1978 401:315  -- CPU_WriteMem(4 bytes @ 0xE000ED84) -- CPU_ReadMem(4 bytes @ 0xE000ED80)I-Cache L1: 16 KB, 256 Sets, 32 Bytes/Line, 2-Way -- CPU_WriteMem(4 bytes @ 0xE000ED84) -- CPU_ReadMem(4 bytes @ 0xE000ED80)D-Cache L1: 16 KB, 128 Sets, 32 Bytes/Line, 4-Way
                JLINK_Reset() -- CPU_WriteMem(4 bytes @ 0xE000EDF0) -- CPU_WriteMem(4 bytes @ 0xE000EDFC) >0x35 TIF> -- CPU_WriteMem(4 bytes @ 0xE000ED0C) >0x0D TIF> >0x28 TIF> -- CPU_ReadMem(4 bytes @ 0xE000EDF0) -- CPU_ReadMem(4 bytes @ 0xE000EDF0) -- CPU_WriteMem(4 bytes @ 0xE000EDF0) -- CPU_WriteMem(4 bytes @ 0xE000EDFC) -- CPU_ReadMem(4 bytes @ 0xE000EDF0) -- CPU_WriteMem(4 bytes @ 0xE0002000) -- CPU_ReadMem(4 bytes @ 0xE000EDFC) -- CPU_ReadMem(4 bytes @ 0xE0001000) (0075ms, 0075ms total)
                JLINK_Go() -- CPU_ReadMem(4 bytes @ 0xE0001000) -- CPU_WriteMem(4 bytes @ 0xE0001004) (0006ms, 0081ms total)
               (0250ms, 0740ms total)
T1978 401:567 JLINK_ExecCommand("ProjectFile = C:\Users\Daniel Gonzalez\Dropbox (UFL)\Spring2018\Senior_Design\SeniorDesignRepo\Atmel_Projects\GFX_EXAMPLE12\GFX_EXAMPLE12\jlink.config", ...).   returns 0x00 (0002ms, 0742ms total)
T1978 401:576 JLINK_ExecCommand("Device = ATSAMV71Q21", ...).   returns 0x00 (0008ms, 0750ms total)
T1978 401:584 JLINK_TIF_Select(JLINKARM_TIF_SWD)  returns 0x00 (0000ms, 0750ms total)
T1978 401:584 JLINK_SetSpeed(4000) (0000ms, 0750ms total)
T1978 401:584 JLINK_ResetPullsRESET(OFF) (0000ms, 0750ms total)
T1978 401:584 JLINK_Connect() >0x10B TIF>Found SW-DP with ID 0x0BD11477 >0x0D TIF> >0x28 TIF> >0x0D TIF> >0x28 TIF> >0x0D TIF> >0x28 TIF> >0x0D TIF> >0x28 TIF> >0x0D TIF> >0x21 TIF> >0x0D TIF> >0x28 TIF>AP map detection skipped. User manually configured AP map.AP[0]: AHB-AP (IDR: Not set) >0x42 TIF> >0x28 TIF> >0x0D TIF> >0x21 TIF> >0x0D TIF> >0x21 TIF> >0x42 TIF> >0x28 TIF> >0x0D TIF> >0x28 TIF> >0x0D TIF> >0x28 TIF> >0x0D TIF> >0x21 TIF> >0x0D TIF> >0x21 TIF>AP[0]: Core found
AP[0]: AHB-AP ROM base: 0xE00FD000 >0x0D TIF> >0x28 TIF> >0x0D TIF> >0x28 TIF> >0x0D TIF> >0x28 TIF> >0x0D TIF> >0x21 TIF> >0x0D TIF> >0x21 TIF>CPUID register: 0x411FC271. Implementer code: 0x41 (ARM)Found Cortex-M7 r1p1, Little endian. -- CPU_ReadMem(4 bytes @ 0xE000EDF0) -- CPU_ReadMem(4 bytes @ 0xE0002000) -- CPU_ReadMem(4 bytes @ 0xE000EDFC) -- CPU_ReadMem(4 bytes @ 0xE0001000) -- CPU_WriteMem(4 bytes @ 0xE0001000) -- CPU_ReadMem(4 bytes @ 0xE000ED88) -- CPU_WriteMem(4 bytes @ 0xE000ED88)
 -- CPU_ReadMem(4 bytes @ 0xE000ED88) -- CPU_WriteMem(4 bytes @ 0xE000ED88)CoreSight components:ROMTbl[0] @ E00FD000 -- CPU_ReadMem(16 bytes @ 0xE00FD000) -- CPU_ReadMem(16 bytes @ 0xE00FEFF0) -- CPU_ReadMem(16 bytes @ 0xE00FEFE0)ROMTbl[0][0]: E00FE000, CID: B105100D, PID: 000BB4C8 ROM TableROMTbl[1] @ E00FE000 -- CPU_ReadMem(16 bytes @ 0xE00FE000) -- CPU_ReadMem(16 bytes @ 0xE00FFFF0) -- CPU_ReadMem(16 bytes @ 0xE00FFFE0)ROMTbl[1][0]: E00FF000, CID: B105100D, PID: 000BB4C7 ROM TableROMTbl[2] @ E00FF000
 -- CPU_ReadMem(16 bytes @ 0xE00FF000) -- CPU_ReadMem(16 bytes @ 0xE000EFF0) -- CPU_ReadMem(16 bytes @ 0xE000EFE0)ROMTbl[2][0]: E000E000, CID: B105E00D, PID: 000BB00C SCS -- CPU_ReadMem(16 bytes @ 0xE0001FF0) -- CPU_ReadMem(16 bytes @ 0xE0001FE0)ROMTbl[2][1]: E0001000, CID: B105E00D, PID: 000BB002 DWT -- CPU_ReadMem(16 bytes @ 0xE0002FF0) -- CPU_ReadMem(16 bytes @ 0xE0002FE0)ROMTbl[2][2]: E0002000, CID: B105E00D, PID: 000BB00E FPB -- CPU_ReadMem(16 bytes @ 0xE0000FF0)
 -- CPU_ReadMem(16 bytes @ 0xE0000FE0)ROMTbl[2][3]: E0000000, CID: B105E00D, PID: 000BB001 ITM -- CPU_ReadMem(16 bytes @ 0xE00FF010) -- CPU_ReadMem(16 bytes @ 0xE0041FF0) -- CPU_ReadMem(16 bytes @ 0xE0041FE0)ROMTbl[1][1]: E0041000, CID: B105900D, PID: 001BB975 ETM-M7 -- CPU_ReadMem(16 bytes @ 0xE00FE010) -- CPU_ReadMem(16 bytes @ 0xE0040FF0) -- CPU_ReadMem(16 bytes @ 0xE0040FE0)ROMTbl[0][1]: E0040000, CID: B105900D, PID: 000BB9A9 TPIU-M7 -- CPU_ReadMem(16 bytes @ 0xE00FD010)
 -- CPU_ReadMem(4 bytes @ 0xE000ED78)Cache: Separate I- and D-cache. (0162ms, 0912ms total)
T1978 401:584  -- CPU_WriteMem(4 bytes @ 0xE000ED84) -- CPU_ReadMem(4 bytes @ 0xE000ED80)I-Cache L1: 16 KB, 256 Sets, 32 Bytes/Line, 2-Way -- CPU_WriteMem(4 bytes @ 0xE000ED84) -- CPU_ReadMem(4 bytes @ 0xE000ED80)D-Cache L1: 16 KB, 128 Sets, 32 Bytes/Line, 4-Way  returns 0x00 (0167ms, 0917ms total)
T1978 401:751 JLINK_Halt()  returns 0x00 (0004ms, 0921ms total)
T1978 401:758 JLINK_WriteMem(0x400E0C04, 0x0004 Bytes, ...) - Data: 0B 01 00 5A -- CPU_WriteMem(4 bytes @ 0x400E0C04)  returns 0x04 (0001ms, 0922ms total)
T1978 401:759 JLINK_ReadMem (0x400E0C08, 0x0004 Bytes, ...) -- CPU_ReadMem(4 bytes @ 0x400E0C08) - Data: 01 00 00 00  returns 0x00 (0001ms, 0923ms total)
T1978 401:760 JLINK_SetResetType(JLINKARM_CM3_RESET_TYPE_NORMAL)  returns JLINKARM_CM3_RESET_TYPE_NORMAL (0000ms, 0923ms total)
T1978 401:760 JLINK_Reset() -- CPU_WriteMem(4 bytes @ 0xE000EDF0) -- CPU_WriteMem(4 bytes @ 0xE000EDFC) >0x35 TIF> -- CPU_WriteMem(4 bytes @ 0xE000ED0C) >0x0D TIF> >0x28 TIF> -- CPU_ReadMem(4 bytes @ 0xE000EDF0) -- CPU_ReadMem(4 bytes @ 0xE000EDF0) -- CPU_WriteMem(4 bytes @ 0xE000EDF0) -- CPU_WriteMem(4 bytes @ 0xE000EDFC) -- CPU_ReadMem(4 bytes @ 0xE000EDF0) -- CPU_WriteMem(4 bytes @ 0xE0002000) -- CPU_ReadMem(4 bytes @ 0xE000EDFC) -- CPU_ReadMem(4 bytes @ 0xE0001000) (0075ms, 0998ms total)
T1978 401:837 JLINK_JTAG_GetDeviceID(DeviceIndex = 0)  returns 0x00 (0000ms, 0999ms total)
T1978 401:837 JLINK_ReadMemU32(0x400E0940, 0x0001 Items, ...) -- CPU_ReadMem(4 bytes @ 0x400E0940) - Data: 01 0E 22 A1  returns 0x01 (0001ms, 1000ms total)
T1978 401:838 JLINK_ReadMemU32(0x400E0944, 0x0001 Items, ...) -- CPU_ReadMem(4 bytes @ 0x400E0944) - Data: 02 00 00 00  returns 0x01 (0001ms, 1001ms total)
T1978 401:854 JLINK_BeginDownload(Flags = 0x00) (0000ms, 1001ms total)
T1978 401:854 JLINK_WriteMem(0x00400000, 0x4000 Bytes, ...) - Data: A8 27 40 20 09 18 40 00 05 18 40 00 05 18 40 00 ...  returns 0x4000 (0000ms, 1001ms total)
T1978 401:854 JLINK_WriteMem(0x00404000, 0x2418 Bytes, ...) - Data: FF FF FF FF FF FF FF FF FF FF DA 44 D8 03 D8 03 ...  returns 0x2418 (0000ms, 1001ms total)
T1978 401:855 JLINK_WriteMem(0x00406418, 0x045C Bytes, ...) - Data: 00 00 00 00 A4 1E 40 00 06 07 20 7D 01 00 00 00 ...  returns 0x45C (0000ms, 1001ms total)
T1978 401:860 JLINK_EndDownload() -- CPU_ReadMem(4 bytes @ 0xE000ED90) -- CPU_ReadMem(4 bytes @ 0xE000ED94) -- -------------------------------------- -- Start of determining dirty areas in flash cache -- End of determining dirty areas -- Start of preparing flash programming -- Calculating RAM usage -- RAM usage = 5884 Bytes -- Preserving CPU registers -- Preparing memory -- Preparing target -- Downloading RAMCode -- Checking target RAM -- Preparing RAMCode -- End of preparing flash programming
 -- CPU is running at 120000 kHz. -- Start of comparing flash -- CRC check was estimated as fastest method -- Comparing range 0x400000 - 0x403FFF (2 Sectors, 16 KB), using multi-block CRC calculation -- CRC does not match for sectors 0-1 -- Comparing range 0x404000 - 0x41FFFF (1 Sector, 112 KB), using multi-block CRC calculation -- CRC does not match for sector 0 -- End of comparing flash -- Start of erasing sectors -- End of erasing sectors -- Start of flash programming
 -- Programming range 0x00400000 - 0x00403FFF (002 Sectors, 16 KB) -- Programming range 0x00404000 - 0x0041FFFF (001 Sector, 112 KB) -- End of flash programming -- 0x400000 - 0x403FFF (002 Sectors, 16 KB) -- 0x404000 - 0x41FFFF (001 Sector, 112 KB) -- Start of verifying flash -- Checksum calculation was estimated as fastest method -- Checksum is not supported by this flash bank. Switched to CRC method. -- Checksum calculation was estimated as fastest method
 -- Checksum is not supported by this flash bank. Switched to CRC method. -- End of verifying flash -- Start of restoring -- Restoring RAMCode -- Restore target -- Restore memory -- Restoring CPU registers -- End of restoring -- Bank 0 @ 0x00400000: 2 ranges affected (131072 bytes) -- Total time needed: 0.228s (Prepare: 0.050s, Compare: 0.014s, Erase: 0.000s, Program: 0.147s, Verify: 0.006s, Restore: 0.010s)  returns 0x20000 (0232ms, 1233ms total)
T0338 402:093 JLINK_IsHalted()  returns TRUE (0000ms, 1233ms total)
T0338 402:093 JLINK_GetMOEs(...) -- CPU_ReadMem(4 bytes @ 0xE000ED30)  returns 0x01 (0000ms, 1233ms total)
T0338 402:093 JLINK_ReadReg(R15 (PC))  returns 0xFFFFFFFE (0000ms, 1233ms total)
T0338 402:295 JLINK_IsHalted()  returns TRUE (0000ms, 1234ms total)
T0338 402:514 JLINK_IsHalted()  returns TRUE (0002ms, 1236ms total)
T167C 402:546 JLINK_Halt()  returns 0x00 (0000ms, 1234ms total)
T167C 402:547 JLINK_ReadReg(R15 (PC))  returns 0xFFFFFFFE (0000ms, 1234ms total)
T167C 402:547 JLINK_ReadReg(R13 (SP))  returns 0xFFFFFFFC (0000ms, 1234ms total)
T167C 402:552 JLINK_ReadMem (0x00000000, 0x0002 Bytes, ...) -- CPU_ReadMem(2 bytes @ 0x00000000) - Data: A8 27  returns 0x00 (0000ms, 1234ms total)
T167C 402:613 JLINK_ReadReg(R0)  returns 0x00000000 (0000ms, 1234ms total)
T167C 402:613 JLINK_ReadReg(R1)  returns 0x00000000 (0000ms, 1234ms total)
T167C 402:614 JLINK_ReadReg(R2)  returns 0x00000000 (0000ms, 1234ms total)
T167C 402:614 JLINK_ReadReg(R3)  returns 0x00000000 (0000ms, 1234ms total)
T167C 402:614 JLINK_ReadReg(R4)  returns 0x00000000 (0000ms, 1234ms total)
T167C 402:614 JLINK_ReadReg(R5)  returns 0x00000000 (0000ms, 1234ms total)
T167C 402:614 JLINK_ReadReg(R6)  returns 0x00000000 (0000ms, 1234ms total)
T167C 402:614 JLINK_ReadReg(R7)  returns 0x00000000 (0000ms, 1234ms total)
T167C 402:614 JLINK_ReadReg(R8)  returns 0x00000000 (0000ms, 1234ms total)
T167C 402:614 JLINK_ReadReg(R9)  returns 0x00000000 (0000ms, 1234ms total)
T167C 402:614 JLINK_ReadReg(R10)  returns 0x00000000 (0000ms, 1234ms total)
T167C 402:614 JLINK_ReadReg(R11)  returns 0x00000000 (0000ms, 1234ms total)
T167C 402:614 JLINK_ReadReg(R12)  returns 0x00000000 (0000ms, 1234ms total)
T167C 402:614 JLINK_ReadReg(R13 (SP))  returns 0xFFFFFFFC (0000ms, 1234ms total)
T167C 402:614 JLINK_ReadReg(R14)  returns 0xFFFFFFFF (0000ms, 1234ms total)
T167C 402:614 JLINK_ReadReg(R15 (PC))  returns 0xFFFFFFFE (0000ms, 1234ms total)
T167C 402:614 JLINK_ReadReg(XPSR)  returns 0x01000000 (0000ms, 1234ms total)
T167C 402:614 JLINK_ReadReg(MSP)  returns 0xFFFFFFFC (0000ms, 1234ms total)
T167C 402:614 JLINK_ReadReg(PSP)  returns 0x00000000 (0000ms, 1234ms total)
T167C 402:614 JLINK_ReadReg(PRIMASK)  returns 0x00000000 (0000ms, 1234ms total)
T167C 402:614 JLINK_ReadReg(BASEPRI)  returns 0x00000000 (0000ms, 1234ms total)
T167C 402:614 JLINK_ReadReg(FAULTMASK)  returns 0x00000000 (0000ms, 1234ms total)
T167C 402:614 JLINK_ReadReg(CONTROL)  returns 0x00000000 (0000ms, 1234ms total)
T167C 402:614 JLINK_ReadReg(FPSCR)  returns 0x00000000 (0004ms, 1238ms total)
T167C 402:618 JLINK_ReadReg(FPS0)  returns 0x00000000 (0000ms, 1238ms total)
T167C 402:618 JLINK_ReadReg(FPS1)  returns 0x00000000 (0000ms, 1238ms total)
T167C 402:618 JLINK_ReadReg(FPS2)  returns 0x00000000 (0000ms, 1238ms total)
T167C 402:618 JLINK_ReadReg(FPS3)  returns 0x00000000 (0000ms, 1238ms total)
T167C 402:618 JLINK_ReadReg(FPS4)  returns 0x00000000 (0000ms, 1238ms total)
T167C 402:618 JLINK_ReadReg(FPS5)  returns 0x00000000 (0000ms, 1238ms total)
T167C 402:619 JLINK_ReadReg(FPS6)  returns 0x00000000 (0000ms, 1238ms total)
T167C 402:619 JLINK_ReadReg(FPS7)  returns 0x00000000 (0000ms, 1238ms total)
T167C 402:619 JLINK_ReadReg(FPS8)  returns 0x00000000 (0000ms, 1238ms total)
T167C 402:619 JLINK_ReadReg(FPS9)  returns 0x00000000 (0000ms, 1238ms total)
T167C 402:619 JLINK_ReadReg(FPS10)  returns 0x00000000 (0000ms, 1238ms total)
T167C 402:619 JLINK_ReadReg(FPS11)  returns 0x00000000 (0000ms, 1238ms total)
T167C 402:619 JLINK_ReadReg(FPS12)  returns 0x00000000 (0000ms, 1238ms total)
T167C 402:619 JLINK_ReadReg(FPS13)  returns 0x00000000 (0000ms, 1238ms total)
T167C 402:619 JLINK_ReadReg(FPS14)  returns 0x00000000 (0000ms, 1238ms total)
T167C 402:619 JLINK_ReadReg(FPS15)  returns 0xFFFFFFFF (0000ms, 1238ms total)
T167C 402:619 JLINK_ReadReg(FPS16)  returns 0x00000000 (0000ms, 1238ms total)
T167C 402:619 JLINK_ReadReg(FPS17)  returns 0x00000000 (0000ms, 1238ms total)
T167C 402:619 JLINK_ReadReg(FPS18)  returns 0x00000000 (0000ms, 1238ms total)
T167C 402:619 JLINK_ReadReg(FPS19)  returns 0x00000000 (0000ms, 1238ms total)
T167C 402:619 JLINK_ReadReg(FPS20)  returns 0x00000000 (0000ms, 1238ms total)
T167C 402:619 JLINK_ReadReg(FPS21)  returns 0x00000000 (0000ms, 1238ms total)
T167C 402:619 JLINK_ReadReg(FPS22)  returns 0x00000000 (0000ms, 1238ms total)
T167C 402:619 JLINK_ReadReg(FPS23)  returns 0x00000000 (0000ms, 1238ms total)
T167C 402:619 JLINK_ReadReg(FPS24)  returns 0x00000000 (0000ms, 1238ms total)
T167C 402:619 JLINK_ReadReg(FPS25)  returns 0x00000000 (0000ms, 1238ms total)
T167C 402:619 JLINK_ReadReg(FPS26)  returns 0x00000000 (0000ms, 1238ms total)
T167C 402:619 JLINK_ReadReg(FPS27)  returns 0x00000000 (0000ms, 1238ms total)
T167C 402:619 JLINK_ReadReg(FPS28)  returns 0x00000000 (0000ms, 1238ms total)
T167C 402:619 JLINK_ReadReg(FPS29)  returns 0x00000000 (0000ms, 1238ms total)
T167C 402:619 JLINK_ReadReg(FPS30)  returns 0x00000000 (0000ms, 1238ms total)
T167C 402:619 JLINK_ReadReg(FPS31)  returns 0xFFFFFFFF (0000ms, 1238ms total)
T167C 402:619 JLINK_ReadMem (0x00000000, 0x0002 Bytes, ...) -- CPU_ReadMem(2 bytes @ 0x00000000) - Data: A8 27  returns 0x00 (0001ms, 1239ms total)
T167C 402:671 JLINK_ReadMemHW(0x004010F2, 0x0002 Bytes, ...) -- CPU_ReadMem(2 bytes @ 0x004010F2) - Data: 09 20  returns 0x00 (0001ms, 1240ms total)
T167C 402:672 JLINK_ReadMemHW(0x0040118A, 0x0002 Bytes, ...) -- CPU_ReadMem(2 bytes @ 0x0040118A) - Data: 49 F2  returns 0x00 (0001ms, 1241ms total)
T1978 402:684 JLINK_GetNumBPUnits(Type = 0xFFFFFF02)  returns 0x08 (0000ms, 1241ms total)
T1978 402:684 JLINK_SetBPEx(Addr = 0x0040118A, Type = 0xFFFFFFF2)  returns 0x00000001 (0000ms, 1241ms total)
T1978 402:684 JLINK_GetBPInfo(BPHandle = 1)  returns 0x00 (0000ms, 1241ms total)
T0338 402:718 JLINK_IsHalted()  returns TRUE (0000ms, 1241ms total)
T167C 402:728 JLINK_SetResetType(JLINKARM_CM3_RESET_TYPE_NORMAL)  returns JLINKARM_CM3_RESET_TYPE_NORMAL (0000ms, 1241ms total)
T167C 402:728 JLINK_Reset() -- CPU_WriteMem(4 bytes @ 0xE000EDF0) -- CPU_WriteMem(4 bytes @ 0xE000EDFC) >0x35 TIF> -- CPU_WriteMem(4 bytes @ 0xE000ED0C) >0x0D TIF> >0x28 TIF> -- CPU_ReadMem(4 bytes @ 0xE000EDF0) -- CPU_ReadMem(4 bytes @ 0xE000EDF0) -- CPU_WriteMem(4 bytes @ 0xE000EDF0) -- CPU_WriteMem(4 bytes @ 0xE000EDFC) -- CPU_ReadMem(4 bytes @ 0xE000EDF0) -- CPU_WriteMem(4 bytes @ 0xE0002000) -- CPU_ReadMem(4 bytes @ 0xE000EDFC) -- CPU_ReadMem(4 bytes @ 0xE0001000) (0082ms, 1323ms total)
T0338 402:810 JLINK_IsHalted()  returns TRUE (0000ms, 1323ms total)
T0338 402:810 JLINK_GetMOEs(...)  returns 0x01 (0000ms, 1323ms total)
T0338 402:810 JLINK_ReadReg(R15 (PC))  returns 0x00401808 (0001ms, 1324ms total)
T167C 402:823 JLINK_ReadReg(R15 (PC))  returns 0x00401808 (0000ms, 1324ms total)
T167C 402:823 JLINK_ReadReg(R13 (SP))  returns 0x204027A8 (0000ms, 1324ms total)
T167C 402:840 JLINK_ReadMemHW(0x00401808, 0x0004 Bytes, ...) -- CPU_ReadMem(4 bytes @ 0x00401808) - Data: 00 B5 83 B0  returns 0x00 (0004ms, 1328ms total)
T167C 402:887 JLINK_ReadMemHW(0x00401A68, 0x0001 Bytes, ...) -- CPU_ReadMem(1 bytes @ 0x00401A68) - Data: 2D  returns 0x00 (0003ms, 1331ms total)
T167C 402:907 JLINK_ReadReg(R15 (PC))  returns 0x00401808 (0000ms, 1331ms total)
T167C 402:907 JLINK_SetBPEx(Addr = 0x00401A68, Type = 0xFFFFFFF2)  returns 0x00000002 (0000ms, 1331ms total)
T167C 402:907 JLINK_GetBPInfo(BPHandle = 2)  returns 0x00 (0000ms, 1331ms total)
T167C 402:907 JLINK_Go() -- CPU_WriteMem(4 bytes @ 0xE0002000) -- CPU_WriteMem(4 bytes @ 0xE0002000) -- CPU_ReadMem(4 bytes @ 0xE0001000) -- CPU_WriteMem(4 bytes @ 0xE000ED30) -- CPU_WriteMem(4 bytes @ 0xE0002008) -- CPU_WriteMem(4 bytes @ 0xE000200C) -- CPU_WriteMem(4 bytes @ 0xE0002010) -- CPU_WriteMem(4 bytes @ 0xE0002014) -- CPU_WriteMem(4 bytes @ 0xE0002018) -- CPU_WriteMem(4 bytes @ 0xE000201C) -- CPU_WriteMem(4 bytes @ 0xE0002020) -- CPU_WriteMem(4 bytes @ 0xE0002024)
 -- CPU_WriteMem(4 bytes @ 0xE0001004) (0009ms, 1340ms total)
T0338 402:916 JLINK_IsHalted()  returns TRUE (0003ms, 1343ms total)
T0338 402:919 JLINK_GetMOEs(...) -- CPU_ReadMem(4 bytes @ 0xE000ED30)  returns 0x01 (0000ms, 1340ms total)
T0338 402:919 JLINK_ReadReg(R15 (PC))  returns 0x00401A68 (0000ms, 1340ms total)
T167C 402:927 JLINK_ReadReg(R15 (PC))  returns 0x00401A68 (0000ms, 1340ms total)
T167C 402:927 JLINK_ReadReg(R13 (SP))  returns 0x20402798 (0000ms, 1340ms total)
T167C 402:928 JLINK_ReadMemHW(0x00401A68, 0x0004 Bytes, ...) -- CPU_ReadMem(4 bytes @ 0x00401A68) - Data: 2D E9 F0 4F  returns 0x00 (0001ms, 1341ms total)
T167C 402:944 JLINK_WriteU32(0xE000EDFC, 0x01000000) -- CPU_WriteMem(4 bytes @ 0xE000EDFC)  returns 0x00 (0006ms, 1347ms total)
T167C 402:951 JLINK_ReadMem (0xE0001000, 0x0004 Bytes, ...) -- CPU_ReadMem(4 bytes @ 0xE0001000) - Data: 01 00 00 40  returns 0x00 (0001ms, 1348ms total)
T167C 402:952 JLINK_WriteU32(0xE0001000, 0x40000001)  returns 0x00 (0000ms, 1348ms total)
T167C 402:952 JLINK_WriteU32(0xE0001028, 0x00000100)  returns 0x00 (0000ms, 1348ms total)
T167C 402:952 JLINK_ReadMem (0xE0001028, 0x0004 Bytes, ...) -- CPU_WriteMem(4 bytes @ 0xE0001028) -- CPU_ReadMem(4 bytes @ 0xE0001028) - Data: 00 00 00 00  returns 0x00 (0001ms, 1349ms total)
T167C 402:953 JLINK_WriteU32(0xE0001024, 0x0000001F)  returns 0x00 (0000ms, 1349ms total)
T167C 402:953 JLINK_ReadMem (0xE0001024, 0x0004 Bytes, ...) -- CPU_WriteMem(4 bytes @ 0xE0001024) -- CPU_ReadMem(4 bytes @ 0xE0001024) - Data: 1F 00 00 00  returns 0x00 (0001ms, 1350ms total)
T167C 402:954 JLINK_WriteU32(0xE0001038, 0x00000100)  returns 0x00 (0000ms, 1350ms total)
T167C 402:954 JLINK_ReadMem (0xE0001038, 0x0004 Bytes, ...) -- CPU_WriteMem(4 bytes @ 0xE0001038) -- CPU_ReadMem(4 bytes @ 0xE0001038) - Data: 00 03 00 00  returns 0x00 (0001ms, 1351ms total)
T167C 402:955 JLINK_WriteU32(0xE0001034, 0x0000001F)  returns 0x00 (0000ms, 1351ms total)
T167C 402:955 JLINK_ReadMem (0xE0001034, 0x0004 Bytes, ...) -- CPU_WriteMem(4 bytes @ 0xE0001034) -- CPU_ReadMem(4 bytes @ 0xE0001034) - Data: 1F 00 00 00  returns 0x00 (0004ms, 1355ms total)
T167C 402:959 JLINK_WriteU32(0xE0001048, 0x00000100)  returns 0x00 (0000ms, 1355ms total)
T167C 402:959 JLINK_ReadMem (0xE0001048, 0x0004 Bytes, ...) -- CPU_WriteMem(4 bytes @ 0xE0001048) -- CPU_ReadMem(4 bytes @ 0xE0001048) - Data: 00 00 00 00  returns 0x00 (0002ms, 1357ms total)
T167C 402:961 JLINK_WriteU32(0xE0001044, 0x0000001F)  returns 0x00 (0000ms, 1357ms total)
T167C 402:961 JLINK_ReadMem (0xE0001044, 0x0004 Bytes, ...) -- CPU_WriteMem(4 bytes @ 0xE0001044) -- CPU_ReadMem(4 bytes @ 0xE0001044) - Data: 1F 00 00 00  returns 0x00 (0003ms, 1360ms total)
T167C 402:964 JLINK_WriteU32(0xE0001058, 0x00000100)  returns 0x00 (0000ms, 1360ms total)
T167C 402:964 JLINK_ReadMem (0xE0001058, 0x0004 Bytes, ...) -- CPU_WriteMem(4 bytes @ 0xE0001058) -- CPU_ReadMem(4 bytes @ 0xE0001058) - Data: 00 00 00 00  returns 0x00 (0001ms, 1361ms total)
T167C 402:965 JLINK_WriteU32(0xE0001054, 0x0000001F)  returns 0x00 (0000ms, 1361ms total)
T167C 402:965 JLINK_ReadMem (0xE0001054, 0x0004 Bytes, ...) -- CPU_WriteMem(4 bytes @ 0xE0001054) -- CPU_ReadMem(4 bytes @ 0xE0001054) - Data: 1F 00 00 00  returns 0x00 (0001ms, 1362ms total)
T167C 402:966 JLINK_WriteU32(0xE0001020, 0x00000000)  returns 0x00 (0000ms, 1362ms total)
T167C 402:966 JLINK_WriteU32(0xE0001024, 0x00000000)  returns 0x00 (0000ms, 1362ms total)
T167C 402:966 JLINK_WriteU32(0xE0001028, 0x00000000)  returns 0x00 (0000ms, 1362ms total)
T167C 402:966 JLINK_WriteU32(0xE0001030, 0x00000000)  returns 0x00 (0001ms, 1363ms total)
T167C 402:967 JLINK_WriteU32(0xE0001034, 0x00000000)  returns 0x00 (0000ms, 1363ms total)
T167C 402:967 JLINK_WriteU32(0xE0001038, 0x00000000)  returns 0x00 (0000ms, 1363ms total)
T167C 402:967 JLINK_WriteU32(0xE0001040, 0x00000000)  returns 0x00 (0000ms, 1363ms total)
T167C 402:967 JLINK_WriteU32(0xE0001044, 0x00000000)  returns 0x00 (0000ms, 1363ms total)
T167C 402:967 JLINK_WriteU32(0xE0001048, 0x00000000)  returns 0x00 (0000ms, 1363ms total)
T167C 402:967 JLINK_WriteU32(0xE0001050, 0x00000000)  returns 0x00 (0000ms, 1363ms total)
T167C 402:967 JLINK_WriteU32(0xE0001054, 0x00000000)  returns 0x00 (0000ms, 1363ms total)
T167C 402:967 JLINK_WriteU32(0xE0001058, 0x00000000)  returns 0x00 (0000ms, 1363ms total)
T167C 402:967 JLINK_GetBPInfo(BPHandle = 2)  returns 0x00 (0000ms, 1363ms total)
T167C 402:967 JLINK_ClrBPEx(BPHandle = 0x00000002)  returns 0x00 (0000ms, 1363ms total)
T167C 402:967 JLINK_ReadReg(R15 (PC))  returns 0x00401A68 (0000ms, 1363ms total)
T167C 402:967 JLINK_Go() -- CPU_WriteMem(4 bytes @ 0xE0002000) -- CPU_WriteMem(4 bytes @ 0xE0001000) -- CPU_ReadMem(4 bytes @ 0xE0001000) -- CPU_WriteMem(4 bytes @ 0xE000ED30) -- CPU_WriteMem(4 bytes @ 0xE0001020) -- CPU_WriteMem(4 bytes @ 0xE0001030) -- CPU_WriteMem(4 bytes @ 0xE0001040) -- CPU_WriteMem(4 bytes @ 0xE0001050) -- CPU_WriteMem(4 bytes @ 0xE0001024) -- CPU_WriteMem(4 bytes @ 0xE0001034) -- CPU_WriteMem(4 bytes @ 0xE0001044) -- CPU_WriteMem(4 bytes @ 0xE0001054)
 -- CPU_WriteMem(4 bytes @ 0xE0001028) -- CPU_WriteMem(4 bytes @ 0xE0001038) -- CPU_WriteMem(4 bytes @ 0xE0001048) -- CPU_WriteMem(4 bytes @ 0xE0001058) -- CPU_WriteMem(4 bytes @ 0xE000200C) (0008ms, 1371ms total)
T0338 402:975 JLINK_IsHalted()  returns FALSE (0002ms, 1373ms total)
T0338 403:017 JLINK_IsHalted()  returns TRUE (0004ms, 1375ms total)
T0338 403:021 JLINK_GetMOEs(...) -- CPU_ReadMem(4 bytes @ 0xE000ED30)  returns 0x01 (0001ms, 1372ms total)
T0338 403:022 JLINK_ReadReg(R15 (PC))  returns 0x0040118A (0000ms, 1372ms total)
T167C 403:028 JLINK_ReadReg(R15 (PC))  returns 0x0040118A (0000ms, 1372ms total)
T167C 403:028 JLINK_ReadReg(R13 (SP))  returns 0x204026F8 (0000ms, 1372ms total)
T167C 403:028 JLINK_ReadMemHW(0x0040118A, 0x0004 Bytes, ...) -- CPU_ReadMem(4 bytes @ 0x0040118A) - Data: 49 F2 88 42  returns 0x00 (0001ms, 1373ms total)
T167C 403:030 JLINK_ReadReg(R0)  returns 0x00000088 (0000ms, 1373ms total)
T167C 403:030 JLINK_ReadReg(R1)  returns 0x00000000 (0000ms, 1373ms total)
T167C 403:030 JLINK_ReadReg(R2)  returns 0x00000088 (0000ms, 1373ms total)
T167C 403:030 JLINK_ReadReg(R3)  returns 0x00009488 (0000ms, 1373ms total)
T167C 403:030 JLINK_ReadReg(R4)  returns 0x20402728 (0000ms, 1373ms total)
T167C 403:030 JLINK_ReadReg(R5)  returns 0x63000000 (0000ms, 1373ms total)
T167C 403:030 JLINK_ReadReg(R6)  returns 0x400E1200 (0000ms, 1373ms total)
T167C 403:030 JLINK_ReadReg(R7)  returns 0x00000000 (0000ms, 1373ms total)
T167C 403:030 JLINK_ReadReg(R8)  returns 0x00000000 (0000ms, 1373ms total)
T167C 403:030 JLINK_ReadReg(R9)  returns 0x00000000 (0000ms, 1373ms total)
T167C 403:030 JLINK_ReadReg(R10)  returns 0x00000000 (0000ms, 1373ms total)
T167C 403:030 JLINK_ReadReg(R11)  returns 0x00000000 (0000ms, 1373ms total)
T167C 403:030 JLINK_ReadReg(R12)  returns 0x00000000 (0000ms, 1373ms total)
T167C 403:030 JLINK_ReadReg(R13 (SP))  returns 0x204026F8 (0000ms, 1373ms total)
T167C 403:030 JLINK_ReadReg(R14)  returns 0x0040115D (0000ms, 1373ms total)
T167C 403:030 JLINK_ReadReg(R15 (PC))  returns 0x0040118A (0000ms, 1373ms total)
T167C 403:030 JLINK_ReadReg(XPSR)  returns 0x01000000 (0000ms, 1373ms total)
T167C 403:030 JLINK_ReadReg(MSP)  returns 0x204026F8 (0000ms, 1373ms total)
T167C 403:030 JLINK_ReadReg(PSP)  returns 0x00000000 (0000ms, 1373ms total)
T167C 403:030 JLINK_ReadReg(PRIMASK)  returns 0x00000000 (0000ms, 1373ms total)
T167C 403:030 JLINK_ReadReg(BASEPRI)  returns 0x00000000 (0000ms, 1373ms total)
T167C 403:030 JLINK_ReadReg(FAULTMASK)  returns 0x00000000 (0001ms, 1374ms total)
T167C 403:031 JLINK_ReadReg(CONTROL)  returns 0x00000000 (0000ms, 1374ms total)
T167C 403:031 JLINK_ReadReg(FPSCR)  returns 0x00000000 (0005ms, 1379ms total)
T167C 403:036 JLINK_ReadReg(FPS0)  returns 0x00000000 (0000ms, 1379ms total)
T167C 403:036 JLINK_ReadReg(FPS1)  returns 0x00000000 (0000ms, 1379ms total)
T167C 403:036 JLINK_ReadReg(FPS2)  returns 0x00000000 (0000ms, 1379ms total)
T167C 403:036 JLINK_ReadReg(FPS3)  returns 0x00000000 (0000ms, 1379ms total)
T167C 403:036 JLINK_ReadReg(FPS4)  returns 0x00000000 (0000ms, 1379ms total)
T167C 403:036 JLINK_ReadReg(FPS5)  returns 0x00000000 (0000ms, 1379ms total)
T167C 403:036 JLINK_ReadReg(FPS6)  returns 0x00000000 (0000ms, 1379ms total)
T167C 403:036 JLINK_ReadReg(FPS7)  returns 0x00000000 (0000ms, 1379ms total)
T167C 403:036 JLINK_ReadReg(FPS8)  returns 0x00000000 (0000ms, 1379ms total)
T167C 403:036 JLINK_ReadReg(FPS9)  returns 0x00000000 (0000ms, 1379ms total)
T167C 403:036 JLINK_ReadReg(FPS10)  returns 0x00000000 (0000ms, 1379ms total)
T167C 403:036 JLINK_ReadReg(FPS11)  returns 0x00000000 (0000ms, 1379ms total)
T167C 403:036 JLINK_ReadReg(FPS12)  returns 0x00000000 (0000ms, 1379ms total)
T167C 403:036 JLINK_ReadReg(FPS13)  returns 0x00000000 (0000ms, 1379ms total)
T167C 403:036 JLINK_ReadReg(FPS14)  returns 0x00000000 (0000ms, 1379ms total)
T167C 403:036 JLINK_ReadReg(FPS15)  returns 0xFFFFFFFF (0000ms, 1379ms total)
T167C 403:036 JLINK_ReadReg(FPS16)  returns 0x00000000 (0001ms, 1380ms total)
T167C 403:037 JLINK_ReadReg(FPS17)  returns 0x00000000 (0000ms, 1380ms total)
T167C 403:037 JLINK_ReadReg(FPS18)  returns 0x00000000 (0000ms, 1380ms total)
T167C 403:037 JLINK_ReadReg(FPS19)  returns 0x00000000 (0000ms, 1380ms total)
T167C 403:037 JLINK_ReadReg(FPS20)  returns 0x00000000 (0000ms, 1380ms total)
T167C 403:037 JLINK_ReadReg(FPS21)  returns 0x00000000 (0000ms, 1380ms total)
T167C 403:037 JLINK_ReadReg(FPS22)  returns 0x00000000 (0000ms, 1380ms total)
T167C 403:037 JLINK_ReadReg(FPS23)  returns 0x00000000 (0000ms, 1380ms total)
T167C 403:037 JLINK_ReadReg(FPS24)  returns 0x00000000 (0000ms, 1380ms total)
T167C 403:037 JLINK_ReadReg(FPS25)  returns 0x00000000 (0000ms, 1380ms total)
T167C 403:037 JLINK_ReadReg(FPS26)  returns 0x00000000 (0000ms, 1380ms total)
T167C 403:037 JLINK_ReadReg(FPS27)  returns 0x00000000 (0000ms, 1380ms total)
T167C 403:037 JLINK_ReadReg(FPS28)  returns 0x00000000 (0000ms, 1380ms total)
T167C 403:037 JLINK_ReadReg(FPS29)  returns 0x00000000 (0000ms, 1380ms total)
T167C 403:037 JLINK_ReadReg(FPS30)  returns 0x00000000 (0000ms, 1380ms total)
T167C 403:037 JLINK_ReadReg(FPS31)  returns 0xFFFFFFFF (0000ms, 1380ms total)
T167C 403:037 JLINK_ReadMem (0x20402700, 0x0040 Bytes, ...) -- CPU_ReadMem(64 bytes @ 0x20402700) -- Updating C cache (64 bytes @ 0x20402700) -- Read from C cache (64 bytes @ 0x20402700) - Data: 94 00 88 00 B0 1F 00 00 DD 0F 40 00 00 00 00 00 ...  returns 0x00 (0001ms, 1381ms total)
T167C 403:052 JLINK_ReadMemHW(0x004009D8, 0x0004 Bytes, ...) -- CPU_ReadMem(4 bytes @ 0x004009D8) - Data: 0D 4B 98 47  returns 0x00 (0004ms, 1385ms total)
T167C 403:090 JLINK_ReadMem (0x20402740, 0x0040 Bytes, ...) -- CPU_ReadMem(64 bytes @ 0x20402740) -- Updating C cache (64 bytes @ 0x20402740) -- Read from C cache (64 bytes @ 0x20402740) - Data: 00 00 00 00 00 00 00 00 00 00 00 00 7B 1A 40 00 ...  returns 0x00 (0001ms, 1386ms total)
T167C 403:091 JLINK_ReadMemHW(0x00401A7A, 0x0004 Bytes, ...) -- CPU_ReadMem(4 bytes @ 0x00401A7A) - Data: 06 20 9C 4B  returns 0x00 (0001ms, 1387ms total)
T1978 403:212 JLINK_ReadMem (0x40000000, 0x001C Bytes, ...) -- CPU_ReadMem(28 bytes @ 0x40000000) - Data: 00 00 00 00 00 00 00 00 00 00 00 00 00 00 00 00 ...  returns 0x00 (0001ms, 1388ms total)
T1978 403:214 JLINK_ReadMem (0x40000000, 0x001C Bytes, ...) -- CPU_ReadMem(28 bytes @ 0x40000000) - Data: 00 00 00 00 00 00 00 00 00 00 00 00 00 00 00 00 ...  returns 0x00 (0004ms, 1392ms total)
T0338 403:226 JLINK_IsHalted()  returns TRUE (0000ms, 1392ms total)
T1978 403:326 JLINK_ReadMem (0x4000001C, 0x0002 Bytes, ...) -- CPU_ReadMem(2 bytes @ 0x4000001C) - Data: 00 00  returns 0x00 (0000ms, 1392ms total)
T1978 403:380 JLINK_ReadMem (0x40000000, 0x001E Bytes, ...) -- CPU_ReadMem(30 bytes @ 0x40000000) - Data: 00 00 00 00 00 00 00 00 00 00 00 00 00 00 00 00 ...  returns 0x00 (0004ms, 1396ms total)
T1978 403:385 JLINK_ReadMem (0x40000000, 0x001E Bytes, ...) -- CPU_ReadMem(30 bytes @ 0x40000000) - Data: 00 00 00 00 00 00 00 00 00 00 00 00 00 00 00 00 ...  returns 0x00 (0001ms, 1397ms total)
T0338 403:475 JLINK_IsHalted()  returns TRUE (0000ms, 1397ms total)
T0338 403:675 JLINK_IsHalted()  returns TRUE (0000ms, 1397ms total)
T0338 403:877 JLINK_IsHalted()  returns TRUE (0000ms, 1397ms total)
T0338 404:080 JLINK_IsHalted()  returns TRUE (0000ms, 1397ms total)
T0338 404:283 JLINK_IsHalted()  returns TRUE (0000ms, 1397ms total)
T0338 404:484 JLINK_IsHalted()  returns TRUE (0000ms, 1397ms total)
T0338 404:686 JLINK_IsHalted()  returns TRUE (0000ms, 1397ms total)
T0338 404:888 JLINK_IsHalted()  returns TRUE (0000ms, 1397ms total)
T167C 405:034 JLINK_ReadReg(R15 (PC))  returns 0x0040118A (0000ms, 1397ms total)
T167C 405:034 JLINK_GetBPInfo(BPHandle = 1)  returns 0x00 (0000ms, 1397ms total)
T167C 405:034 JLINK_ClrBPEx(BPHandle = 0x00000001)  returns 0x00 (0000ms, 1397ms total)
T167C 405:034 JLINK_Step() -- Read from flash cache (2 bytes @ 0x0040118A) -- CPU_ReadMem(4 bytes @ 0xE000ED18) -- CPU_WriteMem(4 bytes @ 0xE000ED18) -- CPU_ReadMem(4 bytes @ 0xE000ED18) -- CPU_WriteMem(4 bytes @ 0xE000ED18) -- CPU_ReadMem(4 bytes @ 0xE0001004) -- Read from flash cache (2 bytes @ 0x0040118C) -- Simulated  returns 0x00 (0012ms, 1409ms total)
T167C 405:046 JLINK_SetBPEx(Addr = 0x0040118A, Type = 0xFFFFFFF2)  returns 0x00000003 (0000ms, 1409ms total)
T167C 405:046 JLINK_GetBPInfo(BPHandle = 3)  returns 0x00 (0000ms, 1409ms total)
T0338 405:046 JLINK_IsHalted()  returns TRUE (0000ms, 1409ms total)
T0338 405:046 JLINK_GetMOEs(...)  returns 0x01 (0000ms, 1409ms total)
T0338 405:046 JLINK_ReadReg(R15 (PC))  returns 0x0040118E (0000ms, 1409ms total)
T167C 405:057 JLINK_ReadReg(R15 (PC))  returns 0x0040118E (0000ms, 1409ms total)
T167C 405:057 JLINK_ReadReg(R13 (SP))  returns 0x204026F8 (0000ms, 1409ms total)
T167C 405:057 JLINK_ReadMemHW(0x0040118E, 0x0004 Bytes, ...) -- CPU_ReadMem(4 bytes @ 0x0040118E) - Data: 93 42 02 D0  returns 0x00 (0004ms, 1413ms total)
T167C 405:061 JLINK_ReadReg(R15 (PC))  returns 0x0040118E (0000ms, 1413ms total)
T167C 405:062 JLINK_Step() -- Read from flash cache (2 bytes @ 0x0040118E) -- Simulated  returns 0x00 (0000ms, 1413ms total)
T0338 405:062 JLINK_IsHalted()  returns TRUE (0000ms, 1413ms total)
T0338 405:062 JLINK_GetMOEs(...)  returns 0x01 (0000ms, 1413ms total)
T0338 405:062 JLINK_ReadReg(R15 (PC))  returns 0x00401190 (0000ms, 1413ms total)
T167C 405:073 JLINK_ReadReg(R15 (PC))  returns 0x00401190 (0000ms, 1413ms total)
T167C 405:073 JLINK_ReadReg(R13 (SP))  returns 0x204026F8 (0000ms, 1413ms total)
T167C 405:073 JLINK_ReadMemHW(0x00401190, 0x0004 Bytes, ...) -- CPU_ReadMem(4 bytes @ 0x00401190) - Data: 02 D0 01 20  returns 0x00 (0001ms, 1414ms total)
T167C 405:074 JLINK_ReadReg(R15 (PC))  returns 0x00401190 (0000ms, 1414ms total)
T167C 405:074 JLINK_Step() -- Read from flash cache (2 bytes @ 0x00401190) -- Simulated  returns 0x00 (0000ms, 1414ms total)
T0338 405:074 JLINK_IsHalted()  returns TRUE (0000ms, 1414ms total)
T0338 405:074 JLINK_GetMOEs(...)  returns 0x01 (0000ms, 1414ms total)
T0338 405:074 JLINK_ReadReg(R15 (PC))  returns 0x00401198 (0000ms, 1414ms total)
T167C 405:085 JLINK_ReadReg(R15 (PC))  returns 0x00401198 (0000ms, 1414ms total)
T167C 405:085 JLINK_ReadReg(R13 (SP))  returns 0x204026F8 (0000ms, 1414ms total)
T167C 405:085 JLINK_ReadMemHW(0x00401198, 0x0004 Bytes, ...) -- CPU_ReadMem(4 bytes @ 0x00401198) - Data: 04 AE 48 23  returns 0x00 (0001ms, 1415ms total)
T167C 405:087 JLINK_ReadReg(R0)  returns 0x00000088 (0000ms, 1415ms total)
T167C 405:087 JLINK_ReadReg(R1)  returns 0x00000000 (0000ms, 1415ms total)
T167C 405:087 JLINK_ReadReg(R2)  returns 0x00009488 (0000ms, 1415ms total)
T167C 405:087 JLINK_ReadReg(R3)  returns 0x00009488 (0000ms, 1415ms total)
T167C 405:087 JLINK_ReadReg(R4)  returns 0x20402728 (0000ms, 1415ms total)
T167C 405:087 JLINK_ReadReg(R5)  returns 0x63000000 (0000ms, 1415ms total)
T167C 405:087 JLINK_ReadReg(R6)  returns 0x400E1200 (0000ms, 1415ms total)
T167C 405:087 JLINK_ReadReg(R7)  returns 0x00000000 (0000ms, 1415ms total)
T167C 405:087 JLINK_ReadReg(R8)  returns 0x00000000 (0000ms, 1415ms total)
T167C 405:087 JLINK_ReadReg(R9)  returns 0x00000000 (0000ms, 1415ms total)
T167C 405:087 JLINK_ReadReg(R10)  returns 0x00000000 (0000ms, 1415ms total)
T167C 405:087 JLINK_ReadReg(R11)  returns 0x00000000 (0000ms, 1415ms total)
T167C 405:087 JLINK_ReadReg(R12)  returns 0x00000000 (0000ms, 1415ms total)
T167C 405:087 JLINK_ReadReg(R13 (SP))  returns 0x204026F8 (0000ms, 1415ms total)
T167C 405:087 JLINK_ReadReg(R14)  returns 0x0040115D (0000ms, 1415ms total)
T167C 405:087 JLINK_ReadReg(R15 (PC))  returns 0x00401198 (0000ms, 1415ms total)
T167C 405:087 JLINK_ReadReg(XPSR)  returns 0x61000000 (0000ms, 1415ms total)
T167C 405:087 JLINK_ReadReg(MSP)  returns 0x204026F8 (0000ms, 1415ms total)
T167C 405:087 JLINK_ReadReg(PSP)  returns 0x00000000 (0000ms, 1415ms total)
T167C 405:087 JLINK_ReadReg(PRIMASK)  returns 0x00000000 (0000ms, 1415ms total)
T167C 405:087 JLINK_ReadReg(BASEPRI)  returns 0x00000000 (0000ms, 1415ms total)
T167C 405:087 JLINK_ReadReg(FAULTMASK)  returns 0x00000000 (0000ms, 1415ms total)
T167C 405:087 JLINK_ReadReg(CONTROL)  returns 0x00000000 (0000ms, 1415ms total)
T167C 405:087 JLINK_ReadReg(FPSCR)  returns 0x00000000 (0000ms, 1415ms total)
T167C 405:087 JLINK_ReadReg(FPS0)  returns 0x00000000 (0000ms, 1415ms total)
T167C 405:087 JLINK_ReadReg(FPS1)  returns 0x00000000 (0000ms, 1415ms total)
T167C 405:087 JLINK_ReadReg(FPS2)  returns 0x00000000 (0001ms, 1416ms total)
T167C 405:088 JLINK_ReadReg(FPS3)  returns 0x00000000 (0000ms, 1416ms total)
T167C 405:088 JLINK_ReadReg(FPS4)  returns 0x00000000 (0000ms, 1416ms total)
T167C 405:088 JLINK_ReadReg(FPS5)  returns 0x00000000 (0000ms, 1416ms total)
T167C 405:088 JLINK_ReadReg(FPS6)  returns 0x00000000 (0000ms, 1416ms total)
T167C 405:088 JLINK_ReadReg(FPS7)  returns 0x00000000 (0000ms, 1416ms total)
T167C 405:088 JLINK_ReadReg(FPS8)  returns 0x00000000 (0000ms, 1416ms total)
T167C 405:088 JLINK_ReadReg(FPS9)  returns 0x00000000 (0000ms, 1416ms total)
T167C 405:088 JLINK_ReadReg(FPS10)  returns 0x00000000 (0000ms, 1416ms total)
T167C 405:088 JLINK_ReadReg(FPS11)  returns 0x00000000 (0000ms, 1416ms total)
T167C 405:088 JLINK_ReadReg(FPS12)  returns 0x00000000 (0000ms, 1416ms total)
T167C 405:088 JLINK_ReadReg(FPS13)  returns 0x00000000 (0000ms, 1416ms total)
T167C 405:088 JLINK_ReadReg(FPS14)  returns 0x00000000 (0000ms, 1416ms total)
T167C 405:088 JLINK_ReadReg(FPS15)  returns 0xFFFFFFFF (0000ms, 1416ms total)
T167C 405:088 JLINK_ReadReg(FPS16)  returns 0x00000000 (0000ms, 1416ms total)
T167C 405:088 JLINK_ReadReg(FPS17)  returns 0x00000000 (0000ms, 1416ms total)
T167C 405:088 JLINK_ReadReg(FPS18)  returns 0x00000000 (0000ms, 1416ms total)
T167C 405:088 JLINK_ReadReg(FPS19)  returns 0x00000000 (0000ms, 1416ms total)
T167C 405:088 JLINK_ReadReg(FPS20)  returns 0x00000000 (0000ms, 1416ms total)
T167C 405:088 JLINK_ReadReg(FPS21)  returns 0x00000000 (0000ms, 1416ms total)
T167C 405:088 JLINK_ReadReg(FPS22)  returns 0x00000000 (0000ms, 1416ms total)
T167C 405:088 JLINK_ReadReg(FPS23)  returns 0x00000000 (0000ms, 1416ms total)
T167C 405:088 JLINK_ReadReg(FPS24)  returns 0x00000000 (0000ms, 1416ms total)
T167C 405:088 JLINK_ReadReg(FPS25)  returns 0x00000000 (0000ms, 1416ms total)
T167C 405:088 JLINK_ReadReg(FPS26)  returns 0x00000000 (0000ms, 1416ms total)
T167C 405:088 JLINK_ReadReg(FPS27)  returns 0x00000000 (0000ms, 1416ms total)
T167C 405:088 JLINK_ReadReg(FPS28)  returns 0x00000000 (0000ms, 1416ms total)
T167C 405:088 JLINK_ReadReg(FPS29)  returns 0x00000000 (0000ms, 1416ms total)
T167C 405:088 JLINK_ReadReg(FPS30)  returns 0x00000000 (0000ms, 1416ms total)
T167C 405:088 JLINK_ReadReg(FPS31)  returns 0xFFFFFFFF (0000ms, 1416ms total)
T167C 405:088 JLINK_ReadMem (0x20402700, 0x0040 Bytes, ...) -- Read from C cache (64 bytes @ 0x20402700) - Data: 94 00 88 00 B0 1F 00 00 DD 0F 40 00 00 00 00 00 ...  returns 0x00 (0000ms, 1416ms total)
T167C 405:089 JLINK_ReadMemHW(0x004009D8, 0x0004 Bytes, ...) -- CPU_ReadMem(4 bytes @ 0x004009D8) - Data: 0D 4B 98 47  returns 0x00 (0005ms, 1421ms total)
T167C 405:111 JLINK_ReadMem (0x20402740, 0x0040 Bytes, ...) -- Read from C cache (64 bytes @ 0x20402740) - Data: 00 00 00 00 00 00 00 00 00 00 00 00 7B 1A 40 00 ...  returns 0x00 (0000ms, 1421ms total)
T167C 405:111 JLINK_ReadMemHW(0x00401A7A, 0x0004 Bytes, ...) -- CPU_ReadMem(4 bytes @ 0x00401A7A) - Data: 06 20 9C 4B  returns 0x00 (0004ms, 1425ms total)
T1978 405:169 JLINK_ReadMem (0x40000000, 0x001E Bytes, ...) -- CPU_ReadMem(30 bytes @ 0x40000000) - Data: 00 00 00 00 00 00 00 00 00 00 00 00 00 00 00 00 ...  returns 0x00 (0001ms, 1426ms total)
T1978 405:171 JLINK_ReadMem (0x40000000, 0x001E Bytes, ...) -- CPU_ReadMem(30 bytes @ 0x40000000) - Data: 00 00 00 00 00 00 00 00 00 00 00 00 00 00 00 00 ...  returns 0x00 (0001ms, 1427ms total)
T0338 405:276 JLINK_IsHalted()  returns TRUE (0000ms, 1427ms total)
T0338 405:476 JLINK_IsHalted()  returns TRUE (0000ms, 1427ms total)
T0338 405:678 JLINK_IsHalted()  returns TRUE (0000ms, 1427ms total)
T0338 405:881 JLINK_IsHalted()  returns TRUE (0006ms, 1433ms total)
T0338 406:087 JLINK_IsHalted()  returns TRUE (0001ms, 1428ms total)
T0338 406:289 JLINK_IsHalted()  returns TRUE (0000ms, 1427ms total)
T0338 406:491 JLINK_IsHalted()  returns TRUE (0000ms, 1427ms total)
T0338 406:691 JLINK_IsHalted()  returns TRUE (0001ms, 1428ms total)
T0338 406:892 JLINK_IsHalted()  returns TRUE (0000ms, 1427ms total)
T0338 407:093 JLINK_IsHalted()  returns TRUE (0000ms, 1427ms total)
T0338 407:293 JLINK_IsHalted()  returns TRUE (0000ms, 1427ms total)
T0338 407:494 JLINK_IsHalted()  returns TRUE (0000ms, 1427ms total)
T0338 407:695 JLINK_IsHalted()  returns TRUE (0000ms, 1427ms total)
T0338 407:897 JLINK_IsHalted()  returns TRUE (0000ms, 1427ms total)
T0338 408:097 JLINK_IsHalted()  returns TRUE (0000ms, 1427ms total)
T0338 408:298 JLINK_IsHalted()  returns TRUE (0000ms, 1427ms total)
T0338 408:500 JLINK_IsHalted()  returns TRUE (0001ms, 1428ms total)
T0338 408:703 JLINK_IsHalted()  returns TRUE (0000ms, 1427ms total)
T0338 408:904 JLINK_IsHalted()  returns TRUE (0000ms, 1427ms total)
T0338 409:105 JLINK_IsHalted()  returns TRUE (0001ms, 1428ms total)
T1978 409:141 JLINK_GetBPInfo(BPHandle = 3)  returns 0x00 (0000ms, 1427ms total)
T1978 409:141 JLINK_ClrBPEx(BPHandle = 0x00000003)  returns 0x00 (0000ms, 1427ms total)
T0338 409:307 JLINK_IsHalted()  returns TRUE (0000ms, 1427ms total)
T0338 409:509 JLINK_IsHalted()  returns TRUE (0000ms, 1427ms total)
T0338 409:710 JLINK_IsHalted()  returns TRUE (0000ms, 1427ms total)
T0338 409:913 JLINK_IsHalted()  returns TRUE (0000ms, 1427ms total)
T0338 410:118 JLINK_IsHalted()  returns TRUE (0000ms, 1427ms total)
T0338 410:319 JLINK_IsHalted()  returns TRUE (0000ms, 1427ms total)
T0338 410:519 JLINK_IsHalted()  returns TRUE (0000ms, 1427ms total)
T0338 410:721 JLINK_IsHalted()  returns TRUE (0000ms, 1427ms total)
T0338 410:921 JLINK_IsHalted()  returns TRUE (0000ms, 1427ms total)
T1978 410:922 JLINK_ResetPullsRESET(ON) (0000ms, 1427ms total)
T1978 410:922 JLINK_ResetNoHalt() >0x10B TIF>Found SW-DP with ID 0x0BD11477 >0x0D TIF> >0x28 TIF> >0x0D TIF> >0x28 TIF> >0x0D TIF> >0x28 TIF> >0x0D TIF> >0x28 TIF> >0x0D TIF> >0x21 TIF> >0x0D TIF> >0x28 TIF>AP map detection skipped. User manually configured AP map.AP[0]: AHB-AP (IDR: Not set) >0x42 TIF> >0x28 TIF> >0x0D TIF> >0x21 TIF> >0x0D TIF> >0x21 TIF> >0x42 TIF> >0x28 TIF> >0x0D TIF> >0x28 TIF> >0x0D TIF> >0x28 TIF> >0x0D TIF> >0x21 TIF> >0x0D TIF> >0x21 TIF>AP[0]: Core found
AP[0]: AHB-AP ROM base: 0xE00FD000 >0x0D TIF> >0x28 TIF> >0x0D TIF> >0x28 TIF> >0x0D TIF> >0x28 TIF> >0x0D TIF> >0x21 TIF> >0x0D TIF> >0x21 TIF>CPUID register: 0x411FC271. Implementer code: 0x41 (ARM)Found Cortex-M7 r1p1, Little endian. -- CPU_ReadMem(4 bytes @ 0xE000EDF0) -- CPU_ReadMem(4 bytes @ 0xE0002000) -- CPU_ReadMem(4 bytes @ 0xE0001000) -- CPU_ReadMem(4 bytes @ 0xE000ED88) -- CPU_WriteMem(4 bytes @ 0xE000ED88) -- CPU_ReadMem(4 bytes @ 0xE000ED88) -- CPU_WriteMem(4 bytes @ 0xE000ED88)
CoreSight components:ROMTbl[0] @ E00FD000 -- CPU_ReadMem(16 bytes @ 0xE00FD000) -- CPU_ReadMem(16 bytes @ 0xE00FEFF0) -- CPU_ReadMem(16 bytes @ 0xE00FEFE0)ROMTbl[0][0]: E00FE000, CID: B105100D, PID: 000BB4C8 ROM TableROMTbl[1] @ E00FE000 -- CPU_ReadMem(16 bytes @ 0xE00FE000) -- CPU_ReadMem(16 bytes @ 0xE00FFFF0) -- CPU_ReadMem(16 bytes @ 0xE00FFFE0)ROMTbl[1][0]: E00FF000, CID: B105100D, PID: 000BB4C7 ROM TableROMTbl[2] @ E00FF000 -- CPU_ReadMem(16 bytes @ 0xE00FF000) -- CPU_ReadMem(16 bytes @ 0xE000EFF0)
 -- CPU_ReadMem(16 bytes @ 0xE000EFE0)ROMTbl[2][0]: E000E000, CID: B105E00D, PID: 000BB00C SCS -- CPU_WriteMem(4 bytes @ 0xE0001000) -- CPU_ReadMem(16 bytes @ 0xE0001FF0) -- CPU_ReadMem(16 bytes @ 0xE0001FE0)ROMTbl[2][1]: E0001000, CID: B105E00D, PID: 000BB002 DWT -- CPU_ReadMem(16 bytes @ 0xE0002FF0) -- CPU_ReadMem(16 bytes @ 0xE0002FE0)ROMTbl[2][2]: E0002000, CID: B105E00D, PID: 000BB00E FPB -- CPU_ReadMem(16 bytes @ 0xE0000FF0) -- CPU_ReadMem(16 bytes @ 0xE0000FE0)
ROMTbl[2][3]: E0000000, CID: B105E00D, PID: 000BB001 ITM -- CPU_ReadMem(16 bytes @ 0xE00FF010) -- CPU_ReadMem(16 bytes @ 0xE0041FF0) -- CPU_ReadMem(16 bytes @ 0xE0041FE0)ROMTbl[1][1]: E0041000, CID: B105900D, PID: 001BB975 ETM-M7 -- CPU_ReadMem(16 bytes @ 0xE00FE010) -- CPU_ReadMem(16 bytes @ 0xE0040FF0) -- CPU_ReadMem(16 bytes @ 0xE0040FE0)ROMTbl[0][1]: E0040000, CID: B105900D, PID: 000BB9A9 TPIU-M7 -- CPU_ReadMem(16 bytes @ 0xE00FD010) -- CPU_ReadMem(4 bytes @ 0xE000ED78)Cache: Separate I- and D-cache.
 (0138ms, 1565ms total)
T1978 410:922  -- CPU_WriteMem(4 bytes @ 0xE000ED84) -- CPU_ReadMem(4 bytes @ 0xE000ED80)I-Cache L1: 16 KB, 256 Sets, 32 Bytes/Line, 2-Way -- CPU_WriteMem(4 bytes @ 0xE000ED84) -- CPU_ReadMem(4 bytes @ 0xE000ED80)D-Cache L1: 16 KB, 128 Sets, 32 Bytes/Line, 4-Way
                JLINK_Reset() -- CPU_WriteMem(4 bytes @ 0xE000EDF0) -- CPU_WriteMem(4 bytes @ 0xE000EDFC) >0x35 TIF> -- CPU_WriteMem(4 bytes @ 0xE000ED0C) >0x0D TIF> >0x28 TIF> -- CPU_ReadMem(4 bytes @ 0xE000EDF0) -- CPU_ReadMem(4 bytes @ 0xE000EDF0) -- CPU_WriteMem(4 bytes @ 0xE000EDF0) -- CPU_WriteMem(4 bytes @ 0xE000EDFC) -- CPU_ReadMem(4 bytes @ 0xE000EDF0) -- CPU_WriteMem(4 bytes @ 0xE0002000) -- CPU_ReadMem(4 bytes @ 0xE000EDFC) -- CPU_ReadMem(4 bytes @ 0xE0001000) (0074ms, 0074ms total)
                JLINK_Go() -- CPU_ReadMem(4 bytes @ 0xE0001000) -- CPU_WriteMem(4 bytes @ 0xE0002008) -- CPU_WriteMem(4 bytes @ 0xE000200C) -- CPU_WriteMem(4 bytes @ 0xE0002010) -- CPU_WriteMem(4 bytes @ 0xE0002014) -- CPU_WriteMem(4 bytes @ 0xE0002018) -- CPU_WriteMem(4 bytes @ 0xE000201C) -- CPU_WriteMem(4 bytes @ 0xE0002020) -- CPU_WriteMem(4 bytes @ 0xE0002024) -- CPU_WriteMem(4 bytes @ 0xE0001004) (0003ms, 0077ms total)
               (0216ms, 1643ms total)
