
T2DC0 300:022 SEGGER J-Link V6.18a Log File (0044ms, 0190ms total)
T2DC0 300:022 DLL Compiled: Aug 11 2017 17:53:19 (0044ms, 0190ms total)
T2DC0 300:022 Logging started @ 2017-12-20 19:58 (0044ms, 0190ms total)
T2DC0 300:075 JLINK_ExecCommand("Device = ATSAMV71Q21", ...).   returns 0x00 (0003ms, 0193ms total)
T2DC0 300:366 JLINK_ExecCommand("ProjectFile = C:\Users\Daniel Gonzalez\Dropbox (UFL)\Spring2018\Senior_Design\SeniorDesignRepo\Atmel_Projects\SoundInSoundOut_V2\SoundInSoundOut_V2\jlink.config", ...).   returns 0x00 (0013ms, 0206ms total)
T2DC0 300:387 JLINK_ExecCommand("Device = ATSAMV71Q21", ...).   returns 0x00 (0011ms, 0217ms total)
T2DC0 300:398 JLINK_TIF_Select(JLINKARM_TIF_SWD)  returns 0x00 (0003ms, 0220ms total)
T2DC0 300:402 JLINK_SetSpeed(4000) (0000ms, 0220ms total)
T2DC0 300:402 JLINK_ResetPullsRESET(OFF) (0000ms, 0220ms total)
T2DC0 300:402 JLINK_Connect() >0x10B TIF>Found SW-DP with ID 0x0BD11477 >0x0D TIF> >0x28 TIF> >0x0D TIF> >0x28 TIF> >0x0D TIF> >0x28 TIF> >0x0D TIF> >0x28 TIF> >0x0D TIF> >0x21 TIF> >0x0D TIF> >0x28 TIF>Scanning AP map to find all available APs >0x0D TIF> >0x28 TIF> >0x0D TIF> >0x21 TIF> >0x0D TIF> >0x21 TIF> >0x0D TIF> >0x28 TIF> >0x0D TIF> >0x21 TIF> >0x0D TIF> >0x21 TIF>AP[1]: Stopped AP scan as end of AP map has been reachedAP[0]: AHB-AP (IDR: 0x04770041)Iterating through AP map to find AHB-AP to use
 >0x42 TIF> >0x28 TIF> >0x0D TIF> >0x21 TIF> >0x0D TIF> >0x21 TIF> >0x42 TIF> >0x28 TIF> >0x0D TIF> >0x28 TIF> >0x0D TIF> >0x28 TIF> >0x0D TIF> >0x21 TIF> >0x0D TIF> >0x21 TIF>AP[0]: Core foundAP[0]: AHB-AP ROM base: 0xE00FD000 >0x0D TIF> >0x28 TIF> >0x0D TIF> >0x28 TIF> >0x0D TIF> >0x28 TIF> >0x0D TIF> >0x21 TIF> >0x0D TIF> >0x21 TIF>CPUID register: 0x411FC271. Implementer code: 0x41 (ARM)Found Cortex-M7 r1p1, Little endian. -- CPU_ReadMem(4 bytes @ 0xE000EDF0) -- CPU_ReadMem(4 bytes @ 0xE0002000)
 -- CPU_ReadMem(4 bytes @ 0xE000EDFC) -- CPU_ReadMem(4 bytes @ 0xE0001000) -- CPU_WriteMem(4 bytes @ 0xE0001000) -- CPU_ReadMem(4 bytes @ 0xE000ED88) -- CPU_WriteMem(4 bytes @ 0xE000ED88) -- CPU_ReadMem(4 bytes @ 0xE000ED88) -- CPU_WriteMem(4 bytes @ 0xE000ED88)CoreSight components:ROMTbl[0] @ E00FD000 -- CPU_ReadMem(16 bytes @ 0xE00FD000) -- CPU_ReadMem(16 bytes @ 0xE00FEFF0) -- CPU_ReadMem(16 bytes @ 0xE00FEFE0)ROMTbl[0][0]: E00FE000, CID: B105100D, PID: 000BB4C8 ROM TableROMTbl[1] @ E00FE000
 -- CPU_ReadMem(16 bytes @ 0xE00FE000) -- CPU_ReadMem(16 bytes @ 0xE00FFFF0) -- CPU_ReadMem(16 bytes @ 0xE00FFFE0)ROMTbl[1][0]: E00FF000, CID: B105100D, PID: 000BB4C7 ROM TableROMTbl[2] @ E00FF000 -- CPU_ReadMem(16 bytes @ 0xE00FF000) -- CPU_ReadMem(16 bytes @ 0xE000EFF0) -- CPU_ReadMem(16 bytes @ 0xE000EFE0)ROMTbl[2][0]: E000E000, CID: B105E00D, PID: 000BB00C SCS -- CPU_ReadMem(16 bytes @ 0xE0001FF0) -- CPU_ReadMem(16 bytes @ 0xE0001FE0)ROMTbl[2][1]: E0001000, CID: B105E00D, PID: 000BB002 DWT
 -- CPU_ReadMem(16 bytes @ 0xE0002FF0) -- CPU_ReadMem(16 bytes @ 0xE0002FE0)ROMTbl[2][2]: E0002000, CID: B105E00D, PID: 000BB00E FPB -- CPU_ReadMem(16 bytes @ 0xE0000FF0) -- CPU_ReadMem(16 bytes @ 0xE0000FE0)ROMTbl[2][3]: E0000000, CID: B105E00D, PID: 000BB001 ITM -- CPU_ReadMem(16 bytes @ 0xE00FF010) -- CPU_ReadMem(16 bytes @ 0xE0041FF0) -- CPU_ReadMem(16 bytes @ 0xE0041FE0)ROMTbl[1][1]: E0041000, CID: B105900D, PID: 001BB975 ETM-M7 -- CPU_ReadMem(16 bytes @ 0xE00FE010)
 -- CPU_ReadMem(16 bytes @ 0xE0040FF0) -- CPU_ReadMem(16 bytes @ 0xE0040FE0)ROMTbl[0][1]: E0040000, CID: B105900D, PID: 000BB9A9 TPIU-M7 -- CPU_ReadMem(16 bytes @ 0xE00FD010) -- CPU_ReadMem(4 bytes @ 0xE000ED78)Cache: Separate I- and D-cache. (0169ms, 0389ms total)
T2DC0 300:402  -- CPU_WriteMem(4 bytes @ 0xE000ED84) -- CPU_ReadMem(4 bytes @ 0xE000ED80)I-Cache L1: 16 KB, 256 Sets, 32 Bytes/Line, 2-Way -- CPU_WriteMem(4 bytes @ 0xE000ED84) -- CPU_ReadMem(4 bytes @ 0xE000ED80)D-Cache L1: 16 KB, 128 Sets, 32 Bytes/Line, 4-Way  returns 0x00 (0179ms, 0399ms total)
T2DC0 300:582 JLINK_Halt()  returns 0x00 (0003ms, 0402ms total)
T2DC0 300:585 JLINK_WriteMem(0x400E0C04, 0x0004 Bytes, ...) - Data: 0B 01 00 5A -- CPU_WriteMem(4 bytes @ 0x400E0C04)  returns 0x04 (0001ms, 0403ms total)
T2DC0 300:586 JLINK_ReadMem (0x400E0C08, 0x0004 Bytes, ...) -- CPU_ReadMem(4 bytes @ 0x400E0C08) - Data: 01 00 00 00  returns 0x00 (0001ms, 0404ms total)
T2DC0 300:587 JLINK_SetResetType(JLINKARM_CM3_RESET_TYPE_NORMAL)  returns JLINKARM_CM3_RESET_TYPE_NORMAL (0000ms, 0404ms total)
T2DC0 300:587 JLINK_Reset() -- CPU_WriteMem(4 bytes @ 0xE000EDF0) -- CPU_WriteMem(4 bytes @ 0xE000EDFC) >0x35 TIF> -- CPU_WriteMem(4 bytes @ 0xE000ED0C) >0x0D TIF> >0x28 TIF> -- CPU_ReadMem(4 bytes @ 0xE000EDF0) -- CPU_ReadMem(4 bytes @ 0xE000EDF0) -- CPU_WriteMem(4 bytes @ 0xE000EDF0) -- CPU_WriteMem(4 bytes @ 0xE000EDFC) -- CPU_ReadMem(4 bytes @ 0xE000EDF0) -- CPU_WriteMem(4 bytes @ 0xE0002000) -- CPU_ReadMem(4 bytes @ 0xE000EDFC) -- CPU_ReadMem(4 bytes @ 0xE0001000) (0071ms, 0475ms total)
T2DC0 300:663 JLINK_JTAG_GetDeviceID(DeviceIndex = 0)  returns 0x00 (0001ms, 0476ms total)
T2DC0 300:664 JLINK_ReadMemU32(0x400E0940, 0x0001 Items, ...) -- CPU_ReadMem(4 bytes @ 0x400E0940) - Data: 01 0E 22 A1  returns 0x01 (0001ms, 0477ms total)
T2DC0 300:665 JLINK_ReadMemU32(0x400E0944, 0x0001 Items, ...) -- CPU_ReadMem(4 bytes @ 0x400E0944) - Data: 02 00 00 00  returns 0x01 (0000ms, 0477ms total)
T2DC0 300:665 JLINK_WriteMem(0x400E0C04, 0x0004 Bytes, ...) - Data: 05 00 00 5A -- CPU_WriteMem(4 bytes @ 0x400E0C04)  returns 0x04 (0001ms, 0478ms total)
T2DC0 300:666 JLINK_ReadMem (0x400E0C08, 0x0004 Bytes, ...) -- CPU_ReadMem(4 bytes @ 0x400E0C08) - Data: 00 00 00 00  returns 0x00 (0000ms, 0478ms total)
T2DC0 300:668 JLINK_ReadMem (0x400E0C08, 0x0004 Bytes, ...) -- CPU_ReadMem(4 bytes @ 0x400E0C08) - Data: 00 00 00 00  returns 0x00 (0000ms, 0478ms total)
T2DC0 300:673 JLINK_ReadMem (0x400E0C08, 0x0004 Bytes, ...) -- CPU_ReadMem(4 bytes @ 0x400E0C08) - Data: 00 00 00 00  returns 0x00 (0000ms, 0478ms total)
T0EE8 300:677 JLINK_IsHalted()  returns TRUE (0000ms, 0478ms total)
T0EE8 300:677 JLINK_GetMOEs(...) -- CPU_ReadMem(4 bytes @ 0xE000ED30)  returns 0x01 (0000ms, 0478ms total)
T0EE8 300:677 JLINK_ReadReg(R15 (PC))  returns 0x0040109C (0000ms, 0478ms total)
T2DC0 300:690 JLINK_ReadMem (0x400E0C08, 0x0004 Bytes, ...) -- CPU_ReadMem(4 bytes @ 0x400E0C08) - Data: 00 00 00 00  returns 0x00 (0000ms, 0478ms total)
T2DC0 300:759 JLINK_ReadMem (0x400E0C08, 0x0004 Bytes, ...) -- CPU_ReadMem(4 bytes @ 0x400E0C08) - Data: 00 00 00 00  returns 0x00 (0001ms, 0479ms total)
T0EE8 300:878 JLINK_IsHalted()  returns TRUE (0000ms, 0479ms total)
T2DC0 301:018 JLINK_ReadMem (0x400E0C08, 0x0004 Bytes, ...) -- CPU_ReadMem(4 bytes @ 0x400E0C08) - Data: 00 00 00 00  returns 0x00 (0000ms, 0479ms total)
T0EE8 301:081 JLINK_IsHalted()  returns TRUE (0000ms, 0479ms total)
T0EE8 301:284 JLINK_IsHalted()  returns TRUE (0001ms, 0480ms total)
T0EE8 301:485 JLINK_IsHalted()  returns TRUE (0000ms, 0479ms total)
T0EE8 301:685 JLINK_IsHalted()  returns TRUE (0000ms, 0479ms total)
T0EE8 301:885 JLINK_IsHalted()  returns TRUE (0001ms, 0480ms total)
T2DC0 302:023 JLINK_ReadMem (0x400E0C08, 0x0004 Bytes, ...) -- CPU_ReadMem(4 bytes @ 0x400E0C08) - Data: 00 00 00 00  returns 0x00 (0001ms, 0480ms total)
T2DC0 302:025 JLINK_ReadMem (0x400E0C08, 0x0004 Bytes, ...) -- CPU_ReadMem(4 bytes @ 0x400E0C08) - Data: 00 00 00 00  returns 0x00 (0001ms, 0481ms total)
T2DC0 302:029 JLINK_ReadMem (0x400E0C08, 0x0004 Bytes, ...) -- CPU_ReadMem(4 bytes @ 0x400E0C08) - Data: 00 00 00 00  returns 0x00 (0001ms, 0482ms total)
T2DC0 302:039 JLINK_ReadMem (0x400E0C08, 0x0004 Bytes, ...) -- CPU_ReadMem(4 bytes @ 0x400E0C08) - Data: 00 00 00 00  returns 0x00 (0001ms, 0483ms total)
T2DC0 302:058 JLINK_ReadMem (0x400E0C08, 0x0004 Bytes, ...) -- CPU_ReadMem(4 bytes @ 0x400E0C08) - Data: 00 00 00 00  returns 0x00 (0003ms, 0486ms total)
T0EE8 302:086 JLINK_IsHalted()  returns TRUE (0000ms, 0486ms total)
T2DC0 302:125 JLINK_ReadMem (0x400E0C08, 0x0004 Bytes, ...) -- CPU_ReadMem(4 bytes @ 0x400E0C08) - Data: 00 00 00 00  returns 0x00 (0001ms, 0487ms total)
T0EE8 302:288 JLINK_IsHalted()  returns TRUE (0000ms, 0487ms total)
T2DC0 302:385 JLINK_ReadMem (0x400E0C08, 0x0004 Bytes, ...) -- CPU_ReadMem(4 bytes @ 0x400E0C08) - Data: 00 00 00 00  returns 0x00 (0002ms, 0489ms total)
T0EE8 302:488 JLINK_IsHalted()  returns TRUE (0000ms, 0489ms total)
T0EE8 302:689 JLINK_IsHalted()  returns TRUE (0000ms, 0489ms total)
T0EE8 302:892 JLINK_IsHalted()  returns TRUE (0000ms, 0489ms total)
T0EE8 303:093 JLINK_IsHalted()  returns TRUE (0001ms, 0490ms total)
T0EE8 303:294 JLINK_IsHalted()  returns TRUE (0000ms, 0489ms total)
T2DC0 303:387 JLINK_ReadMem (0x400E0C08, 0x0004 Bytes, ...) -- CPU_ReadMem(4 bytes @ 0x400E0C08) - Data: 00 00 00 00  returns 0x00 (0000ms, 0489ms total)
T2DC0 303:388 JLINK_ReadMem (0x400E0C08, 0x0004 Bytes, ...) -- CPU_ReadMem(4 bytes @ 0x400E0C08) - Data: 00 00 00 00  returns 0x00 (0000ms, 0489ms total)
T2DC0 303:390 JLINK_ReadMem (0x400E0C08, 0x0004 Bytes, ...) -- CPU_ReadMem(4 bytes @ 0x400E0C08) - Data: 00 00 00 00  returns 0x00 (0002ms, 0491ms total)
T2DC0 303:397 JLINK_ReadMem (0x400E0C08, 0x0004 Bytes, ...) -- CPU_ReadMem(4 bytes @ 0x400E0C08) - Data: 00 00 00 00  returns 0x00 (0000ms, 0491ms total)
T2DC0 303:415 JLINK_ReadMem (0x400E0C08, 0x0004 Bytes, ...) -- CPU_ReadMem(4 bytes @ 0x400E0C08) - Data: 00 00 00 00  returns 0x00 (0001ms, 0492ms total)
T2DC0 303:481 JLINK_ReadMem (0x400E0C08, 0x0004 Bytes, ...) -- CPU_ReadMem(4 bytes @ 0x400E0C08) - Data: 00 00 00 00  returns 0x00 (0000ms, 0492ms total)
T0EE8 303:498 JLINK_IsHalted()  returns TRUE (0000ms, 0492ms total)
T0EE8 303:698 JLINK_IsHalted()  returns TRUE (0001ms, 0493ms total)
T2DC0 303:737 JLINK_ReadMem (0x400E0C08, 0x0004 Bytes, ...) -- CPU_ReadMem(4 bytes @ 0x400E0C08) - Data: 00 00 00 00  returns 0x00 (0001ms, 0493ms total)
T0EE8 303:901 JLINK_IsHalted()  returns TRUE (0000ms, 0493ms total)
T0EE8 304:102 JLINK_IsHalted()  returns TRUE (0000ms, 0493ms total)
T0EE8 304:306 JLINK_IsHalted()  returns TRUE (0001ms, 0494ms total)
T0EE8 304:508 JLINK_IsHalted()  returns TRUE (0000ms, 0493ms total)
T0EE8 304:708 JLINK_IsHalted()  returns TRUE (0000ms, 0493ms total)
T2DC0 304:740 JLINK_ReadMem (0x400E0C08, 0x0004 Bytes, ...) -- CPU_ReadMem(4 bytes @ 0x400E0C08) - Data: 00 00 00 00  returns 0x00 (0001ms, 0494ms total)
T2DC0 304:741 JLINK_ReadMem (0x400E0C08, 0x0004 Bytes, ...) -- CPU_ReadMem(4 bytes @ 0x400E0C08) - Data: 00 00 00 00  returns 0x00 (0001ms, 0495ms total)
T2DC0 304:745 JLINK_ReadMem (0x400E0C08, 0x0004 Bytes, ...) -- CPU_ReadMem(4 bytes @ 0x400E0C08) - Data: 00 00 00 00  returns 0x00 (0001ms, 0496ms total)
T2DC0 304:750 JLINK_ReadMem (0x400E0C08, 0x0004 Bytes, ...) -- CPU_ReadMem(4 bytes @ 0x400E0C08) - Data: 00 00 00 00  returns 0x00 (0001ms, 0497ms total)
T2DC0 304:767 JLINK_ReadMem (0x400E0C08, 0x0004 Bytes, ...) -- CPU_ReadMem(4 bytes @ 0x400E0C08) - Data: 00 00 00 00  returns 0x00 (0001ms, 0498ms total)
T2DC0 304:832 JLINK_ReadMem (0x400E0C08, 0x0004 Bytes, ...) -- CPU_ReadMem(4 bytes @ 0x400E0C08) - Data: 00 00 00 00  returns 0x00 (0001ms, 0499ms total)
T0EE8 304:908 JLINK_IsHalted()  returns TRUE (0001ms, 0500ms total)
T2DC0 305:090 JLINK_ReadMem (0x400E0C08, 0x0004 Bytes, ...) -- CPU_ReadMem(4 bytes @ 0x400E0C08) - Data: 00 00 00 00  returns 0x00 (0001ms, 0500ms total)
T0EE8 305:110 JLINK_IsHalted()  returns TRUE (0000ms, 0500ms total)
T0EE8 305:316 JLINK_IsHalted()  returns TRUE (0000ms, 0500ms total)
T0EE8 305:517 JLINK_IsHalted()  returns TRUE (0001ms, 0501ms total)
T0EE8 305:719 JLINK_IsHalted()  returns TRUE (0000ms, 0500ms total)
T0EE8 305:923 JLINK_IsHalted()  returns TRUE (0000ms, 0500ms total)
T2DC0 306:092 JLINK_ReadMem (0x400E0C08, 0x0004 Bytes, ...) -- CPU_ReadMem(4 bytes @ 0x400E0C08) - Data: 00 00 00 00  returns 0x00 (0001ms, 0501ms total)
T2DC0 306:093 JLINK_ReadMem (0x400E0C08, 0x0004 Bytes, ...) -- CPU_ReadMem(4 bytes @ 0x400E0C08) - Data: 00 00 00 00  returns 0x00 (0001ms, 0502ms total)
T2DC0 306:095 JLINK_ReadMem (0x400E0C08, 0x0004 Bytes, ...) -- CPU_ReadMem(4 bytes @ 0x400E0C08) - Data: 00 00 00 00  returns 0x00 (0000ms, 0502ms total)
T2DC0 306:101 JLINK_ReadMem (0x400E0C08, 0x0004 Bytes, ...) -- CPU_ReadMem(4 bytes @ 0x400E0C08) - Data: 00 00 00 00  returns 0x00 (0001ms, 0503ms total)
T2DC0 306:118 JLINK_ReadMem (0x400E0C08, 0x0004 Bytes, ...) -- CPU_ReadMem(4 bytes @ 0x400E0C08) - Data: 00 00 00 00  returns 0x00 (0001ms, 0504ms total)
T0EE8 306:128 JLINK_IsHalted()  returns TRUE (0001ms, 0505ms total)
T2DC0 306:184 JLINK_ReadMem (0x400E0C08, 0x0004 Bytes, ...) -- CPU_ReadMem(4 bytes @ 0x400E0C08) - Data: 00 00 00 00  returns 0x00 (0001ms, 0505ms total)
T0EE8 306:331 JLINK_IsHalted()  returns TRUE (0000ms, 0505ms total)
T2DC0 306:442 JLINK_ReadMem (0x400E0C08, 0x0004 Bytes, ...) -- CPU_ReadMem(4 bytes @ 0x400E0C08) - Data: 00 00 00 00  returns 0x00 (0001ms, 0506ms total)
T0EE8 306:533 JLINK_IsHalted()  returns TRUE (0000ms, 0506ms total)
T0EE8 306:734 JLINK_IsHalted()  returns TRUE (0001ms, 0507ms total)
T0EE8 306:935 JLINK_IsHalted()  returns TRUE (0000ms, 0506ms total)
T0EE8 307:137 JLINK_IsHalted()  returns TRUE (0000ms, 0506ms total)
T0EE8 307:338 JLINK_IsHalted()  returns TRUE (0002ms, 0508ms total)
T2DC0 307:444 JLINK_ReadMem (0x400E0C08, 0x0004 Bytes, ...) -- CPU_ReadMem(4 bytes @ 0x400E0C08) - Data: 00 00 00 00  returns 0x00 (0000ms, 0506ms total)
T2DC0 307:444 JLINK_ReadMem (0x400E0C08, 0x0004 Bytes, ...) -- CPU_ReadMem(4 bytes @ 0x400E0C08) - Data: 00 00 00 00  returns 0x00 (0001ms, 0507ms total)
T2DC0 307:449 JLINK_ReadMem (0x400E0C08, 0x0004 Bytes, ...) -- CPU_ReadMem(4 bytes @ 0x400E0C08) - Data: 00 00 00 00  returns 0x00 (0000ms, 0507ms total)
T2DC0 307:454 JLINK_ReadMem (0x400E0C08, 0x0004 Bytes, ...) -- CPU_ReadMem(4 bytes @ 0x400E0C08) - Data: 00 00 00 00  returns 0x00 (0000ms, 0507ms total)
T2DC0 307:470 JLINK_ReadMem (0x400E0C08, 0x0004 Bytes, ...) -- CPU_ReadMem(4 bytes @ 0x400E0C08) - Data: 00 00 00 00  returns 0x00 (0001ms, 0508ms total)
T2DC0 307:536 JLINK_ReadMem (0x400E0C08, 0x0004 Bytes, ...) -- CPU_ReadMem(4 bytes @ 0x400E0C08) - Data: 00 00 00 00  returns 0x00 (0000ms, 0508ms total)
T0EE8 307:543 JLINK_IsHalted()  returns TRUE (0000ms, 0508ms total)
T0EE8 307:745 JLINK_IsHalted()  returns TRUE (0000ms, 0508ms total)
T2DC0 307:792 JLINK_ReadMem (0x400E0C08, 0x0004 Bytes, ...) -- CPU_ReadMem(4 bytes @ 0x400E0C08) - Data: 00 00 00 00  returns 0x00 (0000ms, 0508ms total)
T0EE8 307:945 JLINK_IsHalted()  returns TRUE (0001ms, 0509ms total)
T0EE8 308:151 JLINK_IsHalted()  returns TRUE (0000ms, 0508ms total)
T0EE8 308:351 JLINK_IsHalted()  returns TRUE (0000ms, 0508ms total)
T0EE8 308:553 JLINK_IsHalted()  returns TRUE (0000ms, 0508ms total)
T0EE8 308:754 JLINK_IsHalted()  returns TRUE (0000ms, 0508ms total)
T2DC0 308:794 JLINK_ReadMem (0x400E0C08, 0x0004 Bytes, ...) -- CPU_ReadMem(4 bytes @ 0x400E0C08) - Data: 00 00 00 00  returns 0x00 (0001ms, 0509ms total)
T2DC0 308:795 JLINK_ReadMem (0x400E0C08, 0x0004 Bytes, ...) -- CPU_ReadMem(4 bytes @ 0x400E0C08) - Data: 00 00 00 00  returns 0x00 (0001ms, 0510ms total)
T2DC0 308:798 JLINK_ReadMem (0x400E0C08, 0x0004 Bytes, ...) -- CPU_ReadMem(4 bytes @ 0x400E0C08) - Data: 00 00 00 00  returns 0x00 (0001ms, 0511ms total)
T2DC0 308:805 JLINK_ReadMem (0x400E0C08, 0x0004 Bytes, ...) -- CPU_ReadMem(4 bytes @ 0x400E0C08) - Data: 00 00 00 00  returns 0x00 (0000ms, 0511ms total)
T2DC0 308:823 JLINK_ReadMem (0x400E0C08, 0x0004 Bytes, ...) -- CPU_ReadMem(4 bytes @ 0x400E0C08) - Data: 00 00 00 00  returns 0x00 (0000ms, 0511ms total)
T2DC0 308:888 JLINK_ReadMem (0x400E0C08, 0x0004 Bytes, ...) -- CPU_ReadMem(4 bytes @ 0x400E0C08) - Data: 00 00 00 00  returns 0x00 (0000ms, 0511ms total)
T0EE8 308:954 JLINK_IsHalted()  returns TRUE (0000ms, 0511ms total)
T2DC0 309:146 JLINK_ReadMem (0x400E0C08, 0x0004 Bytes, ...) -- CPU_ReadMem(4 bytes @ 0x400E0C08) - Data: 00 00 00 00  returns 0x00 (0001ms, 0512ms total)
T0EE8 309:154 JLINK_IsHalted()  returns TRUE (0001ms, 0513ms total)
T0EE8 309:356 JLINK_IsHalted()  returns TRUE (0000ms, 0512ms total)
T0EE8 309:556 JLINK_IsHalted()  returns TRUE (0000ms, 0512ms total)
T0EE8 309:758 JLINK_IsHalted()  returns TRUE (0001ms, 0513ms total)
T0EE8 309:962 JLINK_IsHalted()  returns TRUE (0000ms, 0512ms total)
T2DC0 310:148 JLINK_ReadMem (0x400E0C08, 0x0004 Bytes, ...) -- CPU_ReadMem(4 bytes @ 0x400E0C08) - Data: 01 00 00 00  returns 0x00 (0000ms, 0512ms total)
T0EE8 310:163 JLINK_IsHalted()  returns TRUE (0000ms, 0512ms total)
T2DC0 310:163 JLINK_ResetPullsRESET(ON) (0000ms, 0512ms total)
T2DC0 310:163 JLINK_ResetNoHalt() >0x10B TIF>Found SW-DP with ID 0x0BD11477 >0x0D TIF> >0x28 TIF> >0x0D TIF> >0x28 TIF> >0x0D TIF> >0x28 TIF> >0x0D TIF> >0x28 TIF> >0x0D TIF> >0x21 TIF> >0x0D TIF> >0x28 TIF>AP map detection skipped. User manually configured AP map.AP[0]: AHB-AP (IDR: Not set) >0x42 TIF> >0x28 TIF> >0x0D TIF> >0x21 TIF> >0x0D TIF> >0x21 TIF> >0x42 TIF> >0x28 TIF> >0x0D TIF> >0x28 TIF> >0x0D TIF> >0x28 TIF> >0x0D TIF> >0x21 TIF> >0x0D TIF> >0x21 TIF>AP[0]: Core found
AP[0]: AHB-AP ROM base: 0xE00FD000 >0x0D TIF> >0x28 TIF> >0x0D TIF> >0x28 TIF> >0x0D TIF> >0x28 TIF> >0x0D TIF> >0x21 TIF> >0x0D TIF> >0x21 TIF>CPUID register: 0x411FC271. Implementer code: 0x41 (ARM)Found Cortex-M7 r1p1, Little endian. -- CPU_ReadMem(4 bytes @ 0xE000EDF0) -- CPU_ReadMem(4 bytes @ 0xE0002000) -- CPU_ReadMem(4 bytes @ 0xE000EDFC) -- CPU_ReadMem(4 bytes @ 0xE0001000) -- CPU_ReadMem(4 bytes @ 0xE000ED88) -- CPU_WriteMem(4 bytes @ 0xE000ED88) -- CPU_ReadMem(4 bytes @ 0xE000ED88)
 -- CPU_WriteMem(4 bytes @ 0xE000ED88)CoreSight components:ROMTbl[0] @ E00FD000 -- CPU_ReadMem(16 bytes @ 0xE00FD000) -- CPU_ReadMem(16 bytes @ 0xE00FEFF0) -- CPU_ReadMem(16 bytes @ 0xE00FEFE0)ROMTbl[0][0]: E00FE000, CID: B105100D, PID: 000BB4C8 ROM TableROMTbl[1] @ E00FE000 -- CPU_ReadMem(16 bytes @ 0xE00FE000) -- CPU_ReadMem(16 bytes @ 0xE00FFFF0) -- CPU_ReadMem(16 bytes @ 0xE00FFFE0)ROMTbl[1][0]: E00FF000, CID: B105100D, PID: 000BB4C7 ROM TableROMTbl[2] @ E00FF000 -- CPU_ReadMem(16 bytes @ 0xE00FF000)
 -- CPU_ReadMem(16 bytes @ 0xE000EFF0) -- CPU_ReadMem(16 bytes @ 0xE000EFE0)ROMTbl[2][0]: E000E000, CID: B105E00D, PID: 000BB00C SCS -- CPU_WriteMem(4 bytes @ 0xE0001000) -- CPU_ReadMem(16 bytes @ 0xE0001FF0) -- CPU_ReadMem(16 bytes @ 0xE0001FE0)ROMTbl[2][1]: E0001000, CID: B105E00D, PID: 000BB002 DWT -- CPU_ReadMem(16 bytes @ 0xE0002FF0) -- CPU_ReadMem(16 bytes @ 0xE0002FE0)ROMTbl[2][2]: E0002000, CID: B105E00D, PID: 000BB00E FPB -- CPU_ReadMem(16 bytes @ 0xE0000FF0)
 -- CPU_ReadMem(16 bytes @ 0xE0000FE0)ROMTbl[2][3]: E0000000, CID: B105E00D, PID: 000BB001 ITM -- CPU_ReadMem(16 bytes @ 0xE00FF010) -- CPU_ReadMem(16 bytes @ 0xE0041FF0) -- CPU_ReadMem(16 bytes @ 0xE0041FE0)ROMTbl[1][1]: E0041000, CID: B105900D, PID: 001BB975 ETM-M7 -- CPU_ReadMem(16 bytes @ 0xE00FE010) -- CPU_ReadMem(16 bytes @ 0xE0040FF0) -- CPU_ReadMem(16 bytes @ 0xE0040FE0)ROMTbl[0][1]: E0040000, CID: B105900D, PID: 000BB9A9 TPIU-M7 -- CPU_ReadMem(16 bytes @ 0xE00FD010)
 -- CPU_ReadMem(4 bytes @ 0xE000ED78)Cache: Separate I- and D-cache. (0145ms, 0657ms total)
T2DC0 310:163  -- CPU_WriteMem(4 bytes @ 0xE000ED84) -- CPU_ReadMem(4 bytes @ 0xE000ED80)I-Cache L1: 16 KB, 256 Sets, 32 Bytes/Line, 2-Way -- CPU_WriteMem(4 bytes @ 0xE000ED84) -- CPU_ReadMem(4 bytes @ 0xE000ED80)D-Cache L1: 16 KB, 128 Sets, 32 Bytes/Line, 4-Way
                JLINK_Reset() -- CPU_WriteMem(4 bytes @ 0xE000EDF0) -- CPU_WriteMem(4 bytes @ 0xE000EDFC) >0x35 TIF> -- CPU_WriteMem(4 bytes @ 0xE000ED0C) >0x0D TIF> >0x28 TIF> -- CPU_ReadMem(4 bytes @ 0xE000EDF0) -- CPU_ReadMem(4 bytes @ 0xE000EDF0) -- CPU_WriteMem(4 bytes @ 0xE000EDF0) -- CPU_WriteMem(4 bytes @ 0xE000EDFC) -- CPU_ReadMem(4 bytes @ 0xE000EDF0) -- CPU_WriteMem(4 bytes @ 0xE0002000) -- CPU_ReadMem(4 bytes @ 0xE000EDFC) -- CPU_ReadMem(4 bytes @ 0xE0001000) (0071ms, 0071ms total)
                JLINK_Go() -- CPU_ReadMem(4 bytes @ 0xE0001000) -- CPU_WriteMem(4 bytes @ 0xE0001004) (0003ms, 0074ms total)
               (0221ms, 0733ms total)
T2DC0 310:384 JLINK_ExecCommand("ProjectFile = C:\Users\Daniel Gonzalez\Dropbox (UFL)\Spring2018\Senior_Design\SeniorDesignRepo\Atmel_Projects\SoundInSoundOut_V2\SoundInSoundOut_V2\jlink.config", ...).   returns 0x00 (0002ms, 0735ms total)
T2DC0 310:390 JLINK_ExecCommand("Device = ATSAMV71Q21", ...).   returns 0x00 (0003ms, 0738ms total)
T2DC0 310:393 JLINK_TIF_Select(JLINKARM_TIF_SWD)  returns 0x00 (0000ms, 0738ms total)
T2DC0 310:393 JLINK_SetSpeed(4000) (0000ms, 0738ms total)
T2DC0 310:393 JLINK_ResetPullsRESET(OFF) (0000ms, 0738ms total)
T2DC0 310:393 JLINK_Connect() >0x10B TIF>Found SW-DP with ID 0x0BD11477 >0x0D TIF> >0x28 TIF> >0x0D TIF> >0x28 TIF> >0x0D TIF> >0x28 TIF> >0x0D TIF> >0x28 TIF> >0x0D TIF> >0x21 TIF> >0x0D TIF> >0x28 TIF>AP map detection skipped. User manually configured AP map.AP[0]: AHB-AP (IDR: Not set) >0x42 TIF> >0x28 TIF> >0x0D TIF> >0x21 TIF> >0x0D TIF> >0x21 TIF> >0x42 TIF> >0x28 TIF> >0x0D TIF> >0x28 TIF> >0x0D TIF> >0x28 TIF> >0x0D TIF> >0x21 TIF> >0x0D TIF> >0x21 TIF>AP[0]: Core found
AP[0]: AHB-AP ROM base: 0xE00FD000 >0x0D TIF> >0x28 TIF> >0x0D TIF> >0x28 TIF> >0x0D TIF> >0x28 TIF> >0x0D TIF> >0x21 TIF> >0x0D TIF> >0x21 TIF>CPUID register: 0x411FC271. Implementer code: 0x41 (ARM)Found Cortex-M7 r1p1, Little endian. -- CPU_ReadMem(4 bytes @ 0xE000EDF0) -- CPU_ReadMem(4 bytes @ 0xE0002000) -- CPU_ReadMem(4 bytes @ 0xE000EDFC) -- CPU_ReadMem(4 bytes @ 0xE0001000) -- CPU_WriteMem(4 bytes @ 0xE0001000) -- CPU_ReadMem(4 bytes @ 0xE000ED88) -- CPU_WriteMem(4 bytes @ 0xE000ED88)
 -- CPU_ReadMem(4 bytes @ 0xE000ED88) -- CPU_WriteMem(4 bytes @ 0xE000ED88)CoreSight components:ROMTbl[0] @ E00FD000 -- CPU_ReadMem(16 bytes @ 0xE00FD000) -- CPU_ReadMem(16 bytes @ 0xE00FEFF0) -- CPU_ReadMem(16 bytes @ 0xE00FEFE0)ROMTbl[0][0]: E00FE000, CID: B105100D, PID: 000BB4C8 ROM TableROMTbl[1] @ E00FE000 -- CPU_ReadMem(16 bytes @ 0xE00FE000) -- CPU_ReadMem(16 bytes @ 0xE00FFFF0) -- CPU_ReadMem(16 bytes @ 0xE00FFFE0)ROMTbl[1][0]: E00FF000, CID: B105100D, PID: 000BB4C7 ROM TableROMTbl[2] @ E00FF000
 -- CPU_ReadMem(16 bytes @ 0xE00FF000) -- CPU_ReadMem(16 bytes @ 0xE000EFF0) -- CPU_ReadMem(16 bytes @ 0xE000EFE0)ROMTbl[2][0]: E000E000, CID: B105E00D, PID: 000BB00C SCS -- CPU_ReadMem(16 bytes @ 0xE0001FF0) -- CPU_ReadMem(16 bytes @ 0xE0001FE0)ROMTbl[2][1]: E0001000, CID: B105E00D, PID: 000BB002 DWT -- CPU_ReadMem(16 bytes @ 0xE0002FF0) -- CPU_ReadMem(16 bytes @ 0xE0002FE0)ROMTbl[2][2]: E0002000, CID: B105E00D, PID: 000BB00E FPB -- CPU_ReadMem(16 bytes @ 0xE0000FF0)
 -- CPU_ReadMem(16 bytes @ 0xE0000FE0)ROMTbl[2][3]: E0000000, CID: B105E00D, PID: 000BB001 ITM -- CPU_ReadMem(16 bytes @ 0xE00FF010) -- CPU_ReadMem(16 bytes @ 0xE0041FF0) -- CPU_ReadMem(16 bytes @ 0xE0041FE0)ROMTbl[1][1]: E0041000, CID: B105900D, PID: 001BB975 ETM-M7 -- CPU_ReadMem(16 bytes @ 0xE00FE010) -- CPU_ReadMem(16 bytes @ 0xE0040FF0) -- CPU_ReadMem(16 bytes @ 0xE0040FE0)ROMTbl[0][1]: E0040000, CID: B105900D, PID: 000BB9A9 TPIU-M7 -- CPU_ReadMem(16 bytes @ 0xE00FD010)
 -- CPU_ReadMem(4 bytes @ 0xE000ED78)Cache: Separate I- and D-cache. (0143ms, 0881ms total)
T2DC0 310:393  -- CPU_WriteMem(4 bytes @ 0xE000ED84) -- CPU_ReadMem(4 bytes @ 0xE000ED80)I-Cache L1: 16 KB, 256 Sets, 32 Bytes/Line, 2-Way -- CPU_WriteMem(4 bytes @ 0xE000ED84) -- CPU_ReadMem(4 bytes @ 0xE000ED80)D-Cache L1: 16 KB, 128 Sets, 32 Bytes/Line, 4-Way  returns 0x00 (0145ms, 0883ms total)
T2DC0 310:538 JLINK_Halt()  returns 0x00 (0004ms, 0887ms total)
T2DC0 310:542 JLINK_WriteMem(0x400E0C04, 0x0004 Bytes, ...) - Data: 0B 01 00 5A -- CPU_WriteMem(4 bytes @ 0x400E0C04)  returns 0x04 (0001ms, 0888ms total)
T2DC0 310:543 JLINK_ReadMem (0x400E0C08, 0x0004 Bytes, ...) -- CPU_ReadMem(4 bytes @ 0x400E0C08) - Data: 01 00 00 00  returns 0x00 (0000ms, 0888ms total)
T2DC0 310:543 JLINK_SetResetType(JLINKARM_CM3_RESET_TYPE_NORMAL)  returns JLINKARM_CM3_RESET_TYPE_NORMAL (0000ms, 0888ms total)
T2DC0 310:543 JLINK_Reset() -- CPU_WriteMem(4 bytes @ 0xE000EDF0) -- CPU_WriteMem(4 bytes @ 0xE000EDFC) >0x35 TIF> -- CPU_WriteMem(4 bytes @ 0xE000ED0C) >0x0D TIF> >0x28 TIF> -- CPU_ReadMem(4 bytes @ 0xE000EDF0) -- CPU_ReadMem(4 bytes @ 0xE000EDF0) -- CPU_WriteMem(4 bytes @ 0xE000EDF0) -- CPU_WriteMem(4 bytes @ 0xE000EDFC) -- CPU_ReadMem(4 bytes @ 0xE000EDF0) -- CPU_WriteMem(4 bytes @ 0xE0002000) -- CPU_ReadMem(4 bytes @ 0xE000EDFC) -- CPU_ReadMem(4 bytes @ 0xE0001000) (0072ms, 0960ms total)
T2DC0 310:616 JLINK_JTAG_GetDeviceID(DeviceIndex = 0)  returns 0x00 (0000ms, 0960ms total)
T2DC0 310:616 JLINK_ReadMemU32(0x400E0940, 0x0001 Items, ...) -- CPU_ReadMem(4 bytes @ 0x400E0940) - Data: 01 0E 22 A1  returns 0x01 (0002ms, 0962ms total)
T2DC0 310:618 JLINK_ReadMemU32(0x400E0944, 0x0001 Items, ...) -- CPU_ReadMem(4 bytes @ 0x400E0944) - Data: 02 00 00 00  returns 0x01 (0001ms, 0963ms total)
T2DC0 310:636 JLINK_BeginDownload(Flags = 0x00) (0000ms, 0963ms total)
T2DC0 310:636 JLINK_WriteMem(0x00400000, 0x4000 Bytes, ...) - Data: E0 92 40 20 B1 01 40 00 AD 01 40 00 09 05 40 00 ...  returns 0x4000 (0001ms, 0964ms total)
T2DC0 310:637 JLINK_WriteMem(0x00404000, 0x5DD4 Bytes, ...) - Data: 00 28 40 F0 47 83 25 9C 0B 9B 0C 9A 07 99 8A 42 ...  returns 0x5DD4 (0000ms, 0964ms total)
T2DC0 310:637 JLINK_WriteMem(0x00409DD4, 0x0008 Bytes, ...) - Data: D4 E8 FF 7F 01 00 00 00  returns 0x08 (0000ms, 0964ms total)
T2DC0 310:637 JLINK_WriteMem(0x00409DDC, 0x09B0 Bytes, ...) - Data: 01 00 00 00 08 00 40 20 00 00 00 00 F4 02 40 20 ...  returns 0x9B0 (0000ms, 0964ms total)
T2DC0 310:641 JLINK_EndDownload() -- CPU_ReadMem(4 bytes @ 0xE000ED90) -- CPU_ReadMem(4 bytes @ 0xE000ED94) -- -------------------------------------- -- Start of determining dirty areas in flash cache -- End of determining dirty areas -- Start of preparing flash programming -- Calculating RAM usage -- RAM usage = 5884 Bytes -- Preserving CPU registers -- Preparing memory -- Preparing target -- Downloading RAMCode -- Checking target RAM -- Preparing RAMCode -- End of preparing flash programming
 -- CPU is running at 120000 kHz. -- Start of comparing flash -- CRC check was estimated as fastest method -- Comparing range 0x400000 - 0x403FFF (2 Sectors, 16 KB), using multi-block CRC calculation -- CRC does not match for sectors 0-1 -- Comparing range 0x404000 - 0x41FFFF (1 Sector, 112 KB), using multi-block CRC calculation -- CRC does not match for sector 0 -- End of comparing flash -- Start of erasing sectors -- End of erasing sectors -- Start of flash programming
 -- Programming range 0x00400000 - 0x00403FFF (002 Sectors, 16 KB) -- Programming range 0x00404000 - 0x0041FFFF (001 Sector, 112 KB) -- End of flash programming -- 0x400000 - 0x403FFF (002 Sectors, 16 KB) -- 0x404000 - 0x41FFFF (001 Sector, 112 KB) -- Start of verifying flash -- Checksum calculation was estimated as fastest method -- Checksum is not supported by this flash bank. Switched to CRC method. -- Checksum calculation was estimated as fastest method
 -- Checksum is not supported by this flash bank. Switched to CRC method. -- End of verifying flash -- Start of restoring -- Restoring RAMCode -- Restore target -- Restore memory -- Restoring CPU registers -- End of restoring -- Bank 0 @ 0x00400000: 2 ranges affected (131072 bytes) -- Total time needed: 0.291s (Prepare: 0.040s, Compare: 0.007s, Erase: 0.000s, Program: 0.230s, Verify: 0.004s, Restore: 0.008s)  returns 0x20000 (0299ms, 1263ms total)
T1D3C 310:940 JLINK_IsHalted()  returns TRUE (0000ms, 1263ms total)
T1D3C 310:941 JLINK_GetMOEs(...) -- CPU_ReadMem(4 bytes @ 0xE000ED30)  returns 0x01 (0001ms, 1264ms total)
T1D3C 310:942 JLINK_ReadReg(R15 (PC))  returns 0xFFFFFFFE (0000ms, 1264ms total)
T1D3C 311:143 JLINK_IsHalted()  returns TRUE (0001ms, 1265ms total)
T1D3C 311:345 JLINK_IsHalted()  returns TRUE (0000ms, 1264ms total)
T2E98 311:360 JLINK_Halt()  returns 0x00 (0001ms, 1265ms total)
T2E98 311:361 JLINK_ReadReg(R15 (PC))  returns 0xFFFFFFFE (0000ms, 1265ms total)
T2E98 311:361 JLINK_ReadReg(R13 (SP))  returns 0xFFFFFFFC (0000ms, 1265ms total)
T2E98 311:366 JLINK_ReadMem (0x00000000, 0x0002 Bytes, ...) -- CPU_ReadMem(2 bytes @ 0x00000000) - Data: E0 92  returns 0x00 (0001ms, 1266ms total)
T1D3C 311:546 JLINK_IsHalted()  returns TRUE (0000ms, 1266ms total)
T1D3C 311:773 JLINK_IsHalted()  returns TRUE (0001ms, 1267ms total)
T1D3C 311:976 JLINK_IsHalted()  returns TRUE (0000ms, 1266ms total)
T1D3C 312:178 JLINK_IsHalted()  returns TRUE (0000ms, 1266ms total)
T1D3C 312:393 JLINK_IsHalted()  returns TRUE (0001ms, 1267ms total)
T1D3C 312:594 JLINK_IsHalted()  returns TRUE (0000ms, 1266ms total)
T1D3C 312:794 JLINK_IsHalted()  returns TRUE (0000ms, 1266ms total)
T1D3C 312:995 JLINK_IsHalted()  returns TRUE (0000ms, 1266ms total)
T1D3C 313:195 JLINK_IsHalted()  returns TRUE (0000ms, 1266ms total)
T2E98 313:245 JLINK_ReadReg(R0)  returns 0x00000000 (0000ms, 1266ms total)
T2E98 313:245 JLINK_ReadReg(R1)  returns 0x00000000 (0000ms, 1266ms total)
T2E98 313:245 JLINK_ReadReg(R2)  returns 0x00000000 (0000ms, 1266ms total)
T2E98 313:245 JLINK_ReadReg(R3)  returns 0x00000000 (0000ms, 1266ms total)
T2E98 313:245 JLINK_ReadReg(R4)  returns 0x00000000 (0000ms, 1266ms total)
T2E98 313:245 JLINK_ReadReg(R5)  returns 0x00000000 (0000ms, 1266ms total)
T2E98 313:245 JLINK_ReadReg(R6)  returns 0x00000000 (0000ms, 1266ms total)
T2E98 313:245 JLINK_ReadReg(R7)  returns 0x00000000 (0000ms, 1266ms total)
T2E98 313:245 JLINK_ReadReg(R8)  returns 0x00000000 (0000ms, 1266ms total)
T2E98 313:245 JLINK_ReadReg(R9)  returns 0x00000000 (0000ms, 1266ms total)
T2E98 313:245 JLINK_ReadReg(R10)  returns 0x00000000 (0000ms, 1266ms total)
T2E98 313:245 JLINK_ReadReg(R11)  returns 0x00000000 (0000ms, 1266ms total)
T2E98 313:245 JLINK_ReadReg(R12)  returns 0x00000000 (0000ms, 1266ms total)
T2E98 313:245 JLINK_ReadReg(R13 (SP))  returns 0xFFFFFFFC (0000ms, 1266ms total)
T2E98 313:245 JLINK_ReadReg(R14)  returns 0xFFFFFFFF (0000ms, 1266ms total)
T2E98 313:245 JLINK_ReadReg(R15 (PC))  returns 0xFFFFFFFE (0000ms, 1266ms total)
T2E98 313:245 JLINK_ReadReg(XPSR)  returns 0x01000000 (0000ms, 1266ms total)
T2E98 313:245 JLINK_ReadReg(MSP)  returns 0xFFFFFFFC (0000ms, 1266ms total)
T2E98 313:245 JLINK_ReadReg(PSP)  returns 0x00000000 (0000ms, 1266ms total)
T2E98 313:245 JLINK_ReadReg(PRIMASK)  returns 0x00000000 (0000ms, 1266ms total)
T2E98 313:245 JLINK_ReadReg(BASEPRI)  returns 0x00000000 (0000ms, 1266ms total)
T2E98 313:245 JLINK_ReadReg(FAULTMASK)  returns 0x00000000 (0000ms, 1266ms total)
T2E98 313:245 JLINK_ReadReg(CONTROL)  returns 0x00000000 (0001ms, 1267ms total)
T2E98 313:246 JLINK_ReadReg(FPSCR)  returns 0x00000000 (0003ms, 1270ms total)
T2E98 313:249 JLINK_ReadReg(FPS0)  returns 0x00000000 (0000ms, 1270ms total)
T2E98 313:249 JLINK_ReadReg(FPS1)  returns 0x00000000 (0000ms, 1270ms total)
T2E98 313:249 JLINK_ReadReg(FPS2)  returns 0x00000000 (0000ms, 1270ms total)
T2E98 313:249 JLINK_ReadReg(FPS3)  returns 0x00000000 (0000ms, 1270ms total)
T2E98 313:249 JLINK_ReadReg(FPS4)  returns 0x00000000 (0000ms, 1270ms total)
T2E98 313:249 JLINK_ReadReg(FPS5)  returns 0x00000000 (0000ms, 1270ms total)
T2E98 313:249 JLINK_ReadReg(FPS6)  returns 0x00000000 (0000ms, 1270ms total)
T2E98 313:249 JLINK_ReadReg(FPS7)  returns 0x00000000 (0000ms, 1270ms total)
T2E98 313:249 JLINK_ReadReg(FPS8)  returns 0x00000000 (0000ms, 1270ms total)
T2E98 313:249 JLINK_ReadReg(FPS9)  returns 0x00000000 (0000ms, 1270ms total)
T2E98 313:249 JLINK_ReadReg(FPS10)  returns 0x00000000 (0000ms, 1270ms total)
T2E98 313:249 JLINK_ReadReg(FPS11)  returns 0x00000000 (0000ms, 1270ms total)
T2E98 313:249 JLINK_ReadReg(FPS12)  returns 0x00000000 (0000ms, 1270ms total)
T2E98 313:249 JLINK_ReadReg(FPS13)  returns 0x00000000 (0000ms, 1270ms total)
T2E98 313:249 JLINK_ReadReg(FPS14)  returns 0x00000000 (0000ms, 1270ms total)
T2E98 313:250 JLINK_ReadReg(FPS15)  returns 0xFFFFFFFF (0000ms, 1270ms total)
T2E98 313:250 JLINK_ReadReg(FPS16)  returns 0x00000000 (0000ms, 1270ms total)
T2E98 313:250 JLINK_ReadReg(FPS17)  returns 0x00000000 (0000ms, 1270ms total)
T2E98 313:250 JLINK_ReadReg(FPS18)  returns 0x00000000 (0000ms, 1270ms total)
T2E98 313:250 JLINK_ReadReg(FPS19)  returns 0x00000000 (0000ms, 1270ms total)
T2E98 313:250 JLINK_ReadReg(FPS20)  returns 0x00000000 (0000ms, 1270ms total)
T2E98 313:250 JLINK_ReadReg(FPS21)  returns 0x00000000 (0000ms, 1270ms total)
T2E98 313:250 JLINK_ReadReg(FPS22)  returns 0x00000000 (0000ms, 1270ms total)
T2E98 313:250 JLINK_ReadReg(FPS23)  returns 0x00000000 (0000ms, 1270ms total)
T2E98 313:250 JLINK_ReadReg(FPS24)  returns 0x00000000 (0000ms, 1270ms total)
T2E98 313:250 JLINK_ReadReg(FPS25)  returns 0x00000000 (0000ms, 1270ms total)
T2E98 313:250 JLINK_ReadReg(FPS26)  returns 0x00000000 (0000ms, 1270ms total)
T2E98 313:250 JLINK_ReadReg(FPS27)  returns 0x00000000 (0000ms, 1270ms total)
T2E98 313:250 JLINK_ReadReg(FPS28)  returns 0x00000000 (0000ms, 1270ms total)
T2E98 313:250 JLINK_ReadReg(FPS29)  returns 0x00000000 (0000ms, 1270ms total)
T2E98 313:250 JLINK_ReadReg(FPS30)  returns 0x00000000 (0000ms, 1270ms total)
T2E98 313:250 JLINK_ReadReg(FPS31)  returns 0xFFFFFFFF (0000ms, 1270ms total)
T2E98 313:250 JLINK_ReadMem (0x00000000, 0x0002 Bytes, ...) -- CPU_ReadMem(2 bytes @ 0x00000000) - Data: E0 92  returns 0x00 (0001ms, 1271ms total)
T2E98 313:283 JLINK_SetResetType(JLINKARM_CM3_RESET_TYPE_NORMAL)  returns JLINKARM_CM3_RESET_TYPE_NORMAL (0000ms, 1271ms total)
T2E98 313:283 JLINK_Reset() -- CPU_WriteMem(4 bytes @ 0xE000EDF0) -- CPU_WriteMem(4 bytes @ 0xE000EDFC) >0x35 TIF> -- CPU_WriteMem(4 bytes @ 0xE000ED0C) >0x0D TIF> >0x28 TIF> -- CPU_ReadMem(4 bytes @ 0xE000EDF0) -- CPU_ReadMem(4 bytes @ 0xE000EDF0) -- CPU_WriteMem(4 bytes @ 0xE000EDF0) -- CPU_WriteMem(4 bytes @ 0xE000EDFC) -- CPU_ReadMem(4 bytes @ 0xE000EDF0) -- CPU_WriteMem(4 bytes @ 0xE0002000) -- CPU_ReadMem(4 bytes @ 0xE000EDFC) -- CPU_ReadMem(4 bytes @ 0xE0001000) (0072ms, 1343ms total)
T1D3C 313:356 JLINK_IsHalted()  returns TRUE (0000ms, 1343ms total)
T1D3C 313:356 JLINK_GetMOEs(...)  returns 0x01 (0000ms, 1343ms total)
T1D3C 313:356 JLINK_ReadReg(R15 (PC))  returns 0x004001B0 (0000ms, 1343ms total)
T2E98 313:365 JLINK_ReadReg(R15 (PC))  returns 0x004001B0 (0000ms, 1343ms total)
T2E98 313:365 JLINK_ReadReg(R13 (SP))  returns 0x204092E0 (0000ms, 1343ms total)
T2E98 313:379 JLINK_ReadMemHW(0x004001B0, 0x0004 Bytes, ...) -- CPU_ReadMem(4 bytes @ 0x004001B0) - Data: 08 B5 10 4B  returns 0x00 (0000ms, 1343ms total)
T2E98 313:395 JLINK_ReadReg(R0)  returns 0x00000000 (0000ms, 1343ms total)
T2E98 313:395 JLINK_ReadReg(R1)  returns 0x00000000 (0000ms, 1343ms total)
T2E98 313:395 JLINK_ReadReg(R2)  returns 0x00000000 (0000ms, 1343ms total)
T2E98 313:395 JLINK_ReadReg(R3)  returns 0x00000000 (0000ms, 1343ms total)
T2E98 313:395 JLINK_ReadReg(R4)  returns 0x00000000 (0000ms, 1343ms total)
T2E98 313:395 JLINK_ReadReg(R5)  returns 0x00000000 (0000ms, 1343ms total)
T2E98 313:395 JLINK_ReadReg(R6)  returns 0x00000000 (0000ms, 1343ms total)
T2E98 313:395 JLINK_ReadReg(R7)  returns 0x00000000 (0000ms, 1343ms total)
T2E98 313:395 JLINK_ReadReg(R8)  returns 0x00000000 (0000ms, 1343ms total)
T2E98 313:395 JLINK_ReadReg(R9)  returns 0x00000000 (0000ms, 1343ms total)
T2E98 313:395 JLINK_ReadReg(R10)  returns 0x00000000 (0000ms, 1343ms total)
T2E98 313:395 JLINK_ReadReg(R11)  returns 0x00000000 (0000ms, 1343ms total)
T2E98 313:395 JLINK_ReadReg(R12)  returns 0x00000000 (0000ms, 1343ms total)
T2E98 313:395 JLINK_ReadReg(R13 (SP))  returns 0x204092E0 (0000ms, 1343ms total)
T2E98 313:395 JLINK_ReadReg(R14)  returns 0xFFFFFFFF (0000ms, 1343ms total)
T2E98 313:395 JLINK_ReadReg(R15 (PC))  returns 0x004001B0 (0000ms, 1343ms total)
T2E98 313:395 JLINK_ReadReg(XPSR)  returns 0x01000000 (0000ms, 1343ms total)
T2E98 313:395 JLINK_ReadReg(MSP)  returns 0x204092E0 (0000ms, 1343ms total)
T2E98 313:395 JLINK_ReadReg(PSP)  returns 0x00000000 (0000ms, 1343ms total)
T2E98 313:395 JLINK_ReadReg(PRIMASK)  returns 0x00000000 (0000ms, 1343ms total)
T2E98 313:395 JLINK_ReadReg(BASEPRI)  returns 0x00000000 (0000ms, 1343ms total)
T2E98 313:395 JLINK_ReadReg(FAULTMASK)  returns 0x00000000 (0000ms, 1343ms total)
T2E98 313:395 JLINK_ReadReg(CONTROL)  returns 0x00000000 (0000ms, 1343ms total)
T2E98 313:395 JLINK_ReadReg(FPSCR)  returns 0x00000000 (0005ms, 1348ms total)
T2E98 313:400 JLINK_ReadReg(FPS0)  returns 0x00000000 (0000ms, 1348ms total)
T2E98 313:400 JLINK_ReadReg(FPS1)  returns 0x00000000 (0000ms, 1348ms total)
T2E98 313:400 JLINK_ReadReg(FPS2)  returns 0x00000000 (0000ms, 1348ms total)
T2E98 313:400 JLINK_ReadReg(FPS3)  returns 0x00000000 (0000ms, 1348ms total)
T2E98 313:400 JLINK_ReadReg(FPS4)  returns 0x00000000 (0000ms, 1348ms total)
T2E98 313:400 JLINK_ReadReg(FPS5)  returns 0x00000000 (0000ms, 1348ms total)
T2E98 313:400 JLINK_ReadReg(FPS6)  returns 0x00000000 (0000ms, 1348ms total)
T2E98 313:400 JLINK_ReadReg(FPS7)  returns 0x00000000 (0000ms, 1348ms total)
T2E98 313:400 JLINK_ReadReg(FPS8)  returns 0x00000000 (0000ms, 1348ms total)
T2E98 313:400 JLINK_ReadReg(FPS9)  returns 0x00000000 (0000ms, 1348ms total)
T2E98 313:400 JLINK_ReadReg(FPS10)  returns 0x00000000 (0000ms, 1348ms total)
T2E98 313:400 JLINK_ReadReg(FPS11)  returns 0x00000000 (0000ms, 1348ms total)
T2E98 313:400 JLINK_ReadReg(FPS12)  returns 0x00000000 (0000ms, 1348ms total)
T2E98 313:400 JLINK_ReadReg(FPS13)  returns 0x00000000 (0000ms, 1348ms total)
T2E98 313:400 JLINK_ReadReg(FPS14)  returns 0x00000000 (0000ms, 1348ms total)
T2E98 313:400 JLINK_ReadReg(FPS15)  returns 0xFFFFFFFF (0000ms, 1348ms total)
T2E98 313:400 JLINK_ReadReg(FPS16)  returns 0x00000000 (0000ms, 1348ms total)
T2E98 313:400 JLINK_ReadReg(FPS17)  returns 0x00000000 (0000ms, 1348ms total)
T2E98 313:400 JLINK_ReadReg(FPS18)  returns 0x00000000 (0000ms, 1348ms total)
T2E98 313:400 JLINK_ReadReg(FPS19)  returns 0x00000000 (0000ms, 1348ms total)
T2E98 313:400 JLINK_ReadReg(FPS20)  returns 0x00000000 (0000ms, 1348ms total)
T2E98 313:400 JLINK_ReadReg(FPS21)  returns 0x00000000 (0000ms, 1348ms total)
T2E98 313:400 JLINK_ReadReg(FPS22)  returns 0x00000000 (0000ms, 1348ms total)
T2E98 313:400 JLINK_ReadReg(FPS23)  returns 0x00000000 (0001ms, 1349ms total)
T2E98 313:401 JLINK_ReadReg(FPS24)  returns 0x00000000 (0000ms, 1349ms total)
T2E98 313:401 JLINK_ReadReg(FPS25)  returns 0x00000000 (0000ms, 1349ms total)
T2E98 313:401 JLINK_ReadReg(FPS26)  returns 0x00000000 (0000ms, 1349ms total)
T2E98 313:401 JLINK_ReadReg(FPS27)  returns 0x00000000 (0000ms, 1349ms total)
T2E98 313:401 JLINK_ReadReg(FPS28)  returns 0x00000000 (0000ms, 1349ms total)
T2E98 313:401 JLINK_ReadReg(FPS29)  returns 0x00000000 (0000ms, 1349ms total)
T2E98 313:401 JLINK_ReadReg(FPS30)  returns 0x00000000 (0000ms, 1349ms total)
T2E98 313:401 JLINK_ReadReg(FPS31)  returns 0xFFFFFFFF (0000ms, 1349ms total)
T2E98 313:401 JLINK_ReadMem (0x00000000, 0x0002 Bytes, ...) -- CPU_ReadMem(2 bytes @ 0x00000000) - Data: E0 92  returns 0x00 (0001ms, 1350ms total)
T2E98 313:403 JLINK_ReadMem (0x00000000, 0x0002 Bytes, ...) -- CPU_ReadMem(2 bytes @ 0x00000000) - Data: E0 92  returns 0x00 (0000ms, 1350ms total)
T2E98 313:424 JLINK_ReadMemHW(0x0040219C, 0x0001 Bytes, ...) -- CPU_ReadMem(1 bytes @ 0x0040219C) - Data: 38  returns 0x00 (0002ms, 1352ms total)
T2E98 313:531 JLINK_ReadReg(R15 (PC))  returns 0x004001B0 (0000ms, 1352ms total)
T2E98 313:531 JLINK_GetNumBPUnits(Type = 0xFFFFFF02)  returns 0x08 (0000ms, 1352ms total)
T2E98 313:531 JLINK_SetBPEx(Addr = 0x0040219C, Type = 0xFFFFFFF2)  returns 0x00000001 (0000ms, 1352ms total)
T2E98 313:531 JLINK_GetBPInfo(BPHandle = 1)  returns 0x00 (0000ms, 1352ms total)
T2E98 313:531 JLINK_Go() -- CPU_WriteMem(4 bytes @ 0xE0002000) -- CPU_ReadMem(4 bytes @ 0xE0001000) -- CPU_WriteMem(4 bytes @ 0xE000ED30) -- CPU_WriteMem(4 bytes @ 0xE0002008) -- CPU_WriteMem(4 bytes @ 0xE000200C) -- CPU_WriteMem(4 bytes @ 0xE0002010) -- CPU_WriteMem(4 bytes @ 0xE0002014) -- CPU_WriteMem(4 bytes @ 0xE0002018) -- CPU_WriteMem(4 bytes @ 0xE000201C) -- CPU_WriteMem(4 bytes @ 0xE0002020) -- CPU_WriteMem(4 bytes @ 0xE0002024) -- CPU_WriteMem(4 bytes @ 0xE0001004) (0009ms, 1361ms total)
T1D3C 313:541 JLINK_IsHalted()  returns FALSE (0000ms, 1361ms total)
T1D3C 313:561 JLINK_IsHalted()  returns TRUE (0003ms, 1364ms total)
T1D3C 313:564 JLINK_GetMOEs(...) -- CPU_ReadMem(4 bytes @ 0xE000ED30)  returns 0x01 (0000ms, 1361ms total)
T1D3C 313:564 JLINK_ReadReg(R15 (PC))  returns 0x0040219C (0000ms, 1361ms total)
T2E98 313:571 JLINK_ReadReg(R15 (PC))  returns 0x0040219C (0000ms, 1361ms total)
T2E98 313:571 JLINK_ReadReg(R13 (SP))  returns 0x204092D8 (0000ms, 1361ms total)
T2E98 313:571 JLINK_ReadMemHW(0x0040219C, 0x0004 Bytes, ...) -- CPU_ReadMem(4 bytes @ 0x0040219C) - Data: 38 B5 6A 48  returns 0x00 (0002ms, 1363ms total)
T2E98 313:601 JLINK_WriteU32(0xE000EDFC, 0x01000000) -- CPU_WriteMem(4 bytes @ 0xE000EDFC)  returns 0x00 (0001ms, 1364ms total)
T2E98 313:602 JLINK_ReadMem (0xE0001000, 0x0004 Bytes, ...) -- CPU_ReadMem(4 bytes @ 0xE0001000) - Data: 01 00 00 40  returns 0x00 (0001ms, 1365ms total)
T2E98 313:603 JLINK_WriteU32(0xE0001000, 0x40000001)  returns 0x00 (0000ms, 1365ms total)
T2E98 313:603 JLINK_WriteU32(0xE0001028, 0x00000100)  returns 0x00 (0000ms, 1365ms total)
T2E98 313:603 JLINK_ReadMem (0xE0001028, 0x0004 Bytes, ...) -- CPU_WriteMem(4 bytes @ 0xE0001028) -- CPU_ReadMem(4 bytes @ 0xE0001028) - Data: 00 00 00 00  returns 0x00 (0001ms, 1366ms total)
T2E98 313:604 JLINK_WriteU32(0xE0001024, 0x0000001F)  returns 0x00 (0000ms, 1366ms total)
T2E98 313:604 JLINK_ReadMem (0xE0001024, 0x0004 Bytes, ...) -- CPU_WriteMem(4 bytes @ 0xE0001024) -- CPU_ReadMem(4 bytes @ 0xE0001024) - Data: 1F 00 00 00  returns 0x00 (0002ms, 1368ms total)
T2E98 313:606 JLINK_WriteU32(0xE0001038, 0x00000100)  returns 0x00 (0000ms, 1368ms total)
T2E98 313:606 JLINK_ReadMem (0xE0001038, 0x0004 Bytes, ...) -- CPU_WriteMem(4 bytes @ 0xE0001038) -- CPU_ReadMem(4 bytes @ 0xE0001038) - Data: 00 03 00 00  returns 0x00 (0001ms, 1369ms total)
T2E98 313:607 JLINK_WriteU32(0xE0001034, 0x0000001F)  returns 0x00 (0000ms, 1369ms total)
T2E98 313:607 JLINK_ReadMem (0xE0001034, 0x0004 Bytes, ...) -- CPU_WriteMem(4 bytes @ 0xE0001034) -- CPU_ReadMem(4 bytes @ 0xE0001034) - Data: 1F 00 00 00  returns 0x00 (0002ms, 1371ms total)
T2E98 313:609 JLINK_WriteU32(0xE0001048, 0x00000100)  returns 0x00 (0000ms, 1371ms total)
T2E98 313:609 JLINK_ReadMem (0xE0001048, 0x0004 Bytes, ...) -- CPU_WriteMem(4 bytes @ 0xE0001048) -- CPU_ReadMem(4 bytes @ 0xE0001048) - Data: 00 00 00 00  returns 0x00 (0002ms, 1373ms total)
T2E98 313:611 JLINK_WriteU32(0xE0001044, 0x0000001F)  returns 0x00 (0000ms, 1373ms total)
T2E98 313:611 JLINK_ReadMem (0xE0001044, 0x0004 Bytes, ...) -- CPU_WriteMem(4 bytes @ 0xE0001044) -- CPU_ReadMem(4 bytes @ 0xE0001044) - Data: 1F 00 00 00  returns 0x00 (0001ms, 1374ms total)
T2E98 313:612 JLINK_WriteU32(0xE0001058, 0x00000100)  returns 0x00 (0000ms, 1374ms total)
T2E98 313:612 JLINK_ReadMem (0xE0001058, 0x0004 Bytes, ...) -- CPU_WriteMem(4 bytes @ 0xE0001058) -- CPU_ReadMem(4 bytes @ 0xE0001058) - Data: 00 00 00 00  returns 0x00 (0002ms, 1376ms total)
T2E98 313:614 JLINK_WriteU32(0xE0001054, 0x0000001F)  returns 0x00 (0000ms, 1376ms total)
T2E98 313:614 JLINK_ReadMem (0xE0001054, 0x0004 Bytes, ...) -- CPU_WriteMem(4 bytes @ 0xE0001054) -- CPU_ReadMem(4 bytes @ 0xE0001054) - Data: 1F 00 00 00  returns 0x00 (0001ms, 1377ms total)
T2E98 313:615 JLINK_WriteU32(0xE0001020, 0x00000000)  returns 0x00 (0000ms, 1377ms total)
T2E98 313:615 JLINK_WriteU32(0xE0001024, 0x00000000)  returns 0x00 (0000ms, 1377ms total)
T2E98 313:615 JLINK_WriteU32(0xE0001028, 0x00000000)  returns 0x00 (0000ms, 1377ms total)
T2E98 313:615 JLINK_WriteU32(0xE0001030, 0x00000000)  returns 0x00 (0000ms, 1377ms total)
T2E98 313:615 JLINK_WriteU32(0xE0001034, 0x00000000)  returns 0x00 (0000ms, 1377ms total)
T2E98 313:615 JLINK_WriteU32(0xE0001038, 0x00000000)  returns 0x00 (0000ms, 1377ms total)
T2E98 313:615 JLINK_WriteU32(0xE0001040, 0x00000000)  returns 0x00 (0000ms, 1377ms total)
T2E98 313:615 JLINK_WriteU32(0xE0001044, 0x00000000)  returns 0x00 (0000ms, 1377ms total)
T2E98 313:615 JLINK_WriteU32(0xE0001048, 0x00000000)  returns 0x00 (0000ms, 1377ms total)
T2E98 313:615 JLINK_WriteU32(0xE0001050, 0x00000000)  returns 0x00 (0000ms, 1377ms total)
T2E98 313:615 JLINK_WriteU32(0xE0001054, 0x00000000)  returns 0x00 (0000ms, 1377ms total)
T2E98 313:615 JLINK_WriteU32(0xE0001058, 0x00000000)  returns 0x00 (0000ms, 1377ms total)
T2E98 313:615 JLINK_GetBPInfo(BPHandle = 1)  returns 0x00 (0000ms, 1377ms total)
T2E98 313:615 JLINK_ClrBPEx(BPHandle = 0x00000001)  returns 0x00 (0001ms, 1378ms total)
T2E98 313:616 JLINK_ReadReg(R15 (PC))  returns 0x0040219C (0000ms, 1378ms total)
T2E98 313:616 JLINK_Go() -- CPU_WriteMem(4 bytes @ 0xE0001000) -- CPU_ReadMem(4 bytes @ 0xE0001000) -- CPU_WriteMem(4 bytes @ 0xE000ED30) -- CPU_WriteMem(4 bytes @ 0xE0001020) -- CPU_WriteMem(4 bytes @ 0xE0001030) -- CPU_WriteMem(4 bytes @ 0xE0001040) -- CPU_WriteMem(4 bytes @ 0xE0001050) -- CPU_WriteMem(4 bytes @ 0xE0001024) -- CPU_WriteMem(4 bytes @ 0xE0001034) -- CPU_WriteMem(4 bytes @ 0xE0001044) -- CPU_WriteMem(4 bytes @ 0xE0001054) -- CPU_WriteMem(4 bytes @ 0xE0001028)
 -- CPU_WriteMem(4 bytes @ 0xE0001038) -- CPU_WriteMem(4 bytes @ 0xE0001048) -- CPU_WriteMem(4 bytes @ 0xE0001058) -- CPU_WriteMem(4 bytes @ 0xE0002008) (0007ms, 1385ms total)
T1D3C 313:623 JLINK_IsHalted()  returns FALSE (0000ms, 1385ms total)
T1D3C 313:663 JLINK_IsHalted()  returns FALSE (0001ms, 1386ms total)
T1D3C 313:826 JLINK_IsHalted()  returns FALSE (0000ms, 1385ms total)
T1D3C 314:026 JLINK_IsHalted()  returns FALSE (0001ms, 1386ms total)
T1D3C 314:229 JLINK_IsHalted()  returns FALSE (0001ms, 1386ms total)
T1D3C 314:430 JLINK_IsHalted()  returns FALSE (0000ms, 1385ms total)
T1D3C 314:631 JLINK_IsHalted()  returns FALSE (0001ms, 1386ms total)
T1D3C 314:832 JLINK_IsHalted()  returns FALSE (0001ms, 1386ms total)
T1D3C 315:033 JLINK_IsHalted()  returns FALSE (0000ms, 1385ms total)
T1D3C 315:233 JLINK_IsHalted()  returns FALSE (0001ms, 1386ms total)
T1D3C 315:434 JLINK_IsHalted()  returns FALSE (0001ms, 1386ms total)
T1D3C 315:637 JLINK_IsHalted()  returns FALSE (0001ms, 1386ms total)
T1D3C 315:838 JLINK_IsHalted()  returns FALSE (0001ms, 1386ms total)
T1D3C 316:041 JLINK_IsHalted()  returns FALSE (0001ms, 1386ms total)
T1D3C 316:244 JLINK_IsHalted()  returns FALSE (0001ms, 1386ms total)
T1D3C 316:445 JLINK_IsHalted()  returns FALSE (0001ms, 1386ms total)
T1D3C 316:648 JLINK_IsHalted()  returns FALSE (0001ms, 1386ms total)
T1D3C 316:850 JLINK_IsHalted()  returns FALSE (0001ms, 1386ms total)
T1D3C 317:051 JLINK_IsHalted()  returns FALSE (0001ms, 1386ms total)
T1D3C 317:252 JLINK_IsHalted()  returns FALSE (0001ms, 1386ms total)
T1D3C 317:455 JLINK_IsHalted()  returns FALSE (0001ms, 1386ms total)
T1D3C 317:657 JLINK_IsHalted()  returns FALSE (0000ms, 1385ms total)
T1D3C 317:858 JLINK_IsHalted()  returns FALSE (0001ms, 1386ms total)
T1D3C 318:060 JLINK_IsHalted()  returns FALSE (0001ms, 1386ms total)
T1D3C 318:262 JLINK_IsHalted()  returns FALSE (0001ms, 1386ms total)
T1D3C 318:463 JLINK_IsHalted()  returns FALSE (0001ms, 1386ms total)
T1D3C 318:666 JLINK_IsHalted()  returns FALSE (0001ms, 1386ms total)
T1D3C 318:867 JLINK_IsHalted()  returns FALSE (0001ms, 1386ms total)
T1D3C 319:070 JLINK_IsHalted()  returns FALSE (0001ms, 1386ms total)
T1D3C 319:271 JLINK_IsHalted()  returns FALSE (0001ms, 1386ms total)
T1D3C 319:474 JLINK_IsHalted()  returns FALSE (0002ms, 1387ms total)
T1D3C 319:681 JLINK_IsHalted()  returns FALSE (0000ms, 1385ms total)
T1D3C 319:881 JLINK_IsHalted()  returns FALSE (0000ms, 1385ms total)
T1D3C 320:082 JLINK_IsHalted()  returns FALSE (0001ms, 1386ms total)
T1D3C 320:284 JLINK_IsHalted()  returns FALSE (0000ms, 1385ms total)
T1D3C 320:484 JLINK_IsHalted()  returns FALSE (0001ms, 1386ms total)
T1D3C 320:686 JLINK_IsHalted()  returns FALSE (0001ms, 1386ms total)
T1D3C 320:889 JLINK_IsHalted()  returns FALSE (0000ms, 1385ms total)
T1D3C 321:090 JLINK_IsHalted()  returns FALSE (0001ms, 1386ms total)
T1D3C 321:291 JLINK_IsHalted()  returns FALSE (0001ms, 1386ms total)
T1D3C 321:492 JLINK_IsHalted()  returns FALSE (0001ms, 1386ms total)
T1D3C 321:693 JLINK_IsHalted()  returns FALSE (0004ms, 1389ms total)
T1D3C 321:898 JLINK_IsHalted()  returns FALSE (0004ms, 1389ms total)
T1D3C 322:104 JLINK_IsHalted()  returns FALSE (0009ms, 1394ms total)
T1D3C 322:314 JLINK_IsHalted()  returns FALSE (0000ms, 1385ms total)
T1D3C 322:514 JLINK_IsHalted()  returns FALSE (0004ms, 1389ms total)
T1D3C 322:719 JLINK_IsHalted()  returns FALSE (0001ms, 1386ms total)
T1D3C 322:923 JLINK_IsHalted()  returns FALSE (0001ms, 1386ms total)
T1D3C 323:124 JLINK_IsHalted()  returns FALSE (0001ms, 1386ms total)
T1D3C 323:325 JLINK_IsHalted()  returns FALSE (0002ms, 1387ms total)
T1D3C 323:528 JLINK_IsHalted()  returns FALSE (0003ms, 1388ms total)
T1D3C 323:737 JLINK_IsHalted()  returns FALSE (0001ms, 1386ms total)
T1D3C 323:941 JLINK_IsHalted()  returns FALSE (0001ms, 1386ms total)
T1D3C 324:142 JLINK_IsHalted()  returns FALSE (0001ms, 1386ms total)
T1D3C 324:346 JLINK_IsHalted()  returns FALSE (0001ms, 1386ms total)
T1D3C 324:549 JLINK_IsHalted()  returns FALSE (0003ms, 1388ms total)
T1D3C 324:753 JLINK_IsHalted()  returns FALSE (0005ms, 1390ms total)
T1D3C 324:958 JLINK_IsHalted()  returns FALSE (0000ms, 1385ms total)
T1D3C 325:158 JLINK_IsHalted()  returns FALSE (0000ms, 1385ms total)
T1D3C 325:359 JLINK_IsHalted()  returns FALSE (0001ms, 1386ms total)
T1D3C 325:562 JLINK_IsHalted()  returns FALSE (0001ms, 1386ms total)
T1D3C 325:766 JLINK_IsHalted()  returns FALSE (0001ms, 1386ms total)
T1D3C 325:968 JLINK_IsHalted()  returns FALSE (0003ms, 1388ms total)
T1D3C 326:173 JLINK_IsHalted()  returns FALSE (0001ms, 1386ms total)
T1D3C 326:374 JLINK_IsHalted()  returns FALSE (0004ms, 1389ms total)
T1D3C 326:579 JLINK_IsHalted()  returns FALSE (0002ms, 1387ms total)
T1D3C 326:783 JLINK_IsHalted()  returns FALSE (0000ms, 1385ms total)
T1D3C 326:985 JLINK_IsHalted()  returns FALSE (0003ms, 1388ms total)
T1D3C 327:190 JLINK_IsHalted()  returns FALSE (0000ms, 1385ms total)
T1D3C 327:397 JLINK_IsHalted()  returns FALSE (0000ms, 1385ms total)
T1D3C 327:600 JLINK_IsHalted()  returns FALSE (0001ms, 1386ms total)
T1D3C 327:802 JLINK_IsHalted()  returns FALSE (0002ms, 1387ms total)
T1D3C 328:004 JLINK_IsHalted()  returns FALSE (0001ms, 1386ms total)
T1D3C 328:206 JLINK_IsHalted()  returns FALSE (0001ms, 1386ms total)
T1D3C 328:409 JLINK_IsHalted()  returns FALSE (0005ms, 1390ms total)
T2E98 328:487 JLINK_Halt()  returns 0x00 (0005ms, 1390ms total)
T1D3C 328:615 JLINK_IsHalted()  returns TRUE (0000ms, 1390ms total)
T1D3C 328:615 JLINK_GetMOEs(...) -- CPU_ReadMem(4 bytes @ 0xE000ED30)  returns 0x01 (0001ms, 1391ms total)
T1D3C 328:616 JLINK_ReadReg(R15 (PC))  returns 0x00402334 (0000ms, 1391ms total)
T2DC0 328:629 JLINK_ResetPullsRESET(ON) (0000ms, 1391ms total)
T2DC0 328:629 JLINK_ResetNoHalt() >0x10B TIF>Found SW-DP with ID 0x0BD11477 >0x0D TIF> >0x28 TIF> >0x0D TIF> >0x28 TIF> >0x0D TIF> >0x28 TIF> >0x0D TIF> >0x28 TIF> >0x0D TIF> >0x21 TIF> >0x0D TIF> >0x28 TIF>AP map detection skipped. User manually configured AP map.AP[0]: AHB-AP (IDR: Not set) >0x42 TIF> >0x28 TIF> >0x0D TIF> >0x21 TIF> >0x0D TIF> >0x21 TIF> >0x42 TIF> >0x28 TIF> >0x0D TIF> >0x28 TIF> >0x0D TIF> >0x28 TIF> >0x0D TIF> >0x21 TIF> >0x0D TIF> >0x21 TIF>AP[0]: Core found
AP[0]: AHB-AP ROM base: 0xE00FD000 >0x0D TIF> >0x28 TIF> >0x0D TIF> >0x28 TIF> >0x0D TIF> >0x28 TIF> >0x0D TIF> >0x21 TIF> >0x0D TIF> >0x21 TIF>CPUID register: 0x411FC271. Implementer code: 0x41 (ARM)Found Cortex-M7 r1p1, Little endian. -- CPU_ReadMem(4 bytes @ 0xE000EDF0) -- CPU_ReadMem(4 bytes @ 0xE0002000) -- CPU_ReadMem(4 bytes @ 0xE0001000) -- CPU_ReadMem(4 bytes @ 0xE000ED88) -- CPU_WriteMem(4 bytes @ 0xE000ED88) -- CPU_ReadMem(4 bytes @ 0xE000ED88) -- CPU_WriteMem(4 bytes @ 0xE000ED88)
CoreSight components:ROMTbl[0] @ E00FD000 -- CPU_ReadMem(16 bytes @ 0xE00FD000) -- CPU_ReadMem(16 bytes @ 0xE00FEFF0) -- CPU_ReadMem(16 bytes @ 0xE00FEFE0)ROMTbl[0][0]: E00FE000, CID: B105100D, PID: 000BB4C8 ROM TableROMTbl[1] @ E00FE000 -- CPU_ReadMem(16 bytes @ 0xE00FE000) -- CPU_ReadMem(16 bytes @ 0xE00FFFF0) -- CPU_ReadMem(16 bytes @ 0xE00FFFE0)ROMTbl[1][0]: E00FF000, CID: B105100D, PID: 000BB4C7 ROM TableROMTbl[2] @ E00FF000 -- CPU_ReadMem(16 bytes @ 0xE00FF000) -- CPU_ReadMem(16 bytes @ 0xE000EFF0)
 -- CPU_ReadMem(16 bytes @ 0xE000EFE0)ROMTbl[2][0]: E000E000, CID: B105E00D, PID: 000BB00C SCS -- CPU_WriteMem(4 bytes @ 0xE0001000) -- CPU_ReadMem(16 bytes @ 0xE0001FF0) -- CPU_ReadMem(16 bytes @ 0xE0001FE0)ROMTbl[2][1]: E0001000, CID: B105E00D, PID: 000BB002 DWT -- CPU_ReadMem(16 bytes @ 0xE0002FF0) -- CPU_ReadMem(16 bytes @ 0xE0002FE0)ROMTbl[2][2]: E0002000, CID: B105E00D, PID: 000BB00E FPB -- CPU_ReadMem(16 bytes @ 0xE0000FF0) -- CPU_ReadMem(16 bytes @ 0xE0000FE0)
ROMTbl[2][3]: E0000000, CID: B105E00D, PID: 000BB001 ITM -- CPU_ReadMem(16 bytes @ 0xE00FF010) -- CPU_ReadMem(16 bytes @ 0xE0041FF0) -- CPU_ReadMem(16 bytes @ 0xE0041FE0)ROMTbl[1][1]: E0041000, CID: B105900D, PID: 001BB975 ETM-M7 -- CPU_ReadMem(16 bytes @ 0xE00FE010) -- CPU_ReadMem(16 bytes @ 0xE0040FF0) -- CPU_ReadMem(16 bytes @ 0xE0040FE0)ROMTbl[0][1]: E0040000, CID: B105900D, PID: 000BB9A9 TPIU-M7 -- CPU_ReadMem(16 bytes @ 0xE00FD010) -- CPU_ReadMem(4 bytes @ 0xE000ED78)Cache: Separate I- and D-cache.
 (0157ms, 1548ms total)
T2DC0 328:629  -- CPU_WriteMem(4 bytes @ 0xE000ED84) -- CPU_ReadMem(4 bytes @ 0xE000ED80)I-Cache L1: 16 KB, 256 Sets, 32 Bytes/Line, 2-Way -- CPU_WriteMem(4 bytes @ 0xE000ED84) -- CPU_ReadMem(4 bytes @ 0xE000ED80)D-Cache L1: 16 KB, 128 Sets, 32 Bytes/Line, 4-Way
                JLINK_Reset() -- CPU_WriteMem(4 bytes @ 0xE000EDF0) -- CPU_WriteMem(4 bytes @ 0xE000EDFC) >0x35 TIF> -- CPU_WriteMem(4 bytes @ 0xE000ED0C) >0x0D TIF> >0x28 TIF> -- CPU_ReadMem(4 bytes @ 0xE000EDF0) -- CPU_ReadMem(4 bytes @ 0xE000EDF0) -- CPU_WriteMem(4 bytes @ 0xE000EDF0) -- CPU_WriteMem(4 bytes @ 0xE000EDFC) -- CPU_ReadMem(4 bytes @ 0xE000EDF0) -- CPU_WriteMem(4 bytes @ 0xE0002000) -- CPU_ReadMem(4 bytes @ 0xE000EDFC) -- CPU_ReadMem(4 bytes @ 0xE0001000) (0074ms, 0074ms total)
                JLINK_Go() -- CPU_ReadMem(4 bytes @ 0xE0001000) -- CPU_WriteMem(4 bytes @ 0xE0002008) -- CPU_WriteMem(4 bytes @ 0xE000200C) -- CPU_WriteMem(4 bytes @ 0xE0002010) -- CPU_WriteMem(4 bytes @ 0xE0002014) -- CPU_WriteMem(4 bytes @ 0xE0002018) -- CPU_WriteMem(4 bytes @ 0xE000201C) -- CPU_WriteMem(4 bytes @ 0xE0002020) -- CPU_WriteMem(4 bytes @ 0xE0002024) -- CPU_WriteMem(4 bytes @ 0xE0001004) (0005ms, 0079ms total)
               (0238ms, 1629ms total)
