
T2DF0 280:984 SEGGER J-Link V6.18a Log File (0005ms, 1033ms total)
T2DF0 280:984 DLL Compiled: Aug 11 2017 17:53:19 (0005ms, 1033ms total)
T2DF0 280:984 Logging started @ 2017-12-25 07:04 (0005ms, 1033ms total)
T2DF0 281:005 JLINK_ExecCommand("Device = ATSAMV71Q21", ...).   returns 0x00 (0024ms, 1058ms total)
T2DF0 281:087 JLINK_ExecCommand("ProjectFile = C:\Users\Daniel Gonzalez\Dropbox (UFL)\Spring2018\Senior_Design\SeniorDesignRepo\Atmel_Projects\LCD_and_Touch\LCD_and_Touch\jlink.config", ...).   returns 0x00 (0024ms, 1082ms total)
T2DF0 281:141 JLINK_ExecCommand("Device = ATSAMV71Q21", ...).   returns 0x00 (0192ms, 1274ms total)
T2DF0 281:333 JLINK_TIF_Select(JLINKARM_TIF_SWD)  returns 0x00 (0158ms, 1432ms total)
T2DF0 281:491 JLINK_SetSpeed(4000) (0014ms, 1446ms total)
T2DF0 281:505 JLINK_ResetPullsRESET(OFF) (0000ms, 1446ms total)
T2DF0 281:505 JLINK_Connect() >0x10B TIF>Found SW-DP with ID 0x0BD11477 >0x0D TIF> >0x28 TIF> >0x0D TIF> >0x28 TIF> >0x0D TIF> >0x28 TIF> >0x0D TIF> >0x28 TIF> >0x0D TIF> >0x21 TIF> >0x0D TIF> >0x28 TIF>Scanning AP map to find all available APs >0x0D TIF> >0x28 TIF> >0x0D TIF> >0x21 TIF> >0x0D TIF> >0x21 TIF> >0x0D TIF> >0x28 TIF> >0x0D TIF> >0x21 TIF> >0x0D TIF> >0x21 TIF>AP[1]: Stopped AP scan as end of AP map has been reachedAP[0]: AHB-AP (IDR: 0x04770041)Iterating through AP map to find AHB-AP to use
 >0x42 TIF> >0x28 TIF> >0x0D TIF> >0x21 TIF> >0x0D TIF> >0x21 TIF> >0x42 TIF> >0x28 TIF> >0x0D TIF> >0x28 TIF> >0x0D TIF> >0x28 TIF> >0x0D TIF> >0x21 TIF> >0x0D TIF> >0x21 TIF>AP[0]: Core foundAP[0]: AHB-AP ROM base: 0xE00FD000 >0x0D TIF> >0x28 TIF> >0x0D TIF> >0x28 TIF> >0x0D TIF> >0x28 TIF> >0x0D TIF> >0x21 TIF> >0x0D TIF> >0x21 TIF>CPUID register: 0x411FC271. Implementer code: 0x41 (ARM)Found Cortex-M7 r1p1, Little endian. -- CPU_ReadMem(4 bytes @ 0xE000EDF0) -- CPU_WriteMem(4 bytes @ 0xE000EDF0)
 -- CPU_ReadMem(4 bytes @ 0xE0002000) -- CPU_ReadMem(4 bytes @ 0xE000EDFC) -- CPU_WriteMem(4 bytes @ 0xE000EDFC) -- CPU_ReadMem(4 bytes @ 0xE0001000) -- CPU_WriteMem(4 bytes @ 0xE0001000) -- CPU_ReadMem(4 bytes @ 0xE000ED88) -- CPU_WriteMem(4 bytes @ 0xE000ED88) -- CPU_ReadMem(4 bytes @ 0xE000ED88) -- CPU_WriteMem(4 bytes @ 0xE000ED88)CoreSight components:ROMTbl[0] @ E00FD000 -- CPU_ReadMem(16 bytes @ 0xE00FD000) -- CPU_ReadMem(16 bytes @ 0xE00FEFF0) -- CPU_ReadMem(16 bytes @ 0xE00FEFE0)
ROMTbl[0][0]: E00FE000, CID: B105100D, PID: 000BB4C8 ROM TableROMTbl[1] @ E00FE000 -- CPU_ReadMem(16 bytes @ 0xE00FE000) -- CPU_ReadMem(16 bytes @ 0xE00FFFF0) -- CPU_ReadMem(16 bytes @ 0xE00FFFE0)ROMTbl[1][0]: E00FF000, CID: B105100D, PID: 000BB4C7 ROM TableROMTbl[2] @ E00FF000 -- CPU_ReadMem(16 bytes @ 0xE00FF000) -- CPU_ReadMem(16 bytes @ 0xE000EFF0) -- CPU_ReadMem(16 bytes @ 0xE000EFE0)ROMTbl[2][0]: E000E000, CID: B105E00D, PID: 000BB00C SCS -- CPU_ReadMem(16 bytes @ 0xE0001FF0)
 -- CPU_ReadMem(16 bytes @ 0xE0001FE0)ROMTbl[2][1]: E0001000, CID: B105E00D, PID: 000BB002 DWT -- CPU_ReadMem(16 bytes @ 0xE0002FF0) -- CPU_ReadMem(16 bytes @ 0xE0002FE0)ROMTbl[2][2]: E0002000, CID: B105E00D, PID: 000BB00E FPB -- CPU_ReadMem(16 bytes @ 0xE0000FF0) -- CPU_ReadMem(16 bytes @ 0xE0000FE0)ROMTbl[2][3]: E0000000, CID: B105E00D, PID: 000BB001 ITM -- CPU_ReadMem(16 bytes @ 0xE00FF010) -- CPU_ReadMem(16 bytes @ 0xE0041FF0) -- CPU_ReadMem(16 bytes @ 0xE0041FE0)
ROMTbl[1][1]: E0041000, CID: B105900D, PID: 001BB975 ETM-M7 -- CPU_ReadMem(16 bytes @ 0xE00FE010) -- CPU_ReadMem(16 bytes @ 0xE0040FF0) -- CPU_ReadMem(16 bytes @ 0xE0040FE0)ROMTbl[0][1]: E0040000, CID: B105900D, PID: 000BB9A9 TPIU-M7 -- CPU_ReadMem(16 bytes @ 0xE00FD010) -- CPU_ReadMem(4 bytes @ 0xE000ED78)Cache: Separate I- and D-cache. (1146ms, 2592ms total)
T2DF0 281:505  -- CPU_WriteMem(4 bytes @ 0xE000ED84) -- CPU_ReadMem(4 bytes @ 0xE000ED80)I-Cache L1: 16 KB, 256 Sets, 32 Bytes/Line, 2-Way -- CPU_WriteMem(4 bytes @ 0xE000ED84) -- CPU_ReadMem(4 bytes @ 0xE000ED80)D-Cache L1: 16 KB, 128 Sets, 32 Bytes/Line, 4-Way  returns 0x00 (1174ms, 2620ms total)
T2A50 282:679 JLINK_EMU_GetList(InterfaceMask = 0x00000001, MaxInfos = 0x00000032) [0]: USB, S/N: 20126404  returns 0x01 (0000ms, 2620ms total)
T2DF0 282:682 JLINK_Halt()  returns 0x00 (0003ms, 2623ms total)
T2A50 282:685 JLINK_EMU_GetList(InterfaceMask = 0x00000002, MaxInfos = 0x00000032)   returns 0x00 (0027ms, 2650ms total)
T2DF0 282:712 JLINK_WriteMem(0x400E0C04, 0x0004 Bytes, ...) - Data: 0B 01 00 5A -- CPU_WriteMem(4 bytes @ 0x400E0C04)  returns 0x04 (0002ms, 2652ms total)
T2DF0 282:714 JLINK_ReadMem (0x400E0C08, 0x0004 Bytes, ...) -- CPU_ReadMem(4 bytes @ 0x400E0C08) - Data: 01 00 00 00  returns 0x00 (0001ms, 2653ms total)
T2DF0 282:715 JLINK_SetResetType(JLINKARM_CM3_RESET_TYPE_NORMAL)  returns JLINKARM_CM3_RESET_TYPE_NORMAL (0000ms, 2653ms total)
T2DF0 282:715 JLINK_Reset() -- CPU_WriteMem(4 bytes @ 0xE000EDF0) -- CPU_WriteMem(4 bytes @ 0xE000EDFC) >0x35 TIF> -- CPU_WriteMem(4 bytes @ 0xE000ED0C) >0x0D TIF> >0x28 TIF> -- CPU_ReadMem(4 bytes @ 0xE000EDF0) -- CPU_ReadMem(4 bytes @ 0xE000EDF0) -- CPU_WriteMem(4 bytes @ 0xE000EDF0) -- CPU_WriteMem(4 bytes @ 0xE000EDFC) -- CPU_ReadMem(4 bytes @ 0xE000EDF0) -- CPU_WriteMem(4 bytes @ 0xE0002000) -- CPU_ReadMem(4 bytes @ 0xE000EDFC) -- CPU_ReadMem(4 bytes @ 0xE0001000) (0096ms, 2749ms total)
T2DF0 282:813 JLINK_JTAG_GetDeviceID(DeviceIndex = 0)  returns 0x00 (0000ms, 2749ms total)
T2DF0 282:813 JLINK_ReadMemU32(0x400E0940, 0x0001 Items, ...) -- CPU_ReadMem(4 bytes @ 0x400E0940) - Data: 01 0E 22 A1  returns 0x01 (0041ms, 2790ms total)
T2DF0 282:854 JLINK_ReadMemU32(0x400E0944, 0x0001 Items, ...) -- CPU_ReadMem(4 bytes @ 0x400E0944) - Data: 02 00 00 00  returns 0x01 (0009ms, 2799ms total)
T0AAC 282:863 JLINK_IsHalted()  returns TRUE (0000ms, 2799ms total)
T0AAC 282:863 JLINK_GetMOEs(...) -- CPU_ReadMem(4 bytes @ 0xE000ED30)  returns 0x01 (0001ms, 2800ms total)
T2DF0 282:864 JLINK_WriteMem(0x400E0C04, 0x0004 Bytes, ...) - Data: 05 00 00 5A -- CPU_WriteMem(4 bytes @ 0x400E0C04)  returns 0x04 (0000ms, 2800ms total)
T0AAC 282:864 JLINK_ReadReg(R15 (PC))  returns 0x00401DAC (0000ms, 2800ms total)
T2DF0 282:864 JLINK_ReadMem (0x400E0C08, 0x0004 Bytes, ...) -- CPU_ReadMem(4 bytes @ 0x400E0C08) - Data: 00 00 00 00  returns 0x00 (0002ms, 2802ms total)
T2DF0 282:871 JLINK_ReadMem (0x400E0C08, 0x0004 Bytes, ...) -- CPU_ReadMem(4 bytes @ 0x400E0C08) - Data: 00 00 00 00  returns 0x00 (0002ms, 2804ms total)
T2DF0 282:879 JLINK_ReadMem (0x400E0C08, 0x0004 Bytes, ...) -- CPU_ReadMem(4 bytes @ 0x400E0C08) - Data: 00 00 00 00  returns 0x00 (0001ms, 2805ms total)
T2DF0 282:897 JLINK_ReadMem (0x400E0C08, 0x0004 Bytes, ...) -- CPU_ReadMem(4 bytes @ 0x400E0C08) - Data: 00 00 00 00  returns 0x00 (0007ms, 2812ms total)
T2DF0 282:968 JLINK_ReadMem (0x400E0C08, 0x0004 Bytes, ...) -- CPU_ReadMem(4 bytes @ 0x400E0C08) - Data: 00 00 00 00  returns 0x00 (0000ms, 2812ms total)
T0AAC 283:066 JLINK_IsHalted()  returns TRUE (0000ms, 2812ms total)
T2DF0 283:227 JLINK_ReadMem (0x400E0C08, 0x0004 Bytes, ...) -- CPU_ReadMem(4 bytes @ 0x400E0C08) - Data: 00 00 00 00  returns 0x00 (0001ms, 2813ms total)
T0AAC 283:270 JLINK_IsHalted()  returns TRUE (0000ms, 2813ms total)
T0AAC 283:471 JLINK_IsHalted()  returns TRUE (0001ms, 2814ms total)
T0AAC 283:673 JLINK_IsHalted()  returns TRUE (0000ms, 2813ms total)
T0AAC 283:873 JLINK_IsHalted()  returns TRUE (0000ms, 2813ms total)
T2A50 283:887 JLINK_EMU_GetList(InterfaceMask = 0x00000001, MaxInfos = 0x00000032) [0]: USB, S/N: 20126404  returns 0x01 (0001ms, 2814ms total)
T2A50 283:888 JLINK_EMU_GetList(InterfaceMask = 0x00000002, MaxInfos = 0x00000032)   returns 0x00 (0024ms, 2838ms total)
T0AAC 284:073 JLINK_IsHalted()  returns TRUE (0000ms, 2838ms total)
T2DF0 284:238 JLINK_ReadMem (0x400E0C08, 0x0004 Bytes, ...) -- CPU_ReadMem(4 bytes @ 0x400E0C08) - Data: 00 00 00 00  returns 0x00 (0001ms, 2839ms total)
T2DF0 284:240 JLINK_ReadMem (0x400E0C08, 0x0004 Bytes, ...) -- CPU_ReadMem(4 bytes @ 0x400E0C08) - Data: 00 00 00 00  returns 0x00 (0001ms, 2840ms total)
T2DF0 284:244 JLINK_ReadMem (0x400E0C08, 0x0004 Bytes, ...) -- CPU_ReadMem(4 bytes @ 0x400E0C08) - Data: 00 00 00 00  returns 0x00 (0000ms, 2840ms total)
T2DF0 284:251 JLINK_ReadMem (0x400E0C08, 0x0004 Bytes, ...) -- CPU_ReadMem(4 bytes @ 0x400E0C08) - Data: 00 00 00 00  returns 0x00 (0002ms, 2842ms total)
T2DF0 284:272 JLINK_ReadMem (0x400E0C08, 0x0004 Bytes, ...) -- CPU_ReadMem(4 bytes @ 0x400E0C08) - Data: 00 00 00 00  returns 0x00 (0000ms, 2842ms total)
T0AAC 284:273 JLINK_IsHalted()  returns TRUE (0000ms, 2842ms total)
T2DF0 284:337 JLINK_ReadMem (0x400E0C08, 0x0004 Bytes, ...) -- CPU_ReadMem(4 bytes @ 0x400E0C08) - Data: 00 00 00 00  returns 0x00 (0000ms, 2842ms total)
T0AAC 284:474 JLINK_IsHalted()  returns TRUE (0000ms, 2842ms total)
T2DF0 284:596 JLINK_ReadMem (0x400E0C08, 0x0004 Bytes, ...) -- CPU_ReadMem(4 bytes @ 0x400E0C08) - Data: 00 00 00 00  returns 0x00 (0000ms, 2842ms total)
T0AAC 284:674 JLINK_IsHalted()  returns TRUE (0000ms, 2842ms total)
T0AAC 284:896 JLINK_IsHalted()  returns TRUE (0000ms, 2842ms total)
T0AAC 285:096 JLINK_IsHalted()  returns TRUE (0000ms, 2842ms total)
T2A50 285:204 JLINK_EMU_GetList(InterfaceMask = 0x00000001, MaxInfos = 0x00000032) [0]: USB, S/N: 20126404  returns 0x01 (0000ms, 2842ms total)
T2A50 285:205 JLINK_EMU_GetList(InterfaceMask = 0x00000002, MaxInfos = 0x00000032)   returns 0x00 (0043ms, 2885ms total)
T0AAC 285:304 JLINK_IsHalted()  returns TRUE (0001ms, 2886ms total)
T0AAC 285:506 JLINK_IsHalted()  returns TRUE (0000ms, 2885ms total)
T2DF0 285:596 JLINK_ReadMem (0x400E0C08, 0x0004 Bytes, ...) -- CPU_ReadMem(4 bytes @ 0x400E0C08) - Data: 00 00 00 00  returns 0x00 (0000ms, 2885ms total)
T2DF0 285:596 JLINK_ReadMem (0x400E0C08, 0x0004 Bytes, ...) -- CPU_ReadMem(4 bytes @ 0x400E0C08) - Data: 00 00 00 00  returns 0x00 (0001ms, 2886ms total)
T2DF0 285:599 JLINK_ReadMem (0x400E0C08, 0x0004 Bytes, ...) -- CPU_ReadMem(4 bytes @ 0x400E0C08) - Data: 00 00 00 00  returns 0x00 (0001ms, 2887ms total)
T2DF0 285:605 JLINK_ReadMem (0x400E0C08, 0x0004 Bytes, ...) -- CPU_ReadMem(4 bytes @ 0x400E0C08) - Data: 00 00 00 00  returns 0x00 (0000ms, 2887ms total)
T2DF0 285:624 JLINK_ReadMem (0x400E0C08, 0x0004 Bytes, ...) -- CPU_ReadMem(4 bytes @ 0x400E0C08) - Data: 00 00 00 00  returns 0x00 (0000ms, 2887ms total)
T2DF0 285:690 JLINK_ReadMem (0x400E0C08, 0x0004 Bytes, ...) -- CPU_ReadMem(4 bytes @ 0x400E0C08) - Data: 00 00 00 00  returns 0x00 (0000ms, 2887ms total)
T0AAC 285:706 JLINK_IsHalted()  returns TRUE (0000ms, 2887ms total)
T0AAC 285:907 JLINK_IsHalted()  returns TRUE (0001ms, 2888ms total)
T2DF0 285:948 JLINK_ReadMem (0x400E0C08, 0x0004 Bytes, ...) -- CPU_ReadMem(4 bytes @ 0x400E0C08) - Data: 00 00 00 00  returns 0x00 (0000ms, 2887ms total)
T0AAC 286:110 JLINK_IsHalted()  returns TRUE (0000ms, 2887ms total)
T0AAC 286:318 JLINK_IsHalted()  returns TRUE (0000ms, 2887ms total)
T2A50 286:428 JLINK_EMU_GetList(InterfaceMask = 0x00000001, MaxInfos = 0x00000032) [0]: USB, S/N: 20126404  returns 0x01 (0000ms, 2887ms total)
T2A50 286:428 JLINK_EMU_GetList(InterfaceMask = 0x00000002, MaxInfos = 0x00000032)   returns 0x00 (0023ms, 2910ms total)
T0AAC 286:519 JLINK_IsHalted()  returns TRUE (0000ms, 2910ms total)
T0AAC 286:720 JLINK_IsHalted()  returns TRUE (0000ms, 2910ms total)
T0AAC 286:920 JLINK_IsHalted()  returns TRUE (0000ms, 2910ms total)
T2DF0 286:950 JLINK_ReadMem (0x400E0C08, 0x0004 Bytes, ...) -- CPU_ReadMem(4 bytes @ 0x400E0C08) - Data: 00 00 00 00  returns 0x00 (0000ms, 2910ms total)
T2DF0 286:950 JLINK_ReadMem (0x400E0C08, 0x0004 Bytes, ...) -- CPU_ReadMem(4 bytes @ 0x400E0C08) - Data: 00 00 00 00  returns 0x00 (0001ms, 2911ms total)
T2DF0 286:952 JLINK_ReadMem (0x400E0C08, 0x0004 Bytes, ...) -- CPU_ReadMem(4 bytes @ 0x400E0C08) - Data: 00 00 00 00  returns 0x00 (0000ms, 2911ms total)
T2DF0 286:958 JLINK_ReadMem (0x400E0C08, 0x0004 Bytes, ...) -- CPU_ReadMem(4 bytes @ 0x400E0C08) - Data: 00 00 00 00  returns 0x00 (0000ms, 2911ms total)
T2DF0 286:977 JLINK_ReadMem (0x400E0C08, 0x0004 Bytes, ...) -- CPU_ReadMem(4 bytes @ 0x400E0C08) - Data: 00 00 00 00  returns 0x00 (0000ms, 2911ms total)
T2DF0 287:043 JLINK_ReadMem (0x400E0C08, 0x0004 Bytes, ...) -- CPU_ReadMem(4 bytes @ 0x400E0C08) - Data: 00 00 00 00  returns 0x00 (0000ms, 2911ms total)
T0AAC 287:121 JLINK_IsHalted()  returns TRUE (0000ms, 2911ms total)
T2DF0 287:300 JLINK_ReadMem (0x400E0C08, 0x0004 Bytes, ...) -- CPU_ReadMem(4 bytes @ 0x400E0C08) - Data: 00 00 00 00  returns 0x00 (0000ms, 2911ms total)
T0AAC 287:324 JLINK_IsHalted()  returns TRUE (0000ms, 2911ms total)
T0AAC 287:535 JLINK_IsHalted()  returns TRUE (0000ms, 2911ms total)
T0AAC 287:754 JLINK_IsHalted()  returns TRUE (0002ms, 2913ms total)
T2A50 287:806 JLINK_EMU_GetList(InterfaceMask = 0x00000001, MaxInfos = 0x00000032) [0]: USB, S/N: 20126404  returns 0x01 (0000ms, 2911ms total)
T2A50 287:806 JLINK_EMU_GetList(InterfaceMask = 0x00000002, MaxInfos = 0x00000032)   returns 0x00 (0023ms, 2934ms total)
T0AAC 287:957 JLINK_IsHalted()  returns TRUE (0000ms, 2934ms total)
T0AAC 288:159 JLINK_IsHalted()  returns TRUE (0000ms, 2934ms total)
T2DF0 288:303 JLINK_ReadMem (0x400E0C08, 0x0004 Bytes, ...) -- CPU_ReadMem(4 bytes @ 0x400E0C08) - Data: 00 00 00 00  returns 0x00 (0001ms, 2935ms total)
T2DF0 288:304 JLINK_ReadMem (0x400E0C08, 0x0004 Bytes, ...) -- CPU_ReadMem(4 bytes @ 0x400E0C08) - Data: 00 00 00 00  returns 0x00 (0001ms, 2936ms total)
T2DF0 288:312 JLINK_ReadMem (0x400E0C08, 0x0004 Bytes, ...) -- CPU_ReadMem(4 bytes @ 0x400E0C08) - Data: 00 00 00 00  returns 0x00 (0000ms, 2936ms total)
T2DF0 288:317 JLINK_ReadMem (0x400E0C08, 0x0004 Bytes, ...) -- CPU_ReadMem(4 bytes @ 0x400E0C08) - Data: 00 00 00 00  returns 0x00 (0000ms, 2936ms total)
T2DF0 288:335 JLINK_ReadMem (0x400E0C08, 0x0004 Bytes, ...) -- CPU_ReadMem(4 bytes @ 0x400E0C08) - Data: 00 00 00 00  returns 0x00 (0000ms, 2936ms total)
T0AAC 288:359 JLINK_IsHalted()  returns TRUE (0001ms, 2937ms total)
T2DF0 288:402 JLINK_ReadMem (0x400E0C08, 0x0004 Bytes, ...) -- CPU_ReadMem(4 bytes @ 0x400E0C08) - Data: 00 00 00 00  returns 0x00 (0001ms, 2937ms total)
T0AAC 288:563 JLINK_IsHalted()  returns TRUE (0000ms, 2937ms total)
T2DF0 288:659 JLINK_ReadMem (0x400E0C08, 0x0004 Bytes, ...) -- CPU_ReadMem(4 bytes @ 0x400E0C08) - Data: 00 00 00 00  returns 0x00 (0000ms, 2937ms total)
T0AAC 288:763 JLINK_IsHalted()  returns TRUE (0000ms, 2937ms total)
T0AAC 288:977 JLINK_IsHalted()  returns TRUE (0001ms, 2938ms total)
T2A50 289:092 JLINK_EMU_GetList(InterfaceMask = 0x00000001, MaxInfos = 0x00000032) [0]: USB, S/N: 20126404  returns 0x01 (0000ms, 2937ms total)
T2A50 289:092 JLINK_EMU_GetList(InterfaceMask = 0x00000002, MaxInfos = 0x00000032)   returns 0x00 (0024ms, 2961ms total)
T0AAC 289:179 JLINK_IsHalted()  returns TRUE (0000ms, 2961ms total)
T0AAC 289:381 JLINK_IsHalted()  returns TRUE (0000ms, 2961ms total)
T0AAC 289:581 JLINK_IsHalted()  returns TRUE (0000ms, 2961ms total)
T2DF0 289:660 JLINK_ReadMem (0x400E0C08, 0x0004 Bytes, ...) -- CPU_ReadMem(4 bytes @ 0x400E0C08) - Data: 00 00 00 00  returns 0x00 (0000ms, 2961ms total)
T2DF0 289:660 JLINK_ReadMem (0x400E0C08, 0x0004 Bytes, ...) -- CPU_ReadMem(4 bytes @ 0x400E0C08) - Data: 00 00 00 00  returns 0x00 (0001ms, 2962ms total)
T2DF0 289:663 JLINK_ReadMem (0x400E0C08, 0x0004 Bytes, ...) -- CPU_ReadMem(4 bytes @ 0x400E0C08) - Data: 00 00 00 00  returns 0x00 (0001ms, 2963ms total)
T2DF0 289:670 JLINK_ReadMem (0x400E0C08, 0x0004 Bytes, ...) -- CPU_ReadMem(4 bytes @ 0x400E0C08) - Data: 00 00 00 00  returns 0x00 (0000ms, 2963ms total)
T2DF0 289:687 JLINK_ReadMem (0x400E0C08, 0x0004 Bytes, ...) -- CPU_ReadMem(4 bytes @ 0x400E0C08) - Data: 00 00 00 00  returns 0x00 (0000ms, 2963ms total)
T2DF0 289:752 JLINK_ReadMem (0x400E0C08, 0x0004 Bytes, ...) -- CPU_ReadMem(4 bytes @ 0x400E0C08) - Data: 00 00 00 00  returns 0x00 (0000ms, 2963ms total)
T0AAC 289:781 JLINK_IsHalted()  returns TRUE (0000ms, 2963ms total)
T0AAC 289:983 JLINK_IsHalted()  returns TRUE (0000ms, 2963ms total)
T2DF0 290:009 JLINK_ReadMem (0x400E0C08, 0x0004 Bytes, ...) -- CPU_ReadMem(4 bytes @ 0x400E0C08) - Data: 00 00 00 00  returns 0x00 (0001ms, 2964ms total)
T0AAC 290:189 JLINK_IsHalted()  returns TRUE (0013ms, 2977ms total)
T2A50 290:350 JLINK_EMU_GetList(InterfaceMask = 0x00000001, MaxInfos = 0x00000032) [0]: USB, S/N: 20126404  returns 0x01 (0000ms, 2964ms total)
T2A50 290:350 JLINK_EMU_GetList(InterfaceMask = 0x00000002, MaxInfos = 0x00000032)   returns 0x00 (0045ms, 3009ms total)
T0AAC 290:403 JLINK_IsHalted()  returns TRUE (0000ms, 3009ms total)
T0AAC 290:605 JLINK_IsHalted()  returns TRUE (0000ms, 3009ms total)
T0AAC 290:805 JLINK_IsHalted()  returns TRUE (0001ms, 3010ms total)
T0AAC 291:006 JLINK_IsHalted()  returns TRUE (0000ms, 3009ms total)
T2DF0 291:010 JLINK_ReadMem (0x400E0C08, 0x0004 Bytes, ...) -- CPU_ReadMem(4 bytes @ 0x400E0C08) - Data: 00 00 00 00  returns 0x00 (0000ms, 3009ms total)
T2DF0 291:011 JLINK_ReadMem (0x400E0C08, 0x0004 Bytes, ...) -- CPU_ReadMem(4 bytes @ 0x400E0C08) - Data: 00 00 00 00  returns 0x00 (0001ms, 3010ms total)
T2DF0 291:014 JLINK_ReadMem (0x400E0C08, 0x0004 Bytes, ...) -- CPU_ReadMem(4 bytes @ 0x400E0C08) - Data: 00 00 00 00  returns 0x00 (0001ms, 3011ms total)
T2DF0 291:021 JLINK_ReadMem (0x400E0C08, 0x0004 Bytes, ...) -- CPU_ReadMem(4 bytes @ 0x400E0C08) - Data: 00 00 00 00  returns 0x00 (0000ms, 3011ms total)
T2DF0 291:038 JLINK_ReadMem (0x400E0C08, 0x0004 Bytes, ...) -- CPU_ReadMem(4 bytes @ 0x400E0C08) - Data: 00 00 00 00  returns 0x00 (0000ms, 3011ms total)
T2DF0 291:104 JLINK_ReadMem (0x400E0C08, 0x0004 Bytes, ...) -- CPU_ReadMem(4 bytes @ 0x400E0C08) - Data: 00 00 00 00  returns 0x00 (0001ms, 3012ms total)
T0AAC 291:208 JLINK_IsHalted()  returns TRUE (0000ms, 3012ms total)
T2DF0 291:365 JLINK_ReadMem (0x400E0C08, 0x0004 Bytes, ...) -- CPU_ReadMem(4 bytes @ 0x400E0C08) - Data: 00 00 00 00  returns 0x00 (0001ms, 3013ms total)
T0AAC 291:412 JLINK_IsHalted()  returns TRUE (0019ms, 3032ms total)
T2A50 291:584 JLINK_EMU_GetList(InterfaceMask = 0x00000001, MaxInfos = 0x00000032) [0]: USB, S/N: 20126404  returns 0x01 (0001ms, 3014ms total)
T2A50 291:585 JLINK_EMU_GetList(InterfaceMask = 0x00000002, MaxInfos = 0x00000032)   returns 0x00 (0023ms, 3037ms total)
T0AAC 291:632 JLINK_IsHalted()  returns TRUE (0000ms, 3037ms total)
T0AAC 291:832 JLINK_IsHalted()  returns TRUE (0000ms, 3037ms total)
T0AAC 292:033 JLINK_IsHalted()  returns TRUE (0001ms, 3038ms total)
T0AAC 292:247 JLINK_IsHalted()  returns TRUE (0000ms, 3037ms total)
T2DF0 292:367 JLINK_ReadMem (0x400E0C08, 0x0004 Bytes, ...) -- CPU_ReadMem(4 bytes @ 0x400E0C08) - Data: 01 00 00 00  returns 0x00 (0001ms, 3038ms total)
T0AAC 292:448 JLINK_IsHalted()  returns TRUE (0000ms, 3038ms total)
T2DF0 292:449 JLINK_ResetPullsRESET(ON) (0000ms, 3038ms total)
T2DF0 292:449 JLINK_ResetNoHalt() >0x10B TIF>Found SW-DP with ID 0x0BD11477 >0x0D TIF> >0x28 TIF> >0x0D TIF> >0x28 TIF> >0x0D TIF> >0x28 TIF> >0x0D TIF> >0x28 TIF> >0x0D TIF> >0x21 TIF> >0x0D TIF> >0x28 TIF>AP map detection skipped. User manually configured AP map.AP[0]: AHB-AP (IDR: Not set) >0x42 TIF> >0x28 TIF> >0x0D TIF> >0x21 TIF> >0x0D TIF> >0x21 TIF> >0x42 TIF> >0x28 TIF> >0x0D TIF> >0x28 TIF> >0x0D TIF> >0x28 TIF> >0x0D TIF> >0x21 TIF> >0x0D TIF> >0x21 TIF>AP[0]: Core found
AP[0]: AHB-AP ROM base: 0xE00FD000 >0x0D TIF> >0x28 TIF> >0x0D TIF> >0x28 TIF> >0x0D TIF> >0x28 TIF> >0x0D TIF> >0x21 TIF> >0x0D TIF> >0x21 TIF>CPUID register: 0x411FC271. Implementer code: 0x41 (ARM)Found Cortex-M7 r1p1, Little endian. -- CPU_ReadMem(4 bytes @ 0xE000EDF0) -- CPU_ReadMem(4 bytes @ 0xE0002000) -- CPU_ReadMem(4 bytes @ 0xE000EDFC) -- CPU_ReadMem(4 bytes @ 0xE0001000) -- CPU_ReadMem(4 bytes @ 0xE000ED88) -- CPU_WriteMem(4 bytes @ 0xE000ED88) -- CPU_ReadMem(4 bytes @ 0xE000ED88)
 -- CPU_WriteMem(4 bytes @ 0xE000ED88)CoreSight components:ROMTbl[0] @ E00FD000 -- CPU_ReadMem(16 bytes @ 0xE00FD000) -- CPU_ReadMem(16 bytes @ 0xE00FEFF0) -- CPU_ReadMem(16 bytes @ 0xE00FEFE0)ROMTbl[0][0]: E00FE000, CID: B105100D, PID: 000BB4C8 ROM TableROMTbl[1] @ E00FE000 -- CPU_ReadMem(16 bytes @ 0xE00FE000) -- CPU_ReadMem(16 bytes @ 0xE00FFFF0) -- CPU_ReadMem(16 bytes @ 0xE00FFFE0)ROMTbl[1][0]: E00FF000, CID: B105100D, PID: 000BB4C7 ROM TableROMTbl[2] @ E00FF000 -- CPU_ReadMem(16 bytes @ 0xE00FF000)
 -- CPU_ReadMem(16 bytes @ 0xE000EFF0) -- CPU_ReadMem(16 bytes @ 0xE000EFE0)ROMTbl[2][0]: E000E000, CID: B105E00D, PID: 000BB00C SCS -- CPU_WriteMem(4 bytes @ 0xE0001000) -- CPU_ReadMem(16 bytes @ 0xE0001FF0) -- CPU_ReadMem(16 bytes @ 0xE0001FE0)ROMTbl[2][1]: E0001000, CID: B105E00D, PID: 000BB002 DWT -- CPU_ReadMem(16 bytes @ 0xE0002FF0) -- CPU_ReadMem(16 bytes @ 0xE0002FE0)ROMTbl[2][2]: E0002000, CID: B105E00D, PID: 000BB00E FPB -- CPU_ReadMem(16 bytes @ 0xE0000FF0)
 -- CPU_ReadMem(16 bytes @ 0xE0000FE0)ROMTbl[2][3]: E0000000, CID: B105E00D, PID: 000BB001 ITM -- CPU_ReadMem(16 bytes @ 0xE00FF010) -- CPU_ReadMem(16 bytes @ 0xE0041FF0) -- CPU_ReadMem(16 bytes @ 0xE0041FE0)ROMTbl[1][1]: E0041000, CID: B105900D, PID: 001BB975 ETM-M7 -- CPU_ReadMem(16 bytes @ 0xE00FE010) -- CPU_ReadMem(16 bytes @ 0xE0040FF0) -- CPU_ReadMem(16 bytes @ 0xE0040FE0)ROMTbl[0][1]: E0040000, CID: B105900D, PID: 000BB9A9 TPIU-M7 -- CPU_ReadMem(16 bytes @ 0xE00FD010)
 -- CPU_ReadMem(4 bytes @ 0xE000ED78)Cache: Separate I- and D-cache. (0135ms, 3173ms total)
T2DF0 292:449  -- CPU_WriteMem(4 bytes @ 0xE000ED84) -- CPU_ReadMem(4 bytes @ 0xE000ED80)I-Cache L1: 16 KB, 256 Sets, 32 Bytes/Line, 2-Way -- CPU_WriteMem(4 bytes @ 0xE000ED84) -- CPU_ReadMem(4 bytes @ 0xE000ED80)D-Cache L1: 16 KB, 128 Sets, 32 Bytes/Line, 4-Way
                JLINK_Reset() -- CPU_WriteMem(4 bytes @ 0xE000EDF0) -- CPU_WriteMem(4 bytes @ 0xE000EDFC) >0x35 TIF> -- CPU_WriteMem(4 bytes @ 0xE000ED0C) >0x0D TIF> >0x28 TIF> -- CPU_ReadMem(4 bytes @ 0xE000EDF0) -- CPU_ReadMem(4 bytes @ 0xE000EDF0) -- CPU_WriteMem(4 bytes @ 0xE000EDF0) -- CPU_WriteMem(4 bytes @ 0xE000EDFC) -- CPU_ReadMem(4 bytes @ 0xE000EDF0) -- CPU_WriteMem(4 bytes @ 0xE0002000) -- CPU_ReadMem(4 bytes @ 0xE000EDFC) -- CPU_ReadMem(4 bytes @ 0xE0001000) (0134ms, 0134ms total)
                JLINK_Go() -- CPU_ReadMem(4 bytes @ 0xE0001000) -- CPU_WriteMem(4 bytes @ 0xE0001004) (0015ms, 0149ms total)
               (0286ms, 3324ms total)
T2DF0 292:736 JLINK_ExecCommand("ProjectFile = C:\Users\Daniel Gonzalez\Dropbox (UFL)\Spring2018\Senior_Design\SeniorDesignRepo\Atmel_Projects\LCD_and_Touch\LCD_and_Touch\jlink.config", ...).   returns 0x00 (0004ms, 3328ms total)
T2DF0 292:744 JLINK_ExecCommand("Device = ATSAMV71Q21", ...).   returns 0x00 (0003ms, 3331ms total)
T2DF0 292:747 JLINK_TIF_Select(JLINKARM_TIF_SWD)  returns 0x00 (0000ms, 3331ms total)
T2DF0 292:747 JLINK_SetSpeed(4000) (0000ms, 3331ms total)
T2DF0 292:747 JLINK_ResetPullsRESET(OFF) (0000ms, 3331ms total)
T2DF0 292:747 JLINK_Connect() >0x10B TIF>Found SW-DP with ID 0x0BD11477 >0x0D TIF> >0x28 TIF> >0x0D TIF> >0x28 TIF> >0x0D TIF> >0x28 TIF> >0x0D TIF> >0x28 TIF> >0x0D TIF> >0x21 TIF> >0x0D TIF> >0x28 TIF>AP map detection skipped. User manually configured AP map.AP[0]: AHB-AP (IDR: Not set) >0x42 TIF> >0x28 TIF> >0x0D TIF> >0x21 TIF> >0x0D TIF> >0x21 TIF> >0x42 TIF> >0x28 TIF> >0x0D TIF> >0x28 TIF> >0x0D TIF> >0x28 TIF> >0x0D TIF> >0x21 TIF> >0x0D TIF> >0x21 TIF>AP[0]: Core found
AP[0]: AHB-AP ROM base: 0xE00FD000 >0x0D TIF> >0x28 TIF> >0x0D TIF> >0x28 TIF> >0x0D TIF> >0x28 TIF> >0x0D TIF> >0x21 TIF> >0x0D TIF> >0x21 TIF>CPUID register: 0x411FC271. Implementer code: 0x41 (ARM)Found Cortex-M7 r1p1, Little endian. -- CPU_ReadMem(4 bytes @ 0xE000EDF0) -- CPU_ReadMem(4 bytes @ 0xE0002000) -- CPU_ReadMem(4 bytes @ 0xE000EDFC) -- CPU_ReadMem(4 bytes @ 0xE0001000) -- CPU_WriteMem(4 bytes @ 0xE0001000) -- CPU_ReadMem(4 bytes @ 0xE000ED88) -- CPU_WriteMem(4 bytes @ 0xE000ED88)
 -- CPU_ReadMem(4 bytes @ 0xE000ED88) -- CPU_WriteMem(4 bytes @ 0xE000ED88)CoreSight components:ROMTbl[0] @ E00FD000 -- CPU_ReadMem(16 bytes @ 0xE00FD000) -- CPU_ReadMem(16 bytes @ 0xE00FEFF0) -- CPU_ReadMem(16 bytes @ 0xE00FEFE0)ROMTbl[0][0]: E00FE000, CID: B105100D, PID: 000BB4C8 ROM TableROMTbl[1] @ E00FE000 -- CPU_ReadMem(16 bytes @ 0xE00FE000) -- CPU_ReadMem(16 bytes @ 0xE00FFFF0) -- CPU_ReadMem(16 bytes @ 0xE00FFFE0)ROMTbl[1][0]: E00FF000, CID: B105100D, PID: 000BB4C7 ROM TableROMTbl[2] @ E00FF000
 -- CPU_ReadMem(16 bytes @ 0xE00FF000) -- CPU_ReadMem(16 bytes @ 0xE000EFF0) -- CPU_ReadMem(16 bytes @ 0xE000EFE0)ROMTbl[2][0]: E000E000, CID: B105E00D, PID: 000BB00C SCS -- CPU_ReadMem(16 bytes @ 0xE0001FF0) -- CPU_ReadMem(16 bytes @ 0xE0001FE0)ROMTbl[2][1]: E0001000, CID: B105E00D, PID: 000BB002 DWT -- CPU_ReadMem(16 bytes @ 0xE0002FF0) -- CPU_ReadMem(16 bytes @ 0xE0002FE0)ROMTbl[2][2]: E0002000, CID: B105E00D, PID: 000BB00E FPB -- CPU_ReadMem(16 bytes @ 0xE0000FF0)
 -- CPU_ReadMem(16 bytes @ 0xE0000FE0)ROMTbl[2][3]: E0000000, CID: B105E00D, PID: 000BB001 ITM -- CPU_ReadMem(16 bytes @ 0xE00FF010) -- CPU_ReadMem(16 bytes @ 0xE0041FF0) -- CPU_ReadMem(16 bytes @ 0xE0041FE0)ROMTbl[1][1]: E0041000, CID: B105900D, PID: 001BB975 ETM-M7 -- CPU_ReadMem(16 bytes @ 0xE00FE010) -- CPU_ReadMem(16 bytes @ 0xE0040FF0) -- CPU_ReadMem(16 bytes @ 0xE0040FE0)ROMTbl[0][1]: E0040000, CID: B105900D, PID: 000BB9A9 TPIU-M7 -- CPU_ReadMem(16 bytes @ 0xE00FD010)
 -- CPU_ReadMem(4 bytes @ 0xE000ED78)Cache: Separate I- and D-cache. (0132ms, 3463ms total)
T2DF0 292:747  -- CPU_WriteMem(4 bytes @ 0xE000ED84) -- CPU_ReadMem(4 bytes @ 0xE000ED80)I-Cache L1: 16 KB, 256 Sets, 32 Bytes/Line, 2-Way -- CPU_WriteMem(4 bytes @ 0xE000ED84) -- CPU_ReadMem(4 bytes @ 0xE000ED80)D-Cache L1: 16 KB, 128 Sets, 32 Bytes/Line, 4-Way  returns 0x00 (0133ms, 3464ms total)
T2A50 292:881 JLINK_EMU_GetList(InterfaceMask = 0x00000001, MaxInfos = 0x00000032) [0]: USB, S/N: 20126404  returns 0x01 (0000ms, 3464ms total)
T2DF0 292:881 JLINK_Halt()  returns 0x00 (0002ms, 3466ms total)
T2A50 292:883 JLINK_EMU_GetList(InterfaceMask = 0x00000002, MaxInfos = 0x00000032)   returns 0x00 (0023ms, 3489ms total)
T2DF0 292:906 JLINK_WriteMem(0x400E0C04, 0x0004 Bytes, ...) - Data: 0B 01 00 5A -- CPU_WriteMem(4 bytes @ 0x400E0C04)  returns 0x04 (0001ms, 3490ms total)
T2DF0 292:907 JLINK_ReadMem (0x400E0C08, 0x0004 Bytes, ...) -- CPU_ReadMem(4 bytes @ 0x400E0C08) - Data: 01 00 00 00  returns 0x00 (0000ms, 3490ms total)
T2DF0 292:907 JLINK_SetResetType(JLINKARM_CM3_RESET_TYPE_NORMAL)  returns JLINKARM_CM3_RESET_TYPE_NORMAL (0000ms, 3490ms total)
T2DF0 292:907 JLINK_Reset() -- CPU_WriteMem(4 bytes @ 0xE000EDF0) -- CPU_WriteMem(4 bytes @ 0xE000EDFC) >0x35 TIF> -- CPU_WriteMem(4 bytes @ 0xE000ED0C) >0x0D TIF> >0x28 TIF> -- CPU_ReadMem(4 bytes @ 0xE000EDF0) -- CPU_ReadMem(4 bytes @ 0xE000EDF0) -- CPU_WriteMem(4 bytes @ 0xE000EDF0) -- CPU_WriteMem(4 bytes @ 0xE000EDFC) -- CPU_ReadMem(4 bytes @ 0xE000EDF0) -- CPU_WriteMem(4 bytes @ 0xE0002000) -- CPU_ReadMem(4 bytes @ 0xE000EDFC) -- CPU_ReadMem(4 bytes @ 0xE0001000) (0068ms, 3558ms total)
T2DF0 292:978 JLINK_JTAG_GetDeviceID(DeviceIndex = 0)  returns 0x00 (0000ms, 3558ms total)
T2DF0 292:978 JLINK_ReadMemU32(0x400E0940, 0x0001 Items, ...) -- CPU_ReadMem(4 bytes @ 0x400E0940) - Data: 01 0E 22 A1  returns 0x01 (0001ms, 3559ms total)
T2DF0 292:979 JLINK_ReadMemU32(0x400E0944, 0x0001 Items, ...) -- CPU_ReadMem(4 bytes @ 0x400E0944) - Data: 02 00 00 00  returns 0x01 (0000ms, 3559ms total)
T1D20 292:990 JLINK_IsHalted()  returns TRUE (0000ms, 3559ms total)
T1D20 292:990 JLINK_GetMOEs(...) -- CPU_ReadMem(4 bytes @ 0xE000ED30)  returns 0x01 (0000ms, 3559ms total)
T1D20 292:990 JLINK_ReadReg(R15 (PC))  returns 0xFFFFFFFE (0000ms, 3559ms total)
T2DF0 293:001 JLINK_BeginDownload(Flags = 0x00) (0000ms, 3559ms total)
T2DF0 293:001 JLINK_WriteMem(0x00400000, 0x4000 Bytes, ...) - Data: 00 2C 40 20 2D 19 40 00 29 19 40 00 29 19 40 00 ...  returns 0x4000 (0000ms, 3559ms total)
T2DF0 293:001 JLINK_WriteMem(0x00404000, 0x493BC Bytes, ...) - Data: A6 31 A6 31 A6 31 A6 31 A6 31 A6 31 A6 31 A6 31 ...  returns 0x493BC (0001ms, 3560ms total)
T2DF0 293:002 JLINK_WriteMem(0x0044D3BC, 0x085C Bytes, ...) - Data: BF F3 5F 8F 01 38 FB D1 70 47 01 00 00 09 3D 00 ...  returns 0x85C (0000ms, 3560ms total)
T2DF0 293:006 JLINK_EndDownload() -- CPU_ReadMem(4 bytes @ 0xE000ED90) -- CPU_ReadMem(4 bytes @ 0xE000ED94) -- -------------------------------------- -- Start of determining dirty areas in flash cache -- End of determining dirty areas -- Start of preparing flash programming -- Calculating RAM usage -- RAM usage = 5884 Bytes -- Preserving CPU registers -- Preparing memory -- Preparing target -- Downloading RAMCode -- Checking target RAM -- Preparing RAMCode -- End of preparing flash programming
 -- CPU is running at 120000 kHz. -- Start of comparing flash -- CRC check was estimated as fastest method -- Comparing range 0x400000 - 0x403FFF (2 Sectors, 16 KB), using multi-block CRC calculation -- CRC does not match for sectors 0-1 -- Comparing range 0x404000 - 0x41FFFF (1 Sector, 112 KB), using multi-block CRC calculation -- CRC does not match for sector 0 -- Comparing range 0x420000 - 0x43FFFF (1 Sector, 128 KB), using multi-block CRC calculation -- CRC does not match for sector 0
 -- Comparing range 0x440000 - 0x45FFFF (1 Sector, 128 KB), using multi-block CRC calculation -- CRC does not match for sector 0 -- End of comparing flash -- Start of erasing sectors -- End of erasing sectors -- Start of flash programming -- Programming range 0x00400000 - 0x00403FFF (002 Sectors, 16 KB) -- Programming range 0x00404000 - 0x0041FFFF (001 Sector, 112 KB) -- Programming range 0x00420000 - 0x0043FFFF (001 Sector, 128 KB) -- Programming range 0x00440000 - 0x0045FFFF (001 Sector, 128 KB)
 -- End of flash programming -- 0x400000 - 0x403FFF (002 Sectors, 16 KB) -- 0x404000 - 0x41FFFF (001 Sector, 112 KB) -- 0x420000 - 0x45FFFF (002 Sectors, 256 KB) -- Start of verifying flash -- Checksum calculation was estimated as fastest method -- Checksum is not supported by this flash bank. Switched to CRC method. -- Checksum calculation was estimated as fastest method -- Checksum is not supported by this flash bank. Switched to CRC method. -- Checksum calculation was estimated as fastest method
 -- Checksum is not supported by this flash bank. Switched to CRC method. -- Checksum is not supported by this flash bank. Switched to CRC method. -- End of verifying flash -- Start of restoring -- Restoring RAMCode -- Restore target -- Restore memory -- Restoring CPU registers -- End of restoring -- Bank 0 @ 0x00400000: 3 ranges affected (393216 bytes) -- Total time needed: 1.727s (Prepare: 0.032s, Compare: 0.024s, Erase: 0.000s, Program: 1.645s, Verify: 0.014s, Restore: 0.010s)  returns 0x60000
 (1732ms, 5292ms total)
T1D20 294:738 JLINK_IsHalted()  returns TRUE (0001ms, 5293ms total)
T2A50 294:739 JLINK_EMU_GetList(InterfaceMask = 0x00000001, MaxInfos = 0x00000032) [0]: USB, S/N: 20126404  returns 0x01 (0000ms, 5293ms total)
T2A50 294:740 JLINK_EMU_GetList(InterfaceMask = 0x00000002, MaxInfos = 0x00000032)   returns 0x00 (0023ms, 5316ms total)
T1D20 294:942 JLINK_IsHalted()  returns TRUE (0000ms, 5316ms total)
T1D20 295:147 JLINK_IsHalted()  returns TRUE (0000ms, 5316ms total)
T0C24 295:209 JLINK_Halt()  returns 0x00 (0000ms, 5316ms total)
T0C24 295:209 JLINK_ReadReg(R15 (PC))  returns 0xFFFFFFFE (0000ms, 5316ms total)
T0C24 295:209 JLINK_ReadReg(R13 (SP))  returns 0xFFFFFFFC (0000ms, 5316ms total)
T0C24 295:216 JLINK_ReadMem (0x00000000, 0x0002 Bytes, ...) -- CPU_ReadMem(2 bytes @ 0x00000000) - Data: 00 2C  returns 0x00 (0001ms, 5317ms total)
T1D20 295:359 JLINK_IsHalted()  returns TRUE (0019ms, 5336ms total)
T1D20 295:580 JLINK_IsHalted()  returns TRUE (0000ms, 5317ms total)
T1D20 295:793 JLINK_IsHalted()  returns TRUE (0000ms, 5317ms total)
T1D20 295:998 JLINK_IsHalted()  returns TRUE (0006ms, 5323ms total)
T2A50 296:054 JLINK_EMU_GetList(InterfaceMask = 0x00000001, MaxInfos = 0x00000032) [0]: USB, S/N: 20126404  returns 0x01 (0001ms, 5318ms total)
T2A50 296:055 JLINK_EMU_GetList(InterfaceMask = 0x00000002, MaxInfos = 0x00000032)   returns 0x00 (0023ms, 5341ms total)
T0C24 296:161 JLINK_ReadReg(R0)  returns 0x00000000 (0000ms, 5341ms total)
T0C24 296:161 JLINK_ReadReg(R1)  returns 0x00000000 (0000ms, 5341ms total)
T0C24 296:161 JLINK_ReadReg(R2)  returns 0x00000000 (0000ms, 5341ms total)
T0C24 296:161 JLINK_ReadReg(R3)  returns 0x00000000 (0000ms, 5341ms total)
T0C24 296:161 JLINK_ReadReg(R4)  returns 0x00000000 (0000ms, 5341ms total)
T0C24 296:161 JLINK_ReadReg(R5)  returns 0x00000000 (0000ms, 5341ms total)
T0C24 296:161 JLINK_ReadReg(R6)  returns 0x00000000 (0000ms, 5341ms total)
T0C24 296:161 JLINK_ReadReg(R7)  returns 0x00000000 (0000ms, 5341ms total)
T0C24 296:161 JLINK_ReadReg(R8)  returns 0x00000000 (0000ms, 5341ms total)
T0C24 296:161 JLINK_ReadReg(R9)  returns 0x00000000 (0000ms, 5341ms total)
T0C24 296:161 JLINK_ReadReg(R10)  returns 0x00000000 (0000ms, 5341ms total)
T0C24 296:161 JLINK_ReadReg(R11)  returns 0x00000000 (0000ms, 5341ms total)
T0C24 296:161 JLINK_ReadReg(R12)  returns 0x00000000 (0000ms, 5341ms total)
T0C24 296:161 JLINK_ReadReg(R13 (SP))  returns 0xFFFFFFFC (0000ms, 5341ms total)
T0C24 296:161 JLINK_ReadReg(R14)  returns 0xFFFFFFFF (0000ms, 5341ms total)
T0C24 296:161 JLINK_ReadReg(R15 (PC))  returns 0xFFFFFFFE (0000ms, 5341ms total)
T0C24 296:161 JLINK_ReadReg(XPSR)  returns 0x01000000 (0000ms, 5341ms total)
T0C24 296:161 JLINK_ReadReg(MSP)  returns 0xFFFFFFFC (0000ms, 5341ms total)
T0C24 296:161 JLINK_ReadReg(PSP)  returns 0x00000000 (0000ms, 5341ms total)
T0C24 296:161 JLINK_ReadReg(PRIMASK)  returns 0x00000000 (0000ms, 5341ms total)
T0C24 296:161 JLINK_ReadReg(BASEPRI)  returns 0x00000000 (0000ms, 5341ms total)
T0C24 296:161 JLINK_ReadReg(FAULTMASK)  returns 0x00000000 (0000ms, 5341ms total)
T0C24 296:161 JLINK_ReadReg(CONTROL)  returns 0x00000000 (0000ms, 5341ms total)
T0C24 296:161 JLINK_ReadReg(FPSCR)  returns 0x00000000 (0004ms, 5345ms total)
T0C24 296:165 JLINK_ReadReg(FPS0)  returns 0x00000000 (0000ms, 5345ms total)
T0C24 296:165 JLINK_ReadReg(FPS1)  returns 0x00000000 (0000ms, 5345ms total)
T0C24 296:165 JLINK_ReadReg(FPS2)  returns 0x00000000 (0000ms, 5345ms total)
T0C24 296:165 JLINK_ReadReg(FPS3)  returns 0x00000000 (0000ms, 5345ms total)
T0C24 296:165 JLINK_ReadReg(FPS4)  returns 0x00000000 (0000ms, 5345ms total)
T0C24 296:165 JLINK_ReadReg(FPS5)  returns 0x00000000 (0000ms, 5345ms total)
T0C24 296:165 JLINK_ReadReg(FPS6)  returns 0x00000000 (0000ms, 5345ms total)
T0C24 296:165 JLINK_ReadReg(FPS7)  returns 0x00000000 (0000ms, 5345ms total)
T0C24 296:165 JLINK_ReadReg(FPS8)  returns 0x00000000 (0000ms, 5345ms total)
T0C24 296:165 JLINK_ReadReg(FPS9)  returns 0x00000000 (0000ms, 5345ms total)
T0C24 296:165 JLINK_ReadReg(FPS10)  returns 0x00000000 (0000ms, 5345ms total)
T0C24 296:165 JLINK_ReadReg(FPS11)  returns 0x00000000 (0000ms, 5345ms total)
T0C24 296:165 JLINK_ReadReg(FPS12)  returns 0x00000000 (0000ms, 5345ms total)
T0C24 296:165 JLINK_ReadReg(FPS13)  returns 0x00000000 (0000ms, 5345ms total)
T0C24 296:165 JLINK_ReadReg(FPS14)  returns 0x00000000 (0000ms, 5345ms total)
T0C24 296:165 JLINK_ReadReg(FPS15)  returns 0xFFFFFFFF (0000ms, 5345ms total)
T0C24 296:165 JLINK_ReadReg(FPS16)  returns 0x00000000 (0000ms, 5345ms total)
T0C24 296:165 JLINK_ReadReg(FPS17)  returns 0x00000000 (0000ms, 5345ms total)
T0C24 296:165 JLINK_ReadReg(FPS18)  returns 0x00000000 (0000ms, 5345ms total)
T0C24 296:165 JLINK_ReadReg(FPS19)  returns 0x00000000 (0000ms, 5345ms total)
T0C24 296:165 JLINK_ReadReg(FPS20)  returns 0x00000000 (0000ms, 5345ms total)
T0C24 296:165 JLINK_ReadReg(FPS21)  returns 0x00000000 (0000ms, 5345ms total)
T0C24 296:165 JLINK_ReadReg(FPS22)  returns 0x00000000 (0000ms, 5345ms total)
T0C24 296:165 JLINK_ReadReg(FPS23)  returns 0x00000000 (0000ms, 5345ms total)
T0C24 296:165 JLINK_ReadReg(FPS24)  returns 0x00000000 (0000ms, 5345ms total)
T0C24 296:165 JLINK_ReadReg(FPS25)  returns 0x00000000 (0000ms, 5345ms total)
T0C24 296:165 JLINK_ReadReg(FPS26)  returns 0x00000000 (0000ms, 5345ms total)
T0C24 296:165 JLINK_ReadReg(FPS27)  returns 0x00000000 (0000ms, 5345ms total)
T0C24 296:165 JLINK_ReadReg(FPS28)  returns 0x00000000 (0000ms, 5345ms total)
T0C24 296:165 JLINK_ReadReg(FPS29)  returns 0x00000000 (0000ms, 5345ms total)
T0C24 296:165 JLINK_ReadReg(FPS30)  returns 0x00000000 (0000ms, 5345ms total)
T0C24 296:165 JLINK_ReadReg(FPS31)  returns 0xFFFFFFFF (0000ms, 5345ms total)
T0C24 296:166 JLINK_ReadMem (0x00000000, 0x0002 Bytes, ...) -- CPU_ReadMem(2 bytes @ 0x00000000) - Data: 00 2C  returns 0x00 (0000ms, 5345ms total)
T0C24 296:201 JLINK_SetResetType(JLINKARM_CM3_RESET_TYPE_NORMAL)  returns JLINKARM_CM3_RESET_TYPE_NORMAL (0000ms, 5345ms total)
T0C24 296:201 JLINK_Reset() -- CPU_WriteMem(4 bytes @ 0xE000EDF0) -- CPU_WriteMem(4 bytes @ 0xE000EDFC) >0x35 TIF> -- CPU_WriteMem(4 bytes @ 0xE000ED0C) >0x0D TIF> >0x28 TIF> -- CPU_ReadMem(4 bytes @ 0xE000EDF0) -- CPU_ReadMem(4 bytes @ 0xE000EDF0) -- CPU_WriteMem(4 bytes @ 0xE000EDF0) -- CPU_WriteMem(4 bytes @ 0xE000EDFC) -- CPU_ReadMem(4 bytes @ 0xE000EDF0) -- CPU_WriteMem(4 bytes @ 0xE0002000) -- CPU_ReadMem(4 bytes @ 0xE000EDFC) -- CPU_ReadMem(4 bytes @ 0xE0001000) (0067ms, 5412ms total)
T1D20 296:268 JLINK_IsHalted()  returns TRUE (0000ms, 5412ms total)
T1D20 296:268 JLINK_GetMOEs(...) -- CPU_ReadMem(4 bytes @ 0xE000ED30)  returns 0x01 (0001ms, 5413ms total)
T1D20 296:269 JLINK_ReadReg(R15 (PC))  returns 0x0040192C (0000ms, 5413ms total)
T0C24 296:279 JLINK_ReadReg(R15 (PC))  returns 0x0040192C (0000ms, 5413ms total)
T0C24 296:279 JLINK_ReadReg(R13 (SP))  returns 0x20402C00 (0000ms, 5413ms total)
T0C24 296:382 JLINK_ReadMemHW(0x0040192C, 0x0004 Bytes, ...) -- CPU_ReadMem(4 bytes @ 0x0040192C) - Data: 00 B5 83 B0  returns 0x00 (0000ms, 5413ms total)
T0C24 296:409 JLINK_ReadMemHW(0x00401BC4, 0x0001 Bytes, ...) -- CPU_ReadMem(1 bytes @ 0x00401BC4) - Data: 00  returns 0x00 (0001ms, 5414ms total)
T0C24 296:453 JLINK_ReadReg(R15 (PC))  returns 0x0040192C (0000ms, 5414ms total)
T0C24 296:453 JLINK_GetNumBPUnits(Type = 0xFFFFFF02)  returns 0x08 (0000ms, 5414ms total)
T0C24 296:453 JLINK_SetBPEx(Addr = 0x00401BC4, Type = 0xFFFFFFF2)  returns 0x00000001 (0000ms, 5414ms total)
T0C24 296:453 JLINK_GetBPInfo(BPHandle = 1)  returns 0x00 (0000ms, 5414ms total)
T0C24 296:453 JLINK_Go() -- CPU_WriteMem(4 bytes @ 0xE0002000) -- CPU_ReadMem(4 bytes @ 0xE0001000) -- CPU_WriteMem(4 bytes @ 0xE000ED30) -- CPU_WriteMem(4 bytes @ 0xE0002008) -- CPU_WriteMem(4 bytes @ 0xE000200C) -- CPU_WriteMem(4 bytes @ 0xE0002010) -- CPU_WriteMem(4 bytes @ 0xE0002014) -- CPU_WriteMem(4 bytes @ 0xE0002018) -- CPU_WriteMem(4 bytes @ 0xE000201C) -- CPU_WriteMem(4 bytes @ 0xE0002020) -- CPU_WriteMem(4 bytes @ 0xE0002024) -- CPU_WriteMem(4 bytes @ 0xE0001004) (0005ms, 5419ms total)
T1D20 296:458 JLINK_IsHalted()  returns FALSE (0000ms, 5419ms total)
T1D20 296:479 JLINK_IsHalted()  returns TRUE (0002ms, 5421ms total)
T1D20 296:481 JLINK_GetMOEs(...) -- CPU_ReadMem(4 bytes @ 0xE000ED30)  returns 0x01 (0001ms, 5420ms total)
T1D20 296:482 JLINK_ReadReg(R15 (PC))  returns 0x00401BC4 (0000ms, 5420ms total)
T0C24 296:490 JLINK_ReadReg(R15 (PC))  returns 0x00401BC4 (0000ms, 5420ms total)
T0C24 296:490 JLINK_ReadReg(R13 (SP))  returns 0x20402BF0 (0000ms, 5420ms total)
T0C24 296:523 JLINK_ReadMemHW(0x00401BC4, 0x0004 Bytes, ...) -- CPU_ReadMem(4 bytes @ 0x00401BC4) - Data: 00 B5 85 B0  returns 0x00 (0001ms, 5421ms total)
T0C24 296:543 JLINK_WriteU32(0xE000EDFC, 0x01000000) -- CPU_WriteMem(4 bytes @ 0xE000EDFC)  returns 0x00 (0001ms, 5422ms total)
T0C24 296:544 JLINK_ReadMem (0xE0001000, 0x0004 Bytes, ...) -- CPU_ReadMem(4 bytes @ 0xE0001000) - Data: 01 00 00 40  returns 0x00 (0001ms, 5423ms total)
T0C24 296:545 JLINK_WriteU32(0xE0001000, 0x40000001)  returns 0x00 (0000ms, 5423ms total)
T0C24 296:545 JLINK_WriteU32(0xE0001028, 0x00000100)  returns 0x00 (0000ms, 5423ms total)
T0C24 296:545 JLINK_ReadMem (0xE0001028, 0x0004 Bytes, ...) -- CPU_WriteMem(4 bytes @ 0xE0001028) -- CPU_ReadMem(4 bytes @ 0xE0001028) - Data: 00 00 00 00  returns 0x00 (0001ms, 5424ms total)
T0C24 296:546 JLINK_WriteU32(0xE0001024, 0x0000001F)  returns 0x00 (0000ms, 5424ms total)
T0C24 296:546 JLINK_ReadMem (0xE0001024, 0x0004 Bytes, ...) -- CPU_WriteMem(4 bytes @ 0xE0001024) -- CPU_ReadMem(4 bytes @ 0xE0001024) - Data: 1F 00 00 00  returns 0x00 (0001ms, 5425ms total)
T0C24 296:547 JLINK_WriteU32(0xE0001038, 0x00000100)  returns 0x00 (0000ms, 5425ms total)
T0C24 296:547 JLINK_ReadMem (0xE0001038, 0x0004 Bytes, ...) -- CPU_WriteMem(4 bytes @ 0xE0001038) -- CPU_ReadMem(4 bytes @ 0xE0001038) - Data: 00 03 00 00  returns 0x00 (0001ms, 5426ms total)
T0C24 296:548 JLINK_WriteU32(0xE0001034, 0x0000001F)  returns 0x00 (0000ms, 5426ms total)
T0C24 296:548 JLINK_ReadMem (0xE0001034, 0x0004 Bytes, ...) -- CPU_WriteMem(4 bytes @ 0xE0001034) -- CPU_ReadMem(4 bytes @ 0xE0001034) - Data: 1F 00 00 00  returns 0x00 (0002ms, 5428ms total)
T0C24 296:550 JLINK_WriteU32(0xE0001048, 0x00000100)  returns 0x00 (0000ms, 5428ms total)
T0C24 296:550 JLINK_ReadMem (0xE0001048, 0x0004 Bytes, ...) -- CPU_WriteMem(4 bytes @ 0xE0001048) -- CPU_ReadMem(4 bytes @ 0xE0001048) - Data: 00 00 00 00  returns 0x00 (0002ms, 5430ms total)
T0C24 296:552 JLINK_WriteU32(0xE0001044, 0x0000001F)  returns 0x00 (0000ms, 5430ms total)
T0C24 296:552 JLINK_ReadMem (0xE0001044, 0x0004 Bytes, ...) -- CPU_WriteMem(4 bytes @ 0xE0001044) -- CPU_ReadMem(4 bytes @ 0xE0001044) - Data: 1F 00 00 00  returns 0x00 (0000ms, 5430ms total)
T0C24 296:552 JLINK_WriteU32(0xE0001058, 0x00000100)  returns 0x00 (0000ms, 5430ms total)
T0C24 296:552 JLINK_ReadMem (0xE0001058, 0x0004 Bytes, ...) -- CPU_WriteMem(4 bytes @ 0xE0001058) -- CPU_ReadMem(4 bytes @ 0xE0001058) - Data: 00 00 00 00  returns 0x00 (0001ms, 5431ms total)
T0C24 296:553 JLINK_WriteU32(0xE0001054, 0x0000001F)  returns 0x00 (0000ms, 5431ms total)
T0C24 296:553 JLINK_ReadMem (0xE0001054, 0x0004 Bytes, ...) -- CPU_WriteMem(4 bytes @ 0xE0001054) -- CPU_ReadMem(4 bytes @ 0xE0001054) - Data: 1F 00 00 00  returns 0x00 (0002ms, 5433ms total)
T0C24 296:555 JLINK_WriteU32(0xE0001020, 0x00000000)  returns 0x00 (0000ms, 5433ms total)
T0C24 296:555 JLINK_WriteU32(0xE0001024, 0x00000000)  returns 0x00 (0000ms, 5433ms total)
T0C24 296:555 JLINK_WriteU32(0xE0001028, 0x00000000)  returns 0x00 (0000ms, 5433ms total)
T0C24 296:555 JLINK_WriteU32(0xE0001030, 0x00000000)  returns 0x00 (0000ms, 5433ms total)
T0C24 296:555 JLINK_WriteU32(0xE0001034, 0x00000000)  returns 0x00 (0000ms, 5433ms total)
T0C24 296:555 JLINK_WriteU32(0xE0001038, 0x00000000)  returns 0x00 (0000ms, 5433ms total)
T0C24 296:555 JLINK_WriteU32(0xE0001040, 0x00000000)  returns 0x00 (0000ms, 5433ms total)
T0C24 296:555 JLINK_WriteU32(0xE0001044, 0x00000000)  returns 0x00 (0000ms, 5433ms total)
T0C24 296:555 JLINK_WriteU32(0xE0001048, 0x00000000)  returns 0x00 (0000ms, 5433ms total)
T0C24 296:555 JLINK_WriteU32(0xE0001050, 0x00000000)  returns 0x00 (0000ms, 5433ms total)
T0C24 296:555 JLINK_WriteU32(0xE0001054, 0x00000000)  returns 0x00 (0000ms, 5433ms total)
T0C24 296:555 JLINK_WriteU32(0xE0001058, 0x00000000)  returns 0x00 (0000ms, 5433ms total)
T0C24 296:555 JLINK_GetBPInfo(BPHandle = 1)  returns 0x00 (0000ms, 5433ms total)
T0C24 296:555 JLINK_ClrBPEx(BPHandle = 0x00000001)  returns 0x00 (0000ms, 5433ms total)
T0C24 296:555 JLINK_ReadReg(R15 (PC))  returns 0x00401BC4 (0000ms, 5433ms total)
T0C24 296:555 JLINK_Go() -- CPU_WriteMem(4 bytes @ 0xE0001000) -- CPU_ReadMem(4 bytes @ 0xE0001000) -- CPU_WriteMem(4 bytes @ 0xE000ED30) -- CPU_WriteMem(4 bytes @ 0xE0001020) -- CPU_WriteMem(4 bytes @ 0xE0001030) -- CPU_WriteMem(4 bytes @ 0xE0001040) -- CPU_WriteMem(4 bytes @ 0xE0001050) -- CPU_WriteMem(4 bytes @ 0xE0001024) -- CPU_WriteMem(4 bytes @ 0xE0001034) -- CPU_WriteMem(4 bytes @ 0xE0001044) -- CPU_WriteMem(4 bytes @ 0xE0001054) -- CPU_WriteMem(4 bytes @ 0xE0001028)
 -- CPU_WriteMem(4 bytes @ 0xE0001038) -- CPU_WriteMem(4 bytes @ 0xE0001048) -- CPU_WriteMem(4 bytes @ 0xE0001058) -- CPU_WriteMem(4 bytes @ 0xE0002008) (0005ms, 5438ms total)
T1D20 296:560 JLINK_IsHalted()  returns FALSE (0001ms, 5439ms total)
T1D20 296:601 JLINK_IsHalted()  returns FALSE (0000ms, 5438ms total)
T1D20 296:762 JLINK_IsHalted()  returns FALSE (0001ms, 5439ms total)
T1D20 296:982 JLINK_IsHalted()  returns FALSE (0001ms, 5439ms total)
T1D20 297:186 JLINK_IsHalted()  returns FALSE (0001ms, 5439ms total)
T2A50 297:264 JLINK_EMU_GetList(InterfaceMask = 0x00000001, MaxInfos = 0x00000032) [0]: USB, S/N: 20126404  returns 0x01 (0000ms, 5438ms total)
T2A50 297:264 JLINK_EMU_GetList(InterfaceMask = 0x00000002, MaxInfos = 0x00000032)   returns 0x00 (0025ms, 5463ms total)
T1D20 297:388 JLINK_IsHalted()  returns FALSE (0001ms, 5464ms total)
T1D20 297:590 JLINK_IsHalted()  returns FALSE (0001ms, 5464ms total)
T1D20 297:795 JLINK_IsHalted()  returns FALSE (0001ms, 5464ms total)
T1D20 298:001 JLINK_IsHalted()  returns FALSE (0001ms, 5464ms total)
T1D20 298:202 JLINK_IsHalted()  returns FALSE (0001ms, 5464ms total)
T1D20 298:403 JLINK_IsHalted()  returns FALSE (0000ms, 5463ms total)
T2A50 298:469 JLINK_EMU_GetList(InterfaceMask = 0x00000001, MaxInfos = 0x00000032) [0]: USB, S/N: 20126404  returns 0x01 (0000ms, 5463ms total)
T2A50 298:469 JLINK_EMU_GetList(InterfaceMask = 0x00000002, MaxInfos = 0x00000032)   returns 0x00 (0023ms, 5486ms total)
T1D20 298:606 JLINK_IsHalted()  returns FALSE (0000ms, 5486ms total)
T1D20 298:810 JLINK_IsHalted()  returns FALSE (0000ms, 5486ms total)
T1D20 299:012 JLINK_IsHalted()  returns FALSE (0002ms, 5488ms total)
T1D20 299:215 JLINK_IsHalted()  returns FALSE (0001ms, 5487ms total)
T1D20 299:418 JLINK_IsHalted()  returns FALSE (0001ms, 5487ms total)
T1D20 299:620 JLINK_IsHalted()  returns FALSE (0001ms, 5487ms total)
T2A50 299:669 JLINK_EMU_GetList(InterfaceMask = 0x00000001, MaxInfos = 0x00000032) [0]: USB, S/N: 20126404  returns 0x01 (0000ms, 5486ms total)
T2A50 299:669 JLINK_EMU_GetList(InterfaceMask = 0x00000002, MaxInfos = 0x00000032)   returns 0x00 (0023ms, 5509ms total)
T1D20 299:826 JLINK_IsHalted()  returns FALSE (0000ms, 5509ms total)
T1D20 300:027 JLINK_IsHalted()  returns FALSE (0001ms, 5510ms total)
T1D20 300:229 JLINK_IsHalted()  returns FALSE (0001ms, 5510ms total)
T1D20 300:433 JLINK_IsHalted()  returns FALSE (0001ms, 5510ms total)
T1D20 300:640 JLINK_IsHalted()  returns FALSE (0000ms, 5509ms total)
T1D20 300:841 JLINK_IsHalted()  returns FALSE (0000ms, 5509ms total)
T2A50 300:884 JLINK_EMU_GetList(InterfaceMask = 0x00000001, MaxInfos = 0x00000032) [0]: USB, S/N: 20126404  returns 0x01 (0000ms, 5509ms total)
T2A50 300:884 JLINK_EMU_GetList(InterfaceMask = 0x00000002, MaxInfos = 0x00000032)   returns 0x00 (0023ms, 5532ms total)
T1D20 301:042 JLINK_IsHalted()  returns FALSE (0001ms, 5533ms total)
T1D20 301:245 JLINK_IsHalted()  returns FALSE (0001ms, 5533ms total)
T1D20 301:448 JLINK_IsHalted()  returns FALSE (0000ms, 5532ms total)
T1D20 301:648 JLINK_IsHalted()  returns FALSE (0001ms, 5533ms total)
T1D20 301:849 JLINK_IsHalted()  returns FALSE (0000ms, 5532ms total)
T1D20 302:050 JLINK_IsHalted()  returns FALSE (0001ms, 5533ms total)
T2A50 302:084 JLINK_EMU_GetList(InterfaceMask = 0x00000001, MaxInfos = 0x00000032) [0]: USB, S/N: 20126404  returns 0x01 (0001ms, 5533ms total)
T2A50 302:085 JLINK_EMU_GetList(InterfaceMask = 0x00000002, MaxInfos = 0x00000032)   returns 0x00 (0023ms, 5556ms total)
T1D20 302:255 JLINK_IsHalted()  returns FALSE (0000ms, 5556ms total)
T1D20 302:459 JLINK_IsHalted()  returns FALSE (0000ms, 5556ms total)
T1D20 302:660 JLINK_IsHalted()  returns FALSE (0000ms, 5556ms total)
T1D20 302:860 JLINK_IsHalted()  returns FALSE (0000ms, 5556ms total)
T1D20 303:062 JLINK_IsHalted()  returns FALSE (0001ms, 5557ms total)
T1D20 303:263 JLINK_IsHalted()  returns FALSE (0001ms, 5557ms total)
T2A50 303:314 JLINK_EMU_GetList(InterfaceMask = 0x00000001, MaxInfos = 0x00000032) [0]: USB, S/N: 20126404  returns 0x01 (0001ms, 5557ms total)
T2A50 303:315 JLINK_EMU_GetList(InterfaceMask = 0x00000002, MaxInfos = 0x00000032)   returns 0x00 (0023ms, 5580ms total)
T1D20 303:465 JLINK_IsHalted()  returns FALSE (0000ms, 5580ms total)
T1D20 303:667 JLINK_IsHalted()  returns FALSE (0000ms, 5580ms total)
T1D20 303:869 JLINK_IsHalted()  returns FALSE (0001ms, 5581ms total)
T1D20 304:072 JLINK_IsHalted()  returns FALSE (0001ms, 5581ms total)
T1D20 304:276 JLINK_IsHalted()  returns FALSE (0004ms, 5584ms total)
T1D20 304:483 JLINK_IsHalted()  returns FALSE (0000ms, 5580ms total)
T2A50 304:531 JLINK_EMU_GetList(InterfaceMask = 0x00000001, MaxInfos = 0x00000032) [0]: USB, S/N: 20126404  returns 0x01 (0001ms, 5581ms total)
T2A50 304:532 JLINK_EMU_GetList(InterfaceMask = 0x00000002, MaxInfos = 0x00000032)   returns 0x00 (0023ms, 5604ms total)
T1D20 304:688 JLINK_IsHalted()  returns FALSE (0001ms, 5605ms total)
T1D20 304:894 JLINK_IsHalted()  returns FALSE (0000ms, 5604ms total)
T1D20 305:095 JLINK_IsHalted()  returns FALSE (0001ms, 5605ms total)
T1D20 305:298 JLINK_IsHalted()  returns FALSE (0000ms, 5604ms total)
T1D20 305:499 JLINK_IsHalted()  returns FALSE (0001ms, 5605ms total)
T1D20 305:700 JLINK_IsHalted()  returns FALSE (0001ms, 5605ms total)
T2A50 305:733 JLINK_EMU_GetList(InterfaceMask = 0x00000001, MaxInfos = 0x00000032) [0]: USB, S/N: 20126404  returns 0x01 (0001ms, 5605ms total)
T2A50 305:734 JLINK_EMU_GetList(InterfaceMask = 0x00000002, MaxInfos = 0x00000032)   returns 0x00 (0023ms, 5628ms total)
T1D20 305:902 JLINK_IsHalted()  returns FALSE (0000ms, 5628ms total)
T1D20 306:103 JLINK_IsHalted()  returns FALSE (0001ms, 5629ms total)
T1D20 306:304 JLINK_IsHalted()  returns FALSE (0001ms, 5629ms total)
T1D20 306:506 JLINK_IsHalted()  returns FALSE (0001ms, 5629ms total)
T1D20 306:709 JLINK_IsHalted()  returns FALSE (0000ms, 5629ms total)
T1D20 306:910 JLINK_IsHalted()  returns FALSE (0000ms, 5629ms total)
T2A50 306:992 JLINK_EMU_GetList(InterfaceMask = 0x00000001, MaxInfos = 0x00000032) [0]: USB, S/N: 20126404  returns 0x01 (0000ms, 5629ms total)
T2A50 306:992 JLINK_EMU_GetList(InterfaceMask = 0x00000002, MaxInfos = 0x00000032)   returns 0x00 (0023ms, 5652ms total)
T1D20 307:113 JLINK_IsHalted()  returns FALSE (0001ms, 5653ms total)
T0C24 307:311 JLINK_Halt()  returns 0x00 (0003ms, 5655ms total)
T1D20 307:318 JLINK_IsHalted()  returns TRUE (0000ms, 5655ms total)
T1D20 307:318 JLINK_GetMOEs(...) -- CPU_ReadMem(4 bytes @ 0xE000ED30)  returns 0x01 (0002ms, 5657ms total)
T1D20 307:320 JLINK_ReadReg(R15 (PC))  returns 0x00401C0C (0000ms, 5657ms total)
T1D20 307:520 JLINK_IsHalted()  returns TRUE (0000ms, 5657ms total)
T2DF0 307:521 JLINK_ResetPullsRESET(ON) (0000ms, 5657ms total)
T2DF0 307:521 JLINK_ResetNoHalt() >0x10B TIF>Found SW-DP with ID 0x0BD11477 >0x0D TIF> >0x28 TIF> >0x0D TIF> >0x28 TIF> >0x0D TIF> >0x28 TIF> >0x0D TIF> >0x28 TIF> >0x0D TIF> >0x21 TIF> >0x0D TIF> >0x28 TIF>AP map detection skipped. User manually configured AP map.AP[0]: AHB-AP (IDR: Not set) >0x42 TIF> >0x28 TIF> >0x0D TIF> >0x21 TIF> >0x0D TIF> >0x21 TIF> >0x42 TIF> >0x28 TIF> >0x0D TIF> >0x28 TIF> >0x0D TIF> >0x28 TIF> >0x0D TIF> >0x21 TIF> >0x0D TIF> >0x21 TIF>AP[0]: Core found
AP[0]: AHB-AP ROM base: 0xE00FD000 >0x0D TIF> >0x28 TIF> >0x0D TIF> >0x28 TIF> >0x0D TIF> >0x28 TIF> >0x0D TIF> >0x21 TIF> >0x0D TIF> >0x21 TIF>CPUID register: 0x411FC271. Implementer code: 0x41 (ARM)Found Cortex-M7 r1p1, Little endian. -- CPU_ReadMem(4 bytes @ 0xE000EDF0) -- CPU_ReadMem(4 bytes @ 0xE0002000) -- CPU_ReadMem(4 bytes @ 0xE0001000) -- CPU_ReadMem(4 bytes @ 0xE000ED88) -- CPU_WriteMem(4 bytes @ 0xE000ED88) -- CPU_ReadMem(4 bytes @ 0xE000ED88) -- CPU_WriteMem(4 bytes @ 0xE000ED88)
CoreSight components:ROMTbl[0] @ E00FD000 -- CPU_ReadMem(16 bytes @ 0xE00FD000) -- CPU_ReadMem(16 bytes @ 0xE00FEFF0) -- CPU_ReadMem(16 bytes @ 0xE00FEFE0)ROMTbl[0][0]: E00FE000, CID: B105100D, PID: 000BB4C8 ROM TableROMTbl[1] @ E00FE000 -- CPU_ReadMem(16 bytes @ 0xE00FE000) -- CPU_ReadMem(16 bytes @ 0xE00FFFF0) -- CPU_ReadMem(16 bytes @ 0xE00FFFE0)ROMTbl[1][0]: E00FF000, CID: B105100D, PID: 000BB4C7 ROM TableROMTbl[2] @ E00FF000 -- CPU_ReadMem(16 bytes @ 0xE00FF000) -- CPU_ReadMem(16 bytes @ 0xE000EFF0)
 -- CPU_ReadMem(16 bytes @ 0xE000EFE0)ROMTbl[2][0]: E000E000, CID: B105E00D, PID: 000BB00C SCS -- CPU_WriteMem(4 bytes @ 0xE0001000) -- CPU_ReadMem(16 bytes @ 0xE0001FF0) -- CPU_ReadMem(16 bytes @ 0xE0001FE0)ROMTbl[2][1]: E0001000, CID: B105E00D, PID: 000BB002 DWT -- CPU_ReadMem(16 bytes @ 0xE0002FF0) -- CPU_ReadMem(16 bytes @ 0xE0002FE0)ROMTbl[2][2]: E0002000, CID: B105E00D, PID: 000BB00E FPB -- CPU_ReadMem(16 bytes @ 0xE0000FF0) -- CPU_ReadMem(16 bytes @ 0xE0000FE0)
ROMTbl[2][3]: E0000000, CID: B105E00D, PID: 000BB001 ITM -- CPU_ReadMem(16 bytes @ 0xE00FF010) -- CPU_ReadMem(16 bytes @ 0xE0041FF0) -- CPU_ReadMem(16 bytes @ 0xE0041FE0)ROMTbl[1][1]: E0041000, CID: B105900D, PID: 001BB975 ETM-M7 -- CPU_ReadMem(16 bytes @ 0xE00FE010) -- CPU_ReadMem(16 bytes @ 0xE0040FF0) -- CPU_ReadMem(16 bytes @ 0xE0040FE0)ROMTbl[0][1]: E0040000, CID: B105900D, PID: 000BB9A9 TPIU-M7 -- CPU_ReadMem(16 bytes @ 0xE00FD010) -- CPU_ReadMem(4 bytes @ 0xE000ED78)Cache: Separate I- and D-cache.
 (0153ms, 5810ms total)
T2DF0 307:521  -- CPU_WriteMem(4 bytes @ 0xE000ED84) -- CPU_ReadMem(4 bytes @ 0xE000ED80)I-Cache L1: 16 KB, 256 Sets, 32 Bytes/Line, 2-Way -- CPU_WriteMem(4 bytes @ 0xE000ED84) -- CPU_ReadMem(4 bytes @ 0xE000ED80)D-Cache L1: 16 KB, 128 Sets, 32 Bytes/Line, 4-Way
                JLINK_Reset() -- CPU_WriteMem(4 bytes @ 0xE000EDF0) -- CPU_WriteMem(4 bytes @ 0xE000EDFC) >0x35 TIF> -- CPU_WriteMem(4 bytes @ 0xE000ED0C) >0x0D TIF> >0x28 TIF> -- CPU_ReadMem(4 bytes @ 0xE000EDF0) -- CPU_ReadMem(4 bytes @ 0xE000EDF0) -- CPU_WriteMem(4 bytes @ 0xE000EDF0) -- CPU_WriteMem(4 bytes @ 0xE000EDFC) -- CPU_ReadMem(4 bytes @ 0xE000EDF0) -- CPU_WriteMem(4 bytes @ 0xE0002000) -- CPU_ReadMem(4 bytes @ 0xE000EDFC) -- CPU_ReadMem(4 bytes @ 0xE0001000) (0073ms, 0073ms total)
                JLINK_Go() -- CPU_ReadMem(4 bytes @ 0xE0001000) -- CPU_WriteMem(4 bytes @ 0xE0002008) -- CPU_WriteMem(4 bytes @ 0xE000200C) -- CPU_WriteMem(4 bytes @ 0xE0002010) -- CPU_WriteMem(4 bytes @ 0xE0002014) -- CPU_WriteMem(4 bytes @ 0xE0002018) -- CPU_WriteMem(4 bytes @ 0xE000201C) -- CPU_WriteMem(4 bytes @ 0xE0002020) -- CPU_WriteMem(4 bytes @ 0xE0002024) -- CPU_WriteMem(4 bytes @ 0xE0001004) (0003ms, 0076ms total)
               (0231ms, 5888ms total)
T2A50 308:306 JLINK_EMU_GetList(InterfaceMask = 0x00000001, MaxInfos = 0x00000032) [0]: USB, S/N: 20126404  returns 0x01 (0000ms, 5888ms total)
T2A50 308:306 JLINK_EMU_GetList(InterfaceMask = 0x00000002, MaxInfos = 0x00000032)   returns 0x00 (0024ms, 5912ms total)
T2A50 309:510 JLINK_EMU_GetList(InterfaceMask = 0x00000001, MaxInfos = 0x00000032) [0]: USB, S/N: 20126404  returns 0x01 (0000ms, 5912ms total)
T2A50 309:510 JLINK_EMU_GetList(InterfaceMask = 0x00000002, MaxInfos = 0x00000032)   returns 0x00 (0023ms, 5935ms total)
T2A50 310:713 JLINK_EMU_GetList(InterfaceMask = 0x00000001, MaxInfos = 0x00000032) [0]: USB, S/N: 20126404  returns 0x01 (0000ms, 5935ms total)
T2A50 310:713 JLINK_EMU_GetList(InterfaceMask = 0x00000002, MaxInfos = 0x00000032)   returns 0x00 (0023ms, 5958ms total)
T2A50 311:922 JLINK_EMU_GetList(InterfaceMask = 0x00000001, MaxInfos = 0x00000032) [0]: USB, S/N: 20126404  returns 0x01 (0000ms, 5958ms total)
T2A50 311:922 JLINK_EMU_GetList(InterfaceMask = 0x00000002, MaxInfos = 0x00000032)   returns 0x00 (0023ms, 5981ms total)
T2A50 313:114 JLINK_EMU_GetList(InterfaceMask = 0x00000001, MaxInfos = 0x00000032) [0]: USB, S/N: 20126404  returns 0x01 (0000ms, 5981ms total)
T2A50 313:115 JLINK_EMU_GetList(InterfaceMask = 0x00000002, MaxInfos = 0x00000032)   returns 0x00 (0023ms, 6004ms total)
T2A50 314:314 JLINK_EMU_GetList(InterfaceMask = 0x00000001, MaxInfos = 0x00000032) [0]: USB, S/N: 20126404  returns 0x01 (0001ms, 6005ms total)
T2A50 314:315 JLINK_EMU_GetList(InterfaceMask = 0x00000002, MaxInfos = 0x00000032)   returns 0x00 (0022ms, 6027ms total)
T2A50 315:514 JLINK_EMU_GetList(InterfaceMask = 0x00000001, MaxInfos = 0x00000032) [0]: USB, S/N: 20126404  returns 0x01 (0001ms, 6028ms total)
T2A50 315:515 JLINK_EMU_GetList(InterfaceMask = 0x00000002, MaxInfos = 0x00000032)   returns 0x00 (0023ms, 6051ms total)
T2A50 316:737 JLINK_EMU_GetList(InterfaceMask = 0x00000001, MaxInfos = 0x00000032) [0]: USB, S/N: 20126404  returns 0x01 (0000ms, 6051ms total)
T2A50 316:737 JLINK_EMU_GetList(InterfaceMask = 0x00000002, MaxInfos = 0x00000032)   returns 0x00 (0023ms, 6074ms total)
T2A50 318:000 JLINK_EMU_GetList(InterfaceMask = 0x00000001, MaxInfos = 0x00000032) [0]: USB, S/N: 20126404  returns 0x01 (0000ms, 6074ms total)
T2A50 318:002 JLINK_EMU_GetList(InterfaceMask = 0x00000002, MaxInfos = 0x00000032)   returns 0x00 (0023ms, 6097ms total)
T2A50 319:224 JLINK_EMU_GetList(InterfaceMask = 0x00000001, MaxInfos = 0x00000032) [0]: USB, S/N: 20126404  returns 0x01 (0000ms, 6097ms total)
T2A50 319:224 JLINK_EMU_GetList(InterfaceMask = 0x00000002, MaxInfos = 0x00000032)   returns 0x00 (0027ms, 6124ms total)
T2A50 320:471 JLINK_EMU_GetList(InterfaceMask = 0x00000001, MaxInfos = 0x00000032) [0]: USB, S/N: 20126404  returns 0x01 (0000ms, 6124ms total)
T2A50 320:471 JLINK_EMU_GetList(InterfaceMask = 0x00000002, MaxInfos = 0x00000032)   returns 0x00 (0023ms, 6147ms total)
T2A50 321:684 JLINK_EMU_GetList(InterfaceMask = 0x00000001, MaxInfos = 0x00000032) [0]: USB, S/N: 20126404  returns 0x01 (0000ms, 6147ms total)
T2A50 321:684 JLINK_EMU_GetList(InterfaceMask = 0x00000002, MaxInfos = 0x00000032)   returns 0x00 (0024ms, 6171ms total)
T2A50 322:921 JLINK_EMU_GetList(InterfaceMask = 0x00000001, MaxInfos = 0x00000032) [0]: USB, S/N: 20126404  returns 0x01 (0000ms, 6171ms total)
T2A50 322:921 JLINK_EMU_GetList(InterfaceMask = 0x00000002, MaxInfos = 0x00000032)   returns 0x00 (0023ms, 6194ms total)
T2A50 324:135 JLINK_EMU_GetList(InterfaceMask = 0x00000001, MaxInfos = 0x00000032) [0]: USB, S/N: 20126404  returns 0x01 (0001ms, 6195ms total)
T2A50 324:136 JLINK_EMU_GetList(InterfaceMask = 0x00000002, MaxInfos = 0x00000032)   returns 0x00 (0023ms, 6218ms total)
T2A50 325:361 JLINK_EMU_GetList(InterfaceMask = 0x00000001, MaxInfos = 0x00000032) [0]: USB, S/N: 20126404  returns 0x01 (0000ms, 6218ms total)
T2A50 325:362 JLINK_EMU_GetList(InterfaceMask = 0x00000002, MaxInfos = 0x00000032)   returns 0x00 (0025ms, 6243ms total)
T2A50 326:568 JLINK_EMU_GetList(InterfaceMask = 0x00000001, MaxInfos = 0x00000032) [0]: USB, S/N: 20126404  returns 0x01 (0000ms, 6243ms total)
T2A50 326:568 JLINK_EMU_GetList(InterfaceMask = 0x00000002, MaxInfos = 0x00000032)   returns 0x00 (0022ms, 6265ms total)
T2A50 327:772 JLINK_EMU_GetList(InterfaceMask = 0x00000001, MaxInfos = 0x00000032) [0]: USB, S/N: 20126404  returns 0x01 (0000ms, 6265ms total)
T2A50 327:772 JLINK_EMU_GetList(InterfaceMask = 0x00000002, MaxInfos = 0x00000032)   returns 0x00 (0023ms, 6288ms total)
T2A50 328:977 JLINK_EMU_GetList(InterfaceMask = 0x00000001, MaxInfos = 0x00000032) [0]: USB, S/N: 20126404  returns 0x01 (0000ms, 6288ms total)
T2A50 328:977 JLINK_EMU_GetList(InterfaceMask = 0x00000002, MaxInfos = 0x00000032)   returns 0x00 (0023ms, 6311ms total)
T2A50 330:179 JLINK_EMU_GetList(InterfaceMask = 0x00000001, MaxInfos = 0x00000032) [0]: USB, S/N: 20126404  returns 0x01 (0000ms, 6311ms total)
T2A50 330:179 JLINK_EMU_GetList(InterfaceMask = 0x00000002, MaxInfos = 0x00000032)   returns 0x00 (0023ms, 6334ms total)
T2A50 331:391 JLINK_EMU_GetList(InterfaceMask = 0x00000001, MaxInfos = 0x00000032) [0]: USB, S/N: 20126404  returns 0x01 (0000ms, 6334ms total)
T2A50 331:391 JLINK_EMU_GetList(InterfaceMask = 0x00000002, MaxInfos = 0x00000032)   returns 0x00 (0022ms, 6356ms total)
T2A50 332:592 JLINK_EMU_GetList(InterfaceMask = 0x00000001, MaxInfos = 0x00000032) [0]: USB, S/N: 20126404  returns 0x01 (0000ms, 6356ms total)
T2A50 332:592 JLINK_EMU_GetList(InterfaceMask = 0x00000002, MaxInfos = 0x00000032)   returns 0x00 (0023ms, 6379ms total)
T2A50 333:809 JLINK_EMU_GetList(InterfaceMask = 0x00000001, MaxInfos = 0x00000032) [0]: USB, S/N: 20126404  returns 0x01 (0000ms, 6379ms total)
T2A50 333:809 JLINK_EMU_GetList(InterfaceMask = 0x00000002, MaxInfos = 0x00000032)   returns 0x00 (0023ms, 6402ms total)
T2A50 335:008 JLINK_EMU_GetList(InterfaceMask = 0x00000001, MaxInfos = 0x00000032) [0]: USB, S/N: 20126404  returns 0x01 (0000ms, 6402ms total)
T2A50 335:008 JLINK_EMU_GetList(InterfaceMask = 0x00000002, MaxInfos = 0x00000032)   returns 0x00 (0023ms, 6425ms total)
T2A50 336:211 JLINK_EMU_GetList(InterfaceMask = 0x00000001, MaxInfos = 0x00000032) [0]: USB, S/N: 20126404  returns 0x01 (0001ms, 6426ms total)
T2A50 336:212 JLINK_EMU_GetList(InterfaceMask = 0x00000002, MaxInfos = 0x00000032)   returns 0x00 (0023ms, 6449ms total)
T2A50 337:423 JLINK_EMU_GetList(InterfaceMask = 0x00000001, MaxInfos = 0x00000032) [0]: USB, S/N: 20126404  returns 0x01 (0000ms, 6449ms total)
T2A50 337:423 JLINK_EMU_GetList(InterfaceMask = 0x00000002, MaxInfos = 0x00000032)   returns 0x00 (0023ms, 6472ms total)
T2A50 338:625 JLINK_EMU_GetList(InterfaceMask = 0x00000001, MaxInfos = 0x00000032) [0]: USB, S/N: 20126404  returns 0x01 (0001ms, 6473ms total)
T2A50 338:626 JLINK_EMU_GetList(InterfaceMask = 0x00000002, MaxInfos = 0x00000032)   returns 0x00 (0023ms, 6496ms total)
T2A50 339:838 JLINK_EMU_GetList(InterfaceMask = 0x00000001, MaxInfos = 0x00000032) [0]: USB, S/N: 20126404  returns 0x01 (0000ms, 6496ms total)
T2A50 339:839 JLINK_EMU_GetList(InterfaceMask = 0x00000002, MaxInfos = 0x00000032)   returns 0x00 (0022ms, 6518ms total)
T2A50 341:050 JLINK_EMU_GetList(InterfaceMask = 0x00000001, MaxInfos = 0x00000032) [0]: USB, S/N: 20126404  returns 0x01 (0000ms, 6518ms total)
T2A50 341:050 JLINK_EMU_GetList(InterfaceMask = 0x00000002, MaxInfos = 0x00000032)   returns 0x00 (0023ms, 6541ms total)
T2A50 342:259 JLINK_EMU_GetList(InterfaceMask = 0x00000001, MaxInfos = 0x00000032) [0]: USB, S/N: 20126404  returns 0x01 (0000ms, 6541ms total)
T2A50 342:259 JLINK_EMU_GetList(InterfaceMask = 0x00000002, MaxInfos = 0x00000032)   returns 0x00 (0023ms, 6564ms total)
T2A50 343:468 JLINK_EMU_GetList(InterfaceMask = 0x00000001, MaxInfos = 0x00000032) [0]: USB, S/N: 20126404  returns 0x01 (0000ms, 6564ms total)
T2A50 343:468 JLINK_EMU_GetList(InterfaceMask = 0x00000002, MaxInfos = 0x00000032)   returns 0x00 (0023ms, 6587ms total)
T2A50 344:674 JLINK_EMU_GetList(InterfaceMask = 0x00000001, MaxInfos = 0x00000032) [0]: USB, S/N: 20126404  returns 0x01 (0000ms, 6587ms total)
T2A50 344:674 JLINK_EMU_GetList(InterfaceMask = 0x00000002, MaxInfos = 0x00000032)   returns 0x00 (0023ms, 6610ms total)
T2A50 345:882 JLINK_EMU_GetList(InterfaceMask = 0x00000001, MaxInfos = 0x00000032) [0]: USB, S/N: 20126404  returns 0x01 (0000ms, 6610ms total)
T2A50 345:882 JLINK_EMU_GetList(InterfaceMask = 0x00000002, MaxInfos = 0x00000032)   returns 0x00 (0023ms, 6633ms total)
T2A50 347:085 JLINK_EMU_GetList(InterfaceMask = 0x00000001, MaxInfos = 0x00000032) [0]: USB, S/N: 20126404  returns 0x01 (0000ms, 6633ms total)
T2A50 347:085 JLINK_EMU_GetList(InterfaceMask = 0x00000002, MaxInfos = 0x00000032)   returns 0x00 (0023ms, 6656ms total)
T2A50 348:313 JLINK_EMU_GetList(InterfaceMask = 0x00000001, MaxInfos = 0x00000032) [0]: USB, S/N: 20126404  returns 0x01 (0000ms, 6656ms total)
T2A50 348:313 JLINK_EMU_GetList(InterfaceMask = 0x00000002, MaxInfos = 0x00000032)   returns 0x00 (0023ms, 6679ms total)
T2A50 349:510 JLINK_EMU_GetList(InterfaceMask = 0x00000001, MaxInfos = 0x00000032) [0]: USB, S/N: 20126404  returns 0x01 (0000ms, 6679ms total)
T2A50 349:510 JLINK_EMU_GetList(InterfaceMask = 0x00000002, MaxInfos = 0x00000032)   returns 0x00 (0023ms, 6702ms total)
T2A50 350:705 JLINK_EMU_GetList(InterfaceMask = 0x00000001, MaxInfos = 0x00000032) [0]: USB, S/N: 20126404  returns 0x01 (0001ms, 6703ms total)
T2A50 350:706 JLINK_EMU_GetList(InterfaceMask = 0x00000002, MaxInfos = 0x00000032)   returns 0x00 (0022ms, 6725ms total)
T2A50 351:927 JLINK_EMU_GetList(InterfaceMask = 0x00000001, MaxInfos = 0x00000032) [0]: USB, S/N: 20126404  returns 0x01 (0001ms, 6726ms total)
T2A50 351:928 JLINK_EMU_GetList(InterfaceMask = 0x00000002, MaxInfos = 0x00000032)   returns 0x00 (0023ms, 6749ms total)
T2A50 353:136 JLINK_EMU_GetList(InterfaceMask = 0x00000001, MaxInfos = 0x00000032) [0]: USB, S/N: 20126404  returns 0x01 (0001ms, 6750ms total)
T2A50 353:137 JLINK_EMU_GetList(InterfaceMask = 0x00000002, MaxInfos = 0x00000032)   returns 0x00 (0023ms, 6773ms total)
T2A50 354:333 JLINK_EMU_GetList(InterfaceMask = 0x00000001, MaxInfos = 0x00000032) [0]: USB, S/N: 20126404  returns 0x01 (0001ms, 6774ms total)
T2A50 354:334 JLINK_EMU_GetList(InterfaceMask = 0x00000002, MaxInfos = 0x00000032)   returns 0x00 (0023ms, 6797ms total)
T2A50 355:531 JLINK_EMU_GetList(InterfaceMask = 0x00000001, MaxInfos = 0x00000032) [0]: USB, S/N: 20126404  returns 0x01 (0000ms, 6797ms total)
T2A50 355:532 JLINK_EMU_GetList(InterfaceMask = 0x00000002, MaxInfos = 0x00000032)   returns 0x00 (0022ms, 6819ms total)
T2A50 356:737 JLINK_EMU_GetList(InterfaceMask = 0x00000001, MaxInfos = 0x00000032) [0]: USB, S/N: 20126404  returns 0x01 (0000ms, 6819ms total)
T2A50 356:737 JLINK_EMU_GetList(InterfaceMask = 0x00000002, MaxInfos = 0x00000032)   returns 0x00 (0023ms, 6842ms total)
T2A50 357:949 JLINK_EMU_GetList(InterfaceMask = 0x00000001, MaxInfos = 0x00000032) [0]: USB, S/N: 20126404  returns 0x01 (0000ms, 6842ms total)
T2A50 357:949 JLINK_EMU_GetList(InterfaceMask = 0x00000002, MaxInfos = 0x00000032)   returns 0x00 (0023ms, 6865ms total)
T2A50 359:145 JLINK_EMU_GetList(InterfaceMask = 0x00000001, MaxInfos = 0x00000032) [0]: USB, S/N: 20126404  returns 0x01 (0000ms, 6865ms total)
T2A50 359:145 JLINK_EMU_GetList(InterfaceMask = 0x00000002, MaxInfos = 0x00000032)   returns 0x00 (0023ms, 6888ms total)
T2A50 360:355 JLINK_EMU_GetList(InterfaceMask = 0x00000001, MaxInfos = 0x00000032) [0]: USB, S/N: 20126404  returns 0x01 (0000ms, 6888ms total)
T2A50 360:357 JLINK_EMU_GetList(InterfaceMask = 0x00000002, MaxInfos = 0x00000032)   returns 0x00 (0023ms, 6911ms total)
T2A50 361:581 JLINK_EMU_GetList(InterfaceMask = 0x00000001, MaxInfos = 0x00000032) [0]: USB, S/N: 20126404  returns 0x01 (0000ms, 6911ms total)
T2A50 361:582 JLINK_EMU_GetList(InterfaceMask = 0x00000002, MaxInfos = 0x00000032)   returns 0x00 (0023ms, 6934ms total)
T2A50 362:819 JLINK_EMU_GetList(InterfaceMask = 0x00000001, MaxInfos = 0x00000032) [0]: USB, S/N: 20126404  returns 0x01 (0000ms, 6934ms total)
T2A50 362:820 JLINK_EMU_GetList(InterfaceMask = 0x00000002, MaxInfos = 0x00000032)   returns 0x00 (0022ms, 6956ms total)
T2A50 364:030 JLINK_EMU_GetList(InterfaceMask = 0x00000001, MaxInfos = 0x00000032) [0]: USB, S/N: 20126404  returns 0x01 (0000ms, 6956ms total)
T2A50 364:030 JLINK_EMU_GetList(InterfaceMask = 0x00000002, MaxInfos = 0x00000032)   returns 0x00 (0023ms, 6979ms total)
T2A50 365:237 JLINK_EMU_GetList(InterfaceMask = 0x00000001, MaxInfos = 0x00000032) [0]: USB, S/N: 20126404  returns 0x01 (0000ms, 6979ms total)
T2A50 365:237 JLINK_EMU_GetList(InterfaceMask = 0x00000002, MaxInfos = 0x00000032)   returns 0x00 (0026ms, 7005ms total)
T2A50 366:479 JLINK_EMU_GetList(InterfaceMask = 0x00000001, MaxInfos = 0x00000032) [0]: USB, S/N: 20126404  returns 0x01 (0001ms, 7006ms total)
T2A50 366:480 JLINK_EMU_GetList(InterfaceMask = 0x00000002, MaxInfos = 0x00000032)   returns 0x00 (0023ms, 7029ms total)
T2A50 367:686 JLINK_EMU_GetList(InterfaceMask = 0x00000001, MaxInfos = 0x00000032) [0]: USB, S/N: 20126404  returns 0x01 (0000ms, 7029ms total)
T2A50 367:686 JLINK_EMU_GetList(InterfaceMask = 0x00000002, MaxInfos = 0x00000032)   returns 0x00 (0023ms, 7052ms total)
T2A50 368:895 JLINK_EMU_GetList(InterfaceMask = 0x00000001, MaxInfos = 0x00000032) [0]: USB, S/N: 20126404  returns 0x01 (0000ms, 7052ms total)
T2A50 368:895 JLINK_EMU_GetList(InterfaceMask = 0x00000002, MaxInfos = 0x00000032)   returns 0x00 (0023ms, 7075ms total)
